[I 2025-05-29 17:55:48,129] Trial 154 finished with value: 0.3333333333333333 and parameters: {'hidden_size': 1024, 'num_layers': 2, 'dropout': 0.5, 'learning_rate': 0.00025066394474382466, 'weight_decay': 4.484566576985278e-06, 'batch_size': 10}. Best is trial 45 with value: 0.5824833363908763.
Trial 154: Test Accuracy = 0.3333
trial:157 hidden_size: 1024, num_layers: 2, learning_rate: 0.001628438266714901, optimizer_name: Adam, weight_decay: 3.322813588384977e-06, batch_size: 10, label_smoothing: 0.3, factor: 1
Divergence detected. Stopping training after 10 epochs.
Early stopping at epoch 15
Trial 155: Test Accuracy = 0.5455
[I 2025-05-29 17:58:28,684] Trial 155 finished with value: 0.5455176420228703 and parameters: {'hidden_size': 1024, 'num_layers': 2, 'dropout': 0.5, 'learning_rate': 0.0002796057437372313, 'weight_decay': 2.4676647690956293e-06, 'batch_size': 10}. Best is trial 45 with value: 0.5824833363908763.
trial:158 hidden_size: 1024, num_layers: 2, learning_rate: 0.00027385138312798423, optimizer_name: Adam, weight_decay: 3.1331904948324517e-06, batch_size: 10, label_smoothing: 0.3, factor: 1
Divergence detected. Stopping training after 10 epochs.
Early stopping at epoch 10
Trial 157: Test Accuracy = 0.3333
[I 2025-05-29 18:05:10,598] Trial 157 finished with value: 0.3333333333333333 and parameters: {'hidden_size': 1024, 'num_layers': 2, 'dropout': 0.5, 'learning_rate': 0.001628438266714901, 'weight_decay': 3.322813588384977e-06, 'batch_size': 10}. Best is trial 45 with value: 0.5824833363908763.
trial:159 hidden_size: 1024, num_layers: 2, learning_rate: 0.0005633792174408507, optimizer_name: Adam, weight_decay: 1.9741508508447467e-06, batch_size: 16, label_smoothing: 0.3, factor: 1
Divergence detected. Stopping training after 10 epochs.
Early stopping at epoch 10
[I 2025-05-29 18:06:09,085] Trial 156 finished with value: 0.3333333333333333 and parameters: {'hidden_size': 1024, 'num_layers': 2, 'dropout': 0.5, 'learning_rate': 0.00029003642462796037, 'weight_decay': 3.214314622886313e-06, 'batch_size': 10}. Best is trial 45 with value: 0.5824833363908763.
Trial 156: Test Accuracy = 0.3333
trial:160 hidden_size: 1024, num_layers: 2, learning_rate: 0.0007715104966323789, optimizer_name: Adam, weight_decay: 2.7287086817121243e-05, batch_size: 10, label_smoothing: 0.3, factor: 1
Divergence detected. Stopping training after 10 epochs.
Early stopping at epoch 12
Trial 158: Test Accuracy = 0.3958
[I 2025-05-29 18:09:44,730] Trial 158 finished with value: 0.3958142236898428 and parameters: {'hidden_size': 1024, 'num_layers': 2, 'dropout': 0.5, 'learning_rate': 0.00027385138312798423, 'weight_decay': 3.1331904948324517e-06, 'batch_size': 10}. Best is trial 45 with value: 0.5824833363908763.
trial:161 hidden_size: 1024, num_layers: 2, learning_rate: 3.889764218552209e-06, optimizer_name: Adam, weight_decay: 1.9997589997781276e-06, batch_size: 10, label_smoothing: 0.3, factor: 1
Divergence detected. Stopping training after 10 epochs.
Early stopping at epoch 14
Trial 159: Test Accuracy = 0.3333
[I 2025-05-29 18:13:51,693] Trial 159 finished with value: 0.3333333333333333 and parameters: {'hidden_size': 1024, 'num_layers': 2, 'dropout': 0.5, 'learning_rate': 0.0005633792174408507, 'weight_decay': 1.9741508508447467e-06, 'batch_size': 16}. Best is trial 45 with value: 0.5824833363908763.
trial:162 hidden_size: 128, num_layers: 2, learning_rate: 0.0007427227055760138, optimizer_name: Adam, weight_decay: 2.3316801794384753e-06, batch_size: 10, label_smoothing: 0.3, factor: 1
Divergence detected. Stopping training after 10 epochs.
Early stopping at epoch 17
Trial 161: Test Accuracy = 0.4953
[I 2025-05-29 18:22:36,939] Trial 161 finished with value: 0.4953219592735278 and parameters: {'hidden_size': 1024, 'num_layers': 2, 'dropout': 0.5, 'learning_rate': 3.889764218552209e-06, 'weight_decay': 1.9997589997781276e-06, 'batch_size': 10}. Best is trial 45 with value: 0.5824833363908763.
trial:163 hidden_size: 128, num_layers: 4, learning_rate: 1.387844036919123e-07, optimizer_name: Adam, weight_decay: 1.6530779089137321e-06, batch_size: 10, label_smoothing: 0.3, factor: 1
Divergence detected. Stopping training after 10 epochs.
Early stopping at epoch 20
Trial 160: Test Accuracy = 0.3333
[I 2025-05-29 18:22:46,039] Trial 160 finished with value: 0.3333333333333333 and parameters: {'hidden_size': 1024, 'num_layers': 2, 'dropout': 0.5, 'learning_rate': 0.0007715104966323789, 'weight_decay': 2.7287086817121243e-05, 'batch_size': 10}. Best is trial 45 with value: 0.5824833363908763.
trial:164 hidden_size: 128, num_layers: 4, learning_rate: 0.0001729372575451811, optimizer_name: Adam, weight_decay: 2.5942977528313783e-06, batch_size: 10, label_smoothing: 0.3, factor: 1
Divergence detected. Stopping training after 10 epochs.
Early stopping at epoch 29
[I 2025-05-29 18:23:14,461] Trial 162 finished with value: 0.5324466458753746 and parameters: {'hidden_size': 128, 'num_layers': 2, 'dropout': 0.5, 'learning_rate': 0.0007427227055760138, 'weight_decay': 2.3316801794384753e-06, 'batch_size': 10}. Best is trial 45 with value: 0.5824833363908763.
Trial 162: Test Accuracy = 0.5324
trial:165 hidden_size: 128, num_layers: 2, learning_rate: 0.0010723364496896778, optimizer_name: Adam, weight_decay: 2.4944875214724177e-06, batch_size: 10, label_smoothing: 0.3, factor: 1
Divergence detected. Stopping training after 10 epochs.
Early stopping at epoch 26
[I 2025-05-29 18:24:43,202] Trial 164 finished with value: 0.45769277808353204 and parameters: {'hidden_size': 128, 'num_layers': 4, 'dropout': 0.5, 'learning_rate': 0.0001729372575451811, 'weight_decay': 2.5942977528313783e-06, 'batch_size': 10}. Best is trial 45 with value: 0.5824833363908763.
Trial 164: Test Accuracy = 0.4577
trial:166 hidden_size: 128, num_layers: 2, learning_rate: 0.0007765738532150569, optimizer_name: Adam, weight_decay: 1.6961521382237295e-06, batch_size: 10, label_smoothing: 0.3, factor: 1
[I 2025-05-29 18:24:45,998] Trial 163 finished with value: 0.3333333333333333 and parameters: {'hidden_size': 128, 'num_layers': 4, 'dropout': 0.5, 'learning_rate': 1.387844036919123e-07, 'weight_decay': 1.6530779089137321e-06, 'batch_size': 10}. Best is trial 45 with value: 0.5824833363908763.
Trial 163: Test Accuracy = 0.3333
trial:167 hidden_size: 128, num_layers: 2, learning_rate: 0.0010119311271806575, optimizer_name: Adam, weight_decay: 2.3544704458332626e-06, batch_size: 10, label_smoothing: 0.3, factor: 1
[I 2025-05-29 18:25:15,707] Trial 165 finished with value: 0.5315263254448725 and parameters: {'hidden_size': 128, 'num_layers': 2, 'dropout': 0.5, 'learning_rate': 0.0010723364496896778, 'weight_decay': 2.4944875214724177e-06, 'batch_size': 10}. Best is trial 45 with value: 0.5824833363908763.
Trial 165: Test Accuracy = 0.5315
trial:168 hidden_size: 128, num_layers: 2, learning_rate: 0.0006561073002225118, optimizer_name: Adam, weight_decay: 2.541099670813349e-06, batch_size: 10, label_smoothing: 0.3, factor: 1
Divergence detected. Stopping training after 10 epochs.
Early stopping at epoch 10
[I 2025-05-29 18:25:27,210] Trial 167 finished with value: 0.3333333333333333 and parameters: {'hidden_size': 128, 'num_layers': 2, 'dropout': 0.5, 'learning_rate': 0.0010119311271806575, 'weight_decay': 2.3544704458332626e-06, 'batch_size': 10}. Best is trial 45 with value: 0.5824833363908763.
Trial 167: Test Accuracy = 0.3333
trial:169 hidden_size: 128, num_layers: 2, learning_rate: 0.003617178115715378, optimizer_name: Adam, weight_decay: 3.552327158755971e-06, batch_size: 10, label_smoothing: 0.3, factor: 1
Divergence detected. Stopping training after 10 epochs.
Early stopping at epoch 15
[I 2025-05-29 18:26:15,276] Trial 168 finished with value: 0.43982449703418336 and parameters: {'hidden_size': 128, 'num_layers': 2, 'dropout': 0.5, 'learning_rate': 0.0006561073002225118, 'weight_decay': 2.541099670813349e-06, 'batch_size': 10}. Best is trial 45 with value: 0.5824833363908763.
Trial 168: Test Accuracy = 0.4398
trial:170 hidden_size: 128, num_layers: 2, learning_rate: 0.003792236406666779, optimizer_name: Adam, weight_decay: 3.6249352073290208e-06, batch_size: 10, label_smoothing: 0.3, factor: 1
[I 2025-05-29 18:26:32,031] Trial 166 finished with value: 0.36294563688619824 and parameters: {'hidden_size': 128, 'num_layers': 2, 'dropout': 0.5, 'learning_rate': 0.0007765738532150569, 'weight_decay': 1.6961521382237295e-06, 'batch_size': 10}. Best is trial 45 with value: 0.5824833363908763.
Trial 166: Test Accuracy = 0.3629
trial:171 hidden_size: 128, num_layers: 2, learning_rate: 0.0003973085255092236, optimizer_name: Adam, weight_decay: 9.67475407125402e-06, batch_size: 10, label_smoothing: 0.3, factor: 1
Divergence detected. Stopping training after 10 epochs.
Early stopping at epoch 21
[I 2025-05-29 18:26:48,511] Trial 169 finished with value: 0.3333333333333333 and parameters: {'hidden_size': 128, 'num_layers': 2, 'dropout': 0.5, 'learning_rate': 0.003617178115715378, 'weight_decay': 3.552327158755971e-06, 'batch_size': 10}. Best is trial 45 with value: 0.5824833363908763.
Trial 169: Test Accuracy = 0.3333
trial:172 hidden_size: 128, num_layers: 1, learning_rate: 0.00040003236661101144, optimizer_name: Adam, weight_decay: 1.016181220208999e-05, batch_size: 10, label_smoothing: 0.3, factor: 1
Divergence detected. Stopping training after 10 epochs.
Early stopping at epoch 15
[I 2025-05-29 18:27:13,614] Trial 170 finished with value: 0.3333333333333333 and parameters: {'hidden_size': 128, 'num_layers': 2, 'dropout': 0.5, 'learning_rate': 0.003792236406666779, 'weight_decay': 3.6249352073290208e-06, 'batch_size': 10}. Best is trial 45 with value: 0.5824833363908763.
Trial 170: Test Accuracy = 0.3333
trial:173 hidden_size: 128, num_layers: 2, learning_rate: 0.002425456898832653, optimizer_name: Adam, weight_decay: 2.9054713614773773e-06, batch_size: 10, label_smoothing: 0.3, factor: 1
Divergence detected. Stopping training after 10 epochs.
Early stopping at epoch 26
[I 2025-05-29 18:28:08,541] Trial 171 finished with value: 0.4521769705864367 and parameters: {'hidden_size': 128, 'num_layers': 2, 'dropout': 0.5, 'learning_rate': 0.0003973085255092236, 'weight_decay': 9.67475407125402e-06, 'batch_size': 10}. Best is trial 45 with value: 0.5824833363908763.
Trial 171: Test Accuracy = 0.4522
trial:174 hidden_size: 64, num_layers: 2, learning_rate: 0.0018583498584303043, optimizer_name: Adam, weight_decay: 2.192093135470955e-06, batch_size: 10, label_smoothing: 0.3, factor: 1
Divergence detected. Stopping training after 10 epochs.
Early stopping at epoch 16
[I 2025-05-29 18:28:14,970] Trial 173 finished with value: 0.3333333333333333 and parameters: {'hidden_size': 128, 'num_layers': 2, 'dropout': 0.5, 'learning_rate': 0.002425456898832653, 'weight_decay': 2.9054713614773773e-06, 'batch_size': 10}. Best is trial 45 with value: 0.5824833363908763.
Trial 173: Test Accuracy = 0.3333
trial:175 hidden_size: 64, num_layers: 2, learning_rate: 0.0013493235899243918, optimizer_name: Adam, weight_decay: 2.170250235800763e-06, batch_size: 10, label_smoothing: 0.3, factor: 1
Divergence detected. Stopping training after 10 epochs.
Early stopping at epoch 28
[I 2025-05-29 18:28:30,910] Trial 172 finished with value: 0.4717238427199902 and parameters: {'hidden_size': 128, 'num_layers': 1, 'dropout': 0.5, 'learning_rate': 0.00040003236661101144, 'weight_decay': 1.016181220208999e-05, 'batch_size': 10}. Best is trial 45 with value: 0.5824833363908763.
Trial 172: Test Accuracy = 0.4717
trial:176 hidden_size: 64, num_layers: 2, learning_rate: 0.0010971188577556731, optimizer_name: Adam, weight_decay: 2.1646524918800625e-06, batch_size: 16, label_smoothing: 0.3, factor: 1
[I 2025-05-29 18:29:51,033] Trial 174 finished with value: 0.36781936036201307 and parameters: {'hidden_size': 64, 'num_layers': 2, 'dropout': 0.5, 'learning_rate': 0.0018583498584303043, 'weight_decay': 2.192093135470955e-06, 'batch_size': 10}. Best is trial 45 with value: 0.5824833363908763.
Trial 174: Test Accuracy = 0.3678
trial:177 hidden_size: 32, num_layers: 2, learning_rate: 0.0010216455097511725, optimizer_name: Adam, weight_decay: 1.8958758981879163e-06, batch_size: 16, label_smoothing: 0.3, factor: 1
[I 2025-05-29 18:29:57,024] Trial 175 finished with value: 0.394147862777472 and parameters: {'hidden_size': 64, 'num_layers': 2, 'dropout': 0.5, 'learning_rate': 0.0013493235899243918, 'weight_decay': 2.170250235800763e-06, 'batch_size': 10}. Best is trial 45 with value: 0.5824833363908763.
Trial 175: Test Accuracy = 0.3941
trial:178 hidden_size: 32, num_layers: 4, learning_rate: 0.0010538337088604557, optimizer_name: Adam, weight_decay: 1.908466510520135e-06, batch_size: 16, label_smoothing: 0.3, factor: 1
[I 2025-05-29 18:30:12,700] Trial 176 finished with value: 0.42027762490062986 and parameters: {'hidden_size': 64, 'num_layers': 2, 'dropout': 0.5, 'learning_rate': 0.0010971188577556731, 'weight_decay': 2.1646524918800625e-06, 'batch_size': 16}. Best is trial 45 with value: 0.5824833363908763.
Trial 176: Test Accuracy = 0.4203
trial:179 hidden_size: 1024, num_layers: 4, learning_rate: 5.3317718157958937e-08, optimizer_name: Adam, weight_decay: 1.8753969748242904e-06, batch_size: 16, label_smoothing: 0.3, factor: 1
Divergence detected. Stopping training after 10 epochs.
Early stopping at epoch 12
Trial 178: Test Accuracy = 0.4376
[I 2025-05-29 18:31:51,871] Trial 178 finished with value: 0.43755885770195074 and parameters: {'hidden_size': 32, 'num_layers': 4, 'dropout': 0.5, 'learning_rate': 0.0010538337088604557, 'weight_decay': 1.908466510520135e-06, 'batch_size': 16}. Best is trial 45 with value: 0.5824833363908763.
trial:180 hidden_size: 1024, num_layers: 2, learning_rate: 0.0005013326099114507, optimizer_name: Adam, weight_decay: 2.6554695701232206e-06, batch_size: 16, label_smoothing: 0.3, factor: 1
Divergence detected. Stopping training after 10 epochs.
Early stopping at epoch 26
Trial 177: Test Accuracy = 0.4816
[I 2025-05-29 18:37:22,258] Trial 177 finished with value: 0.4816088791047514 and parameters: {'hidden_size': 32, 'num_layers': 2, 'dropout': 0.5, 'learning_rate': 0.0010216455097511725, 'weight_decay': 1.8958758981879163e-06, 'batch_size': 16}. Best is trial 45 with value: 0.5824833363908763.
trial:181 hidden_size: 1024, num_layers: 4, learning_rate: 8.801903712761388e-05, optimizer_name: Adam, weight_decay: 2.505907779513629e-06, batch_size: 16, label_smoothing: 0.3, factor: 1
Divergence detected. Stopping training after 10 epochs.
Early stopping at epoch 11
Trial 179: Test Accuracy = 0.3361
[I 2025-05-29 18:39:31,446] Trial 179 finished with value: 0.3360759493670886 and parameters: {'hidden_size': 1024, 'num_layers': 4, 'dropout': 0.5, 'learning_rate': 5.3317718157958937e-08, 'weight_decay': 1.8753969748242904e-06, 'batch_size': 16}. Best is trial 45 with value: 0.5824833363908763.
trial:182 hidden_size: 1024, num_layers: 2, learning_rate: 9.511690999083619e-05, optimizer_name: Adam, weight_decay: 2.5211852258355694e-06, batch_size: 16, label_smoothing: 0.3, factor: 1
Divergence detected. Stopping training after 10 epochs.
Early stopping at epoch 10
Trial 180: Test Accuracy = 0.3333
[I 2025-05-29 18:41:29,095] Trial 180 finished with value: 0.3333333333333333 and parameters: {'hidden_size': 1024, 'num_layers': 2, 'dropout': 0.5, 'learning_rate': 0.0005013326099114507, 'weight_decay': 2.6554695701232206e-06, 'batch_size': 16}. Best is trial 45 with value: 0.5824833363908763.
trial:183 hidden_size: 1024, num_layers: 3, learning_rate: 9.258710350596693e-05, optimizer_name: Adam, weight_decay: 1.3307031127397919e-06, batch_size: 16, label_smoothing: 0.3, factor: 1
Divergence detected. Stopping training after 10 epochs.
Early stopping at epoch 21
Trial 181: Test Accuracy = 0.3333
[I 2025-05-29 19:43:01,574] Trial 181 finished with value: 0.3333333333333333 and parameters: {'hidden_size': 1024, 'num_layers': 4, 'dropout': 0.30000000000000004, 'learning_rate': 8.801903712761388e-05, 'weight_decay': 2.505907779513629e-06, 'batch_size': 16}. Best is trial 45 with value: 0.5824833363908763.
trial:184 hidden_size: 256, num_layers: 3, learning_rate: 4.9382517504774965e-06, optimizer_name: Adam, weight_decay: 1.333475143607681e-06, batch_size: 16, label_smoothing: 0.3, factor: 1
Divergence detected. Stopping training after 10 epochs.
Early stopping at epoch 29
Trial 182: Test Accuracy = 0.4914
[I 2025-05-29 19:44:41,668] Trial 182 finished with value: 0.491368556228215 and parameters: {'hidden_size': 1024, 'num_layers': 2, 'dropout': 0.30000000000000004, 'learning_rate': 9.511690999083619e-05, 'weight_decay': 2.5211852258355694e-06, 'batch_size': 16}. Best is trial 45 with value: 0.5824833363908763.
trial:185 hidden_size: 256, num_layers: 3, learning_rate: 5.47445660636247e-06, optimizer_name: Adam, weight_decay: 1.1693439302830745e-06, batch_size: 16, label_smoothing: 0.3, factor: 1
[I 2025-05-29 19:45:51,337] Trial 183 finished with value: 0.506995658288999 and parameters: {'hidden_size': 1024, 'num_layers': 3, 'dropout': 0.4, 'learning_rate': 9.258710350596693e-05, 'weight_decay': 1.3307031127397919e-06, 'batch_size': 16}. Best is trial 45 with value: 0.5824833363908763.
Trial 183: Test Accuracy = 0.5070
trial:186 hidden_size: 256, num_layers: 3, learning_rate: 5.84190604953103e-06, optimizer_name: Adam, weight_decay: 1.6142336238901281e-06, batch_size: 16, label_smoothing: 0.3, factor: 1
Divergence detected. Stopping training after 10 epochs.
Early stopping at epoch 27
[I 2025-05-29 19:48:49,386] Trial 184 finished with value: 0.5123891640677551 and parameters: {'hidden_size': 256, 'num_layers': 3, 'dropout': 0.4, 'learning_rate': 4.9382517504774965e-06, 'weight_decay': 1.333475143607681e-06, 'batch_size': 16}. Best is trial 45 with value: 0.5824833363908763.
Trial 184: Test Accuracy = 0.5124
trial:187 hidden_size: 256, num_layers: 3, learning_rate: 4.439254329687938e-05, optimizer_name: Adam, weight_decay: 1.1519022702036823e-06, batch_size: 16, label_smoothing: 0.3, factor: 1
[I 2025-05-29 19:49:17,405] Trial 185 finished with value: 0.5046474652968874 and parameters: {'hidden_size': 256, 'num_layers': 3, 'dropout': 0.4, 'learning_rate': 5.47445660636247e-06, 'weight_decay': 1.1693439302830745e-06, 'batch_size': 16}. Best is trial 45 with value: 0.5824833363908763.
Trial 185: Test Accuracy = 0.5046
trial:188 hidden_size: 64, num_layers: 3, learning_rate: 5.252881368563077e-05, optimizer_name: Adam, weight_decay: 1.0755908273521813e-06, batch_size: 16, label_smoothing: 0.3, factor: 1
[I 2025-05-29 19:49:43,148] Trial 186 finished with value: 0.46837277563749774 and parameters: {'hidden_size': 256, 'num_layers': 3, 'dropout': 0.4, 'learning_rate': 5.84190604953103e-06, 'weight_decay': 1.6142336238901281e-06, 'batch_size': 16}. Best is trial 45 with value: 0.5824833363908763.
Trial 186: Test Accuracy = 0.4684
trial:189 hidden_size: 512, num_layers: 3, learning_rate: 5.409221010222414e-05, optimizer_name: Adam, weight_decay: 3.04743265782847e-06, batch_size: 16, label_smoothing: 0.3, factor: 1
Divergence detected. Stopping training after 10 epochs.
Early stopping at epoch 23
[I 2025-05-29 19:51:38,202] Trial 188 finished with value: 0.46660857335045564 and parameters: {'hidden_size': 64, 'num_layers': 3, 'dropout': 0.4, 'learning_rate': 5.252881368563077e-05, 'weight_decay': 1.0755908273521813e-06, 'batch_size': 16}. Best is trial 45 with value: 0.5824833363908763.
Trial 188: Test Accuracy = 0.4666
trial:190 hidden_size: 128, num_layers: 3, learning_rate: 0.0001215125455670776, optimizer_name: Adam, weight_decay: 3.000259854340182e-06, batch_size: 16, label_smoothing: 0.3, factor: 1
Divergence detected. Stopping training after 10 epochs.
Early stopping at epoch 20
[I 2025-05-29 19:51:51,623] Trial 187 finished with value: 0.3918088424142359 and parameters: {'hidden_size': 256, 'num_layers': 3, 'dropout': 0.4, 'learning_rate': 4.439254329687938e-05, 'weight_decay': 1.1519022702036823e-06, 'batch_size': 16}. Best is trial 45 with value: 0.5824833363908763.
Trial 187: Test Accuracy = 0.3918
trial:191 hidden_size: 512, num_layers: 2, learning_rate: 0.00013290576983150952, optimizer_name: Adam, weight_decay: 3.0720527414631375e-06, batch_size: 32, label_smoothing: 0.3, factor: 1
Divergence detected. Stopping training after 10 epochs.
Early stopping at epoch 17
[I 2025-05-29 19:52:41,492] Trial 189 finished with value: 0.514969730324711 and parameters: {'hidden_size': 512, 'num_layers': 3, 'dropout': 0.4, 'learning_rate': 5.409221010222414e-05, 'weight_decay': 3.04743265782847e-06, 'batch_size': 16}. Best is trial 45 with value: 0.5824833363908763.
Trial 189: Test Accuracy = 0.5150
trial:192 hidden_size: 128, num_layers: 2, learning_rate: 0.00012387251336363458, optimizer_name: Adam, weight_decay: 1.737719567247022e-06, batch_size: 32, label_smoothing: 0.3, factor: 1
Divergence detected. Stopping training after 10 epochs.
Early stopping at epoch 16
[I 2025-05-29 19:53:18,173] Trial 190 finished with value: 0.450076438573962 and parameters: {'hidden_size': 128, 'num_layers': 3, 'dropout': 0.4, 'learning_rate': 0.0001215125455670776, 'weight_decay': 3.000259854340182e-06, 'batch_size': 16}. Best is trial 45 with value: 0.5824833363908763.
Trial 190: Test Accuracy = 0.4501
trial:193 hidden_size: 1024, num_layers: 2, learning_rate: 7.305662818339301e-05, optimizer_name: Adam, weight_decay: 2.2292025104195204e-06, batch_size: 16, label_smoothing: 0.3, factor: 1
Divergence detected. Stopping training after 10 epochs.
Early stopping at epoch 22
Trial 191: Test Accuracy = 0.5426
