[I 2025-05-29 21:37:27,057] Trial 229 finished with value: 0.5391029168959823 and parameters: {'hidden_size': 256, 'num_layers': 3, 'dropout': 0.30000000000000004, 'learning_rate': 1.1484753364805996e-05, 'weight_decay': 2.533648067295354e-06, 'batch_size': 16}. Best is trial 45 with value: 0.5824833363908763.
trial:232 hidden_size: 128, num_layers: 3, learning_rate: 6.701151658275359e-06, optimizer_name: Adam, weight_decay: 3.0520906831278386e-06, batch_size: 16, label_smoothing: 0.3, factor: 1
Divergence detected. Stopping training after 10 epochs.
Early stopping at epoch 20
Trial 230: Test Accuracy = 0.4792
[I 2025-05-29 21:37:31,263] Trial 230 finished with value: 0.47922093805417965 and parameters: {'hidden_size': 256, 'num_layers': 3, 'dropout': 0.4, 'learning_rate': 5.743719090613463e-05, 'weight_decay': 3.0097825713814104e-06, 'batch_size': 16}. Best is trial 45 with value: 0.5824833363908763.
trial:233 hidden_size: 256, num_layers: 3, learning_rate: 5.993860338855451e-06, optimizer_name: Adam, weight_decay: 1.9135174388202035e-06, batch_size: 16, label_smoothing: 0.3, factor: 1
Divergence detected. Stopping training after 10 epochs.
Early stopping at epoch 19
[I 2025-05-29 21:38:37,944] Trial 231 finished with value: 0.41798141013881246 and parameters: {'hidden_size': 128, 'num_layers': 3, 'dropout': 0.4, 'learning_rate': 0.0001562529755323759, 'weight_decay': 3.0393763180801072e-06, 'batch_size': 16}. Best is trial 45 with value: 0.5824833363908763.
Trial 231: Test Accuracy = 0.4180
trial:234 hidden_size: 256, num_layers: 3, learning_rate: 1.0765820304332054e-05, optimizer_name: Adam, weight_decay: 2.43055381705635e-06, batch_size: 16, label_smoothing: 0.3, factor: 1
[I 2025-05-29 21:40:15,200] Trial 232 finished with value: 0.49263743655598363 and parameters: {'hidden_size': 128, 'num_layers': 3, 'dropout': 0.30000000000000004, 'learning_rate': 6.701151658275359e-06, 'weight_decay': 3.0520906831278386e-06, 'batch_size': 16}. Best is trial 45 with value: 0.5824833363908763.
Trial 232: Test Accuracy = 0.4926
trial:235 hidden_size: 256, num_layers: 3, learning_rate: 1.2109155475306842e-05, optimizer_name: Adam, weight_decay: 2.4397898852516547e-06, batch_size: 16, label_smoothing: 0.3, factor: 1
[I 2025-05-29 21:41:04,163] Trial 233 finished with value: 0.5085978107992417 and parameters: {'hidden_size': 256, 'num_layers': 3, 'dropout': 0.30000000000000004, 'learning_rate': 5.993860338855451e-06, 'weight_decay': 1.9135174388202035e-06, 'batch_size': 16}. Best is trial 45 with value: 0.5824833363908763.
Trial 233: Test Accuracy = 0.5086
trial:236 hidden_size: 256, num_layers: 3, learning_rate: 1.0745181839224403e-05, optimizer_name: Adam, weight_decay: 2.4406895556146923e-06, batch_size: 16, label_smoothing: 0.3, factor: 1
Divergence detected. Stopping training after 10 epochs.
Early stopping at epoch 24
[I 2025-05-29 21:41:49,488] Trial 234 finished with value: 0.49893903259340794 and parameters: {'hidden_size': 256, 'num_layers': 3, 'dropout': 0.30000000000000004, 'learning_rate': 1.0765820304332054e-05, 'weight_decay': 2.43055381705635e-06, 'batch_size': 16}. Best is trial 45 with value: 0.5824833363908763.
Trial 234: Test Accuracy = 0.4989
trial:237 hidden_size: 256, num_layers: 3, learning_rate: 2.2481514353130946e-05, optimizer_name: Adam, weight_decay: 1.957209308424941e-06, batch_size: 16, label_smoothing: 0.3, factor: 1
Divergence detected. Stopping training after 10 epochs.
Early stopping at epoch 29
[I 2025-05-29 21:44:18,524] Trial 235 finished with value: 0.43552559163456245 and parameters: {'hidden_size': 256, 'num_layers': 3, 'dropout': 0.30000000000000004, 'learning_rate': 1.2109155475306842e-05, 'weight_decay': 2.4397898852516547e-06, 'batch_size': 16}. Best is trial 45 with value: 0.5824833363908763.
Trial 235: Test Accuracy = 0.4355
trial:238 hidden_size: 1024, num_layers: 3, learning_rate: 2.009122427916742e-05, optimizer_name: Adam, weight_decay: 1.5439039322763657e-06, batch_size: 16, label_smoothing: 0.3, factor: 1
Divergence detected. Stopping training after 10 epochs.
Early stopping at epoch 29
Trial 236: Test Accuracy = 0.4765
[I 2025-05-29 21:45:56,099] Trial 236 finished with value: 0.4765027823640922 and parameters: {'hidden_size': 256, 'num_layers': 3, 'dropout': 0.30000000000000004, 'learning_rate': 1.0745181839224403e-05, 'weight_decay': 2.4406895556146923e-06, 'batch_size': 16}. Best is trial 45 with value: 0.5824833363908763.
trial:239 hidden_size: 1024, num_layers: 3, learning_rate: 1.8977032846492244e-05, optimizer_name: Adam, weight_decay: 1.2046252826247672e-06, batch_size: 16, label_smoothing: 0.3, factor: 1
Trial 237: Test Accuracy = 0.4409
[I 2025-05-29 21:48:46,178] Trial 237 finished with value: 0.4409374426710695 and parameters: {'hidden_size': 256, 'num_layers': 3, 'dropout': 0.30000000000000004, 'learning_rate': 2.2481514353130946e-05, 'weight_decay': 1.957209308424941e-06, 'batch_size': 16}. Best is trial 45 with value: 0.5824833363908763.
trial:240 hidden_size: 1024, num_layers: 4, learning_rate: 5.8467247814056156e-05, optimizer_name: Adam, weight_decay: 1.6129143039794964e-06, batch_size: 10, label_smoothing: 0.3, factor: 1
Divergence detected. Stopping training after 10 epochs.
Early stopping at epoch 16
Trial 239: Test Accuracy = 0.5184
[I 2025-05-29 22:08:21,455] Trial 239 finished with value: 0.518394178438207 and parameters: {'hidden_size': 1024, 'num_layers': 3, 'dropout': 0.4, 'learning_rate': 1.8977032846492244e-05, 'weight_decay': 1.2046252826247672e-06, 'batch_size': 16}. Best is trial 45 with value: 0.5824833363908763.
trial:241 hidden_size: 1024, num_layers: 3, learning_rate: 6.200238861280165e-05, optimizer_name: Adam, weight_decay: 1.5979338729167546e-06, batch_size: 10, label_smoothing: 0.3, factor: 1
Divergence detected. Stopping training after 10 epochs.
Early stopping at epoch 17
Trial 238: Test Accuracy = 0.4689
[I 2025-05-29 22:12:16,469] Trial 238 finished with value: 0.46885892496789583 and parameters: {'hidden_size': 1024, 'num_layers': 3, 'dropout': 0.4, 'learning_rate': 2.009122427916742e-05, 'weight_decay': 1.5439039322763657e-06, 'batch_size': 16}. Best is trial 45 with value: 0.5824833363908763.
trial:242 hidden_size: 1024, num_layers: 4, learning_rate: 5.4866378293653584e-05, optimizer_name: Adam, weight_decay: 2.7188548077844423e-06, batch_size: 10, label_smoothing: 0.3, factor: 1
Divergence detected. Stopping training after 10 epochs.
Early stopping at epoch 20
Trial 241: Test Accuracy = 0.3333
[I 2025-05-29 23:15:24,978] Trial 241 finished with value: 0.3333333333333333 and parameters: {'hidden_size': 1024, 'num_layers': 3, 'dropout': 0.4, 'learning_rate': 6.200238861280165e-05, 'weight_decay': 1.5979338729167546e-06, 'batch_size': 10}. Best is trial 45 with value: 0.5824833363908763.
trial:243 hidden_size: 1024, num_layers: 3, learning_rate: 1.7468903241288573e-05, optimizer_name: Adam, weight_decay: 1.1921507354789756e-06, batch_size: 16, label_smoothing: 0.3, factor: 1
[I 2025-05-29 23:34:03,318] Trial 240 finished with value: 0.4997248211337369 and parameters: {'hidden_size': 1024, 'num_layers': 4, 'dropout': 0.4, 'learning_rate': 5.8467247814056156e-05, 'weight_decay': 1.6129143039794964e-06, 'batch_size': 10}. Best is trial 45 with value: 0.5824833363908763.
Trial 240: Test Accuracy = 0.4997
trial:244 hidden_size: 1024, num_layers: 3, learning_rate: 1.6407585432856636e-05, optimizer_name: Adam, weight_decay: 1.1708869114525917e-06, batch_size: 16, label_smoothing: 0.3, factor: 1
Divergence detected. Stopping training after 10 epochs.
Early stopping at epoch 18
Trial 243: Test Accuracy = 0.4793
[I 2025-05-30 00:36:55,045] Trial 243 finished with value: 0.4793340671436434 and parameters: {'hidden_size': 1024, 'num_layers': 3, 'dropout': 0.4, 'learning_rate': 1.7468903241288573e-05, 'weight_decay': 1.1921507354789756e-06, 'batch_size': 16}. Best is trial 45 with value: 0.5824833363908763.
trial:245 hidden_size: 1024, num_layers: 3, learning_rate: 4.366738227173966e-05, optimizer_name: Adam, weight_decay: 1.2605243094161151e-06, batch_size: 16, label_smoothing: 0.3, factor: 1
Divergence detected. Stopping training after 10 epochs.
Early stopping at epoch 14
Trial 244: Test Accuracy = 0.4805
[I 2025-05-30 00:37:22,419] Trial 244 finished with value: 0.4804623004953219 and parameters: {'hidden_size': 1024, 'num_layers': 3, 'dropout': 0.4, 'learning_rate': 1.6407585432856636e-05, 'weight_decay': 1.1708869114525917e-06, 'batch_size': 16}. Best is trial 45 with value: 0.5824833363908763.
trial:246 hidden_size: 64, num_layers: 3, learning_rate: 3.9317566612876935e-05, optimizer_name: Adam, weight_decay: 1.354131768892963e-06, batch_size: 16, label_smoothing: 0.3, factor: 1
Divergence detected. Stopping training after 10 epochs.
Early stopping at epoch 22
Trial 242: Test Accuracy = 0.3333
[I 2025-05-30 00:40:09,213] Trial 242 finished with value: 0.3333333333333333 and parameters: {'hidden_size': 1024, 'num_layers': 4, 'dropout': 0.5, 'learning_rate': 5.4866378293653584e-05, 'weight_decay': 2.7188548077844423e-06, 'batch_size': 10}. Best is trial 45 with value: 0.5824833363908763.
trial:247 hidden_size: 32, num_layers: 3, learning_rate: 0.00011163338316341673, optimizer_name: Adam, weight_decay: 1.3354622311182552e-06, batch_size: 16, label_smoothing: 0.3, factor: 1
[I 2025-05-30 00:43:40,545] Trial 246 finished with value: 0.4742677184614444 and parameters: {'hidden_size': 64, 'num_layers': 3, 'dropout': 0.4, 'learning_rate': 3.9317566612876935e-05, 'weight_decay': 1.354131768892963e-06, 'batch_size': 16}. Best is trial 45 with value: 0.5824833363908763.
Trial 246: Test Accuracy = 0.4743
trial:248 hidden_size: 32, num_layers: 3, learning_rate: 2.8348787925320316e-05, optimizer_name: Adam, weight_decay: 1.0261745975039385e-06, batch_size: 16, label_smoothing: 0.3, factor: 1
Trial 247: Test Accuracy = 0.4708
[I 2025-05-30 00:45:46,056] Trial 247 finished with value: 0.47080963737540515 and parameters: {'hidden_size': 32, 'num_layers': 3, 'dropout': 0.4, 'learning_rate': 0.00011163338316341673, 'weight_decay': 1.3354622311182552e-06, 'batch_size': 16}. Best is trial 45 with value: 0.5824833363908763.
trial:249 hidden_size: 1024, num_layers: 2, learning_rate: 0.0002466352338192184, optimizer_name: Adam, weight_decay: 1.0166727228556006e-06, batch_size: 16, label_smoothing: 0.3, factor: 1
Trial 248: Test Accuracy = 0.5032
[I 2025-05-30 00:49:59,902] Trial 248 finished with value: 0.5031890173056932 and parameters: {'hidden_size': 32, 'num_layers': 3, 'dropout': 0.4, 'learning_rate': 2.8348787925320316e-05, 'weight_decay': 1.0261745975039385e-06, 'batch_size': 16}. Best is trial 45 with value: 0.5824833363908763.
trial:250 hidden_size: 1024, num_layers: 2, learning_rate: 0.00024683356355099327, optimizer_name: Adam, weight_decay: 2.07170798833352e-06, batch_size: 16, label_smoothing: 0.3, factor: 1
Trial 245: Test Accuracy = 0.3786
[I 2025-05-30 00:52:42,430] Trial 245 finished with value: 0.3786430624350272 and parameters: {'hidden_size': 1024, 'num_layers': 3, 'dropout': 0.4, 'learning_rate': 4.366738227173966e-05, 'weight_decay': 1.2605243094161151e-06, 'batch_size': 16}. Best is trial 45 with value: 0.5824833363908763.
trial:251 hidden_size: 256, num_layers: 2, learning_rate: 8.410862518684443e-05, optimizer_name: Adam, weight_decay: 5.768643055558032e-06, batch_size: 16, label_smoothing: 0.3, factor: 1
Divergence detected. Stopping training after 10 epochs.
Early stopping at epoch 28