[I 2025-05-29 19:55:09,489] Trial 191 finished with value: 0.5425548828961047 and parameters: {'hidden_size': 512, 'num_layers': 2, 'dropout': 0.4, 'learning_rate': 0.00013290576983150952, 'weight_decay': 3.0720527414631375e-06, 'batch_size': 32}. Best is trial 45 with value: 0.5824833363908763.
trial:194 hidden_size: 512, num_layers: 2, learning_rate: 0.00013247545035242547, optimizer_name: Adam, weight_decay: 3.977574049742052e-06, batch_size: 32, label_smoothing: 0.3, factor: 1
Divergence detected. Stopping training after 10 epochs.
Early stopping at epoch 29
[I 2025-05-29 19:55:42,828] Trial 192 finished with value: 0.47434721457836476 and parameters: {'hidden_size': 128, 'num_layers': 2, 'dropout': 0.4, 'learning_rate': 0.00012387251336363458, 'weight_decay': 1.737719567247022e-06, 'batch_size': 32}. Best is trial 45 with value: 0.5824833363908763.
Trial 192: Test Accuracy = 0.4743
trial:195 hidden_size: 32, num_layers: 2, learning_rate: 0.00018939670670699012, optimizer_name: Adam, weight_decay: 2.352393951250878e-06, batch_size: 32, label_smoothing: 0.3, factor: 1
Divergence detected. Stopping training after 10 epochs.
Early stopping at epoch 26
Trial 195: Test Accuracy = 0.4757
[I 2025-05-29 19:58:53,118] Trial 195 finished with value: 0.47573533908151405 and parameters: {'hidden_size': 32, 'num_layers': 2, 'dropout': 0.4, 'learning_rate': 0.00018939670670699012, 'weight_decay': 2.352393951250878e-06, 'batch_size': 32}. Best is trial 45 with value: 0.5824833363908763.
trial:196 hidden_size: 512, num_layers: 2, learning_rate: 6.993963760772151e-05, optimizer_name: Adam, weight_decay: 4.0072555920957575e-06, batch_size: 32, label_smoothing: 0.3, factor: 1
Divergence detected. Stopping training after 10 epochs.
Early stopping at epoch 16
[I 2025-05-29 19:59:05,747] Trial 193 finished with value: 0.4959426404940989 and parameters: {'hidden_size': 1024, 'num_layers': 2, 'dropout': 0.4, 'learning_rate': 7.305662818339301e-05, 'weight_decay': 2.2292025104195204e-06, 'batch_size': 16}. Best is trial 45 with value: 0.5824833363908763.
Trial 193: Test Accuracy = 0.4959
trial:197 hidden_size: 512, num_layers: 2, learning_rate: 0.00013387111919715936, optimizer_name: Adam, weight_decay: 2.8993387680200132e-06, batch_size: 32, label_smoothing: 0.3, factor: 1
[I 2025-05-29 20:00:19,238] Trial 194 finished with value: 0.5069987158319574 and parameters: {'hidden_size': 512, 'num_layers': 2, 'dropout': 0.4, 'learning_rate': 0.00013247545035242547, 'weight_decay': 3.977574049742052e-06, 'batch_size': 32}. Best is trial 45 with value: 0.5824833363908763.
Trial 194: Test Accuracy = 0.5070
trial:198 hidden_size: 512, num_layers: 2, learning_rate: 0.00020502907324900185, optimizer_name: Adam, weight_decay: 4.913458426472654e-06, batch_size: 32, label_smoothing: 0.3, factor: 1
Divergence detected. Stopping training after 10 epochs.
Early stopping at epoch 11
[I 2025-05-29 20:00:30,157] Trial 196 finished with value: 0.4082217330153488 and parameters: {'hidden_size': 512, 'num_layers': 2, 'dropout': 0.4, 'learning_rate': 6.993963760772151e-05, 'weight_decay': 4.0072555920957575e-06, 'batch_size': 32}. Best is trial 45 with value: 0.5824833363908763.
Trial 196: Test Accuracy = 0.4082
trial:199 hidden_size: 512, num_layers: 2, learning_rate: 3.639583066745105e-05, optimizer_name: Adam, weight_decay: 2.883843463878537e-06, batch_size: 32, label_smoothing: 0.3, factor: 1
Divergence detected. Stopping training after 10 epochs.
Early stopping at epoch 15
[I 2025-05-29 20:02:39,644] Trial 198 finished with value: 0.4809820827982633 and parameters: {'hidden_size': 512, 'num_layers': 2, 'dropout': 0.4, 'learning_rate': 0.00020502907324900185, 'weight_decay': 4.913458426472654e-06, 'batch_size': 32}. Best is trial 45 with value: 0.5824833363908763.
Trial 198: Test Accuracy = 0.4810
trial:200 hidden_size: 512, num_layers: 1, learning_rate: 3.3739606069967048e-06, optimizer_name: Adam, weight_decay: 6.176604076556577e-06, batch_size: 16, label_smoothing: 0.3, factor: 1
Divergence detected. Stopping training after 10 epochs.
Early stopping at epoch 29
[I 2025-05-29 20:03:10,005] Trial 197 finished with value: 0.4752124992356142 and parameters: {'hidden_size': 512, 'num_layers': 2, 'dropout': 0.4, 'learning_rate': 0.00013387111919715936, 'weight_decay': 2.8993387680200132e-06, 'batch_size': 32}. Best is trial 45 with value: 0.5824833363908763.
Trial 197: Test Accuracy = 0.4752
trial:201 hidden_size: 1024, num_layers: 1, learning_rate: 4.393060674222963e-05, optimizer_name: Adam, weight_decay: 3.4191889238184773e-06, batch_size: 16, label_smoothing: 0.3, factor: 1
Trial 199: Test Accuracy = 0.4228
[I 2025-05-29 20:04:53,430] Trial 199 finished with value: 0.42280621292729165 and parameters: {'hidden_size': 512, 'num_layers': 2, 'dropout': 0.4, 'learning_rate': 3.639583066745105e-05, 'weight_decay': 2.883843463878537e-06, 'batch_size': 32}. Best is trial 45 with value: 0.5824833363908763.
trial:202 hidden_size: 1024, num_layers: 1, learning_rate: 2.992271558263836e-06, optimizer_name: Adam, weight_decay: 6.606537318637357e-06, batch_size: 16, label_smoothing: 0.3, factor: 1
Divergence detected. Stopping training after 10 epochs.
Early stopping at epoch 21
Trial 201: Test Accuracy = 0.4648
[I 2025-05-29 20:09:12,917] Trial 201 finished with value: 0.4647893352901608 and parameters: {'hidden_size': 1024, 'num_layers': 1, 'dropout': 0.5, 'learning_rate': 4.393060674222963e-05, 'weight_decay': 3.4191889238184773e-06, 'batch_size': 16}. Best is trial 45 with value: 0.5824833363908763.
trial:203 hidden_size: 1024, num_layers: 2, learning_rate: 7.50010322103267e-05, optimizer_name: Adam, weight_decay: 2.252395523415707e-06, batch_size: 16, label_smoothing: 0.3, factor: 1
Trial 200: Test Accuracy = 0.4920
[I 2025-05-29 20:10:09,379] Trial 200 finished with value: 0.4919556044762428 and parameters: {'hidden_size': 512, 'num_layers': 1, 'dropout': 0.4, 'learning_rate': 3.3739606069967048e-06, 'weight_decay': 6.176604076556577e-06, 'batch_size': 16}. Best is trial 45 with value: 0.5824833363908763.
trial:204 hidden_size: 1024, num_layers: 2, learning_rate: 6.833826573089511e-05, optimizer_name: Adam, weight_decay: 2.1462382879043864e-06, batch_size: 16, label_smoothing: 0.3, factor: 1
Trial 202: Test Accuracy = 0.4861
[I 2025-05-29 20:16:00,115] Trial 202 finished with value: 0.48610346725371495 and parameters: {'hidden_size': 1024, 'num_layers': 1, 'dropout': 0.2, 'learning_rate': 2.992271558263836e-06, 'weight_decay': 6.606537318637357e-06, 'batch_size': 16}. Best is trial 45 with value: 0.5824833363908763.
trial:205 hidden_size: 1024, num_layers: 2, learning_rate: 8.152035502543871e-05, optimizer_name: Adam, weight_decay: 2.0697514975796693e-06, batch_size: 16, label_smoothing: 0.3, factor: 1
Trial 203: Test Accuracy = 0.5017
[I 2025-05-29 20:26:49,356] Trial 203 finished with value: 0.5016847061701217 and parameters: {'hidden_size': 1024, 'num_layers': 2, 'dropout': 0.4, 'learning_rate': 7.50010322103267e-05, 'weight_decay': 2.252395523415707e-06, 'batch_size': 16}. Best is trial 45 with value: 0.5824833363908763.
trial:206 hidden_size: 1024, num_layers: 2, learning_rate: 5.7939162328302244e-05, optimizer_name: Adam, weight_decay: 2.104708992500584e-06, batch_size: 16, label_smoothing: 0.3, factor: 1
Trial 204: Test Accuracy = 0.4899
[I 2025-05-29 20:31:29,230] Trial 204 finished with value: 0.48986424509264354 and parameters: {'hidden_size': 1024, 'num_layers': 2, 'dropout': 0.4, 'learning_rate': 6.833826573089511e-05, 'weight_decay': 2.1462382879043864e-06, 'batch_size': 16}. Best is trial 45 with value: 0.5824833363908763.
trial:207 hidden_size: 1024, num_layers: 2, learning_rate: 0.0001003897065198372, optimizer_name: Adam, weight_decay: 1.441580723345431e-06, batch_size: 10, label_smoothing: 0.3, factor: 1
Divergence detected. Stopping training after 10 epochs.
Early stopping at epoch 29
[I 2025-05-29 20:34:28,735] Trial 205 finished with value: 0.49916529077233535 and parameters: {'hidden_size': 1024, 'num_layers': 2, 'dropout': 0.4, 'learning_rate': 8.152035502543871e-05, 'weight_decay': 2.0697514975796693e-06, 'batch_size': 16}. Best is trial 45 with value: 0.5824833363908763.
Trial 205: Test Accuracy = 0.4992
trial:208 hidden_size: 256, num_layers: 3, learning_rate: 9.807603517763855e-05, optimizer_name: Adam, weight_decay: 1.654773367232489e-06, batch_size: 10, label_smoothing: 0.3, factor: 1
Divergence detected. Stopping training after 10 epochs.
Early stopping at epoch 14
Trial 206: Test Accuracy = 0.4825
[I 2025-05-29 20:35:27,040] Trial 206 finished with value: 0.4824986241056686 and parameters: {'hidden_size': 1024, 'num_layers': 2, 'dropout': 0.4, 'learning_rate': 5.7939162328302244e-05, 'weight_decay': 2.104708992500584e-06, 'batch_size': 16}. Best is trial 45 with value: 0.5824833363908763.
trial:209 hidden_size: 256, num_layers: 3, learning_rate: 9.263727730416856e-05, optimizer_name: Adam, weight_decay: 2.5520124262862423e-06, batch_size: 10, label_smoothing: 0.3, factor: 1
Divergence detected. Stopping training after 10 epochs.
Early stopping at epoch 20
[I 2025-05-29 20:41:31,977] Trial 208 finished with value: 0.35779673454412037 and parameters: {'hidden_size': 256, 'num_layers': 3, 'dropout': 0.4, 'learning_rate': 9.807603517763855e-05, 'weight_decay': 1.654773367232489e-06, 'batch_size': 10}. Best is trial 45 with value: 0.5824833363908763.
Trial 208: Test Accuracy = 0.3578
trial:210 hidden_size: 64, num_layers: 3, learning_rate: 0.00032044841173272173, optimizer_name: Adam, weight_decay: 2.5015122700812207e-06, batch_size: 16, label_smoothing: 0.3, factor: 1
Divergence detected. Stopping training after 10 epochs.
Early stopping at epoch 15
[I 2025-05-29 20:43:44,302] Trial 210 finished with value: 0.5032195927352779 and parameters: {'hidden_size': 64, 'num_layers': 3, 'dropout': 0.5, 'learning_rate': 0.00032044841173272173, 'weight_decay': 2.5015122700812207e-06, 'batch_size': 16}. Best is trial 45 with value: 0.5824833363908763.
Trial 210: Test Accuracy = 0.5032
trial:211 hidden_size: 256, num_layers: 4, learning_rate: 1.7293278640233006e-06, optimizer_name: Adam, weight_decay: 1.460810270930129e-06, batch_size: 10, label_smoothing: 0.3, factor: 1
Divergence detected. Stopping training after 10 epochs.
Early stopping at epoch 24
[I 2025-05-29 20:45:05,049] Trial 209 finished with value: 0.4388583134593041 and parameters: {'hidden_size': 256, 'num_layers': 3, 'dropout': 0.5, 'learning_rate': 9.263727730416856e-05, 'weight_decay': 2.5520124262862423e-06, 'batch_size': 10}. Best is trial 45 with value: 0.5824833363908763.
Trial 209: Test Accuracy = 0.4389
trial:212 hidden_size: 1024, num_layers: 4, learning_rate: 1.692713871800412e-06, optimizer_name: Adam, weight_decay: 1.4101058062159739e-06, batch_size: 16, label_smoothing: 0.3, factor: 1
Trial 207: Test Accuracy = 0.4136
[I 2025-05-29 20:45:07,336] Trial 207 finished with value: 0.41362746896593894 and parameters: {'hidden_size': 1024, 'num_layers': 2, 'dropout': 0.4, 'learning_rate': 0.0001003897065198372, 'weight_decay': 1.441580723345431e-06, 'batch_size': 10}. Best is trial 45 with value: 0.5824833363908763.
trial:213 hidden_size: 512, num_layers: 3, learning_rate: 5.75245299789549e-05, optimizer_name: Adam, weight_decay: 3.2421460464006265e-06, batch_size: 16, label_smoothing: 0.3, factor: 1
Divergence detected. Stopping training after 10 epochs.
Early stopping at epoch 23
[I 2025-05-29 20:57:32,921] Trial 212 finished with value: 0.5516724759982877 and parameters: {'hidden_size': 1024, 'num_layers': 4, 'dropout': 0.5, 'learning_rate': 1.692713871800412e-06, 'weight_decay': 1.4101058062159739e-06, 'batch_size': 16}. Best is trial 45 with value: 0.5824833363908763.
Trial 212: Test Accuracy = 0.5517
trial:214 hidden_size: 1024, num_layers: 4, learning_rate: 6.373029117413765e-07, optimizer_name: Adam, weight_decay: 1.8056028751597604e-06, batch_size: 16, label_smoothing: 0.3, factor: 1
Divergence detected. Stopping training after 10 epochs.
Early stopping at epoch 19
Trial 213: Test Accuracy = 0.5261
[I 2025-05-29 20:58:11,221] Trial 213 finished with value: 0.5260502660062374 and parameters: {'hidden_size': 512, 'num_layers': 3, 'dropout': 0.4, 'learning_rate': 5.75245299789549e-05, 'weight_decay': 3.2421460464006265e-06, 'batch_size': 16}. Best is trial 45 with value: 0.5824833363908763.
trial:215 hidden_size: 512, num_layers: 4, learning_rate: 1.7985333937465142e-06, optimizer_name: Adam, weight_decay: 1.0264375335908086e-06, batch_size: 16, label_smoothing: 0.3, factor: 1
[I 2025-05-29 21:02:51,779] Trial 211 finished with value: 0.47009722986607966 and parameters: {'hidden_size': 256, 'num_layers': 4, 'dropout': 0.5, 'learning_rate': 1.7293278640233006e-06, 'weight_decay': 1.460810270930129e-06, 'batch_size': 10}. Best is trial 45 with value: 0.5824833363908763.
Trial 211: Test Accuracy = 0.4701
trial:216 hidden_size: 512, num_layers: 3, learning_rate: 1.4621243017376688e-06, optimizer_name: Adam, weight_decay: 3.158376305695348e-06, batch_size: 16, label_smoothing: 0.3, factor: 1
[I 2025-05-29 21:14:51,926] Trial 214 finished with value: 0.46191218736623246 and parameters: {'hidden_size': 1024, 'num_layers': 4, 'dropout': 0.5, 'learning_rate': 6.373029117413765e-07, 'weight_decay': 1.8056028751597604e-06, 'batch_size': 16}. Best is trial 45 with value: 0.5824833363908763.
Trial 214: Test Accuracy = 0.4619
trial:217 hidden_size: 512, num_layers: 3, learning_rate: 9.260923478633913e-06, optimizer_name: Adam, weight_decay: 3.2538646848936313e-06, batch_size: 16, label_smoothing: 0.3, factor: 1
[I 2025-05-29 21:16:19,350] Trial 216 finished with value: 0.4755243686173791 and parameters: {'hidden_size': 512, 'num_layers': 3, 'dropout': 0.5, 'learning_rate': 1.4621243017376688e-06, 'weight_decay': 3.158376305695348e-06, 'batch_size': 16}. Best is trial 45 with value: 0.5824833363908763.
Trial 216: Test Accuracy = 0.4755
trial:218 hidden_size: 512, num_layers: 4, learning_rate: 1.0110733372253746e-05, optimizer_name: Adam, weight_decay: 3.588646268688525e-06, batch_size: 16, label_smoothing: 0.3, factor: 1
[I 2025-05-29 21:16:40,941] Trial 215 finished with value: 0.49008744572861246 and parameters: {'hidden_size': 512, 'num_layers': 4, 'dropout': 0.5, 'learning_rate': 1.7985333937465142e-06, 'weight_decay': 1.0264375335908086e-06, 'batch_size': 16}. Best is trial 45 with value: 0.5824833363908763.
Trial 215: Test Accuracy = 0.4901
trial:219 hidden_size: 128, num_layers: 4, learning_rate: 2.4523026444146466e-07, optimizer_name: Adam, weight_decay: 2.7353566235560403e-06, batch_size: 16, label_smoothing: 0.3, factor: 1
Divergence detected. Stopping training after 10 epochs.
Early stopping at epoch 10
[I 2025-05-29 21:18:55,775] Trial 219 finished with value: 0.2950070323488045 and parameters: {'hidden_size': 128, 'num_layers': 4, 'dropout': 0.5, 'learning_rate': 2.4523026444146466e-07, 'weight_decay': 2.7353566235560403e-06, 'batch_size': 16}. Best is trial 45 with value: 0.5824833363908763.
Trial 219: Test Accuracy = 0.2950
trial:220 hidden_size: 512, num_layers: 3, learning_rate: 8.571576587570774e-06, optimizer_name: Adam, weight_decay: 1.317788387813373e-06, batch_size: 16, label_smoothing: 0.3, factor: 1
Divergence detected. Stopping training after 10 epochs.
Early stopping at epoch 17
[I 2025-05-29 21:20:26,365] Trial 218 finished with value: 0.5520485537821807 and parameters: {'hidden_size': 512, 'num_layers': 4, 'dropout': 0.5, 'learning_rate': 1.0110733372253746e-05, 'weight_decay': 3.588646268688525e-06, 'batch_size': 16}. Best is trial 45 with value: 0.5824833363908763.
Trial 218: Test Accuracy = 0.5520
trial:221 hidden_size: 512, num_layers: 4, learning_rate: 8.536314966907811e-06, optimizer_name: Adam, weight_decay: 3.58785768661256e-06, batch_size: 16, label_smoothing: 0.3, factor: 1
Divergence detected. Stopping training after 10 epochs.
Early stopping at epoch 27
[I 2025-05-29 21:21:09,380] Trial 217 finished with value: 0.45195071240750934 and parameters: {'hidden_size': 512, 'num_layers': 3, 'dropout': 0.5, 'learning_rate': 9.260923478633913e-06, 'weight_decay': 3.2538646848936313e-06, 'batch_size': 16}. Best is trial 45 with value: 0.5824833363908763.
Trial 217: Test Accuracy = 0.4520
trial:222 hidden_size: 512, num_layers: 4, learning_rate: 4.5014954282574775e-05, optimizer_name: Adam, weight_decay: 4.230433129641135e-06, batch_size: 16, label_smoothing: 0.3, factor: 1
Divergence detected. Stopping training after 10 epochs.
Early stopping at epoch 18
[I 2025-05-29 21:24:03,061] Trial 220 finished with value: 0.48286858680364464 and parameters: {'hidden_size': 512, 'num_layers': 3, 'dropout': 0.5, 'learning_rate': 8.571576587570774e-06, 'weight_decay': 1.317788387813373e-06, 'batch_size': 16}. Best is trial 45 with value: 0.5824833363908763.
Trial 220: Test Accuracy = 0.4829
trial:223 hidden_size: 512, num_layers: 4, learning_rate: 1.006660705263168e-06, optimizer_name: Adam, weight_decay: 3.83768578681863e-06, batch_size: 16, label_smoothing: 0.3, factor: 1
Divergence detected. Stopping training after 10 epochs.
Early stopping at epoch 17
[I 2025-05-29 21:25:24,075] Trial 221 finished with value: 0.49010273344340494 and parameters: {'hidden_size': 512, 'num_layers': 4, 'dropout': 0.5, 'learning_rate': 8.536314966907811e-06, 'weight_decay': 3.58785768661256e-06, 'batch_size': 16}. Best is trial 45 with value: 0.5824833363908763.
Trial 221: Test Accuracy = 0.4901
trial:224 hidden_size: 512, num_layers: 4, learning_rate: 1.4865451444699622e-05, optimizer_name: Adam, weight_decay: 3.986326358998434e-06, batch_size: 16, label_smoothing: 0.3, factor: 1
Divergence detected. Stopping training after 10 epochs.
Early stopping at epoch 18
[I 2025-05-29 21:26:19,132] Trial 222 finished with value: 0.46205283434232247 and parameters: {'hidden_size': 512, 'num_layers': 4, 'dropout': 0.5, 'learning_rate': 4.5014954282574775e-05, 'weight_decay': 4.230433129641135e-06, 'batch_size': 16}. Best is trial 45 with value: 0.5824833363908763.
Trial 222: Test Accuracy = 0.4621
trial:225 hidden_size: 64, num_layers: 4, learning_rate: 2.3283143027803005e-06, optimizer_name: Adam, weight_decay: 2.741824126520373e-06, batch_size: 16, label_smoothing: 0.3, factor: 1
Divergence detected. Stopping training after 10 epochs.
Early stopping at epoch 10
[I 2025-05-29 21:27:57,513] Trial 225 finished with value: 0.3333333333333333 and parameters: {'hidden_size': 64, 'num_layers': 4, 'dropout': 0.5, 'learning_rate': 2.3283143027803005e-06, 'weight_decay': 2.741824126520373e-06, 'batch_size': 16}. Best is trial 45 with value: 0.5824833363908763.
Trial 225: Test Accuracy = 0.3333
trial:226 hidden_size: 32, num_layers: 4, learning_rate: 3.186005398359044e-05, optimizer_name: Adam, weight_decay: 4.752967531567123e-06, batch_size: 16, label_smoothing: 0.3, factor: 1
Divergence detected. Stopping training after 10 epochs.
Early stopping at epoch 10
[I 2025-05-29 21:29:45,279] Trial 226 finished with value: 0.42180028129395214 and parameters: {'hidden_size': 32, 'num_layers': 4, 'dropout': 0.5, 'learning_rate': 3.186005398359044e-05, 'weight_decay': 4.752967531567123e-06, 'batch_size': 16}. Best is trial 45 with value: 0.5824833363908763.
Trial 226: Test Accuracy = 0.4218
trial:227 hidden_size: 512, num_layers: 3, learning_rate: 1.4568694653797127e-05, optimizer_name: Adam, weight_decay: 3.6447806629544687e-06, batch_size: 16, label_smoothing: 0.3, factor: 1
[I 2025-05-29 21:32:26,963] Trial 224 finished with value: 0.47356142603803586 and parameters: {'hidden_size': 512, 'num_layers': 4, 'dropout': 0.5, 'learning_rate': 1.4865451444699622e-05, 'weight_decay': 3.986326358998434e-06, 'batch_size': 16}. Best is trial 45 with value: 0.5824833363908763.
Trial 224: Test Accuracy = 0.4736
trial:228 hidden_size: 256, num_layers: 3, learning_rate: 4.321779371715315e-06, optimizer_name: Adam, weight_decay: 2.4761621581886523e-06, batch_size: 16, label_smoothing: 0.3, factor: 1
[I 2025-05-29 21:32:35,461] Trial 223 finished with value: 0.510829817158931 and parameters: {'hidden_size': 512, 'num_layers': 4, 'dropout': 0.5, 'learning_rate': 1.006660705263168e-06, 'weight_decay': 3.83768578681863e-06, 'batch_size': 16}. Best is trial 45 with value: 0.5824833363908763.
Trial 223: Test Accuracy = 0.5108
trial:229 hidden_size: 256, num_layers: 3, learning_rate: 1.1484753364805996e-05, optimizer_name: Adam, weight_decay: 2.533648067295354e-06, batch_size: 16, label_smoothing: 0.3, factor: 1
Divergence detected. Stopping training after 10 epochs.
Early stopping at epoch 22
[I 2025-05-29 21:34:42,484] Trial 227 finished with value: 0.5035834403473369 and parameters: {'hidden_size': 512, 'num_layers': 3, 'dropout': 0.30000000000000004, 'learning_rate': 1.4568694653797127e-05, 'weight_decay': 3.6447806629544687e-06, 'batch_size': 16}. Best is trial 45 with value: 0.5824833363908763.
Trial 227: Test Accuracy = 0.5036
trial:230 hidden_size: 256, num_layers: 3, learning_rate: 5.743719090613463e-05, optimizer_name: Adam, weight_decay: 3.0097825713814104e-06, batch_size: 16, label_smoothing: 0.3, factor: 1
[I 2025-05-29 21:37:06,990] Trial 228 finished with value: 0.5076193970525286 and parameters: {'hidden_size': 256, 'num_layers': 3, 'dropout': 0.30000000000000004, 'learning_rate': 4.321779371715315e-06, 'weight_decay': 2.4761621581886523e-06, 'batch_size': 16}. Best is trial 45 with value: 0.5824833363908763.
Trial 228: Test Accuracy = 0.5076
trial:231 hidden_size: 128, num_layers: 3, learning_rate: 0.0001562529755323759, optimizer_name: Adam, weight_decay: 3.0393763180801072e-06, batch_size: 16, label_smoothing: 0.3, factor: 1
Trial 229: Test Accuracy = 0.5391
