Input shape: torch.Size([8, 224, 672])
Output shape: torch.Size([8, 3])
c:\Users\Gabriel\anaconda3\envs\cudaenv\Lib\site-packages\tqdm\auto.py:21: TqdmWarning: IProgress not found. Please update jupyter and ipywidgets. See https://ipywidgets.readthedocs.io/en/stable/user_install.html
  from .autonotebook import tqdm as notebook_tqdm
[I 2025-05-29 03:25:53,478] A new study created in memory with name: no-name-898cbd83-e6f9-411c-9131-39d650cffd57
hidden_size: 512, num_layers: 3, learning_rate: 1.2982699360205788e-05, optimizer_name: Adam, weight_decay: 1.7361612479586764e-05, batch_size: 16, label_smoothing: 0.3, factor: 1hidden_size: 64, num_layers: 1, learning_rate: 3.0454236094397555e-05, optimizer_name: Adam, weight_decay: 5.306695559979247e-06, batch_size: 16, label_smoothing: 0.3, factor: 1

hidden_size: 32, num_layers: 3, learning_rate: 2.6395009335196565e-08, optimizer_name: Adam, weight_decay: 0.00021900508512168323, batch_size: 10, label_smoothing: 0.3, factor: 1
Divergence detected. Stopping training after 10 epochs.
Early stopping at epoch 10
[I 2025-05-29 03:26:52,684] Trial 2 finished with value: 0.33460076045627374 and parameters: {'hidden_size': 32, 'num_layers': 3, 'dropout': 0.5, 'learning_rate': 2.6395009335196565e-08, 'weight_decay': 0.00021900508512168323, 'batch_size': 10}. Best is trial 2 with value: 0.33460076045627374.
Trial 2: Test Accuracy = 0.3346
hidden_size: 128, num_layers: 3, learning_rate: 3.01493161658156e-05, optimizer_name: Adam, weight_decay: 0.0006794050105941614, batch_size: 10, label_smoothing: 0.3, factor: 1
[I 2025-05-29 03:28:09,480] Trial 1 finished with value: 0.5349637455429233 and parameters: {'hidden_size': 64, 'num_layers': 1, 'dropout': 0.2, 'learning_rate': 3.0454236094397555e-05, 'weight_decay': 5.306695559979247e-06, 'batch_size': 16}. Best is trial 1 with value: 0.5349637455429233.
Trial 1: Test Accuracy = 0.5350
hidden_size: 512, num_layers: 1, learning_rate: 0.0004091886724592837, optimizer_name: Adam, weight_decay: 8.34655813164896e-05, batch_size: 32, label_smoothing: 0.3, factor: 1
Divergence detected. Stopping training after 10 epochs.
Early stopping at epoch 20
Trial 0: Test Accuracy = 0.4496
[I 2025-05-29 03:29:05,419] Trial 0 finished with value: 0.4496181985921113 and parameters: {'hidden_size': 512, 'num_layers': 3, 'dropout': 0.30000000000000004, 'learning_rate': 1.2982699360205788e-05, 'weight_decay': 1.7361612479586764e-05, 'batch_size': 16}. Best is trial 1 with value: 0.5349637455429233.
hidden_size: 64, num_layers: 2, learning_rate: 1.11181072331645e-06, optimizer_name: Adam, weight_decay: 1.0531673837181614e-05, batch_size: 32, label_smoothing: 0.3, factor: 1
Divergence detected. Stopping training after 10 epochs.
Early stopping at epoch 22
[I 2025-05-29 03:29:14,156] Trial 3 finished with value: 0.4747364141755493 and parameters: {'hidden_size': 128, 'num_layers': 3, 'dropout': 0.4, 'learning_rate': 3.01493161658156e-05, 'weight_decay': 0.0006794050105941614, 'batch_size': 10}. Best is trial 1 with value: 0.5349637455429233.
Trial 3: Test Accuracy = 0.4747
hidden_size: 64, num_layers: 2, learning_rate: 0.0001198555031454689, optimizer_name: Adam, weight_decay: 5.9246202767415226e-05, batch_size: 16, label_smoothing: 0.3, factor: 1
Divergence detected. Stopping training after 10 epochs.
Early stopping at epoch 17
Divergence detected. Stopping training after 10 epochs.
Early stopping at epoch 10
[I 2025-05-29 03:29:49,058] Trial 4 finished with value: 0.5309370108438228 and parameters: {'hidden_size': 512, 'num_layers': 1, 'dropout': 0.2, 'learning_rate': 0.0004091886724592837, 'weight_decay': 8.34655813164896e-05, 'batch_size': 32}. Best is trial 1 with value: 0.5349637455429233.
Trial 4: Test Accuracy = 0.5309
hidden_size: 1024, num_layers: 1, learning_rate: 0.0003874665334407114, optimizer_name: Adam, weight_decay: 5.0561553975611905e-06, batch_size: 32, label_smoothing: 0.3, factor: 1
[I 2025-05-29 03:29:50,149] Trial 5 finished with value: 0.3333333333333333 and parameters: {'hidden_size': 64, 'num_layers': 2, 'dropout': 0.2, 'learning_rate': 1.11181072331645e-06, 'weight_decay': 1.0531673837181614e-05, 'batch_size': 32}. Best is trial 1 with value: 0.5349637455429233.
Trial 5: Test Accuracy = 0.3333
hidden_size: 512, num_layers: 1, learning_rate: 1.6047306777985417e-06, optimizer_name: Adam, weight_decay: 1.6488292763592139e-06, batch_size: 10, label_smoothing: 0.3, factor: 1
Divergence detected. Stopping training after 10 epochs.
Early stopping at epoch 10
[I 2025-05-29 03:31:39,231] Trial 7 finished with value: 0.3333333333333333 and parameters: {'hidden_size': 1024, 'num_layers': 1, 'dropout': 0.4, 'learning_rate': 0.0003874665334407114, 'weight_decay': 5.0561553975611905e-06, 'batch_size': 32}. Best is trial 1 with value: 0.5349637455429233.
Trial 7: Test Accuracy = 0.3333
hidden_size: 64, num_layers: 3, learning_rate: 0.0004200816637478655, optimizer_name: Adam, weight_decay: 0.00027279858001293805, batch_size: 32, label_smoothing: 0.3, factor: 1
[I 2025-05-29 03:32:19,946] Trial 6 finished with value: 0.5070916763894815 and parameters: {'hidden_size': 64, 'num_layers': 2, 'dropout': 0.5, 'learning_rate': 0.0001198555031454689, 'weight_decay': 5.9246202767415226e-05, 'batch_size': 16}. Best is trial 1 with value: 0.5349637455429233.
Trial 6: Test Accuracy = 0.5071
hidden_size: 128, num_layers: 3, learning_rate: 0.0001150047360478183, optimizer_name: Adam, weight_decay: 3.2174114216202434e-06, batch_size: 16, label_smoothing: 0.3, factor: 1
Divergence detected. Stopping training after 10 epochs.
Early stopping at epoch 16
[I 2025-05-29 03:33:30,208] Trial 10 finished with value: 0.5133419674446177 and parameters: {'hidden_size': 128, 'num_layers': 3, 'dropout': 0.30000000000000004, 'learning_rate': 0.0001150047360478183, 'weight_decay': 3.2174114216202434e-06, 'batch_size': 16}. Best is trial 1 with value: 0.5349637455429233.
Trial 10: Test Accuracy = 0.5133
hidden_size: 256, num_layers: 3, learning_rate: 1.3326291651143448e-07, optimizer_name: Adam, weight_decay: 0.00019951779268472566, batch_size: 10, label_smoothing: 0.3, factor: 1
[I 2025-05-29 03:33:30,586] Trial 9 finished with value: 0.48399312123962 and parameters: {'hidden_size': 64, 'num_layers': 3, 'dropout': 0.30000000000000004, 'learning_rate': 0.0004200816637478655, 'weight_decay': 0.00027279858001293805, 'batch_size': 32}. Best is trial 1 with value: 0.5349637455429233.
Trial 9: Test Accuracy = 0.4840
hidden_size: 256, num_layers: 4, learning_rate: 0.008766772869008694, optimizer_name: Adam, weight_decay: 1.2556216106809985e-06, batch_size: 16, label_smoothing: 0.3, factor: 1
[I 2025-05-29 03:34:02,279] Trial 8 finished with value: 0.5569924764082769 and parameters: {'hidden_size': 512, 'num_layers': 1, 'dropout': 0.30000000000000004, 'learning_rate': 1.6047306777985417e-06, 'weight_decay': 1.6488292763592139e-06, 'batch_size': 10}. Best is trial 8 with value: 0.5569924764082769.
Trial 8: Test Accuracy = 0.5570
hidden_size: 256, num_layers: 1, learning_rate: 5.431301384957763e-07, optimizer_name: Adam, weight_decay: 1.3425229188098602e-06, batch_size: 10, label_smoothing: 0.3, factor: 1
Divergence detected. Stopping training after 10 epochs.
Early stopping at epoch 10
[I 2025-05-29 03:35:04,295] Trial 12 finished with value: 0.3333333333333333 and parameters: {'hidden_size': 256, 'num_layers': 4, 'dropout': 0.1, 'learning_rate': 0.008766772869008694, 'weight_decay': 1.2556216106809985e-06, 'batch_size': 16}. Best is trial 8 with value: 0.5569924764082769.
Trial 12: Test Accuracy = 0.3333
hidden_size: 512, num_layers: 1, learning_rate: 1.096972395925297e-06, optimizer_name: Adam, weight_decay: 1.0117335791084028e-06, batch_size: 10, label_smoothing: 0.3, factor: 1
Divergence detected. Stopping training after 10 epochs.
Early stopping at epoch 10
[I 2025-05-29 03:35:42,330] Trial 13 finished with value: 0.32192648922686945 and parameters: {'hidden_size': 256, 'num_layers': 1, 'dropout': 0.1, 'learning_rate': 5.431301384957763e-07, 'weight_decay': 1.3425229188098602e-06, 'batch_size': 10}. Best is trial 8 with value: 0.5569924764082769.
Trial 13: Test Accuracy = 0.3219
hidden_size: 512, num_layers: 1, learning_rate: 1.051994445064749e-06, optimizer_name: Adam, weight_decay: 4.848862855553916e-06, batch_size: 10, label_smoothing: 0.3, factor: 1
Divergence detected. Stopping training after 10 epochs.
Early stopping at epoch 10
[I 2025-05-29 03:36:53,738] Trial 14 finished with value: 0.5154241391795246 and parameters: {'hidden_size': 512, 'num_layers': 1, 'dropout': 0.1, 'learning_rate': 1.096972395925297e-06, 'weight_decay': 1.0117335791084028e-06, 'batch_size': 10}. Best is trial 8 with value: 0.5569924764082769.
Trial 14: Test Accuracy = 0.5154
hidden_size: 32, num_layers: 1, learning_rate: 8.360670207111352e-08, optimizer_name: Adam, weight_decay: 4.762324185835687e-06, batch_size: 10, label_smoothing: 0.3, factor: 1
Divergence detected. Stopping training after 10 epochs.
Early stopping at epoch 10
[I 2025-05-29 03:38:06,368] Trial 16 finished with value: 0.3333333333333333 and parameters: {'hidden_size': 32, 'num_layers': 1, 'dropout': 0.2, 'learning_rate': 8.360670207111352e-08, 'weight_decay': 4.762324185835687e-06, 'batch_size': 10}. Best is trial 8 with value: 0.5569924764082769.
Trial 16: Test Accuracy = 0.3333
hidden_size: 1024, num_layers: 4, learning_rate: 4.564144592354786e-06, optimizer_name: Adam, weight_decay: 1.0922435054282096e-05, batch_size: 16, label_smoothing: 0.3, factor: 1
Trial 11: Test Accuracy = 0.3333
[I 2025-05-29 03:39:03,308] Trial 11 finished with value: 0.3333333333333333 and parameters: {'hidden_size': 256, 'num_layers': 3, 'dropout': 0.4, 'learning_rate': 1.3326291651143448e-07, 'weight_decay': 0.00019951779268472566, 'batch_size': 10}. Best is trial 8 with value: 0.5569924764082769.
hidden_size: 1024, num_layers: 4, learning_rate: 3.721601369382627e-06, optimizer_name: Adam, weight_decay: 1.9407467579816976e-05, batch_size: 16, label_smoothing: 0.3, factor: 1
Divergence detected. Stopping training after 10 epochs.
Early stopping at epoch 15
[I 2025-05-29 03:57:40,363] Trial 18 finished with value: 0.5317618243902316 and parameters: {'hidden_size': 1024, 'num_layers': 4, 'dropout': 0.2, 'learning_rate': 3.721601369382627e-06, 'weight_decay': 1.9407467579816976e-05, 'batch_size': 16}. Best is trial 8 with value: 0.5569924764082769.
Trial 18: Test Accuracy = 0.5318
hidden_size: 64, num_layers: 1, learning_rate: 6.580875635489819e-06, optimizer_name: Adam, weight_decay: 2.283622377636686e-06, batch_size: 16, label_smoothing: 0.3, factor: 1
[I 2025-05-29 03:58:06,080] Trial 15 finished with value: 0.541029439466615 and parameters: {'hidden_size': 512, 'num_layers': 1, 'dropout': 0.2, 'learning_rate': 1.051994445064749e-06, 'weight_decay': 4.848862855553916e-06, 'batch_size': 10}. Best is trial 8 with value: 0.5569924764082769.
Trial 15: Test Accuracy = 0.5410
hidden_size: 512, num_layers: 1, learning_rate: 1.1300025379785476e-08, optimizer_name: Adam, weight_decay: 2.3022880888874215e-06, batch_size: 10, label_smoothing: 0.3, factor: 1
Divergence detected. Stopping training after 10 epochs.
Early stopping at epoch 18
[I 2025-05-29 03:58:19,654] Trial 17 finished with value: 0.5271179479175975 and parameters: {'hidden_size': 1024, 'num_layers': 4, 'dropout': 0.4, 'learning_rate': 4.564144592354786e-06, 'weight_decay': 1.0922435054282096e-05, 'batch_size': 16}. Best is trial 8 with value: 0.5569924764082769.
Trial 17: Test Accuracy = 0.5271
hidden_size: 512, num_layers: 1, learning_rate: 1.2840923772299628e-08, optimizer_name: Adam, weight_decay: 2.3786672454730966e-06, batch_size: 10, label_smoothing: 0.3, factor: 1
Divergence detected. Stopping training after 10 epochs.
Early stopping at epoch 10
[I 2025-05-29 03:58:54,912] Trial 19 finished with value: 0.4116788731519834 and parameters: {'hidden_size': 64, 'num_layers': 1, 'dropout': 0.2, 'learning_rate': 6.580875635489819e-06, 'weight_decay': 2.283622377636686e-06, 'batch_size': 16}. Best is trial 8 with value: 0.5569924764082769.
Trial 19: Test Accuracy = 0.4117
hidden_size: 512, num_layers: 1, learning_rate: 2.5388518329906415e-07, optimizer_name: Adam, weight_decay: 2.2218151222993157e-06, batch_size: 10, label_smoothing: 0.3, factor: 1
[I 2025-05-29 04:02:46,674] Trial 20 finished with value: 0.3333333333333333 and parameters: {'hidden_size': 512, 'num_layers': 1, 'dropout': 0.30000000000000004, 'learning_rate': 1.1300025379785476e-08, 'weight_decay': 2.3022880888874215e-06, 'batch_size': 10}. Best is trial 8 with value: 0.5569924764082769.
Trial 20: Test Accuracy = 0.3333
hidden_size: 512, num_layers: 1, learning_rate: 2.314377462059741e-07, optimizer_name: Adam, weight_decay: 6.890899746149838e-06, batch_size: 10, label_smoothing: 0.3, factor: 1
[I 2025-05-29 04:02:57,027] Trial 21 finished with value: 0.3005606298789756 and parameters: {'hidden_size': 512, 'num_layers': 1, 'dropout': 0.30000000000000004, 'learning_rate': 1.2840923772299628e-08, 'weight_decay': 2.3786672454730966e-06, 'batch_size': 10}. Best is trial 8 with value: 0.5569924764082769.
Trial 21: Test Accuracy = 0.3006
hidden_size: 512, num_layers: 1, learning_rate: 2.523972703977979e-07, optimizer_name: Adam, weight_decay: 6.634346904085941e-06, batch_size: 10, label_smoothing: 0.3, factor: 1
[I 2025-05-29 04:03:32,428] Trial 22 finished with value: 0.4763273058174527 and parameters: {'hidden_size': 512, 'num_layers': 1, 'dropout': 0.30000000000000004, 'learning_rate': 2.5388518329906415e-07, 'weight_decay': 2.2218151222993157e-06, 'batch_size': 10}. Best is trial 8 with value: 0.5569924764082769.
Trial 22: Test Accuracy = 0.4763
hidden_size: 512, num_layers: 1, learning_rate: 2.0593272003503062e-05, optimizer_name: Adam, weight_decay: 7.245254656116747e-06, batch_size: 10, label_smoothing: 0.3, factor: 1
Divergence detected. Stopping training after 10 epochs.
Early stopping at epoch 10
[I 2025-05-29 04:04:31,607] Trial 23 finished with value: 0.36539911368204564 and parameters: {'hidden_size': 512, 'num_layers': 1, 'dropout': 0.2, 'learning_rate': 2.314377462059741e-07, 'weight_decay': 6.890899746149838e-06, 'batch_size': 10}. Best is trial 8 with value: 0.5569924764082769.
Trial 23: Test Accuracy = 0.3654
hidden_size: 64, num_layers: 2, learning_rate: 2.1017249883097747e-05, optimizer_name: Adam, weight_decay: 4.0702325315389763e-05, batch_size: 10, label_smoothing: 0.3, factor: 1
Divergence detected. Stopping training after 10 epochs.
Early stopping at epoch 20
[I 2025-05-29 04:06:15,264] Trial 25 finished with value: 0.5124915620231678 and parameters: {'hidden_size': 512, 'num_layers': 1, 'dropout': 0.2, 'learning_rate': 2.0593272003503062e-05, 'weight_decay': 7.245254656116747e-06, 'batch_size': 10}. Best is trial 8 with value: 0.5569924764082769.
Trial 25: Test Accuracy = 0.5125
hidden_size: 64, num_layers: 1, learning_rate: 2.4906843109274077e-06, optimizer_name: Adam, weight_decay: 2.7862354593295223e-05, batch_size: 16, label_smoothing: 0.3, factor: 1
[I 2025-05-29 04:06:46,312] Trial 24 finished with value: 0.47301210915228387 and parameters: {'hidden_size': 512, 'num_layers': 1, 'dropout': 0.2, 'learning_rate': 2.523972703977979e-07, 'weight_decay': 6.634346904085941e-06, 'batch_size': 10}. Best is trial 8 with value: 0.5569924764082769.
Trial 24: Test Accuracy = 0.4730
hidden_size: 64, num_layers: 2, learning_rate: 2.502350465346809e-06, optimizer_name: Adam, weight_decay: 2.3471040488311583e-05, batch_size: 16, label_smoothing: 0.3, factor: 1
[I 2025-05-29 04:06:59,340] Trial 26 finished with value: 0.5096374386476751 and parameters: {'hidden_size': 64, 'num_layers': 2, 'dropout': 0.1, 'learning_rate': 2.1017249883097747e-05, 'weight_decay': 4.0702325315389763e-05, 'batch_size': 10}. Best is trial 8 with value: 0.5569924764082769.
Trial 26: Test Accuracy = 0.5096
hidden_size: 128, num_layers: 1, learning_rate: 1.6757063547116134e-06, optimizer_name: Adam, weight_decay: 1.8801815281310766e-05, batch_size: 16, label_smoothing: 0.3, factor: 1
Divergence detected. Stopping training after 10 epochs.
Early stopping at epoch 10
[I 2025-05-29 04:07:36,506] Trial 29 finished with value: 0.32387650619721936 and parameters: {'hidden_size': 128, 'num_layers': 1, 'dropout': 0.1, 'learning_rate': 1.6757063547116134e-06, 'weight_decay': 1.8801815281310766e-05, 'batch_size': 16}. Best is trial 8 with value: 0.5569924764082769.
Trial 29: Test Accuracy = 0.3239
hidden_size: 32, num_layers: 1, learning_rate: 8.540876021779352e-05, optimizer_name: Adam, weight_decay: 3.875778935085648e-06, batch_size: 32, label_smoothing: 0.3, factor: 1
[I 2025-05-29 04:07:55,950] Trial 27 finished with value: 0.44824966258581145 and parameters: {'hidden_size': 64, 'num_layers': 1, 'dropout': 0.1, 'learning_rate': 2.4906843109274077e-06, 'weight_decay': 2.7862354593295223e-05, 'batch_size': 16}. Best is trial 8 with value: 0.5569924764082769.
Trial 27: Test Accuracy = 0.4482
hidden_size: 32, num_layers: 4, learning_rate: 5.6544897341085565e-05, optimizer_name: Adam, weight_decay: 3.842125279557313e-06, batch_size: 32, label_smoothing: 0.3, factor: 1
[I 2025-05-29 04:08:22,822] Trial 28 finished with value: 0.39902432025252893 and parameters: {'hidden_size': 64, 'num_layers': 2, 'dropout': 0.1, 'learning_rate': 2.502350465346809e-06, 'weight_decay': 2.3471040488311583e-05, 'batch_size': 16}. Best is trial 8 with value: 0.5569924764082769.
Trial 28: Test Accuracy = 0.3990
hidden_size: 32, num_layers: 4, learning_rate: 6.345520921030721e-05, optimizer_name: Adam, weight_decay: 1.1057166716915071e-05, batch_size: 32, label_smoothing: 0.3, factor: 1
[I 2025-05-29 04:09:12,615] Trial 30 finished with value: 0.4747909542371125 and parameters: {'hidden_size': 32, 'num_layers': 1, 'dropout': 0.2, 'learning_rate': 8.540876021779352e-05, 'weight_decay': 3.875778935085648e-06, 'batch_size': 32}. Best is trial 8 with value: 0.5569924764082769.
Trial 30: Test Accuracy = 0.4748
hidden_size: 1024, num_layers: 4, learning_rate: 8.627825620227349e-06, optimizer_name: Adam, weight_decay: 1.1811709148912714e-05, batch_size: 16, label_smoothing: 0.3, factor: 1
Divergence detected. Stopping training after 10 epochs.
Early stopping at epoch 19
Trial 32: Test Accuracy = 0.4655
[I 2025-05-29 04:09:46,263] Trial 32 finished with value: 0.46548977604592107 and parameters: {'hidden_size': 32, 'num_layers': 4, 'dropout': 0.30000000000000004, 'learning_rate': 6.345520921030721e-05, 'weight_decay': 1.1057166716915071e-05, 'batch_size': 32}. Best is trial 8 with value: 0.5569924764082769.
hidden_size: 1024, num_layers: 4, learning_rate: 5.936114192340244e-06, optimizer_name: Adam, weight_decay: 1.3675289410136962e-05, batch_size: 16, label_smoothing: 0.3, factor: 1
Trial 31: Test Accuracy = 0.4990
[I 2025-05-29 04:10:07,097] Trial 31 finished with value: 0.4990331725240595 and parameters: {'hidden_size': 32, 'num_layers': 4, 'dropout': 0.30000000000000004, 'learning_rate': 5.6544897341085565e-05, 'weight_decay': 3.842125279557313e-06, 'batch_size': 32}. Best is trial 8 with value: 0.5569924764082769.
hidden_size: 1024, num_layers: 4, learning_rate: 1.0865010548196216e-05, optimizer_name: Adam, weight_decay: 1.6328755382670934e-05, batch_size: 16, label_smoothing: 0.3, factor: 1

Input shape: torch.Size([8, 224, 672])
Output shape: torch.Size([8, 3])
c:\Users\Gabriel\anaconda3\envs\cudaenv\Lib\site-packages\tqdm\auto.py:21: TqdmWarning: IProgress not found. Please update jupyter and ipywidgets. See https://ipywidgets.readthedocs.io/en/stable/user_install.html
  from .autonotebook import tqdm as notebook_tqdm
[I 2025-05-29 05:39:58,934] A new study created in memory with name: no-name-a5c537fa-bc33-486f-bdc9-de829981980d
trial:1 hidden_size: 128, num_layers: 2, learning_rate: 3.472801856224001e-08, optimizer_name: Adam, weight_decay: 1.5584727796911125e-05, batch_size: 10, label_smoothing: 0.3, factor: 1trial:0 hidden_size: 1024, num_layers: 2, learning_rate: 0.0003738617129305991, optimizer_name: Adam, weight_decay: 6.587898380225081e-05, batch_size: 10, label_smoothing: 0.3, factor: 1

trial:2 hidden_size: 1024, num_layers: 4, learning_rate: 3.285761397503112e-07, optimizer_name: Adam, weight_decay: 0.00024987752105093197, batch_size: 32, label_smoothing: 0.3, factor: 1
Divergence detected. Stopping training after 10 epochs.
Early stopping at epoch 11
[I 2025-05-29 05:45:19,019] Trial 2 finished with value: 0.3333333333333333 and parameters: {'hidden_size': 1024, 'num_layers': 4, 'dropout': 0.4, 'learning_rate': 3.285761397503112e-07, 'weight_decay': 0.00024987752105093197, 'batch_size': 32}. Best is trial 2 with value: 0.3333333333333333.
Trial 2: Test Accuracy = 0.3333
trial:3 hidden_size: 1024, num_layers: 4, learning_rate: 1.9579226781863263e-08, optimizer_name: Adam, weight_decay: 3.416336600347603e-05, batch_size: 32, label_smoothing: 0.3, factor: 1
Divergence detected. Stopping training after 10 epochs.
Early stopping at epoch 10
[I 2025-05-29 05:50:04,686] Trial 0 finished with value: 0.40927964287898244 and parameters: {'hidden_size': 1024, 'num_layers': 2, 'dropout': 0.1, 'learning_rate': 0.0003738617129305991, 'weight_decay': 6.587898380225081e-05, 'batch_size': 10}. Best is trial 0 with value: 0.40927964287898244.
Trial 0: Test Accuracy = 0.4093
trial:4 hidden_size: 64, num_layers: 2, learning_rate: 3.8175483234693166e-07, optimizer_name: Adam, weight_decay: 1.0887022156972955e-05, batch_size: 10, label_smoothing: 0.3, factor: 1
Trial 1: Test Accuracy = 0.3333
