[I 2025-05-29 15:14:19,360] Trial 76 finished with value: 0.5403687396807926 and parameters: {'hidden_size': 256, 'num_layers': 3, 'dropout': 0.5, 'learning_rate': 5.234073777759766e-06, 'weight_decay': 6.620510757950101e-06, 'batch_size': 16}. Best is trial 45 with value: 0.5824833363908763.
Trial 76: Test Accuracy = 0.5404
trial:81 hidden_size: 128, num_layers: 2, learning_rate: 0.0001308759406932796, optimizer_name: Adam, weight_decay: 1.6234398844611214e-06, batch_size: 16, label_smoothing: 0.3, factor: 1
[I 2025-05-29 15:14:30,933] Trial 79 finished with value: 0.48794410811471894 and parameters: {'hidden_size': 128, 'num_layers': 3, 'dropout': 0.30000000000000004, 'learning_rate': 7.374660646513799e-06, 'weight_decay': 7.156417678461185e-06, 'batch_size': 32}. Best is trial 45 with value: 0.5824833363908763.
Trial 79: Test Accuracy = 0.4879
trial:82 hidden_size: 256, num_layers: 2, learning_rate: 0.00011493240963402832, optimizer_name: Adam, weight_decay: 1.1237332855938683e-05, batch_size: 16, label_smoothing: 0.3, factor: 1
Divergence detected. Stopping training after 10 epochs.
Early stopping at epoch 15
[I 2025-05-29 15:15:24,155] Trial 81 finished with value: 0.4700177337491591 and parameters: {'hidden_size': 128, 'num_layers': 2, 'dropout': 0.30000000000000004, 'learning_rate': 0.0001308759406932796, 'weight_decay': 1.6234398844611214e-06, 'batch_size': 16}. Best is trial 45 with value: 0.5824833363908763.
Trial 81: Test Accuracy = 0.4700
trial:83 hidden_size: 256, num_layers: 3, learning_rate: 7.103927428191886e-07, optimizer_name: Adam, weight_decay: 2.8952017676710424e-06, batch_size: 16, label_smoothing: 0.3, factor: 1
[I 2025-05-29 15:15:40,984] Trial 80 finished with value: 0.4340029352412402 and parameters: {'hidden_size': 128, 'num_layers': 2, 'dropout': 0.30000000000000004, 'learning_rate': 6.2557038395132335e-06, 'weight_decay': 6.885577993030594e-06, 'batch_size': 16}. Best is trial 45 with value: 0.5824833363908763.
Trial 80: Test Accuracy = 0.4340
trial:84 hidden_size: 256, num_layers: 3, learning_rate: 3.257150893931696e-06, optimizer_name: Adam, weight_decay: 1.1497900091801026e-05, batch_size: 16, label_smoothing: 0.3, factor: 1
Divergence detected. Stopping training after 10 epochs.
Early stopping at epoch 20
[I 2025-05-29 15:16:47,078] Trial 82 finished with value: 0.43499052161682866 and parameters: {'hidden_size': 256, 'num_layers': 2, 'dropout': 0.4, 'learning_rate': 0.00011493240963402832, 'weight_decay': 1.1237332855938683e-05, 'batch_size': 16}. Best is trial 45 with value: 0.5824833363908763.
Trial 82: Test Accuracy = 0.4350
trial:85 hidden_size: 256, num_layers: 3, learning_rate: 1.2276902963740052e-05, optimizer_name: Adam, weight_decay: 4.624659422490529e-06, batch_size: 16, label_smoothing: 0.3, factor: 1
Divergence detected. Stopping training after 10 epochs.
Early stopping at epoch 17
[I 2025-05-29 15:19:36,312] Trial 85 finished with value: 0.46217819360362006 and parameters: {'hidden_size': 256, 'num_layers': 3, 'dropout': 0.5, 'learning_rate': 1.2276902963740052e-05, 'weight_decay': 4.624659422490529e-06, 'batch_size': 16}. Best is trial 45 with value: 0.5824833363908763.
Trial 85: Test Accuracy = 0.4622
trial:86 hidden_size: 256, num_layers: 3, learning_rate: 4.408246535191593e-06, optimizer_name: Adam, weight_decay: 2.104918597460127e-06, batch_size: 16, label_smoothing: 0.3, factor: 1
[I 2025-05-29 15:20:02,236] Trial 83 finished with value: 0.35295358649789027 and parameters: {'hidden_size': 256, 'num_layers': 3, 'dropout': 0.5, 'learning_rate': 7.103927428191886e-07, 'weight_decay': 2.8952017676710424e-06, 'batch_size': 16}. Best is trial 45 with value: 0.5824833363908763.
Trial 83: Test Accuracy = 0.3530
trial:87 hidden_size: 256, num_layers: 3, learning_rate: 4.664435078335767e-06, optimizer_name: Adam, weight_decay: 2.156271758485406e-06, batch_size: 16, label_smoothing: 0.3, factor: 1
[I 2025-05-29 15:20:10,870] Trial 84 finished with value: 0.4716168287164435 and parameters: {'hidden_size': 256, 'num_layers': 3, 'dropout': 0.5, 'learning_rate': 3.257150893931696e-06, 'weight_decay': 1.1497900091801026e-05, 'batch_size': 16}. Best is trial 45 with value: 0.5824833363908763.
Trial 84: Test Accuracy = 0.4716
trial:88 hidden_size: 64, num_layers: 3, learning_rate: 1.5588279386303904e-05, optimizer_name: Adam, weight_decay: 2.2152816197658966e-06, batch_size: 16, label_smoothing: 0.3, factor: 1
Divergence detected. Stopping training after 10 epochs.
Early stopping at epoch 10
[I 2025-05-29 15:21:16,947] Trial 88 finished with value: 0.42215189873417724 and parameters: {'hidden_size': 64, 'num_layers': 3, 'dropout': 0.4, 'learning_rate': 1.5588279386303904e-05, 'weight_decay': 2.2152816197658966e-06, 'batch_size': 16}. Best is trial 45 with value: 0.5824833363908763.
Trial 88: Test Accuracy = 0.4222
trial:89 hidden_size: 256, num_layers: 3, learning_rate: 0.00024391829210004246, optimizer_name: Adam, weight_decay: 3.017968960532364e-06, batch_size: 16, label_smoothing: 0.3, factor: 1
[I 2025-05-29 15:24:12,109] Trial 86 finished with value: 0.531031003485599 and parameters: {'hidden_size': 256, 'num_layers': 3, 'dropout': 0.5, 'learning_rate': 4.408246535191593e-06, 'weight_decay': 2.104918597460127e-06, 'batch_size': 16}. Best is trial 45 with value: 0.5824833363908763.
Trial 86: Test Accuracy = 0.5310
trial:90 hidden_size: 256, num_layers: 3, learning_rate: 2.9506615891840144e-05, optimizer_name: Adam, weight_decay: 1.8104354599273158e-06, batch_size: 16, label_smoothing: 0.3, factor: 1
Divergence detected. Stopping training after 10 epochs.
Early stopping at epoch 18
[I 2025-05-29 15:24:16,233] Trial 89 finished with value: 0.4531492692472329 and parameters: {'hidden_size': 256, 'num_layers': 3, 'dropout': 0.4, 'learning_rate': 0.00024391829210004246, 'weight_decay': 3.017968960532364e-06, 'batch_size': 16}. Best is trial 45 with value: 0.5824833363908763.
Trial 89: Test Accuracy = 0.4531
trial:91 hidden_size: 512, num_layers: 3, learning_rate: 3.1903158862626636e-05, optimizer_name: Adam, weight_decay: 1.7479872249027043e-06, batch_size: 16, label_smoothing: 0.3, factor: 1
[I 2025-05-29 15:24:48,600] Trial 87 finished with value: 0.533247722130496 and parameters: {'hidden_size': 256, 'num_layers': 3, 'dropout': 0.5, 'learning_rate': 4.664435078335767e-06, 'weight_decay': 2.156271758485406e-06, 'batch_size': 16}. Best is trial 45 with value: 0.5824833363908763.
Trial 87: Test Accuracy = 0.5332
trial:92 hidden_size: 256, num_layers: 3, learning_rate: 1.9393412175186558e-06, optimizer_name: Adam, weight_decay: 1.7741846034998748e-06, batch_size: 16, label_smoothing: 0.3, factor: 1
Divergence detected. Stopping training after 10 epochs.
Early stopping at epoch 18
[I 2025-05-29 15:27:27,548] Trial 90 finished with value: 0.5079312664342934 and parameters: {'hidden_size': 256, 'num_layers': 3, 'dropout': 0.4, 'learning_rate': 2.9506615891840144e-05, 'weight_decay': 1.8104354599273158e-06, 'batch_size': 16}. Best is trial 45 with value: 0.5824833363908763.
Trial 90: Test Accuracy = 0.5079
trial:93 hidden_size: 256, num_layers: 3, learning_rate: 4.745260368772041e-06, optimizer_name: Adam, weight_decay: 1.768330759660113e-06, batch_size: 16, label_smoothing: 0.3, factor: 1
Divergence detected. Stopping training after 10 epochs.
Early stopping at epoch 19
[I 2025-05-29 15:27:42,613] Trial 91 finished with value: 0.47421268268819183 and parameters: {'hidden_size': 512, 'num_layers': 3, 'dropout': 0.5, 'learning_rate': 3.1903158862626636e-05, 'weight_decay': 1.7479872249027043e-06, 'batch_size': 16}. Best is trial 45 with value: 0.5824833363908763.
Trial 91: Test Accuracy = 0.4742
trial:94 hidden_size: 256, num_layers: 3, learning_rate: 4.60815416061837e-06, optimizer_name: Adam, weight_decay: 2.3051504770351466e-06, batch_size: 16, label_smoothing: 0.3, factor: 1
[I 2025-05-29 15:30:11,751] Trial 92 finished with value: 0.4505717605332355 and parameters: {'hidden_size': 256, 'num_layers': 3, 'dropout': 0.5, 'learning_rate': 1.9393412175186558e-06, 'weight_decay': 1.7741846034998748e-06, 'batch_size': 16}. Best is trial 45 with value: 0.5824833363908763.
Trial 92: Test Accuracy = 0.4506
trial:95 hidden_size: 256, num_layers: 3, learning_rate: 7.971367640131373e-06, optimizer_name: Adam, weight_decay: 2.2197209468503305e-06, batch_size: 16, label_smoothing: 0.3, factor: 1
[I 2025-05-29 15:32:12,478] Trial 93 finished with value: 0.485082247905583 and parameters: {'hidden_size': 256, 'num_layers': 3, 'dropout': 0.5, 'learning_rate': 4.745260368772041e-06, 'weight_decay': 1.768330759660113e-06, 'batch_size': 16}. Best is trial 45 with value: 0.5824833363908763.
Trial 93: Test Accuracy = 0.4851
trial:96 hidden_size: 256, num_layers: 3, learning_rate: 8.244669015066603e-06, optimizer_name: Adam, weight_decay: 2.2248441901676865e-06, batch_size: 16, label_smoothing: 0.3, factor: 1
[I 2025-05-29 15:32:25,098] Trial 94 finished with value: 0.49586008683422006 and parameters: {'hidden_size': 256, 'num_layers': 3, 'dropout': 0.5, 'learning_rate': 4.60815416061837e-06, 'weight_decay': 2.3051504770351466e-06, 'batch_size': 16}. Best is trial 45 with value: 0.5824833363908763.
Trial 94: Test Accuracy = 0.4959
trial:97 hidden_size: 256, num_layers: 3, learning_rate: 8.21363225600508e-06, optimizer_name: Adam, weight_decay: 1.1675684008559463e-06, batch_size: 16, label_smoothing: 0.3, factor: 1
[I 2025-05-29 15:35:26,916] Trial 95 finished with value: 0.4825230844493365 and parameters: {'hidden_size': 256, 'num_layers': 3, 'dropout': 0.4, 'learning_rate': 7.971367640131373e-06, 'weight_decay': 2.2197209468503305e-06, 'batch_size': 16}. Best is trial 45 with value: 0.5824833363908763.
Trial 95: Test Accuracy = 0.4825
trial:98 hidden_size: 256, num_layers: 3, learning_rate: 2.1717405392546046e-05, optimizer_name: Adam, weight_decay: 1.208264692507042e-06, batch_size: 16, label_smoothing: 0.3, factor: 1
Divergence detected. Stopping training after 10 epochs.
Early stopping at epoch 26
[I 2025-05-29 15:36:22,120] Trial 96 finished with value: 0.44198923744878615 and parameters: {'hidden_size': 256, 'num_layers': 3, 'dropout': 0.4, 'learning_rate': 8.244669015066603e-06, 'weight_decay': 2.2248441901676865e-06, 'batch_size': 16}. Best is trial 45 with value: 0.5824833363908763.
Trial 96: Test Accuracy = 0.4420
trial:99 hidden_size: 256, num_layers: 3, learning_rate: 2.752744146570901e-05, optimizer_name: Adam, weight_decay: 1.4613543129961264e-06, batch_size: 16, label_smoothing: 0.3, factor: 1
[I 2025-05-29 15:37:06,448] Trial 97 finished with value: 0.4824099553598728 and parameters: {'hidden_size': 256, 'num_layers': 3, 'dropout': 0.4, 'learning_rate': 8.21363225600508e-06, 'weight_decay': 1.1675684008559463e-06, 'batch_size': 16}. Best is trial 45 with value: 0.5824833363908763.
Trial 97: Test Accuracy = 0.4824
trial:100 hidden_size: 32, num_layers: 3, learning_rate: 2.742528385580587e-05, optimizer_name: Adam, weight_decay: 1.5444495309136558e-06, batch_size: 16, label_smoothing: 0.3, factor: 1
Divergence detected. Stopping training after 10 epochs.
Early stopping at epoch 19
[I 2025-05-29 15:38:37,616] Trial 98 finished with value: 0.5175625267535009 and parameters: {'hidden_size': 256, 'num_layers': 3, 'dropout': 0.4, 'learning_rate': 2.1717405392546046e-05, 'weight_decay': 1.208264692507042e-06, 'batch_size': 16}. Best is trial 45 with value: 0.5824833363908763.
Trial 98: Test Accuracy = 0.5176
trial:101 hidden_size: 32, num_layers: 3, learning_rate: 2.0933992863424964e-05, optimizer_name: Adam, weight_decay: 1.4508466056976126e-06, batch_size: 10, label_smoothing: 0.3, factor: 1
[I 2025-05-29 15:39:52,034] Trial 100 finished with value: 0.3598728062129273 and parameters: {'hidden_size': 32, 'num_layers': 3, 'dropout': 0.5, 'learning_rate': 2.742528385580587e-05, 'weight_decay': 1.5444495309136558e-06, 'batch_size': 16}. Best is trial 45 with value: 0.5824833363908763.
Trial 100: Test Accuracy = 0.3599
trial:102 hidden_size: 256, num_layers: 3, learning_rate: 7.881222139125556e-07, optimizer_name: Adam, weight_decay: 2.795879091527542e-06, batch_size: 10, label_smoothing: 0.3, factor: 1
Divergence detected. Stopping training after 10 epochs.
Early stopping at epoch 13
[I 2025-05-29 15:40:16,491] Trial 101 finished with value: 0.3333333333333333 and parameters: {'hidden_size': 32, 'num_layers': 3, 'dropout': 0.5, 'learning_rate': 2.0933992863424964e-05, 'weight_decay': 1.4508466056976126e-06, 'batch_size': 10}. Best is trial 45 with value: 0.5824833363908763.
Trial 101: Test Accuracy = 0.3333
trial:103 hidden_size: 256, num_layers: 3, learning_rate: 1.2768957429892368e-05, optimizer_name: Adam, weight_decay: 1.1164754595028456e-06, batch_size: 16, label_smoothing: 0.3, factor: 1
[I 2025-05-29 15:40:26,415] Trial 99 finished with value: 0.4593193909374427 and parameters: {'hidden_size': 256, 'num_layers': 3, 'dropout': 0.4, 'learning_rate': 2.752744146570901e-05, 'weight_decay': 1.4613543129961264e-06, 'batch_size': 16}. Best is trial 45 with value: 0.5824833363908763.
Trial 99: Test Accuracy = 0.4593
trial:104 hidden_size: 256, num_layers: 3, learning_rate: 1.3389575682725228e-05, optimizer_name: Adam, weight_decay: 1.0378795601446366e-06, batch_size: 16, label_smoothing: 0.3, factor: 1
Divergence detected. Stopping training after 10 epochs.
Early stopping at epoch 27
[I 2025-05-29 15:44:42,544] Trial 104 finished with value: 0.4741912798874824 and parameters: {'hidden_size': 256, 'num_layers': 3, 'dropout': 0.4, 'learning_rate': 1.3389575682725228e-05, 'weight_decay': 1.0378795601446366e-06, 'batch_size': 16}. Best is trial 45 with value: 0.5824833363908763.
Trial 104: Test Accuracy = 0.4742
trial:105 hidden_size: 256, num_layers: 3, learning_rate: 6.0072933271553846e-05, optimizer_name: Adam, weight_decay: 2.9063467566625714e-06, batch_size: 16, label_smoothing: 0.3, factor: 1
Divergence detected. Stopping training after 10 epochs.
Early stopping at epoch 26
[I 2025-05-29 15:45:57,851] Trial 103 finished with value: 0.46609184859047265 and parameters: {'hidden_size': 256, 'num_layers': 3, 'dropout': 0.4, 'learning_rate': 1.2768957429892368e-05, 'weight_decay': 1.1164754595028456e-06, 'batch_size': 16}. Best is trial 45 with value: 0.5824833363908763.
Trial 103: Test Accuracy = 0.4661
trial:106 hidden_size: 256, num_layers: 3, learning_rate: 6.499908867178303e-05, optimizer_name: Adam, weight_decay: 2.806541668616492e-06, batch_size: 16, label_smoothing: 0.3, factor: 1
[I 2025-05-29 15:46:24,732] Trial 102 finished with value: 0.38658350149819604 and parameters: {'hidden_size': 256, 'num_layers': 3, 'dropout': 0.5, 'learning_rate': 7.881222139125556e-07, 'weight_decay': 2.795879091527542e-06, 'batch_size': 10}. Best is trial 45 with value: 0.5824833363908763.
Trial 102: Test Accuracy = 0.3866
trial:107 hidden_size: 64, num_layers: 3, learning_rate: 3.2802340622997205e-06, optimizer_name: Adam, weight_decay: 5.1417113122842725e-06, batch_size: 16, label_smoothing: 0.3, factor: 1
Divergence detected. Stopping training after 10 epochs.
Early stopping at epoch 19
[I 2025-05-29 15:47:37,619] Trial 105 finished with value: 0.44372286430624347 and parameters: {'hidden_size': 256, 'num_layers': 3, 'dropout': 0.4, 'learning_rate': 6.0072933271553846e-05, 'weight_decay': 2.9063467566625714e-06, 'batch_size': 16}. Best is trial 45 with value: 0.5824833363908763.
Trial 105: Test Accuracy = 0.4437
trial:108 hidden_size: 64, num_layers: 3, learning_rate: 4.820055092464264e-05, optimizer_name: Adam, weight_decay: 3.4733168101129252e-06, batch_size: 16, label_smoothing: 0.3, factor: 1
[I 2025-05-29 15:48:47,293] Trial 107 finished with value: 0.33888888888888885 and parameters: {'hidden_size': 64, 'num_layers': 3, 'dropout': 0.4, 'learning_rate': 3.2802340622997205e-06, 'weight_decay': 5.1417113122842725e-06, 'batch_size': 16}. Best is trial 45 with value: 0.5824833363908763.
Trial 107: Test Accuracy = 0.3389
trial:109 hidden_size: 256, num_layers: 3, learning_rate: 5.66628109352953e-06, optimizer_name: Adam, weight_decay: 2.064351381301615e-06, batch_size: 16, label_smoothing: 0.3, factor: 1
Divergence detected. Stopping training after 10 epochs.
Early stopping at epoch 23
[I 2025-05-29 15:49:09,270] Trial 106 finished with value: 0.5214975845410629 and parameters: {'hidden_size': 256, 'num_layers': 3, 'dropout': 0.4, 'learning_rate': 6.499908867178303e-05, 'weight_decay': 2.806541668616492e-06, 'batch_size': 16}. Best is trial 45 with value: 0.5824833363908763.
Trial 106: Test Accuracy = 0.5215
trial:110 hidden_size: 256, num_layers: 1, learning_rate: 4.058900067123065e-05, optimizer_name: Adam, weight_decay: 4.420781362187665e-06, batch_size: 16, label_smoothing: 0.3, factor: 1
Divergence detected. Stopping training after 10 epochs.
Early stopping at epoch 22
[I 2025-05-29 15:49:18,060] Trial 108 finished with value: 0.5443863511282334 and parameters: {'hidden_size': 64, 'num_layers': 3, 'dropout': 0.4, 'learning_rate': 4.820055092464264e-05, 'weight_decay': 3.4733168101129252e-06, 'batch_size': 16}. Best is trial 45 with value: 0.5824833363908763.
Trial 108: Test Accuracy = 0.5444
trial:111 hidden_size: 64, num_layers: 1, learning_rate: 7.826399191973147e-05, optimizer_name: Adam, weight_decay: 4.1392764289853746e-06, batch_size: 16, label_smoothing: 0.3, factor: 1
Divergence detected. Stopping training after 10 epochs.
Early stopping at epoch 27
[I 2025-05-29 15:51:17,547] Trial 111 finished with value: 0.4631841252369595 and parameters: {'hidden_size': 64, 'num_layers': 1, 'dropout': 0.4, 'learning_rate': 7.826399191973147e-05, 'weight_decay': 4.1392764289853746e-06, 'batch_size': 16}. Best is trial 45 with value: 0.5824833363908763.
Trial 111: Test Accuracy = 0.4632
trial:112 hidden_size: 64, num_layers: 3, learning_rate: 4.0485635874918275e-05, optimizer_name: Adam, weight_decay: 3.3784196725527723e-06, batch_size: 32, label_smoothing: 0.3, factor: 1
Divergence detected. Stopping training after 10 epochs.
Early stopping at epoch 27
[I 2025-05-29 15:52:10,407] Trial 110 finished with value: 0.5073381031003485 and parameters: {'hidden_size': 256, 'num_layers': 1, 'dropout': 0.4, 'learning_rate': 4.058900067123065e-05, 'weight_decay': 4.420781362187665e-06, 'batch_size': 16}. Best is trial 45 with value: 0.5824833363908763.
Trial 110: Test Accuracy = 0.5073
trial:113 hidden_size: 64, num_layers: 3, learning_rate: 0.00014420665633715622, optimizer_name: Adam, weight_decay: 9.245135601340798e-06, batch_size: 16, label_smoothing: 0.3, factor: 1
[I 2025-05-29 15:52:31,537] Trial 109 finished with value: 0.47257383966244726 and parameters: {'hidden_size': 256, 'num_layers': 3, 'dropout': 0.4, 'learning_rate': 5.66628109352953e-06, 'weight_decay': 2.064351381301615e-06, 'batch_size': 16}. Best is trial 45 with value: 0.5824833363908763.
Trial 109: Test Accuracy = 0.4726
trial:114 hidden_size: 64, num_layers: 3, learning_rate: 5.91513461223835e-05, optimizer_name: Adam, weight_decay: 3.442552390986921e-06, batch_size: 16, label_smoothing: 0.3, factor: 1
[I 2025-05-29 15:53:05,530] Trial 112 finished with value: 0.45952730385861923 and parameters: {'hidden_size': 64, 'num_layers': 3, 'dropout': 0.4, 'learning_rate': 4.0485635874918275e-05, 'weight_decay': 3.3784196725527723e-06, 'batch_size': 32}. Best is trial 45 with value: 0.5824833363908763.
Trial 112: Test Accuracy = 0.4595
trial:115 hidden_size: 64, num_layers: 3, learning_rate: 0.00021467400198071256, optimizer_name: Adam, weight_decay: 5.397331709804964e-06, batch_size: 16, label_smoothing: 0.3, factor: 1
Divergence detected. Stopping training after 10 epochs.
Early stopping at epoch 21
[I 2025-05-29 15:53:31,141] Trial 113 finished with value: 0.4953922827615728 and parameters: {'hidden_size': 64, 'num_layers': 3, 'dropout': 0.4, 'learning_rate': 0.00014420665633715622, 'weight_decay': 9.245135601340798e-06, 'batch_size': 16}. Best is trial 45 with value: 0.5824833363908763.
Trial 113: Test Accuracy = 0.4954
trial:116 hidden_size: 64, num_layers: 3, learning_rate: 0.00021004928343650492, optimizer_name: Adam, weight_decay: 5.471536335884914e-06, batch_size: 16, label_smoothing: 0.3, factor: 1
Divergence detected. Stopping training after 10 epochs.
Early stopping at epoch 21
Trial 114: Test Accuracy = 0.4825
[I 2025-05-29 15:53:45,950] Trial 114 finished with value: 0.48251391182046105 and parameters: {'hidden_size': 64, 'num_layers': 3, 'dropout': 0.4, 'learning_rate': 5.91513461223835e-05, 'weight_decay': 3.442552390986921e-06, 'batch_size': 16}. Best is trial 45 with value: 0.5824833363908763.
trial:117 hidden_size: 128, num_layers: 3, learning_rate: 0.0002006842619354549, optimizer_name: Adam, weight_decay: 5.567831791654155e-06, batch_size: 16, label_smoothing: 0.3, factor: 1
Divergence detected. Stopping training after 10 epochs.
Early stopping at epoch 18
[I 2025-05-29 15:54:36,896] Trial 116 finished with value: 0.4738396624472574 and parameters: {'hidden_size': 64, 'num_layers': 3, 'dropout': 0.4, 'learning_rate': 0.00021004928343650492, 'weight_decay': 5.471536335884914e-06, 'batch_size': 16}. Best is trial 45 with value: 0.5824833363908763.
Trial 116: Test Accuracy = 0.4738
trial:118 hidden_size: 128, num_layers: 4, learning_rate: 1.7612922557856576e-05, optimizer_name: Adam, weight_decay: 2.6275372345091473e-06, batch_size: 16, label_smoothing: 0.3, factor: 1
[I 2025-05-29 15:54:47,000] Trial 115 finished with value: 0.4232770745428973 and parameters: {'hidden_size': 64, 'num_layers': 3, 'dropout': 0.4, 'learning_rate': 0.00021467400198071256, 'weight_decay': 5.397331709804964e-06, 'batch_size': 16}. Best is trial 45 with value: 0.5824833363908763.
Trial 115: Test Accuracy = 0.4233
trial:119 hidden_size: 32, num_layers: 4, learning_rate: 1.9359498476930684e-05, optimizer_name: Adam, weight_decay: 2.4926040537397336e-06, batch_size: 16, label_smoothing: 0.3, factor: 1
Divergence detected. Stopping training after 10 epochs.
Early stopping at epoch 22
