[I 2025-05-29 15:55:05,403] Trial 117 finished with value: 0.4515104262214884 and parameters: {'hidden_size': 128, 'num_layers': 3, 'dropout': 0.5, 'learning_rate': 0.0002006842619354549, 'weight_decay': 5.567831791654155e-06, 'batch_size': 16}. Best is trial 45 with value: 0.5824833363908763.
Trial 117: Test Accuracy = 0.4515
trial:120 hidden_size: 512, num_layers: 4, learning_rate: 1.874592565360945e-05, optimizer_name: Adam, weight_decay: 2.569842161293558e-06, batch_size: 16, label_smoothing: 0.3, factor: 1
[I 2025-05-29 15:57:06,126] Trial 119 finished with value: 0.47956338286552924 and parameters: {'hidden_size': 32, 'num_layers': 4, 'dropout': 0.5, 'learning_rate': 1.9359498476930684e-05, 'weight_decay': 2.4926040537397336e-06, 'batch_size': 16}. Best is trial 45 with value: 0.5824833363908763.
Trial 119: Test Accuracy = 0.4796
trial:121 hidden_size: 512, num_layers: 3, learning_rate: 8.109426548452025e-05, optimizer_name: Adam, weight_decay: 1.2603229907962955e-06, batch_size: 16, label_smoothing: 0.3, factor: 1
[I 2025-05-29 15:57:29,043] Trial 118 finished with value: 0.4799792087078823 and parameters: {'hidden_size': 128, 'num_layers': 4, 'dropout': 0.5, 'learning_rate': 1.7612922557856576e-05, 'weight_decay': 2.6275372345091473e-06, 'batch_size': 16}. Best is trial 45 with value: 0.5824833363908763.
Trial 118: Test Accuracy = 0.4800
trial:122 hidden_size: 512, num_layers: 3, learning_rate: 8.923025070071365e-05, optimizer_name: Adam, weight_decay: 1.3565665563343416e-06, batch_size: 16, label_smoothing: 0.3, factor: 1
Divergence detected. Stopping training after 10 epochs.
Early stopping at epoch 24
[I 2025-05-29 16:00:05,739] Trial 120 finished with value: 0.4547116736990155 and parameters: {'hidden_size': 512, 'num_layers': 4, 'dropout': 0.5, 'learning_rate': 1.874592565360945e-05, 'weight_decay': 2.569842161293558e-06, 'batch_size': 16}. Best is trial 45 with value: 0.5824833363908763.
Trial 120: Test Accuracy = 0.4547
trial:123 hidden_size: 256, num_layers: 3, learning_rate: 8.581141398283648e-05, optimizer_name: Adam, weight_decay: 1.2598036885033525e-06, batch_size: 16, label_smoothing: 0.3, factor: 1
Divergence detected. Stopping training after 10 epochs.
Early stopping at epoch 19
[I 2025-05-29 16:01:57,379] Trial 122 finished with value: 0.530960679997554 and parameters: {'hidden_size': 512, 'num_layers': 3, 'dropout': 0.30000000000000004, 'learning_rate': 8.923025070071365e-05, 'weight_decay': 1.3565665563343416e-06, 'batch_size': 16}. Best is trial 45 with value: 0.5824833363908763.
Trial 122: Test Accuracy = 0.5310
trial:124 hidden_size: 512, num_layers: 3, learning_rate: 8.451157244932836e-05, optimizer_name: Adam, weight_decay: 1.3201779996114307e-06, batch_size: 16, label_smoothing: 0.3, factor: 1
Divergence detected. Stopping training after 10 epochs.
Early stopping at epoch 12
[I 2025-05-29 16:02:36,988] Trial 123 finished with value: 0.4991989237448786 and parameters: {'hidden_size': 256, 'num_layers': 3, 'dropout': 0.4, 'learning_rate': 8.581141398283648e-05, 'weight_decay': 1.2598036885033525e-06, 'batch_size': 16}. Best is trial 45 with value: 0.5824833363908763.
Trial 123: Test Accuracy = 0.4992
trial:125 hidden_size: 512, num_layers: 3, learning_rate: 4.747633239917501e-05, optimizer_name: Adam, weight_decay: 1.9950499748192297e-06, batch_size: 16, label_smoothing: 0.3, factor: 1
Divergence detected. Stopping training after 10 epochs.
Early stopping at epoch 28
[I 2025-05-29 16:03:13,308] Trial 121 finished with value: 0.4420503883079558 and parameters: {'hidden_size': 512, 'num_layers': 3, 'dropout': 0.5, 'learning_rate': 8.109426548452025e-05, 'weight_decay': 1.2603229907962955e-06, 'batch_size': 16}. Best is trial 45 with value: 0.5824833363908763.
Trial 121: Test Accuracy = 0.4421
trial:126 hidden_size: 256, num_layers: 3, learning_rate: 0.00011371114204562336, optimizer_name: Adam, weight_decay: 2.0110648331978613e-06, batch_size: 16, label_smoothing: 0.3, factor: 1
Divergence detected. Stopping training after 10 epochs.
Early stopping at epoch 20
[I 2025-05-29 16:06:43,708] Trial 125 finished with value: 0.45452822112150676 and parameters: {'hidden_size': 512, 'num_layers': 3, 'dropout': 0.30000000000000004, 'learning_rate': 4.747633239917501e-05, 'weight_decay': 1.9950499748192297e-06, 'batch_size': 16}. Best is trial 45 with value: 0.5824833363908763.
Trial 125: Test Accuracy = 0.4545
trial:127 hidden_size: 512, num_layers: 3, learning_rate: 0.00010792058260509826, optimizer_name: Adam, weight_decay: 1.6048707722451486e-06, batch_size: 16, label_smoothing: 0.3, factor: 1
Divergence detected. Stopping training after 10 epochs.
Early stopping at epoch 27
[I 2025-05-29 16:08:22,761] Trial 126 finished with value: 0.4632850241545894 and parameters: {'hidden_size': 256, 'num_layers': 3, 'dropout': 0.30000000000000004, 'learning_rate': 0.00011371114204562336, 'weight_decay': 2.0110648331978613e-06, 'batch_size': 16}. Best is trial 45 with value: 0.5824833363908763.
Trial 126: Test Accuracy = 0.4633
trial:128 hidden_size: 512, num_layers: 3, learning_rate: 1.0944169860638288e-05, optimizer_name: Adam, weight_decay: 1.0012630032254276e-06, batch_size: 16, label_smoothing: 0.3, factor: 1
[I 2025-05-29 16:08:29,124] Trial 124 finished with value: 0.46552314560019575 and parameters: {'hidden_size': 512, 'num_layers': 3, 'dropout': 0.30000000000000004, 'learning_rate': 8.451157244932836e-05, 'weight_decay': 1.3201779996114307e-06, 'batch_size': 16}. Best is trial 45 with value: 0.5824833363908763.
Trial 124: Test Accuracy = 0.4655
trial:129 hidden_size: 512, num_layers: 3, learning_rate: 0.0004289938347942635, optimizer_name: Adam, weight_decay: 1.6924366034544753e-06, batch_size: 16, label_smoothing: 0.3, factor: 1
Divergence detected. Stopping training after 10 epochs.
Early stopping at epoch 15
[I 2025-05-29 16:12:34,716] Trial 129 finished with value: 0.445731670029964 and parameters: {'hidden_size': 512, 'num_layers': 3, 'dropout': 0.30000000000000004, 'learning_rate': 0.0004289938347942635, 'weight_decay': 1.6924366034544753e-06, 'batch_size': 16}. Best is trial 45 with value: 0.5824833363908763.
Trial 129: Test Accuracy = 0.4457
trial:130 hidden_size: 256, num_layers: 3, learning_rate: 5.271990201055737e-05, optimizer_name: Adam, weight_decay: 3.5241406012117257e-06, batch_size: 16, label_smoothing: 0.3, factor: 1
[I 2025-05-29 16:12:52,981] Trial 127 finished with value: 0.48009233779734606 and parameters: {'hidden_size': 512, 'num_layers': 3, 'dropout': 0.30000000000000004, 'learning_rate': 0.00010792058260509826, 'weight_decay': 1.6048707722451486e-06, 'batch_size': 16}. Best is trial 45 with value: 0.5824833363908763.
Trial 127: Test Accuracy = 0.4801
trial:131 hidden_size: 256, num_layers: 3, learning_rate: 3.624451081806662e-05, optimizer_name: Adam, weight_decay: 3.14673639615622e-06, batch_size: 32, label_smoothing: 0.3, factor: 1
[I 2025-05-29 16:14:19,486] Trial 128 finished with value: 0.44204733076499725 and parameters: {'hidden_size': 512, 'num_layers': 3, 'dropout': 0.30000000000000004, 'learning_rate': 1.0944169860638288e-05, 'weight_decay': 1.0012630032254276e-06, 'batch_size': 16}. Best is trial 45 with value: 0.5824833363908763.
Trial 128: Test Accuracy = 0.4420
trial:132 hidden_size: 256, num_layers: 3, learning_rate: 3.713169677623988e-05, optimizer_name: Adam, weight_decay: 6.586304849828502e-06, batch_size: 32, label_smoothing: 0.3, factor: 1
Divergence detected. Stopping training after 10 epochs.
Early stopping at epoch 13
[I 2025-05-29 16:15:03,638] Trial 130 finished with value: 0.4993640310646365 and parameters: {'hidden_size': 256, 'num_layers': 3, 'dropout': 0.30000000000000004, 'learning_rate': 5.271990201055737e-05, 'weight_decay': 3.5241406012117257e-06, 'batch_size': 16}. Best is trial 45 with value: 0.5824833363908763.
Trial 130: Test Accuracy = 0.4994
trial:133 hidden_size: 256, num_layers: 3, learning_rate: 3.2596516038082136e-05, optimizer_name: Adam, weight_decay: 1.8683328391843971e-06, batch_size: 16, label_smoothing: 0.3, factor: 1
Divergence detected. Stopping training after 10 epochs.
Early stopping at epoch 19
[I 2025-05-29 16:15:06,798] Trial 131 finished with value: 0.44113618296337065 and parameters: {'hidden_size': 256, 'num_layers': 3, 'dropout': 0.4, 'learning_rate': 3.624451081806662e-05, 'weight_decay': 3.14673639615622e-06, 'batch_size': 32}. Best is trial 45 with value: 0.5824833363908763.
Trial 131: Test Accuracy = 0.4411
trial:134 hidden_size: 256, num_layers: 3, learning_rate: 2.999330257145665e-05, optimizer_name: Adam, weight_decay: 1.4920393231688057e-06, batch_size: 16, label_smoothing: 0.3, factor: 1
[I 2025-05-29 16:17:34,071] Trial 132 finished with value: 0.4364826025805663 and parameters: {'hidden_size': 256, 'num_layers': 3, 'dropout': 0.4, 'learning_rate': 3.713169677623988e-05, 'weight_decay': 6.586304849828502e-06, 'batch_size': 32}. Best is trial 45 with value: 0.5824833363908763.
Trial 132: Test Accuracy = 0.4365
trial:135 hidden_size: 256, num_layers: 3, learning_rate: 2.3891862909422718e-05, optimizer_name: Adam, weight_decay: 1.489913914978627e-06, batch_size: 16, label_smoothing: 0.3, factor: 1
Divergence detected. Stopping training after 10 epochs.
Early stopping at epoch 23
[I 2025-05-29 16:18:55,557] Trial 133 finished with value: 0.4709197089219104 and parameters: {'hidden_size': 256, 'num_layers': 3, 'dropout': 0.4, 'learning_rate': 3.2596516038082136e-05, 'weight_decay': 1.8683328391843971e-06, 'batch_size': 16}. Best is trial 45 with value: 0.5824833363908763.
Trial 133: Test Accuracy = 0.4709
trial:136 hidden_size: 256, num_layers: 3, learning_rate: 2.3393696146956654e-05, optimizer_name: Adam, weight_decay: 1.4559725335993145e-06, batch_size: 16, label_smoothing: 0.3, factor: 1
Divergence detected. Stopping training after 10 epochs.
Early stopping at epoch 25
[I 2025-05-29 16:19:07,432] Trial 134 finished with value: 0.4672047942273589 and parameters: {'hidden_size': 256, 'num_layers': 3, 'dropout': 0.4, 'learning_rate': 2.999330257145665e-05, 'weight_decay': 1.4920393231688057e-06, 'batch_size': 16}. Best is trial 45 with value: 0.5824833363908763.
Trial 134: Test Accuracy = 0.4672
trial:137 hidden_size: 1024, num_layers: 2, learning_rate: 6.230279192652879e-05, optimizer_name: Adam, weight_decay: 2.295820030337506e-06, batch_size: 16, label_smoothing: 0.3, factor: 1
Divergence detected. Stopping training after 10 epochs.
Early stopping at epoch 24
Trial 135: Test Accuracy = 0.4441
[I 2025-05-29 16:23:38,437] Trial 135 finished with value: 0.4440744817464686 and parameters: {'hidden_size': 256, 'num_layers': 3, 'dropout': 0.4, 'learning_rate': 2.3891862909422718e-05, 'weight_decay': 1.489913914978627e-06, 'batch_size': 16}. Best is trial 45 with value: 0.5824833363908763.
trial:138 hidden_size: 1024, num_layers: 3, learning_rate: 2.356889030740107e-06, optimizer_name: Adam, weight_decay: 2.3071130485240125e-06, batch_size: 16, label_smoothing: 0.3, factor: 1
Divergence detected. Stopping training after 10 epochs.
Early stopping at epoch 22
Trial 136: Test Accuracy = 0.4783
[I 2025-05-29 16:27:58,877] Trial 136 finished with value: 0.47830061762367765 and parameters: {'hidden_size': 256, 'num_layers': 3, 'dropout': 0.4, 'learning_rate': 2.3393696146956654e-05, 'weight_decay': 1.4559725335993145e-06, 'batch_size': 16}. Best is trial 45 with value: 0.5824833363908763.
trial:139 hidden_size: 1024, num_layers: 2, learning_rate: 6.20932994238299e-05, optimizer_name: Adam, weight_decay: 2.278545199525027e-06, batch_size: 16, label_smoothing: 0.3, factor: 1
Divergence detected. Stopping training after 10 epochs.
Early stopping at epoch 26
Trial 137: Test Accuracy = 0.5194
[I 2025-05-29 16:31:30,588] Trial 137 finished with value: 0.5193725921849203 and parameters: {'hidden_size': 1024, 'num_layers': 2, 'dropout': 0.4, 'learning_rate': 6.230279192652879e-05, 'weight_decay': 2.295820030337506e-06, 'batch_size': 16}. Best is trial 45 with value: 0.5824833363908763.
trial:140 hidden_size: 1024, num_layers: 2, learning_rate: 5.5537538909202854e-05, optimizer_name: Adam, weight_decay: 3.8470548473908085e-06, batch_size: 16, label_smoothing: 0.3, factor: 1
Divergence detected. Stopping training after 10 epochs.
Early stopping at epoch 15
Trial 139: Test Accuracy = 0.5373
[I 2025-05-29 16:40:01,117] Trial 139 finished with value: 0.5373356570659819 and parameters: {'hidden_size': 1024, 'num_layers': 2, 'dropout': 0.4, 'learning_rate': 6.20932994238299e-05, 'weight_decay': 2.278545199525027e-06, 'batch_size': 16}. Best is trial 45 with value: 0.5824833363908763.
trial:141 hidden_size: 1024, num_layers: 2, learning_rate: 6.67811672055421e-05, optimizer_name: Adam, weight_decay: 3.905309014218907e-06, batch_size: 16, label_smoothing: 0.3, factor: 1
Divergence detected. Stopping training after 10 epochs.
Early stopping at epoch 14
Trial 140: Test Accuracy = 0.4288
[I 2025-05-29 16:42:46,058] Trial 140 finished with value: 0.4288356876414114 and parameters: {'hidden_size': 1024, 'num_layers': 2, 'dropout': 0.4, 'learning_rate': 5.5537538909202854e-05, 'weight_decay': 3.8470548473908085e-06, 'batch_size': 16}. Best is trial 45 with value: 0.5824833363908763.
trial:142 hidden_size: 1024, num_layers: 2, learning_rate: 0.00014830414287630807, optimizer_name: Adam, weight_decay: 7.776432350320728e-06, batch_size: 16, label_smoothing: 0.3, factor: 1
Trial 138: Test Accuracy = 0.4800
[I 2025-05-29 16:44:57,356] Trial 138 finished with value: 0.4800311869381764 and parameters: {'hidden_size': 1024, 'num_layers': 3, 'dropout': 0.4, 'learning_rate': 2.356889030740107e-06, 'weight_decay': 2.3071130485240125e-06, 'batch_size': 16}. Best is trial 45 with value: 0.5824833363908763.
trial:143 hidden_size: 1024, num_layers: 2, learning_rate: 0.00015757872496044775, optimizer_name: Adam, weight_decay: 7.681676070927202e-06, batch_size: 16, label_smoothing: 0.3, factor: 1
Divergence detected. Stopping training after 10 epochs.
Early stopping at epoch 11
Trial 141: Test Accuracy = 0.5063
[I 2025-05-29 16:48:33,911] Trial 141 finished with value: 0.5063015960374243 and parameters: {'hidden_size': 1024, 'num_layers': 2, 'dropout': 0.4, 'learning_rate': 6.67811672055421e-05, 'weight_decay': 3.905309014218907e-06, 'batch_size': 16}. Best is trial 45 with value: 0.5824833363908763.
trial:144 hidden_size: 1024, num_layers: 2, learning_rate: 0.00014991153316823257, optimizer_name: Adam, weight_decay: 2.666257997890808e-06, batch_size: 16, label_smoothing: 0.3, factor: 1
Divergence detected. Stopping training after 10 epochs.
Early stopping at epoch 14
Trial 144: Test Accuracy = 0.5454
[I 2025-05-29 16:59:28,463] Trial 144 finished with value: 0.5453555922460711 and parameters: {'hidden_size': 1024, 'num_layers': 2, 'dropout': 0.4, 'learning_rate': 0.00014991153316823257, 'weight_decay': 2.666257997890808e-06, 'batch_size': 16}. Best is trial 45 with value: 0.5824833363908763.
trial:145 hidden_size: 1024, num_layers: 2, learning_rate: 0.00010834731030664073, optimizer_name: Adam, weight_decay: 2.756267421759102e-06, batch_size: 16, label_smoothing: 0.3, factor: 1
Trial 142: Test Accuracy = 0.4888
[I 2025-05-29 17:01:39,341] Trial 142 finished with value: 0.48877881734238365 and parameters: {'hidden_size': 1024, 'num_layers': 2, 'dropout': 0.5, 'learning_rate': 0.00014830414287630807, 'weight_decay': 7.776432350320728e-06, 'batch_size': 16}. Best is trial 45 with value: 0.5824833363908763.
trial:146 hidden_size: 1024, num_layers: 2, learning_rate: 0.00015450019137347787, optimizer_name: Adam, weight_decay: 2.7827617612220848e-06, batch_size: 16, label_smoothing: 0.3, factor: 1
Trial 143: Test Accuracy = 0.4627
[I 2025-05-29 17:03:34,035] Trial 143 finished with value: 0.4626674004769767 and parameters: {'hidden_size': 1024, 'num_layers': 2, 'dropout': 0.4, 'learning_rate': 0.00015757872496044775, 'weight_decay': 7.681676070927202e-06, 'batch_size': 16}. Best is trial 45 with value: 0.5824833363908763.
trial:147 hidden_size: 1024, num_layers: 2, learning_rate: 0.00011438166223284585, optimizer_name: Adam, weight_decay: 2.837069314922313e-06, batch_size: 16, label_smoothing: 0.3, factor: 1
Divergence detected. Stopping training after 10 epochs.
Early stopping at epoch 10
Trial 145: Test Accuracy = 0.5132
[I 2025-05-29 17:07:12,323] Trial 145 finished with value: 0.5132361034672537 and parameters: {'hidden_size': 1024, 'num_layers': 2, 'dropout': 0.4, 'learning_rate': 0.00010834731030664073, 'weight_decay': 2.756267421759102e-06, 'batch_size': 16}. Best is trial 45 with value: 0.5824833363908763.
trial:148 hidden_size: 1024, num_layers: 2, learning_rate: 7.164848028094578e-05, optimizer_name: Adam, weight_decay: 2.2031920243004695e-06, batch_size: 16, label_smoothing: 0.3, factor: 1
Divergence detected. Stopping training after 10 epochs.
Early stopping at epoch 24
Trial 146: Test Accuracy = 0.4730
[I 2025-05-29 17:17:10,116] Trial 146 finished with value: 0.47302329847734365 and parameters: {'hidden_size': 1024, 'num_layers': 2, 'dropout': 0.4, 'learning_rate': 0.00015450019137347787, 'weight_decay': 2.7827617612220848e-06, 'batch_size': 16}. Best is trial 45 with value: 0.5824833363908763.
trial:149 hidden_size: 1024, num_layers: 2, learning_rate: 6.478575295931085e-05, optimizer_name: Adam, weight_decay: 2.1716781796472683e-06, batch_size: 10, label_smoothing: 0.3, factor: 1
[I 2025-05-29 17:21:39,904] Trial 147 finished with value: 0.44825414297070876 and parameters: {'hidden_size': 1024, 'num_layers': 2, 'dropout': 0.4, 'learning_rate': 0.00011438166223284585, 'weight_decay': 2.837069314922313e-06, 'batch_size': 16}. Best is trial 45 with value: 0.5824833363908763.
Trial 147: Test Accuracy = 0.4483
trial:150 hidden_size: 1024, num_layers: 2, learning_rate: 0.00032747731661669424, optimizer_name: Adam, weight_decay: 2.1882109116149925e-06, batch_size: 10, label_smoothing: 0.3, factor: 1
Divergence detected. Stopping training after 10 epochs.
Early stopping at epoch 25
[I 2025-05-29 17:26:45,917] Trial 148 finished with value: 0.516975478505473 and parameters: {'hidden_size': 1024, 'num_layers': 2, 'dropout': 0.4, 'learning_rate': 7.164848028094578e-05, 'weight_decay': 2.2031920243004695e-06, 'batch_size': 16}. Best is trial 45 with value: 0.5824833363908763.
Trial 148: Test Accuracy = 0.5170
trial:151 hidden_size: 1024, num_layers: 2, learning_rate: 0.0003341435236428683, optimizer_name: Adam, weight_decay: 1.2049191748304256e-06, batch_size: 10, label_smoothing: 0.3, factor: 1
Divergence detected. Stopping training after 10 epochs.
Early stopping at epoch 22
Trial 149: Test Accuracy = 0.4727
[I 2025-05-29 17:36:53,477] Trial 149 finished with value: 0.4727267168103712 and parameters: {'hidden_size': 1024, 'num_layers': 2, 'dropout': 0.4, 'learning_rate': 6.478575295931085e-05, 'weight_decay': 2.1716781796472683e-06, 'batch_size': 10}. Best is trial 45 with value: 0.5824833363908763.
trial:152 hidden_size: 32, num_layers: 2, learning_rate: 4.806054720163461e-05, optimizer_name: Adam, weight_decay: 4.522403408991995e-06, batch_size: 16, label_smoothing: 0.3, factor: 1
Divergence detected. Stopping training after 10 epochs.
Early stopping at epoch 11
[I 2025-05-29 17:38:20,495] Trial 151 finished with value: 0.48583440347336876 and parameters: {'hidden_size': 1024, 'num_layers': 2, 'dropout': 0.5, 'learning_rate': 0.0003341435236428683, 'weight_decay': 1.2049191748304256e-06, 'batch_size': 10}. Best is trial 45 with value: 0.5824833363908763.
Trial 151: Test Accuracy = 0.4858
trial:153 hidden_size: 1024, num_layers: 2, learning_rate: 7.503029935450465e-05, optimizer_name: Adam, weight_decay: 2.4038634491050404e-06, batch_size: 16, label_smoothing: 0.3, factor: 1
Divergence detected. Stopping training after 10 epochs.
Early stopping at epoch 23
[I 2025-05-29 17:40:26,048] Trial 150 finished with value: 0.5513911820461078 and parameters: {'hidden_size': 1024, 'num_layers': 2, 'dropout': 0.5, 'learning_rate': 0.00032747731661669424, 'weight_decay': 2.1882109116149925e-06, 'batch_size': 10}. Best is trial 45 with value: 0.5824833363908763.
Trial 150: Test Accuracy = 0.5514
trial:154 hidden_size: 1024, num_layers: 2, learning_rate: 0.00025066394474382466, optimizer_name: Adam, weight_decay: 4.484566576985278e-06, batch_size: 10, label_smoothing: 0.3, factor: 1
Divergence detected. Stopping training after 10 epochs.
Early stopping at epoch 28
[I 2025-05-29 17:44:52,530] Trial 152 finished with value: 0.49104751421757475 and parameters: {'hidden_size': 32, 'num_layers': 2, 'dropout': 0.5, 'learning_rate': 4.806054720163461e-05, 'weight_decay': 4.522403408991995e-06, 'batch_size': 16}. Best is trial 45 with value: 0.5824833363908763.
Trial 152: Test Accuracy = 0.4910
trial:155 hidden_size: 1024, num_layers: 2, learning_rate: 0.0002796057437372313, optimizer_name: Adam, weight_decay: 2.4676647690956293e-06, batch_size: 10, label_smoothing: 0.3, factor: 1
Divergence detected. Stopping training after 10 epochs.
Early stopping at epoch 24
Trial 153: Test Accuracy = 0.5116
[I 2025-05-29 17:53:27,027] Trial 153 finished with value: 0.5115850302696753 and parameters: {'hidden_size': 1024, 'num_layers': 2, 'dropout': 0.4, 'learning_rate': 7.503029935450465e-05, 'weight_decay': 2.4038634491050404e-06, 'batch_size': 16}. Best is trial 45 with value: 0.5824833363908763.
trial:156 hidden_size: 1024, num_layers: 2, learning_rate: 0.00029003642462796037, optimizer_name: Adam, weight_decay: 3.214314622886313e-06, batch_size: 10, label_smoothing: 0.3, factor: 1
Divergence detected. Stopping training after 10 epochs.
Early stopping at epoch 19
