[I 2025-05-29 07:16:56,341] Trial 40 finished with value: 0.4868831407081269 and parameters: {'hidden_size': 64, 'num_layers': 2, 'dropout': 0.4, 'learning_rate': 2.3412547659517785e-05, 'weight_decay': 1.4264299556545916e-05, 'batch_size': 16}. Best is trial 23 with value: 0.5458906622638048.
Trial 40: Test Accuracy = 0.4869
trial:43 hidden_size: 32, num_layers: 3, learning_rate: 1.0650501507903034e-05, optimizer_name: Adam, weight_decay: 2.983582333517331e-06, batch_size: 10, label_smoothing: 0.3, factor: 1
Divergence detected. Stopping training after 10 epochs.
Early stopping at epoch 22
[I 2025-05-29 07:17:18,215] Trial 41 finished with value: 0.48034611386289977 and parameters: {'hidden_size': 64, 'num_layers': 2, 'dropout': 0.30000000000000004, 'learning_rate': 2.7440562655956753e-05, 'weight_decay': 1.3620703630478439e-05, 'batch_size': 10}. Best is trial 23 with value: 0.5458906622638048.
Trial 41: Test Accuracy = 0.4803
trial:44 hidden_size: 32, num_layers: 3, learning_rate: 1.3375576799517554e-05, optimizer_name: Adam, weight_decay: 5.8230806673000865e-06, batch_size: 16, label_smoothing: 0.3, factor: 1
Divergence detected. Stopping training after 10 epochs.
Early stopping at epoch 10
[I 2025-05-29 07:17:34,552] Trial 43 finished with value: 0.3333333333333333 and parameters: {'hidden_size': 32, 'num_layers': 3, 'dropout': 0.30000000000000004, 'learning_rate': 1.0650501507903034e-05, 'weight_decay': 2.983582333517331e-06, 'batch_size': 10}. Best is trial 23 with value: 0.5458906622638048.
Trial 43: Test Accuracy = 0.3333
trial:45 hidden_size: 128, num_layers: 4, learning_rate: 6.339492809821357e-05, optimizer_name: Adam, weight_decay: 5.137548693679295e-06, batch_size: 16, label_smoothing: 0.3, factor: 1
Divergence detected. Stopping training after 10 epochs.
Early stopping at epoch 23
[I 2025-05-29 07:17:40,995] Trial 42 finished with value: 0.431388736011741 and parameters: {'hidden_size': 64, 'num_layers': 4, 'dropout': 0.30000000000000004, 'learning_rate': 2.6799918542826326e-05, 'weight_decay': 5.759800224374591e-06, 'batch_size': 10}. Best is trial 23 with value: 0.5458906622638048.
Trial 42: Test Accuracy = 0.4314
trial:46 hidden_size: 128, num_layers: 3, learning_rate: 4.1288283092983574e-07, optimizer_name: Adam, weight_decay: 4.872808274419282e-06, batch_size: 16, label_smoothing: 0.3, factor: 1
Divergence detected. Stopping training after 10 epochs.
Early stopping at epoch 20
[I 2025-05-29 07:18:47,636] Trial 45 finished with value: 0.5824833363908763 and parameters: {'hidden_size': 128, 'num_layers': 4, 'dropout': 0.4, 'learning_rate': 6.339492809821357e-05, 'weight_decay': 5.137548693679295e-06, 'batch_size': 16}. Best is trial 45 with value: 0.5824833363908763.
Trial 45: Test Accuracy = 0.5825
trial:47 hidden_size: 128, num_layers: 4, learning_rate: 0.0005657630110539962, optimizer_name: Adam, weight_decay: 4.843287212007385e-06, batch_size: 16, label_smoothing: 0.3, factor: 1
Trial 44: Test Accuracy = 0.4135
[I 2025-05-29 07:19:00,166] Trial 44 finished with value: 0.41348070690393196 and parameters: {'hidden_size': 32, 'num_layers': 3, 'dropout': 0.30000000000000004, 'learning_rate': 1.3375576799517554e-05, 'weight_decay': 5.8230806673000865e-06, 'batch_size': 16}. Best is trial 45 with value: 0.5824833363908763.
trial:48 hidden_size: 128, num_layers: 4, learning_rate: 0.0006047938733534723, optimizer_name: Adam, weight_decay: 1.9144133925784025e-06, batch_size: 16, label_smoothing: 0.3, factor: 1
[I 2025-05-29 07:19:24,259] Trial 46 finished with value: 0.3333333333333333 and parameters: {'hidden_size': 128, 'num_layers': 3, 'dropout': 0.4, 'learning_rate': 4.1288283092983574e-07, 'weight_decay': 4.872808274419282e-06, 'batch_size': 16}. Best is trial 45 with value: 0.5824833363908763.
Trial 46: Test Accuracy = 0.3333
trial:49 hidden_size: 128, num_layers: 4, learning_rate: 0.0008276524166979566, optimizer_name: Adam, weight_decay: 1.8744157750293014e-06, batch_size: 16, label_smoothing: 0.3, factor: 1
Divergence detected. Stopping training after 10 epochs.
Early stopping at epoch 11
[I 2025-05-29 07:19:30,284] Trial 47 finished with value: 0.45044640127193786 and parameters: {'hidden_size': 128, 'num_layers': 4, 'dropout': 0.4, 'learning_rate': 0.0005657630110539962, 'weight_decay': 4.843287212007385e-06, 'batch_size': 16}. Best is trial 45 with value: 0.5824833363908763.
Trial 47: Test Accuracy = 0.4504
trial:50 hidden_size: 128, num_layers: 4, learning_rate: 0.0016954663370852218, optimizer_name: Adam, weight_decay: 1.9647720894535625e-06, batch_size: 16, label_smoothing: 0.3, factor: 1
Divergence detected. Stopping training after 10 epochs.
Early stopping at epoch 19
[I 2025-05-29 07:20:39,741] Trial 50 finished with value: 0.3333333333333333 and parameters: {'hidden_size': 128, 'num_layers': 4, 'dropout': 0.4, 'learning_rate': 0.0016954663370852218, 'weight_decay': 1.9647720894535625e-06, 'batch_size': 16}. Best is trial 45 with value: 0.5824833363908763.
Trial 50: Test Accuracy = 0.3333
trial:51 hidden_size: 1024, num_layers: 4, learning_rate: 7.04063605626784e-05, optimizer_name: Adam, weight_decay: 7.87106990870521e-06, batch_size: 16, label_smoothing: 0.3, factor: 1
Trial 48: Test Accuracy = 0.4919
[I 2025-05-29 07:20:50,248] Trial 48 finished with value: 0.49190668378890723 and parameters: {'hidden_size': 128, 'num_layers': 4, 'dropout': 0.4, 'learning_rate': 0.0006047938733534723, 'weight_decay': 1.9144133925784025e-06, 'batch_size': 16}. Best is trial 45 with value: 0.5824833363908763.
trial:52 hidden_size: 1024, num_layers: 4, learning_rate: 4.798290666610629e-05, optimizer_name: Adam, weight_decay: 8.97072363522147e-06, batch_size: 16, label_smoothing: 0.3, factor: 1
[I 2025-05-29 07:24:08,452] Trial 49 finished with value: 0.4524490919097414 and parameters: {'hidden_size': 128, 'num_layers': 4, 'dropout': 0.4, 'learning_rate': 0.0008276524166979566, 'weight_decay': 1.8744157750293014e-06, 'batch_size': 16}. Best is trial 45 with value: 0.5824833363908763.
Trial 49: Test Accuracy = 0.4524
trial:53 hidden_size: 1024, num_layers: 1, learning_rate: 7.208640457626904e-05, optimizer_name: Adam, weight_decay: 8.730184305462098e-06, batch_size: 16, label_smoothing: 0.3, factor: 1
Divergence detected. Stopping training after 10 epochs.
Early stopping at epoch 20
Trial 52: Test Accuracy = 0.4648
[I 2025-05-29 07:41:27,939] Trial 52 finished with value: 0.46479545037607783 and parameters: {'hidden_size': 1024, 'num_layers': 4, 'dropout': 0.30000000000000004, 'learning_rate': 4.798290666610629e-05, 'weight_decay': 8.97072363522147e-06, 'batch_size': 16}. Best is trial 45 with value: 0.5824833363908763.
trial:54 hidden_size: 256, num_layers: 1, learning_rate: 1.1185302048700829e-08, optimizer_name: Adam, weight_decay: 3.334290379197963e-06, batch_size: 16, label_smoothing: 0.3, factor: 1
Divergence detected. Stopping training after 10 epochs.
Early stopping at epoch 27
Trial 53: Test Accuracy = 0.4797
[I 2025-05-29 07:43:45,291] Trial 53 finished with value: 0.47968262704090997 and parameters: {'hidden_size': 1024, 'num_layers': 1, 'dropout': 0.5, 'learning_rate': 7.208640457626904e-05, 'weight_decay': 8.730184305462098e-06, 'batch_size': 16}. Best is trial 45 with value: 0.5824833363908763.
trial:55 hidden_size: 32, num_layers: 3, learning_rate: 9.520711552746442e-05, optimizer_name: Adam, weight_decay: 3.3396030994883506e-06, batch_size: 16, label_smoothing: 0.3, factor: 1
Divergence detected. Stopping training after 10 epochs.
Early stopping at epoch 25
[I 2025-05-29 07:44:07,257] Trial 51 finished with value: 0.5231241973949734 and parameters: {'hidden_size': 1024, 'num_layers': 4, 'dropout': 0.30000000000000004, 'learning_rate': 7.04063605626784e-05, 'weight_decay': 7.87106990870521e-06, 'batch_size': 16}. Best is trial 45 with value: 0.5824833363908763.
Trial 51: Test Accuracy = 0.5231
trial:56 hidden_size: 1024, num_layers: 4, learning_rate: 9.58326007464065e-05, optimizer_name: Adam, weight_decay: 1.5153541107862053e-06, batch_size: 16, label_smoothing: 0.3, factor: 1
Divergence detected. Stopping training after 10 epochs.
Early stopping at epoch 22
Trial 55: Test Accuracy = 0.4308
[I 2025-05-29 07:48:13,617] Trial 55 finished with value: 0.43081697547850545 and parameters: {'hidden_size': 32, 'num_layers': 3, 'dropout': 0.4, 'learning_rate': 9.520711552746442e-05, 'weight_decay': 3.3396030994883506e-06, 'batch_size': 16}. Best is trial 45 with value: 0.5824833363908763.
trial:57 hidden_size: 1024, num_layers: 4, learning_rate: 0.00010326025254796035, optimizer_name: Adam, weight_decay: 0.00011794411982189283, batch_size: 16, label_smoothing: 0.3, factor: 1
[I 2025-05-29 07:55:06,602] Trial 54 finished with value: 0.3239099859353024 and parameters: {'hidden_size': 256, 'num_layers': 1, 'dropout': 0.5, 'learning_rate': 1.1185302048700829e-08, 'weight_decay': 3.334290379197963e-06, 'batch_size': 16}. Best is trial 45 with value: 0.5824833363908763.
Trial 54: Test Accuracy = 0.3239
trial:58 hidden_size: 1024, num_layers: 4, learning_rate: 9.481672954626657e-05, optimizer_name: Adam, weight_decay: 1.8759699337874683e-05, batch_size: 16, label_smoothing: 0.3, factor: 1
Divergence detected. Stopping training after 10 epochs.
Early stopping at epoch 10
Trial 57: Test Accuracy = 0.5079
[I 2025-05-29 08:14:35,508] Trial 57 finished with value: 0.5078976334617501 and parameters: {'hidden_size': 1024, 'num_layers': 4, 'dropout': 0.2, 'learning_rate': 0.00010326025254796035, 'weight_decay': 0.00011794411982189283, 'batch_size': 16}. Best is trial 45 with value: 0.5824833363908763.
trial:59 hidden_size: 1024, num_layers: 4, learning_rate: 0.0003366681757210211, optimizer_name: Adam, weight_decay: 2.49460897172366e-06, batch_size: 32, label_smoothing: 0.3, factor: 1
Divergence detected. Stopping training after 10 epochs.
Early stopping at epoch 27
Trial 59: Test Accuracy = 0.4806
[I 2025-05-29 10:38:24,077] Trial 59 finished with value: 0.48057848712774415 and parameters: {'hidden_size': 1024, 'num_layers': 4, 'dropout': 0.30000000000000004, 'learning_rate': 0.0003366681757210211, 'weight_decay': 2.49460897172366e-06, 'batch_size': 32}. Best is trial 45 with value: 0.5824833363908763.
trial:60 hidden_size: 512, num_layers: 4, learning_rate: 3.9274539963314394e-05, optimizer_name: Adam, weight_decay: 2.924202286455527e-05, batch_size: 16, label_smoothing: 0.3, factor: 1
Divergence detected. Stopping training after 10 epochs.
Early stopping at epoch 26
Trial 56: Test Accuracy = 0.4744
[I 2025-05-29 10:38:46,892] Trial 56 finished with value: 0.47442059560936833 and parameters: {'hidden_size': 1024, 'num_layers': 4, 'dropout': 0.2, 'learning_rate': 9.58326007464065e-05, 'weight_decay': 1.5153541107862053e-06, 'batch_size': 16}. Best is trial 45 with value: 0.5824833363908763.
trial:61 hidden_size: 32, num_layers: 4, learning_rate: 4.4345906301302604e-05, optimizer_name: Adam, weight_decay: 2.0489011837121367e-05, batch_size: 16, label_smoothing: 0.3, factor: 1
Divergence detected. Stopping training after 10 epochs.
Early stopping at epoch 29
Trial 58: Test Accuracy = 0.4850
[I 2025-05-29 10:45:25,275] Trial 58 finished with value: 0.48497523390203634 and parameters: {'hidden_size': 1024, 'num_layers': 4, 'dropout': 0.30000000000000004, 'learning_rate': 9.481672954626657e-05, 'weight_decay': 1.8759699337874683e-05, 'batch_size': 16}. Best is trial 45 with value: 0.5824833363908763.
trial:62 hidden_size: 512, num_layers: 4, learning_rate: 4.1941047087544825e-05, optimizer_name: Adam, weight_decay: 2.4820025435979283e-06, batch_size: 16, label_smoothing: 0.3, factor: 1
Trial 61: Test Accuracy = 0.4801
[I 2025-05-29 10:47:03,677] Trial 61 finished with value: 0.4801443160276402 and parameters: {'hidden_size': 32, 'num_layers': 4, 'dropout': 0.30000000000000004, 'learning_rate': 4.4345906301302604e-05, 'weight_decay': 2.0489011837121367e-05, 'batch_size': 16}. Best is trial 45 with value: 0.5824833363908763.
trial:63 hidden_size: 1024, num_layers: 4, learning_rate: 3.280601586302327e-05, optimizer_name: Adam, weight_decay: 0.00011119455121110105, batch_size: 16, label_smoothing: 0.3, factor: 1
Divergence detected. Stopping training after 10 epochs.
Early stopping at epoch 24
Trial 60: Test Accuracy = 0.5062
[I 2025-05-29 10:48:47,896] Trial 60 finished with value: 0.5061670641472512 and parameters: {'hidden_size': 512, 'num_layers': 4, 'dropout': 0.2, 'learning_rate': 3.9274539963314394e-05, 'weight_decay': 2.924202286455527e-05, 'batch_size': 16}. Best is trial 45 with value: 0.5824833363908763.
trial:64 hidden_size: 1024, num_layers: 4, learning_rate: 8.840177932301243e-06, optimizer_name: Adam, weight_decay: 0.00019600430610629675, batch_size: 16, label_smoothing: 0.3, factor: 1
Divergence detected. Stopping training after 10 epochs.
Early stopping at epoch 18
[I 2025-05-29 11:04:57,706] Trial 62 finished with value: 0.5045251635785483 and parameters: {'hidden_size': 512, 'num_layers': 4, 'dropout': 0.4, 'learning_rate': 4.1941047087544825e-05, 'weight_decay': 2.4820025435979283e-06, 'batch_size': 16}. Best is trial 45 with value: 0.5824833363908763.
Trial 62: Test Accuracy = 0.5045
trial:65 hidden_size: 1024, num_layers: 4, learning_rate: 1.0404291497878331e-05, optimizer_name: Adam, weight_decay: 7.982886252692402e-05, batch_size: 16, label_smoothing: 0.3, factor: 1
Divergence detected. Stopping training after 10 epochs.
Early stopping at epoch 23
Trial 64: Test Accuracy = 0.5021
[I 2025-05-29 12:59:25,509] Trial 64 finished with value: 0.5021311074420596 and parameters: {'hidden_size': 1024, 'num_layers': 4, 'dropout': 0.2, 'learning_rate': 8.840177932301243e-06, 'weight_decay': 0.00019600430610629675, 'batch_size': 16}. Best is trial 45 with value: 0.5824833363908763.
trial:66 hidden_size: 1024, num_layers: 4, learning_rate: 0.000281932087618352, optimizer_name: Adam, weight_decay: 8.81097986750354e-05, batch_size: 16, label_smoothing: 0.3, factor: 1
Divergence detected. Stopping training after 10 epochs.
Early stopping at epoch 18
Trial 65: Test Accuracy = 0.4252
[I 2025-05-29 13:16:54,469] Trial 65 finished with value: 0.4252400171222406 and parameters: {'hidden_size': 1024, 'num_layers': 4, 'dropout': 0.2, 'learning_rate': 1.0404291497878331e-05, 'weight_decay': 7.982886252692402e-05, 'batch_size': 16}. Best is trial 45 with value: 0.5824833363908763.
trial:67 hidden_size: 1024, num_layers: 3, learning_rate: 2.5439009253783245e-06, optimizer_name: Adam, weight_decay: 0.0001281404466450345, batch_size: 16, label_smoothing: 0.3, factor: 1
Divergence detected. Stopping training after 10 epochs.
Early stopping at epoch 19
Trial 63: Test Accuracy = 0.5033
[I 2025-05-29 14:26:53,231] Trial 63 finished with value: 0.5032868586803645 and parameters: {'hidden_size': 1024, 'num_layers': 4, 'dropout': 0.2, 'learning_rate': 3.280601586302327e-05, 'weight_decay': 0.00011119455121110105, 'batch_size': 16}. Best is trial 45 with value: 0.5824833363908763.
trial:68 hidden_size: 32, num_layers: 3, learning_rate: 1.6993552106436047e-05, optimizer_name: Adam, weight_decay: 0.0009144508362710398, batch_size: 16, label_smoothing: 0.3, factor: 1
Divergence detected. Stopping training after 10 epochs.
Early stopping at epoch 22
Trial 66: Test Accuracy = 0.4704
[I 2025-05-29 15:03:00,270] Trial 66 finished with value: 0.47035100593163337 and parameters: {'hidden_size': 1024, 'num_layers': 4, 'dropout': 0.1, 'learning_rate': 0.000281932087618352, 'weight_decay': 8.81097986750354e-05, 'batch_size': 16}. Best is trial 45 with value: 0.5824833363908763.
trial:69 hidden_size: 32, num_layers: 3, learning_rate: 1.9376368737861753e-05, optimizer_name: Adam, weight_decay: 0.0005043575879504142, batch_size: 16, label_smoothing: 0.3, factor: 1
Trial 68: Test Accuracy = 0.3333
[I 2025-05-29 15:05:00,911] Trial 68 finished with value: 0.3333333333333333 and parameters: {'hidden_size': 32, 'num_layers': 3, 'dropout': 0.4, 'learning_rate': 1.6993552106436047e-05, 'weight_decay': 0.0009144508362710398, 'batch_size': 16}. Best is trial 45 with value: 0.5824833363908763.
trial:70 hidden_size: 64, num_layers: 3, learning_rate: 0.009189740718549949, optimizer_name: Adam, weight_decay: 1.3666849932439686e-06, batch_size: 16, label_smoothing: 0.3, factor: 1
[I 2025-05-29 15:06:29,356] Trial 67 finished with value: 0.44688130618235195 and parameters: {'hidden_size': 1024, 'num_layers': 3, 'dropout': 0.1, 'learning_rate': 2.5439009253783245e-06, 'weight_decay': 0.0001281404466450345, 'batch_size': 16}. Best is trial 45 with value: 0.5824833363908763.
Trial 67: Test Accuracy = 0.4469
trial:71 hidden_size: 64, num_layers: 1, learning_rate: 0.00012851230408672475, optimizer_name: Adam, weight_decay: 0.0003720466928370262, batch_size: 10, label_smoothing: 0.3, factor: 1
[I 2025-05-29 15:07:00,750] Trial 69 finished with value: 0.38816425120772946 and parameters: {'hidden_size': 32, 'num_layers': 3, 'dropout': 0.4, 'learning_rate': 1.9376368737861753e-05, 'weight_decay': 0.0005043575879504142, 'batch_size': 16}. Best is trial 45 with value: 0.5824833363908763.
Trial 69: Test Accuracy = 0.3882
trial:72 hidden_size: 256, num_layers: 1, learning_rate: 0.00890098443272906, optimizer_name: Adam, weight_decay: 1.2257784718629584e-06, batch_size: 10, label_smoothing: 0.3, factor: 1
Divergence detected. Stopping training after 10 epochs.
Early stopping at epoch 16
[I 2025-05-29 15:07:30,459] Trial 71 finished with value: 0.4825628325077968 and parameters: {'hidden_size': 64, 'num_layers': 1, 'dropout': 0.4, 'learning_rate': 0.00012851230408672475, 'weight_decay': 0.0003720466928370262, 'batch_size': 10}. Best is trial 45 with value: 0.5824833363908763.
Trial 71: Test Accuracy = 0.4826
trial:73 hidden_size: 256, num_layers: 3, learning_rate: 7.063001591583166e-05, optimizer_name: Adam, weight_decay: 1.2815339842145125e-06, batch_size: 16, label_smoothing: 0.3, factor: 1
Divergence detected. Stopping training after 10 epochs.
Early stopping at epoch 28
[I 2025-05-29 15:07:46,653] Trial 70 finished with value: 0.3333333333333333 and parameters: {'hidden_size': 64, 'num_layers': 3, 'dropout': 0.1, 'learning_rate': 0.009189740718549949, 'weight_decay': 1.3666849932439686e-06, 'batch_size': 16}. Best is trial 45 with value: 0.5824833363908763.
Trial 70: Test Accuracy = 0.3333
trial:74 hidden_size: 256, num_layers: 3, learning_rate: 5.8910803901583556e-05, optimizer_name: Adam, weight_decay: 3.974836234524744e-06, batch_size: 16, label_smoothing: 0.3, factor: 1
Divergence detected. Stopping training after 10 epochs.
Early stopping at epoch 10
[I 2025-05-29 15:07:59,427] Trial 72 finished with value: 0.3333333333333333 and parameters: {'hidden_size': 256, 'num_layers': 1, 'dropout': 0.4, 'learning_rate': 0.00890098443272906, 'weight_decay': 1.2257784718629584e-06, 'batch_size': 10}. Best is trial 45 with value: 0.5824833363908763.
Trial 72: Test Accuracy = 0.3333
trial:75 hidden_size: 256, num_layers: 3, learning_rate: 5.6951345794289284e-05, optimizer_name: Adam, weight_decay: 3.845574121240023e-06, batch_size: 16, label_smoothing: 0.3, factor: 1
Divergence detected. Stopping training after 10 epochs.
Early stopping at epoch 17
Divergence detected. Stopping training after 10 epochs.
Early stopping at epoch 17
[I 2025-05-29 15:10:23,995] Trial 74 finished with value: 0.4654436494832752 and parameters: {'hidden_size': 256, 'num_layers': 3, 'dropout': 0.5, 'learning_rate': 5.8910803901583556e-05, 'weight_decay': 3.974836234524744e-06, 'batch_size': 16}. Best is trial 45 with value: 0.5824833363908763.
Trial 74: Test Accuracy = 0.4654
trial:76 hidden_size: 256, num_layers: 3, learning_rate: 5.234073777759766e-06, optimizer_name: Adam, weight_decay: 6.620510757950101e-06, batch_size: 16, label_smoothing: 0.3, factor: 1
[I 2025-05-29 15:10:25,570] Trial 75 finished with value: 0.4396746774292179 and parameters: {'hidden_size': 256, 'num_layers': 3, 'dropout': 0.5, 'learning_rate': 5.6951345794289284e-05, 'weight_decay': 3.845574121240023e-06, 'batch_size': 16}. Best is trial 45 with value: 0.5824833363908763.
Trial 75: Test Accuracy = 0.4397
trial:77 hidden_size: 256, num_layers: 3, learning_rate: 2.3155714047189033e-05, optimizer_name: Adam, weight_decay: 6.341681566355062e-06, batch_size: 16, label_smoothing: 0.3, factor: 1
[I 2025-05-29 15:11:25,437] Trial 73 finished with value: 0.48408854644407756 and parameters: {'hidden_size': 256, 'num_layers': 3, 'dropout': 0.5, 'learning_rate': 7.063001591583166e-05, 'weight_decay': 1.2815339842145125e-06, 'batch_size': 16}. Best is trial 45 with value: 0.5824833363908763.
Trial 73: Test Accuracy = 0.4841
trial:78 hidden_size: 256, num_layers: 3, learning_rate: 2.4276215534451476e-06, optimizer_name: Adam, weight_decay: 4.544667264030401e-05, batch_size: 32, label_smoothing: 0.3, factor: 1
Divergence detected. Stopping training after 10 epochs.
Early stopping at epoch 14
[I 2025-05-29 15:12:28,936] Trial 77 finished with value: 0.4994893903259341 and parameters: {'hidden_size': 256, 'num_layers': 3, 'dropout': 0.5, 'learning_rate': 2.3155714047189033e-05, 'weight_decay': 6.341681566355062e-06, 'batch_size': 16}. Best is trial 45 with value: 0.5824833363908763.
Trial 77: Test Accuracy = 0.4995
trial:79 hidden_size: 128, num_layers: 3, learning_rate: 7.374660646513799e-06, optimizer_name: Adam, weight_decay: 7.156417678461185e-06, batch_size: 32, label_smoothing: 0.3, factor: 1
Divergence detected. Stopping training after 10 epochs.
Early stopping at epoch 20
[I 2025-05-29 15:13:37,908] Trial 78 finished with value: 0.46750137589433133 and parameters: {'hidden_size': 256, 'num_layers': 3, 'dropout': 0.5, 'learning_rate': 2.4276215534451476e-06, 'weight_decay': 4.544667264030401e-05, 'batch_size': 32}. Best is trial 45 with value: 0.5824833363908763.
Trial 78: Test Accuracy = 0.4675
trial:80 hidden_size: 128, num_layers: 2, learning_rate: 6.2557038395132335e-06, optimizer_name: Adam, weight_decay: 6.885577993030594e-06, batch_size: 16, label_smoothing: 0.3, factor: 1
