[I 2025-05-29 05:51:48,878] Trial 1 finished with value: 0.3333333333333333 and parameters: {'hidden_size': 128, 'num_layers': 2, 'dropout': 0.1, 'learning_rate': 3.472801856224001e-08, 'weight_decay': 1.5584727796911125e-05, 'batch_size': 10}. Best is trial 0 with value: 0.40927964287898244.
trial:5 hidden_size: 1024, num_layers: 2, learning_rate: 4.207221417695367e-08, optimizer_name: Adam, weight_decay: 0.0004216474328457339, batch_size: 16, label_smoothing: 0.3, factor: 1
Divergence detected. Stopping training after 10 epochs.
Early stopping at epoch 12
Trial 4: Test Accuracy = 0.4037
[I 2025-05-29 05:55:57,235] Trial 4 finished with value: 0.40372714486638533 and parameters: {'hidden_size': 64, 'num_layers': 2, 'dropout': 0.4, 'learning_rate': 3.8175483234693166e-07, 'weight_decay': 1.0887022156972955e-05, 'batch_size': 10}. Best is trial 0 with value: 0.40927964287898244.
trial:6 hidden_size: 32, num_layers: 1, learning_rate: 0.00085265032152192, optimizer_name: Adam, weight_decay: 6.167566210766849e-06, batch_size: 16, label_smoothing: 0.3, factor: 1
[I 2025-05-29 05:58:17,623] Trial 3 finished with value: 0.3333333333333333 and parameters: {'hidden_size': 1024, 'num_layers': 4, 'dropout': 0.5, 'learning_rate': 1.9579226781863263e-08, 'weight_decay': 3.416336600347603e-05, 'batch_size': 32}. Best is trial 0 with value: 0.40927964287898244.
Trial 3: Test Accuracy = 0.3333
trial:7 hidden_size: 1024, num_layers: 2, learning_rate: 1.2394785284254662e-07, optimizer_name: Adam, weight_decay: 0.00024741748397945, batch_size: 10, label_smoothing: 0.3, factor: 1
Divergence detected. Stopping training after 10 epochs.
Early stopping at epoch 22
Trial 6: Test Accuracy = 0.4809
[I 2025-05-29 06:03:51,582] Trial 6 finished with value: 0.4809301045679692 and parameters: {'hidden_size': 32, 'num_layers': 1, 'dropout': 0.30000000000000004, 'learning_rate': 0.00085265032152192, 'weight_decay': 6.167566210766849e-06, 'batch_size': 16}. Best is trial 6 with value: 0.4809301045679692.
trial:8 hidden_size: 1024, num_layers: 4, learning_rate: 6.986029542221468e-08, optimizer_name: Adam, weight_decay: 4.997006921139995e-06, batch_size: 32, label_smoothing: 0.3, factor: 1
Divergence detected. Stopping training after 10 epochs.
Early stopping at epoch 10
Trial 7: Test Accuracy = 0.3990
[I 2025-05-29 06:13:37,145] Trial 7 finished with value: 0.3990215862532869 and parameters: {'hidden_size': 1024, 'num_layers': 2, 'dropout': 0.2, 'learning_rate': 1.2394785284254662e-07, 'weight_decay': 0.00024741748397945, 'batch_size': 10}. Best is trial 6 with value: 0.4809301045679692.
trial:9 hidden_size: 64, num_layers: 1, learning_rate: 1.009926237731831e-06, optimizer_name: Adam, weight_decay: 7.799733738474434e-06, batch_size: 32, label_smoothing: 0.3, factor: 1
[I 2025-05-29 06:20:39,360] Trial 5 finished with value: 0.4007307527670763 and parameters: {'hidden_size': 1024, 'num_layers': 2, 'dropout': 0.30000000000000004, 'learning_rate': 4.207221417695367e-08, 'weight_decay': 0.0004216474328457339, 'batch_size': 16}. Best is trial 6 with value: 0.4809301045679692.
Trial 5: Test Accuracy = 0.4007
trial:10 hidden_size: 1024, num_layers: 4, learning_rate: 1.4583663501469593e-07, optimizer_name: Adam, weight_decay: 0.0001426362323333932, batch_size: 32, label_smoothing: 0.3, factor: 1
Divergence detected. Stopping training after 10 epochs.
Early stopping at epoch 15
Trial 8: Test Accuracy = 0.3278
[I 2025-05-29 06:41:47,704] Trial 8 finished with value: 0.3278022381214456 and parameters: {'hidden_size': 1024, 'num_layers': 4, 'dropout': 0.5, 'learning_rate': 6.986029542221468e-08, 'weight_decay': 4.997006921139995e-06, 'batch_size': 32}. Best is trial 6 with value: 0.4809301045679692.
trial:11 hidden_size: 512, num_layers: 4, learning_rate: 0.004462307209495599, optimizer_name: Adam, weight_decay: 0.0007062301839314429, batch_size: 10, label_smoothing: 0.3, factor: 1
[I 2025-05-29 06:46:35,029] Trial 9 finished with value: 0.32362869198312233 and parameters: {'hidden_size': 64, 'num_layers': 1, 'dropout': 0.30000000000000004, 'learning_rate': 1.009926237731831e-06, 'weight_decay': 7.799733738474434e-06, 'batch_size': 32}. Best is trial 6 with value: 0.4809301045679692.
Trial 9: Test Accuracy = 0.3236
trial:12 hidden_size: 32, num_layers: 1, learning_rate: 0.003873984476974209, optimizer_name: Adam, weight_decay: 2.3302183831098483e-06, batch_size: 16, label_smoothing: 0.3, factor: 1
Trial 10: Test Accuracy = 0.3333
[I 2025-05-29 06:50:41,223] Trial 10 finished with value: 0.3333333333333333 and parameters: {'hidden_size': 1024, 'num_layers': 4, 'dropout': 0.2, 'learning_rate': 1.4583663501469593e-07, 'weight_decay': 0.0001426362323333932, 'batch_size': 32}. Best is trial 6 with value: 0.4809301045679692.
trial:13 hidden_size: 32, num_layers: 1, learning_rate: 0.0012970065877308161, optimizer_name: Adam, weight_decay: 2.019490523150996e-06, batch_size: 16, label_smoothing: 0.3, factor: 1
Divergence detected. Stopping training after 10 epochs.
Early stopping at epoch 13
[I 2025-05-29 06:50:55,747] Trial 11 finished with value: 0.3333333333333333 and parameters: {'hidden_size': 512, 'num_layers': 4, 'dropout': 0.30000000000000004, 'learning_rate': 0.004462307209495599, 'weight_decay': 0.0007062301839314429, 'batch_size': 10}. Best is trial 6 with value: 0.4809301045679692.
Trial 11: Test Accuracy = 0.3333
trial:14 hidden_size: 32, num_layers: 1, learning_rate: 0.0004699529731287266, optimizer_name: Adam, weight_decay: 1.3819577562172514e-06, batch_size: 16, label_smoothing: 0.3, factor: 1
Divergence detected. Stopping training after 10 epochs.
Early stopping at epoch 27
[I 2025-05-29 06:51:41,441] Trial 12 finished with value: 0.3333333333333333 and parameters: {'hidden_size': 32, 'num_layers': 1, 'dropout': 0.2, 'learning_rate': 0.003873984476974209, 'weight_decay': 2.3302183831098483e-06, 'batch_size': 16}. Best is trial 6 with value: 0.4809301045679692.
Trial 12: Test Accuracy = 0.3333
trial:15 hidden_size: 256, num_layers: 3, learning_rate: 0.00026634064137773846, optimizer_name: Adam, weight_decay: 5.516964468309498e-05, batch_size: 16, label_smoothing: 0.3, factor: 1
Divergence detected. Stopping training after 10 epochs.
Early stopping at epoch 24
[I 2025-05-29 06:52:09,324] Trial 13 finished with value: 0.4217299578059072 and parameters: {'hidden_size': 32, 'num_layers': 1, 'dropout': 0.1, 'learning_rate': 0.0012970065877308161, 'weight_decay': 2.019490523150996e-06, 'batch_size': 16}. Best is trial 6 with value: 0.4809301045679692.
Trial 13: Test Accuracy = 0.4217
trial:16 hidden_size: 32, num_layers: 3, learning_rate: 8.020085156839327e-05, optimizer_name: Adam, weight_decay: 1.3650806588450602e-06, batch_size: 16, label_smoothing: 0.3, factor: 1
Divergence detected. Stopping training after 10 epochs.
Early stopping at epoch 24
[I 2025-05-29 06:52:21,226] Trial 14 finished with value: 0.46744022503516175 and parameters: {'hidden_size': 32, 'num_layers': 1, 'dropout': 0.1, 'learning_rate': 0.0004699529731287266, 'weight_decay': 1.3819577562172514e-06, 'batch_size': 16}. Best is trial 6 with value: 0.4809301045679692.
Trial 14: Test Accuracy = 0.4674
trial:17 hidden_size: 32, num_layers: 3, learning_rate: 0.00010916687552800061, optimizer_name: Adam, weight_decay: 1.0248062793558766e-06, batch_size: 16, label_smoothing: 0.3, factor: 1
[I 2025-05-29 06:54:01,960] Trial 16 finished with value: 0.4757903748547667 and parameters: {'hidden_size': 32, 'num_layers': 3, 'dropout': 0.4, 'learning_rate': 8.020085156839327e-05, 'weight_decay': 1.3650806588450602e-06, 'batch_size': 16}. Best is trial 6 with value: 0.4809301045679692.
Divergence detected. Stopping training after 10 epochs.
Early stopping at epoch 24
Trial 16: Test Accuracy = 0.4758
trial:18 hidden_size: 256, num_layers: 3, learning_rate: 3.607095794083012e-05, optimizer_name: Adam, weight_decay: 4.124751422782404e-06, batch_size: 16, label_smoothing: 0.3, factor: 1
[I 2025-05-29 06:54:03,819] Trial 15 finished with value: 0.48454412034489086 and parameters: {'hidden_size': 256, 'num_layers': 3, 'dropout': 0.1, 'learning_rate': 0.00026634064137773846, 'weight_decay': 5.516964468309498e-05, 'batch_size': 16}. Best is trial 15 with value: 0.48454412034489086.
Trial 15: Test Accuracy = 0.4845
trial:19 hidden_size: 256, num_layers: 3, learning_rate: 1.568336709765902e-05, optimizer_name: Adam, weight_decay: 3.7395417390441576e-05, batch_size: 16, label_smoothing: 0.3, factor: 1
[I 2025-05-29 06:54:16,608] Trial 17 finished with value: 0.5378584969118816 and parameters: {'hidden_size': 32, 'num_layers': 3, 'dropout': 0.4, 'learning_rate': 0.00010916687552800061, 'weight_decay': 1.0248062793558766e-06, 'batch_size': 16}. Best is trial 17 with value: 0.5378584969118816.
Trial 17: Test Accuracy = 0.5379
trial:20 hidden_size: 256, num_layers: 3, learning_rate: 1.7883876454599914e-05, optimizer_name: Adam, weight_decay: 6.357900037814713e-05, batch_size: 16, label_smoothing: 0.3, factor: 1
Divergence detected. Stopping training after 10 epochs.
Early stopping at epoch 19
[I 2025-05-29 06:56:34,728] Trial 19 finished with value: 0.45010701400354675 and parameters: {'hidden_size': 256, 'num_layers': 3, 'dropout': 0.2, 'learning_rate': 1.568336709765902e-05, 'weight_decay': 3.7395417390441576e-05, 'batch_size': 16}. Best is trial 17 with value: 0.5378584969118816.
Trial 19: Test Accuracy = 0.4501
trial:21 hidden_size: 256, num_layers: 3, learning_rate: 5.302242844399862e-05, optimizer_name: Adam, weight_decay: 5.615544698455969e-05, batch_size: 16, label_smoothing: 0.3, factor: 1
Divergence detected. Stopping training after 10 epochs.
Early stopping at epoch 23
[I 2025-05-29 06:57:17,073] Trial 20 finished with value: 0.4541827187671987 and parameters: {'hidden_size': 256, 'num_layers': 3, 'dropout': 0.4, 'learning_rate': 1.7883876454599914e-05, 'weight_decay': 6.357900037814713e-05, 'batch_size': 16}. Best is trial 17 with value: 0.5378584969118816.
Trial 20: Test Accuracy = 0.4542
trial:22 hidden_size: 256, num_layers: 3, learning_rate: 7.681230754408694e-05, optimizer_name: Adam, weight_decay: 1.8938328712945048e-05, batch_size: 16, label_smoothing: 0.3, factor: 1
[I 2025-05-29 06:57:45,877] Trial 18 finished with value: 0.4811166146884364 and parameters: {'hidden_size': 256, 'num_layers': 3, 'dropout': 0.4, 'learning_rate': 3.607095794083012e-05, 'weight_decay': 4.124751422782404e-06, 'batch_size': 16}. Best is trial 17 with value: 0.5378584969118816.
Trial 18: Test Accuracy = 0.4811
trial:23 hidden_size: 256, num_layers: 3, learning_rate: 6.227130451805968e-05, optimizer_name: Adam, weight_decay: 2.7093785717647777e-06, batch_size: 16, label_smoothing: 0.3, factor: 1
Divergence detected. Stopping training after 10 epochs.
Early stopping at epoch 16
[I 2025-05-29 06:58:57,790] Trial 21 finished with value: 0.3942579343239772 and parameters: {'hidden_size': 256, 'num_layers': 3, 'dropout': 0.4, 'learning_rate': 5.302242844399862e-05, 'weight_decay': 5.615544698455969e-05, 'batch_size': 16}. Best is trial 17 with value: 0.5378584969118816.
Trial 21: Test Accuracy = 0.3943
trial:24 hidden_size: 256, num_layers: 3, learning_rate: 5.054745218630672e-06, optimizer_name: Adam, weight_decay: 3.3286303513712925e-06, batch_size: 16, label_smoothing: 0.3, factor: 1
[I 2025-05-29 07:01:09,019] Trial 22 finished with value: 0.4265364153366355 and parameters: {'hidden_size': 256, 'num_layers': 3, 'dropout': 0.5, 'learning_rate': 7.681230754408694e-05, 'weight_decay': 1.8938328712945048e-05, 'batch_size': 16}. Best is trial 17 with value: 0.5378584969118816.
Trial 22: Test Accuracy = 0.4265
trial:25 hidden_size: 256, num_layers: 3, learning_rate: 3.3798466545052847e-06, optimizer_name: Adam, weight_decay: 3.787485446057986e-06, batch_size: 16, label_smoothing: 0.3, factor: 1
Divergence detected. Stopping training after 10 epochs.
Early stopping at epoch 28
[I 2025-05-29 07:01:35,672] Trial 23 finished with value: 0.5458906622638048 and parameters: {'hidden_size': 256, 'num_layers': 3, 'dropout': 0.5, 'learning_rate': 6.227130451805968e-05, 'weight_decay': 2.7093785717647777e-06, 'batch_size': 16}. Best is trial 23 with value: 0.5458906622638048.
Trial 23: Test Accuracy = 0.5459
trial:26 hidden_size: 512, num_layers: 3, learning_rate: 4.185647417757516e-06, optimizer_name: Adam, weight_decay: 3.3128117312032423e-06, batch_size: 16, label_smoothing: 0.3, factor: 1
[I 2025-05-29 07:03:36,691] Trial 24 finished with value: 0.5072280315538433 and parameters: {'hidden_size': 256, 'num_layers': 3, 'dropout': 0.5, 'learning_rate': 5.054745218630672e-06, 'weight_decay': 3.3286303513712925e-06, 'batch_size': 16}. Best is trial 23 with value: 0.5458906622638048.
Trial 24: Test Accuracy = 0.5072
trial:27 hidden_size: 128, num_layers: 3, learning_rate: 5.921935935343441e-06, optimizer_name: Adam, weight_decay: 2.551157950085634e-06, batch_size: 16, label_smoothing: 0.3, factor: 1
[I 2025-05-29 07:05:44,617] Trial 25 finished with value: 0.47578425976884975 and parameters: {'hidden_size': 256, 'num_layers': 3, 'dropout': 0.4, 'learning_rate': 3.3798466545052847e-06, 'weight_decay': 3.787485446057986e-06, 'batch_size': 16}. Best is trial 23 with value: 0.5458906622638048.
Trial 25: Test Accuracy = 0.4758
trial:28 hidden_size: 512, num_layers: 3, learning_rate: 3.985552049816404e-06, optimizer_name: Adam, weight_decay: 2.6367437697989786e-06, batch_size: 16, label_smoothing: 0.3, factor: 1
Divergence detected. Stopping training after 10 epochs.
Early stopping at epoch 25
[I 2025-05-29 07:05:55,253] Trial 26 finished with value: 0.452721213233046 and parameters: {'hidden_size': 512, 'num_layers': 3, 'dropout': 0.5, 'learning_rate': 4.185647417757516e-06, 'weight_decay': 3.3128117312032423e-06, 'batch_size': 16}. Best is trial 23 with value: 0.5458906622638048.
Trial 26: Test Accuracy = 0.4527
trial:29 hidden_size: 128, num_layers: 3, learning_rate: 6.686180467866274e-06, optimizer_name: Adam, weight_decay: 1.0940671884989653e-06, batch_size: 16, label_smoothing: 0.3, factor: 1
[I 2025-05-29 07:07:14,502] Trial 27 finished with value: 0.46653213477649363 and parameters: {'hidden_size': 128, 'num_layers': 3, 'dropout': 0.5, 'learning_rate': 5.921935935343441e-06, 'weight_decay': 2.551157950085634e-06, 'batch_size': 16}. Best is trial 23 with value: 0.5458906622638048.
Trial 27: Test Accuracy = 0.4665
trial:30 hidden_size: 256, num_layers: 3, learning_rate: 0.00017081266483256867, optimizer_name: Adam, weight_decay: 1.0692160496137655e-06, batch_size: 16, label_smoothing: 0.3, factor: 1
[I 2025-05-29 07:08:23,458] Trial 29 finished with value: 0.4431144132575063 and parameters: {'hidden_size': 128, 'num_layers': 3, 'dropout': 0.5, 'learning_rate': 6.686180467866274e-06, 'weight_decay': 1.0940671884989653e-06, 'batch_size': 16}. Best is trial 23 with value: 0.5458906622638048.
Trial 29: Test Accuracy = 0.4431
trial:31 hidden_size: 256, num_layers: 3, learning_rate: 0.00020183804726011523, optimizer_name: Adam, weight_decay: 1.0307741391643246e-06, batch_size: 16, label_smoothing: 0.3, factor: 1
Divergence detected. Stopping training after 10 epochs.
Early stopping at epoch 20
[I 2025-05-29 07:09:08,139] Trial 28 finished with value: 0.4504402861860209 and parameters: {'hidden_size': 512, 'num_layers': 3, 'dropout': 0.5, 'learning_rate': 3.985552049816404e-06, 'weight_decay': 2.6367437697989786e-06, 'batch_size': 16}. Best is trial 23 with value: 0.5458906622638048.
Trial 28: Test Accuracy = 0.4504
trial:32 hidden_size: 256, num_layers: 3, learning_rate: 0.00017984205285183027, optimizer_name: Adam, weight_decay: 8.19016586071977e-06, batch_size: 10, label_smoothing: 0.3, factor: 1
Divergence detected. Stopping training after 10 epochs.
Early stopping at epoch 14
[I 2025-05-29 07:09:41,044] Trial 30 finished with value: 0.4869718094539229 and parameters: {'hidden_size': 256, 'num_layers': 3, 'dropout': 0.5, 'learning_rate': 0.00017081266483256867, 'weight_decay': 1.0692160496137655e-06, 'batch_size': 16}. Best is trial 23 with value: 0.5458906622638048.
Trial 30: Test Accuracy = 0.4870
trial:33 hidden_size: 256, num_layers: 3, learning_rate: 0.00017652766204073552, optimizer_name: Adam, weight_decay: 1.0374394543844917e-06, batch_size: 16, label_smoothing: 0.3, factor: 1
Divergence detected. Stopping training after 10 epochs.
Early stopping at epoch 21
[I 2025-05-29 07:11:29,693] Trial 31 finished with value: 0.4688558674249374 and parameters: {'hidden_size': 256, 'num_layers': 3, 'dropout': 0.5, 'learning_rate': 0.00020183804726011523, 'weight_decay': 1.0307741391643246e-06, 'batch_size': 16}. Best is trial 23 with value: 0.5458906622638048.
Trial 31: Test Accuracy = 0.4689
trial:34 hidden_size: 256, num_layers: 3, learning_rate: 0.00015828163022572314, optimizer_name: Adam, weight_decay: 1.4164101746302888e-06, batch_size: 16, label_smoothing: 0.3, factor: 1
Divergence detected. Stopping training after 10 epochs.
Early stopping at epoch 14
[I 2025-05-29 07:11:44,126] Trial 32 finished with value: 0.46564850486149334 and parameters: {'hidden_size': 256, 'num_layers': 3, 'dropout': 0.5, 'learning_rate': 0.00017984205285183027, 'weight_decay': 8.19016586071977e-06, 'batch_size': 10}. Best is trial 23 with value: 0.5458906622638048.
Trial 32: Test Accuracy = 0.4656
trial:35 hidden_size: 256, num_layers: 3, learning_rate: 1.6310590776168177e-05, optimizer_name: Adam, weight_decay: 1.8190280846527862e-06, batch_size: 16, label_smoothing: 0.3, factor: 1
Divergence detected. Stopping training after 10 epochs.
Early stopping at epoch 16
[I 2025-05-29 07:11:58,256] Trial 33 finished with value: 0.4953097291016939 and parameters: {'hidden_size': 256, 'num_layers': 3, 'dropout': 0.5, 'learning_rate': 0.00017652766204073552, 'weight_decay': 1.0374394543844917e-06, 'batch_size': 16}. Best is trial 23 with value: 0.5458906622638048.
Trial 33: Test Accuracy = 0.4953
trial:36 hidden_size: 64, num_layers: 3, learning_rate: 2.034755435419094e-05, optimizer_name: Adam, weight_decay: 1.6502712188531186e-06, batch_size: 16, label_smoothing: 0.3, factor: 1
Divergence detected. Stopping training after 10 epochs.
Early stopping at epoch 26
[I 2025-05-29 07:14:35,402] Trial 35 finished with value: 0.5080291078089648 and parameters: {'hidden_size': 256, 'num_layers': 3, 'dropout': 0.4, 'learning_rate': 1.6310590776168177e-05, 'weight_decay': 1.8190280846527862e-06, 'batch_size': 16}. Best is trial 23 with value: 0.5458906622638048.
Trial 35: Test Accuracy = 0.5080
trial:37 hidden_size: 64, num_layers: 3, learning_rate: 1.2779244638936786e-06, optimizer_name: Adam, weight_decay: 1.923317509835789e-06, batch_size: 32, label_smoothing: 0.3, factor: 1
[I 2025-05-29 07:14:45,301] Trial 34 finished with value: 0.4655904115452822 and parameters: {'hidden_size': 256, 'num_layers': 3, 'dropout': 0.5, 'learning_rate': 0.00015828163022572314, 'weight_decay': 1.4164101746302888e-06, 'batch_size': 16}. Best is trial 23 with value: 0.5458906622638048.
Trial 34: Test Accuracy = 0.4656
trial:38 hidden_size: 64, num_layers: 2, learning_rate: 1.2274357307801657e-06, optimizer_name: Adam, weight_decay: 1.3796142896443128e-05, batch_size: 32, label_smoothing: 0.3, factor: 1
[I 2025-05-29 07:14:50,905] Trial 36 finished with value: 0.5221213233045925 and parameters: {'hidden_size': 64, 'num_layers': 3, 'dropout': 0.4, 'learning_rate': 2.034755435419094e-05, 'weight_decay': 1.6502712188531186e-06, 'batch_size': 16}. Best is trial 23 with value: 0.5458906622638048.
Trial 36: Test Accuracy = 0.5221
trial:39 hidden_size: 64, num_layers: 2, learning_rate: 1.5384231480925187e-06, optimizer_name: Adam, weight_decay: 1.6570803729503728e-06, batch_size: 32, label_smoothing: 0.3, factor: 1
Divergence detected. Stopping training after 10 epochs.
Early stopping at epoch 10
[I 2025-05-29 07:15:26,669] Trial 39 finished with value: 0.33473980309423346 and parameters: {'hidden_size': 64, 'num_layers': 2, 'dropout': 0.4, 'learning_rate': 1.5384231480925187e-06, 'weight_decay': 1.6570803729503728e-06, 'batch_size': 32}. Best is trial 23 with value: 0.5458906622638048.
Trial 39: Test Accuracy = 0.3347
trial:40 hidden_size: 64, num_layers: 2, learning_rate: 2.3412547659517785e-05, optimizer_name: Adam, weight_decay: 1.4264299556545916e-05, batch_size: 16, label_smoothing: 0.3, factor: 1
Divergence detected. Stopping training after 10 epochs.
Early stopping at epoch 26
[I 2025-05-29 07:16:02,123] Trial 37 finished with value: 0.3333333333333333 and parameters: {'hidden_size': 64, 'num_layers': 3, 'dropout': 0.4, 'learning_rate': 1.2779244638936786e-06, 'weight_decay': 1.923317509835789e-06, 'batch_size': 32}. Best is trial 23 with value: 0.5458906622638048.
Trial 37: Test Accuracy = 0.3333
trial:41 hidden_size: 64, num_layers: 2, learning_rate: 2.7440562655956753e-05, optimizer_name: Adam, weight_decay: 1.3620703630478439e-05, batch_size: 10, label_smoothing: 0.3, factor: 1
[I 2025-05-29 07:16:20,224] Trial 38 finished with value: 0.3997584541062802 and parameters: {'hidden_size': 64, 'num_layers': 2, 'dropout': 0.4, 'learning_rate': 1.2274357307801657e-06, 'weight_decay': 1.3796142896443128e-05, 'batch_size': 32}. Best is trial 23 with value: 0.5458906622638048.
Trial 38: Test Accuracy = 0.3998
trial:42 hidden_size: 64, num_layers: 4, learning_rate: 2.6799918542826326e-05, optimizer_name: Adam, weight_decay: 5.759800224374591e-06, batch_size: 10, label_smoothing: 0.3, factor: 1
Divergence detected. Stopping training after 10 epochs.
Early stopping at epoch 27
