[I 2025-05-08 17:01:40,908] Trial 112 finished with value: 0.448112191037188 and parameters: {'ff_dim': 64, 'dropout_rate': 0.15819813687382286, 'embed_dim': 32, 'learning_rate': 4.749132972161664e-05, 'weight_decay': 5.6384258840487565e-06, 'batch_size': 10, 'num_heads': 16, 'num_transformer_blocks': 8}. Best is trial 55 with value: 0.48925222855532075.
Trial 112, Fold 5: Test Accuracy = 0.4055
Trial 112: Mean Accuracy = 0.4481, Fold Accuracies = [np.float64(0.4591450216450217), np.float64(0.3973373090604729), np.float64(0.5636775362318841), np.float64(0.4149496336996337), np.float64(0.40545145454892745)]
Hyperparameters: num_heads=8, num_transformer_blocks=8, learning_rate=5.1084773960116755e-06, optimizer=Adam, weight_decay=3.977843134952082e-05, batch_size=10,factor=1
Divergence detected. Stopping training after 10 epochs.
Early stopping at epoch 10
Trial 114, Fold 1: Test Accuracy = 0.4049
[I 2025-05-08 17:02:46,748] Trial 113 finished with value: 0.44856057685196743 and parameters: {'ff_dim': 64, 'dropout_rate': 0.1681778481657884, 'embed_dim': 32, 'learning_rate': 4.489325051161354e-05, 'weight_decay': 1.915116252651401e-05, 'batch_size': 10, 'num_heads': 16, 'num_transformer_blocks': 8}. Best is trial 55 with value: 0.48925222855532075.
Trial 113, Fold 5: Test Accuracy = 0.4084
Trial 113: Mean Accuracy = 0.4486, Fold Accuracies = [np.float64(0.5046897546897547), np.float64(0.3852401129943503), np.float64(0.547463768115942), np.float64(0.39697802197802196), np.float64(0.408431226481768)]
Hyperparameters: num_heads=2, num_transformer_blocks=8, learning_rate=6.605932529946096e-05, optimizer=Adam, weight_decay=3.853360785775571e-05, batch_size=10,factor=1
Divergence detected. Stopping training after 10 epochs.
Early stopping at epoch 20
Trial 115, Fold 1: Test Accuracy = 0.5085
Trial 114, Fold 2: Test Accuracy = 0.4211
Divergence detected. Stopping training after 10 epochs.
Early stopping at epoch 11
Trial 115, Fold 2: Test Accuracy = 0.3760
Divergence detected. Stopping training after 10 epochs.
Early stopping at epoch 17
Trial 115, Fold 3: Test Accuracy = 0.5257
Trial 114, Fold 3: Test Accuracy = 0.5333
Divergence detected. Stopping training after 10 epochs.
Early stopping at epoch 15
Trial 115, Fold 4: Test Accuracy = 0.4271
Divergence detected. Stopping training after 10 epochs.
Early stopping at epoch 20
Trial 114, Fold 4: Test Accuracy = 0.3647
Divergence detected. Stopping training after 10 epochs.
Early stopping at epoch 12
[I 2025-05-08 17:08:33,684] Trial 115 finished with value: 0.44726992291288425 and parameters: {'ff_dim': 64, 'dropout_rate': 0.25972129300111807, 'embed_dim': 64, 'learning_rate': 6.605932529946096e-05, 'weight_decay': 3.853360785775571e-05, 'batch_size': 10, 'num_heads': 2, 'num_transformer_blocks': 8}. Best is trial 55 with value: 0.48925222855532075.
Trial 115, Fold 5: Test Accuracy = 0.3991
Trial 115: Mean Accuracy = 0.4473, Fold Accuracies = [np.float64(0.5084776334776334), np.float64(0.3759677756852898), np.float64(0.5256944444444445), np.float64(0.4270960520960521), np.float64(0.3991137088610013)]
Hyperparameters: num_heads=4, num_transformer_blocks=8, learning_rate=0.00019135627823829037, optimizer=Adam, weight_decay=4.543263505338354e-06, batch_size=10,factor=1
Divergence detected. Stopping training after 10 epochs.
Early stopping at epoch 14
[I 2025-05-08 17:09:18,969] Trial 114 finished with value: 0.4290453234996005 and parameters: {'ff_dim': 64, 'dropout_rate': 0.16903099826067283, 'embed_dim': 64, 'learning_rate': 5.1084773960116755e-06, 'weight_decay': 3.977843134952082e-05, 'batch_size': 10, 'num_heads': 8, 'num_transformer_blocks': 8}. Best is trial 55 with value: 0.48925222855532075.
Trial 114, Fold 5: Test Accuracy = 0.4211
Trial 114: Mean Accuracy = 0.4290, Fold Accuracies = [np.float64(0.40494227994227994), np.float64(0.4211197426239799), np.float64(0.5333333333333333), np.float64(0.3646978021978022), np.float64(0.42113345940060737)]
Hyperparameters: num_heads=4, num_transformer_blocks=4, learning_rate=0.00019231216726674124, optimizer=Adam, weight_decay=2.523599082423066e-05, batch_size=10,factor=1
Divergence detected. Stopping training after 10 epochs.
Early stopping at epoch 11
Trial 116, Fold 1: Test Accuracy = 0.4118
Divergence detected. Stopping training after 10 epochs.
Early stopping at epoch 22
Trial 117, Fold 1: Test Accuracy = 0.4775
Divergence detected. Stopping training after 10 epochs.
Early stopping at epoch 29
Trial 116, Fold 2: Test Accuracy = 0.3989
Divergence detected. Stopping training after 10 epochs.
Early stopping at epoch 11
Trial 117, Fold 2: Test Accuracy = 0.4410
Divergence detected. Stopping training after 10 epochs.
Early stopping at epoch 20
Trial 116, Fold 3: Test Accuracy = 0.5565
Divergence detected. Stopping training after 10 epochs.
Early stopping at epoch 18
Trial 117, Fold 3: Test Accuracy = 0.4654
Divergence detected. Stopping training after 10 epochs.
Early stopping at epoch 18
Trial 116, Fold 4: Test Accuracy = 0.4727
Divergence detected. Stopping training after 10 epochs.
Early stopping at epoch 20
Trial 117, Fold 4: Test Accuracy = 0.4589
Divergence detected. Stopping training after 10 epochs.
Early stopping at epoch 16
[I 2025-05-08 17:15:45,452] Trial 117 finished with value: 0.45521931671394344 and parameters: {'ff_dim': 32, 'dropout_rate': 0.16288658080204196, 'embed_dim': 256, 'learning_rate': 0.00019231216726674124, 'weight_decay': 2.523599082423066e-05, 'batch_size': 10, 'num_heads': 4, 'num_transformer_blocks': 4}. Best is trial 55 with value: 0.48925222855532075.
Trial 117, Fold 5: Test Accuracy = 0.4333
Trial 117: Mean Accuracy = 0.4552, Fold Accuracies = [np.float64(0.4774531024531025), np.float64(0.4410310734463277), np.float64(0.4654287439613527), np.float64(0.45886752136752135), np.float64(0.4333161423414131)]
Hyperparameters: num_heads=4, num_transformer_blocks=4, learning_rate=0.00020921142391111628, optimizer=Adam, weight_decay=2.6024639631947746e-05, batch_size=16,factor=1
Divergence detected. Stopping training after 10 epochs.
Early stopping at epoch 27
[I 2025-05-08 17:16:24,605] Trial 116 finished with value: 0.44880043268209613 and parameters: {'ff_dim': 32, 'dropout_rate': 0.2676791584326428, 'embed_dim': 64, 'learning_rate': 0.00019135627823829037, 'weight_decay': 4.543263505338354e-06, 'batch_size': 10, 'num_heads': 4, 'num_transformer_blocks': 8}. Best is trial 55 with value: 0.48925222855532075.
Trial 116, Fold 5: Test Accuracy = 0.4042
Trial 116: Mean Accuracy = 0.4488, Fold Accuracies = [np.float64(0.41179653679653677), np.float64(0.3989001360117179), np.float64(0.5564613526570047), np.float64(0.4726800976800977), np.float64(0.40416404026512326)]
Hyperparameters: num_heads=4, num_transformer_blocks=4, learning_rate=0.0003818981986106918, optimizer=Adam, weight_decay=3.157489345217692e-05, batch_size=16,factor=1
Divergence detected. Stopping training after 10 epochs.
Early stopping at epoch 10
Trial 118, Fold 1: Test Accuracy = 0.3651
Divergence detected. Stopping training after 10 epochs.
Early stopping at epoch 21
Trial 119, Fold 1: Test Accuracy = 0.3464
Divergence detected. Stopping training after 10 epochs.
Early stopping at epoch 25
Trial 118, Fold 2: Test Accuracy = 0.4868
Divergence detected. Stopping training after 10 epochs.
Early stopping at epoch 14
Trial 119, Fold 2: Test Accuracy = 0.4303
Divergence detected. Stopping training after 10 epochs.
Early stopping at epoch 19
Trial 118, Fold 3: Test Accuracy = 0.5607
Divergence detected. Stopping training after 10 epochs.
Early stopping at epoch 25
Trial 119, Fold 3: Test Accuracy = 0.4667
Divergence detected. Stopping training after 10 epochs.
Early stopping at epoch 21
Trial 118, Fold 4: Test Accuracy = 0.4772
Divergence detected. Stopping training after 10 epochs.
Early stopping at epoch 12
[I 2025-05-08 17:21:58,438] Trial 118 finished with value: 0.4578599711249033 and parameters: {'ff_dim': 32, 'dropout_rate': 0.14445795411919, 'embed_dim': 256, 'learning_rate': 0.00020921142391111628, 'weight_decay': 2.6024639631947746e-05, 'batch_size': 16, 'num_heads': 4, 'num_transformer_blocks': 4}. Best is trial 55 with value: 0.48925222855532075.
Trial 118, Fold 5: Test Accuracy = 0.3996
Trial 118: Mean Accuracy = 0.4579, Fold Accuracies = [np.float64(0.36507936507936506), np.float64(0.4867650136011718), np.float64(0.5607185990338164), np.float64(0.47715710215710216), np.float64(0.399579775753061)]
Hyperparameters: num_heads=4, num_transformer_blocks=4, learning_rate=0.0004263038054798882, optimizer=Adam, weight_decay=1.5788489120874556e-05, batch_size=16,factor=1
Trial 119, Fold 4: Test Accuracy = 0.4411
Divergence detected. Stopping training after 10 epochs.
Early stopping at epoch 29
Trial 120, Fold 1: Test Accuracy = 0.4545
Divergence detected. Stopping training after 10 epochs.
Early stopping at epoch 25
[I 2025-05-08 17:24:29,327] Trial 119 finished with value: 0.4086520429397759 and parameters: {'ff_dim': 32, 'dropout_rate': 0.1722488210141193, 'embed_dim': 256, 'learning_rate': 0.0003818981986106918, 'weight_decay': 3.157489345217692e-05, 'batch_size': 16, 'num_heads': 4, 'num_transformer_blocks': 4}. Best is trial 55 with value: 0.48925222855532075.
Trial 119, Fold 5: Test Accuracy = 0.3587
Trial 119: Mean Accuracy = 0.4087, Fold Accuracies = [np.float64(0.3464105339105339), np.float64(0.43029399455953127), np.float64(0.4666968599033816), np.float64(0.4411248473748474), np.float64(0.35873397895058545)]
Hyperparameters: num_heads=4, num_transformer_blocks=4, learning_rate=0.00042318866086719947, optimizer=Adam, weight_decay=0.00018190504157724273, batch_size=16,factor=1
Divergence detected. Stopping training after 10 epochs.
Early stopping at epoch 22
Trial 120, Fold 2: Test Accuracy = 0.4297
Divergence detected. Stopping training after 10 epochs.
Early stopping at epoch 17
Trial 121, Fold 1: Test Accuracy = 0.4088
Divergence detected. Stopping training after 10 epochs.
Early stopping at epoch 10
Trial 121, Fold 2: Test Accuracy = 0.3527
Divergence detected. Stopping training after 10 epochs.
Early stopping at epoch 20
Trial 120, Fold 3: Test Accuracy = 0.5665
Divergence detected. Stopping training after 10 epochs.
Early stopping at epoch 13
Trial 121, Fold 3: Test Accuracy = 0.3841
Divergence detected. Stopping training after 10 epochs.
Early stopping at epoch 15
Trial 120, Fold 4: Test Accuracy = 0.4688
Divergence detected. Stopping training after 10 epochs.
Early stopping at epoch 10
[I 2025-05-08 17:28:46,014] Trial 120 finished with value: 0.46448212817892875 and parameters: {'ff_dim': 32, 'dropout_rate': 0.13794509019694567, 'embed_dim': 256, 'learning_rate': 0.0004263038054798882, 'weight_decay': 1.5788489120874556e-05, 'batch_size': 16, 'num_heads': 4, 'num_transformer_blocks': 4}. Best is trial 55 with value: 0.48925222855532075.
Trial 120, Fold 5: Test Accuracy = 0.4029
Trial 120: Mean Accuracy = 0.4645, Fold Accuracies = [np.float64(0.4545454545454546), np.float64(0.4297250993931785), np.float64(0.5664855072463767), np.float64(0.46880087505087514), np.float64(0.4028537046587588)]
Hyperparameters: num_heads=4, num_transformer_blocks=4, learning_rate=0.000232575983573029, optimizer=Adam, weight_decay=2.3267948455640763e-05, batch_size=16,factor=1
Divergence detected. Stopping training after 10 epochs.
Early stopping at epoch 25
Trial 121, Fold 4: Test Accuracy = 0.4717
Divergence detected. Stopping training after 10 epochs.
Early stopping at epoch 15
Trial 122, Fold 1: Test Accuracy = 0.5035
Divergence detected. Stopping training after 10 epochs.
Early stopping at epoch 21
[I 2025-05-08 17:30:42,240] Trial 121 finished with value: 0.4102581775319494 and parameters: {'ff_dim': 32, 'dropout_rate': 0.1426731790172658, 'embed_dim': 256, 'learning_rate': 0.00042318866086719947, 'weight_decay': 0.00018190504157724273, 'batch_size': 16, 'num_heads': 4, 'num_transformer_blocks': 4}. Best is trial 55 with value: 0.48925222855532075.
Trial 121, Fold 5: Test Accuracy = 0.4340
Trial 121: Mean Accuracy = 0.4103, Fold Accuracies = [np.float64(0.4088203463203463), np.float64(0.35274115923833443), np.float64(0.38405797101449274), np.float64(0.4717134717134717), np.float64(0.43395793937310173)]
Hyperparameters: num_heads=4, num_transformer_blocks=4, learning_rate=0.0002464957787334111, optimizer=Adam, weight_decay=1.6739212062847114e-05, batch_size=16,factor=1
Divergence detected. Stopping training after 10 epochs.
Early stopping at epoch 20
Trial 122, Fold 2: Test Accuracy = 0.4115
Divergence detected. Stopping training after 10 epochs.
Early stopping at epoch 20
Trial 123, Fold 1: Test Accuracy = 0.4648
Divergence detected. Stopping training after 10 epochs.
Early stopping at epoch 20
Trial 122, Fold 3: Test Accuracy = 0.4784
Divergence detected. Stopping training after 10 epochs.
Early stopping at epoch 14
Trial 122, Fold 4: Test Accuracy = 0.4411
Divergence detected. Stopping training after 10 epochs.
Early stopping at epoch 26
Trial 123, Fold 2: Test Accuracy = 0.3438
Divergence detected. Stopping training after 10 epochs.
Early stopping at epoch 10
Trial 123, Fold 3: Test Accuracy = 0.5349
Divergence detected. Stopping training after 10 epochs.
Early stopping at epoch 20
[I 2025-05-08 17:35:05,391] Trial 122 finished with value: 0.45843325056384626 and parameters: {'ff_dim': 32, 'dropout_rate': 0.1407487341406242, 'embed_dim': 256, 'learning_rate': 0.000232575983573029, 'weight_decay': 2.3267948455640763e-05, 'batch_size': 16, 'num_heads': 4, 'num_transformer_blocks': 4}. Best is trial 55 with value: 0.48925222855532075.
Trial 122, Fold 5: Test Accuracy = 0.4576
Trial 122: Mean Accuracy = 0.4584, Fold Accuracies = [np.float64(0.503517316017316), np.float64(0.4115466101694915), np.float64(0.47841183574879226), np.float64(0.4411121286121286), np.float64(0.45757836227150306)]
Hyperparameters: num_heads=4, num_transformer_blocks=4, learning_rate=0.0006901423848235135, optimizer=Adam, weight_decay=1.5844722879492793e-05, batch_size=16,factor=1
Divergence detected. Stopping training after 10 epochs.
Early stopping at epoch 10
Trial 124, Fold 1: Test Accuracy = 0.3502
Trial 123, Fold 4: Test Accuracy = 0.4424
Divergence detected. Stopping training after 10 epochs.
Early stopping at epoch 13
Trial 124, Fold 2: Test Accuracy = 0.3333
Divergence detected. Stopping training after 10 epochs.
Early stopping at epoch 24
[I 2025-05-08 17:38:27,919] Trial 123 finished with value: 0.44353153629130715 and parameters: {'ff_dim': 32, 'dropout_rate': 0.130113353367044, 'embed_dim': 256, 'learning_rate': 0.0002464957787334111, 'weight_decay': 1.6739212062847114e-05, 'batch_size': 16, 'num_heads': 4, 'num_transformer_blocks': 4}. Best is trial 55 with value: 0.48925222855532075.
Trial 123, Fold 5: Test Accuracy = 0.4318
Trial 123: Mean Accuracy = 0.4435, Fold Accuracies = [np.float64(0.4648268398268398), np.float64(0.34375), np.float64(0.5348731884057971), np.float64(0.4424348799348799), np.float64(0.4317727732890188)]
Hyperparameters: num_heads=4, num_transformer_blocks=4, learning_rate=0.0006682444449383952, optimizer=Adam, weight_decay=1.3634161356483771e-05, batch_size=16,factor=1
Divergence detected. Stopping training after 10 epochs.
Early stopping at epoch 26
Trial 124, Fold 3: Test Accuracy = 0.4630
Divergence detected. Stopping training after 10 epochs.
Early stopping at epoch 12
Trial 125, Fold 1: Test Accuracy = 0.4096
Divergence detected. Stopping training after 10 epochs.
Early stopping at epoch 10
Trial 125, Fold 2: Test Accuracy = 0.3569
Divergence detected. Stopping training after 10 epochs.
Early stopping at epoch 25
Trial 124, Fold 4: Test Accuracy = 0.4592
Divergence detected. Stopping training after 10 epochs.
Early stopping at epoch 12
[I 2025-05-08 17:41:23,495] Trial 124 finished with value: 0.39703063752898937 and parameters: {'ff_dim': 32, 'dropout_rate': 0.12990708959292202, 'embed_dim': 256, 'learning_rate': 0.0006901423848235135, 'weight_decay': 1.5844722879492793e-05, 'batch_size': 16, 'num_heads': 4, 'num_transformer_blocks': 4}. Best is trial 55 with value: 0.48925222855532075.
Trial 124, Fold 5: Test Accuracy = 0.3794
Trial 124: Mean Accuracy = 0.3970, Fold Accuracies = [np.float64(0.35019841269841273), np.float64(0.3333333333333333), np.float64(0.4630434782608695), np.float64(0.45917277167277165), np.float64(0.37940519167955983)]
Hyperparameters: num_heads=4, num_transformer_blocks=4, learning_rate=0.0010416509822748624, optimizer=Adam, weight_decay=1.3352318579368315e-05, batch_size=16,factor=1
Divergence detected. Stopping training after 10 epochs.
Early stopping at epoch 18
Trial 125, Fold 3: Test Accuracy = 0.5490
Divergence detected. Stopping training after 10 epochs.
Early stopping at epoch 11
Trial 125, Fold 4: Test Accuracy = 0.3442
Divergence detected. Stopping training after 10 epochs.
Early stopping at epoch 13
[I 2025-05-08 17:43:15,644] Trial 125 finished with value: 0.41459635480045104 and parameters: {'ff_dim': 32, 'dropout_rate': 0.13622686447579974, 'embed_dim': 256, 'learning_rate': 0.0006682444449383952, 'weight_decay': 1.3634161356483771e-05, 'batch_size': 16, 'num_heads': 4, 'num_transformer_blocks': 4}. Best is trial 55 with value: 0.48925222855532075.
Trial 125, Fold 5: Test Accuracy = 0.4132
Trial 125: Mean Accuracy = 0.4146, Fold Accuracies = [np.float64(0.4096320346320346), np.float64(0.3569326741996233), np.float64(0.5489734299516909), np.float64(0.344233312983313), np.float64(0.413210322235593)]
Hyperparameters: num_heads=4, num_transformer_blocks=4, learning_rate=0.00012722362827294128, optimizer=Adam, weight_decay=1.0684032324570051e-05, batch_size=16,factor=1
Trial 126, Fold 1: Test Accuracy = 0.4058
Divergence detected. Stopping training after 10 epochs.
Early stopping at epoch 11
Trial 126, Fold 2: Test Accuracy = 0.3333
Divergence detected. Stopping training after 10 epochs.
Early stopping at epoch 10
Trial 126, Fold 3: Test Accuracy = 0.3333
Trial 127, Fold 1: Test Accuracy = 0.4948
Divergence detected. Stopping training after 10 epochs.
Early stopping at epoch 10
Trial 127, Fold 2: Test Accuracy = 0.3611
Divergence detected. Stopping training after 10 epochs.
Early stopping at epoch 16
Trial 126, Fold 4: Test Accuracy = 0.3333
Divergence detected. Stopping training after 10 epochs.
Early stopping at epoch 11
[I 2025-05-08 17:46:59,501] Trial 126 finished with value: 0.3478354978354978 and parameters: {'ff_dim': 32, 'dropout_rate': 0.14798268553961197, 'embed_dim': 256, 'learning_rate': 0.0010416509822748624, 'weight_decay': 1.3352318579368315e-05, 'batch_size': 16, 'num_heads': 4, 'num_transformer_blocks': 4}. Best is trial 55 with value: 0.48925222855532075.
Trial 126, Fold 5: Test Accuracy = 0.3333
Trial 126: Mean Accuracy = 0.3478, Fold Accuracies = [np.float64(0.4058441558441559), np.float64(0.3333333333333333), np.float64(0.3333333333333333), np.float64(0.3333333333333333), np.float64(0.3333333333333333)]
Hyperparameters: num_heads=4, num_transformer_blocks=4, learning_rate=0.00027867322034616786, optimizer=Adam, weight_decay=1.013501659830204e-05, batch_size=16,factor=1
Divergence detected. Stopping training after 10 epochs.
Early stopping at epoch 20
Trial 127, Fold 3: Test Accuracy = 0.5781
Divergence detected. Stopping training after 10 epochs.
Early stopping at epoch 11
Trial 128, Fold 1: Test Accuracy = 0.4398
Divergence detected. Stopping training after 10 epochs.
Early stopping at epoch 14
Trial 127, Fold 4: Test Accuracy = 0.4374
Divergence detected. Stopping training after 10 epochs.
Early stopping at epoch 11
Trial 128, Fold 2: Test Accuracy = 0.4164
Divergence detected. Stopping training after 10 epochs.
Early stopping at epoch 26
[I 2025-05-08 17:50:16,803] Trial 127 finished with value: 0.4333401380428927 and parameters: {'ff_dim': 32, 'dropout_rate': 0.14698355455930384, 'embed_dim': 256, 'learning_rate': 0.00012722362827294128, 'weight_decay': 1.0684032324570051e-05, 'batch_size': 16, 'num_heads': 4, 'num_transformer_blocks': 4}. Best is trial 55 with value: 0.48925222855532075.
Trial 127, Fold 5: Test Accuracy = 0.2953
Trial 127: Mean Accuracy = 0.4333, Fold Accuracies = [np.float64(0.49476911976911975), np.float64(0.36111111111111116), np.float64(0.5780797101449275), np.float64(0.4374109686609686), np.float64(0.2953297805283365)]
Hyperparameters: num_heads=2, num_transformer_blocks=4, learning_rate=0.00026205664800667977, optimizer=Adam, weight_decay=2.380692119388364e-05, batch_size=16,factor=1
Trial 128, Fold 3: Test Accuracy = 0.4409
Divergence detected. Stopping training after 10 epochs.
Early stopping at epoch 10
Trial 129, Fold 1: Test Accuracy = 0.4650
Divergence detected. Stopping training after 10 epochs.
Early stopping at epoch 11
Divergence detected. Stopping training after 10 epochs.
Early stopping at epoch 16
Trial 129, Fold 2: Test Accuracy = 0.3983
Trial 128, Fold 4: Test Accuracy = 0.4455
Divergence detected. Stopping training after 10 epochs.
Early stopping at epoch 10
Trial 129, Fold 3: Test Accuracy = 0.5410
Divergence detected. Stopping training after 10 epochs.
Early stopping at epoch 22
