[I 2025-05-08 13:21:08,223] Trial 47 finished with value: 0.3955146461981724 and parameters: {'ff_dim': 128, 'dropout_rate': 0.19755191972458702, 'embed_dim': 128, 'learning_rate': 6.1636464220558125e-06, 'weight_decay': 2.2073785300813678e-06, 'batch_size': 32, 'num_heads': 4, 'num_transformer_blocks': 32}. Best is trial 19 with value: 0.4606266643484158.
Trial 47, Fold 5: Test Accuracy = 0.3567
Trial 47: Mean Accuracy = 0.3955, Fold Accuracies = [np.float64(0.3931277056277056), np.float64(0.362543157564344), np.float64(0.4982185990338164), np.float64(0.3669363044363044), np.float64(0.3567474643286917)]
Hyperparameters: num_heads=16, num_transformer_blocks=1, learning_rate=4.338215343355629e-07, optimizer=Adam, weight_decay=1.1102678997586836e-05, batch_size=10,factor=1
Divergence detected. Stopping training after 10 epochs.
Early stopping at epoch 16
Trial 50, Fold 1: Test Accuracy = 0.4049
Trial 49, Fold 3: Test Accuracy = 0.5466
Divergence detected. Stopping training after 10 epochs.
Early stopping at epoch 24
Trial 50, Fold 2: Test Accuracy = 0.3738
Divergence detected. Stopping training after 10 epochs.
Early stopping at epoch 18
Trial 49, Fold 4: Test Accuracy = 0.4279
Divergence detected. Stopping training after 10 epochs.
Early stopping at epoch 10
Trial 50, Fold 3: Test Accuracy = 0.4520
Divergence detected. Stopping training after 10 epochs.
Early stopping at epoch 27
[I 2025-05-08 13:26:03,036] Trial 49 finished with value: 0.45238008603863056 and parameters: {'ff_dim': 512, 'dropout_rate': 0.19679150600471357, 'embed_dim': 64, 'learning_rate': 0.00012953354783644096, 'weight_decay': 3.8832516840890815e-05, 'batch_size': 10, 'num_heads': 4, 'num_transformer_blocks': 1}. Best is trial 19 with value: 0.4606266643484158.
Trial 49, Fold 5: Test Accuracy = 0.4236
Trial 49: Mean Accuracy = 0.4524, Fold Accuracies = [np.float64(0.43885281385281383), np.float64(0.42487968194182885), np.float64(0.5466183574879228), np.float64(0.42791005291005285), np.float64(0.4236395240005348)]
Hyperparameters: num_heads=16, num_transformer_blocks=1, learning_rate=0.00010188544071899756, optimizer=Adam, weight_decay=4.852072962133658e-05, batch_size=10,factor=1
Divergence detected. Stopping training after 10 epochs.
Early stopping at epoch 27
Trial 50, Fold 4: Test Accuracy = 0.3562
Divergence detected. Stopping training after 10 epochs.
Early stopping at epoch 10
Trial 51, Fold 1: Test Accuracy = 0.4435
Divergence detected. Stopping training after 10 epochs.
Early stopping at epoch 12
[I 2025-05-08 13:27:11,174] Trial 50 finished with value: 0.383897616604259 and parameters: {'ff_dim': 32, 'dropout_rate': 0.25890507873510077, 'embed_dim': 64, 'learning_rate': 4.338215343355629e-07, 'weight_decay': 1.1102678997586836e-05, 'batch_size': 10, 'num_heads': 16, 'num_transformer_blocks': 1}. Best is trial 19 with value: 0.4606266643484158.
Trial 50, Fold 5: Test Accuracy = 0.3326
Trial 50: Mean Accuracy = 0.3839, Fold Accuracies = [np.float64(0.40485209235209235), np.float64(0.3738098974680895), np.float64(0.4519927536231884), np.float64(0.3562143874643875), np.float64(0.3326189521135369)]
Hyperparameters: num_heads=4, num_transformer_blocks=1, learning_rate=0.00013382911644244726, optimizer=Adam, weight_decay=4.746142800204975e-05, batch_size=10,factor=1
Divergence detected. Stopping training after 10 epochs.
Early stopping at epoch 14
Trial 51, Fold 2: Test Accuracy = 0.3645
Divergence detected. Stopping training after 10 epochs.
Early stopping at epoch 20
Trial 52, Fold 1: Test Accuracy = 0.4379
Divergence detected. Stopping training after 10 epochs.
Early stopping at epoch 18
Trial 51, Fold 3: Test Accuracy = 0.4214
Divergence detected. Stopping training after 10 epochs.
Early stopping at epoch 26
Trial 52, Fold 2: Test Accuracy = 0.3828
Trial 51, Fold 4: Test Accuracy = 0.4354
Divergence detected. Stopping training after 10 epochs.
Early stopping at epoch 19
Trial 52, Fold 3: Test Accuracy = 0.5090
[I 2025-05-08 13:32:49,987] Trial 51 finished with value: 0.4124737010918903 and parameters: {'ff_dim': 512, 'dropout_rate': 0.1976799733408441, 'embed_dim': 64, 'learning_rate': 0.00010188544071899756, 'weight_decay': 4.852072962133658e-05, 'batch_size': 10, 'num_heads': 16, 'num_transformer_blocks': 1}. Best is trial 19 with value: 0.4606266643484158.
Trial 51, Fold 5: Test Accuracy = 0.3975
Trial 51: Mean Accuracy = 0.4125, Fold Accuracies = [np.float64(0.4435425685425685), np.float64(0.3645244821092279), np.float64(0.4213768115942029), np.float64(0.4353886853886854), np.float64(0.39753595782476653)]
Hyperparameters: num_heads=4, num_transformer_blocks=1, learning_rate=0.00018276521261747982, optimizer=Adam, weight_decay=9.627836026079373e-05, batch_size=10,factor=1
Divergence detected. Stopping training after 10 epochs.
Early stopping at epoch 21
Trial 52, Fold 4: Test Accuracy = 0.3943
Divergence detected. Stopping training after 10 epochs.
Early stopping at epoch 11
Trial 53, Fold 1: Test Accuracy = 0.4774
Divergence detected. Stopping training after 10 epochs.
Early stopping at epoch 19
[I 2025-05-08 13:34:15,839] Trial 52 finished with value: 0.4224996030017647 and parameters: {'ff_dim': 512, 'dropout_rate': 0.19586510897313358, 'embed_dim': 64, 'learning_rate': 0.00013382911644244726, 'weight_decay': 4.746142800204975e-05, 'batch_size': 10, 'num_heads': 4, 'num_transformer_blocks': 1}. Best is trial 19 with value: 0.4606266643484158.
Trial 52, Fold 5: Test Accuracy = 0.3886
Trial 52: Mean Accuracy = 0.4225, Fold Accuracies = [np.float64(0.43786075036075034), np.float64(0.38279451768152334), np.float64(0.5089975845410628), np.float64(0.394294363044363), np.float64(0.3885507993811243)]
Hyperparameters: num_heads=4, num_transformer_blocks=1, learning_rate=0.0004887263080865231, optimizer=Adam, weight_decay=9.449013634586874e-05, batch_size=10,factor=1
Divergence detected. Stopping training after 10 epochs.
Early stopping at epoch 15
Trial 53, Fold 2: Test Accuracy = 0.4555
Divergence detected. Stopping training after 10 epochs.
Early stopping at epoch 14
Trial 54, Fold 1: Test Accuracy = 0.4171
Divergence detected. Stopping training after 10 epochs.
Early stopping at epoch 10
Trial 54, Fold 2: Test Accuracy = 0.3931
Divergence detected. Stopping training after 10 epochs.
Early stopping at epoch 20
Trial 53, Fold 3: Test Accuracy = 0.5235
Divergence detected. Stopping training after 10 epochs.
Early stopping at epoch 11
Trial 53, Fold 4: Test Accuracy = 0.3980
Divergence detected. Stopping training after 10 epochs.
Early stopping at epoch 23
Trial 54, Fold 3: Test Accuracy = 0.5487
Divergence detected. Stopping training after 10 epochs.
Early stopping at epoch 16
[I 2025-05-08 13:37:56,118] Trial 53 finished with value: 0.4391495502845662 and parameters: {'ff_dim': 512, 'dropout_rate': 0.17286048295059828, 'embed_dim': 64, 'learning_rate': 0.00018276521261747982, 'weight_decay': 9.627836026079373e-05, 'batch_size': 10, 'num_heads': 4, 'num_transformer_blocks': 1}. Best is trial 19 with value: 0.4606266643484158.
Trial 53, Fold 5: Test Accuracy = 0.3414
Trial 53: Mean Accuracy = 0.4391, Fold Accuracies = [np.float64(0.4773629148629149), np.float64(0.4555084745762712), np.float64(0.5234601449275362), np.float64(0.3980336792836792), np.float64(0.3413825377724295)]
Hyperparameters: num_heads=4, num_transformer_blocks=1, learning_rate=0.00046269394870735754, optimizer=Adam, weight_decay=0.00011711458551829446, batch_size=10,factor=1
Divergence detected. Stopping training after 10 epochs.
Early stopping at epoch 21
Trial 54, Fold 4: Test Accuracy = 0.4312
Divergence detected. Stopping training after 10 epochs.
Early stopping at epoch 20
Trial 55, Fold 1: Test Accuracy = 0.4696
Divergence detected. Stopping training after 10 epochs.
Early stopping at epoch 18
[I 2025-05-08 13:40:11,022] Trial 54 finished with value: 0.43475467364667697 and parameters: {'ff_dim': 512, 'dropout_rate': 0.2995123455289495, 'embed_dim': 64, 'learning_rate': 0.0004887263080865231, 'weight_decay': 9.449013634586874e-05, 'batch_size': 10, 'num_heads': 4, 'num_transformer_blocks': 1}. Best is trial 19 with value: 0.4606266643484158.
Trial 54, Fold 5: Test Accuracy = 0.3837
Trial 54: Mean Accuracy = 0.4348, Fold Accuracies = [np.float64(0.4171176046176046), np.float64(0.3930673258003767), np.float64(0.548701690821256), np.float64(0.43122964997964996), np.float64(0.3836570970144977)]
Hyperparameters: num_heads=1, num_transformer_blocks=16, learning_rate=4.28383035735023e-05, optimizer=Adam, weight_decay=5.3969851614839286e-06, batch_size=10,factor=1
Divergence detected. Stopping training after 10 epochs.
Early stopping at epoch 16
Trial 55, Fold 2: Test Accuracy = 0.5312
Divergence detected. Stopping training after 10 epochs.
Early stopping at epoch 16
Trial 55, Fold 3: Test Accuracy = 0.5640
Divergence detected. Stopping training after 10 epochs.
Early stopping at epoch 18
Trial 56, Fold 1: Test Accuracy = 0.3802
Divergence detected. Stopping training after 10 epochs.
Early stopping at epoch 26
Trial 55, Fold 4: Test Accuracy = 0.4263
Divergence detected. Stopping training after 10 epochs.
Early stopping at epoch 26
Trial 56, Fold 2: Test Accuracy = 0.4490
Divergence detected. Stopping training after 10 epochs.
Early stopping at epoch 13
Divergence detected. Stopping training after 10 epochs.
Early stopping at epoch 25
[I 2025-05-08 13:44:48,671] Trial 55 finished with value: 0.48925222855532075 and parameters: {'ff_dim': 512, 'dropout_rate': 0.29722015100615246, 'embed_dim': 64, 'learning_rate': 0.00046269394870735754, 'weight_decay': 0.00011711458551829446, 'batch_size': 10, 'num_heads': 4, 'num_transformer_blocks': 1}. Best is trial 55 with value: 0.48925222855532075.
Trial 55, Fold 5: Test Accuracy = 0.4551
Trial 55: Mean Accuracy = 0.4893, Fold Accuracies = [np.float64(0.46960678210678214), np.float64(0.53125), np.float64(0.5640398550724638), np.float64(0.42630748880748887), np.float64(0.4550570167898688)]
Hyperparameters: num_heads=1, num_transformer_blocks=1, learning_rate=3.9279210264763406e-05, optimizer=Adam, weight_decay=0.00014393831063619898, batch_size=10,factor=1
Trial 56, Fold 3: Test Accuracy = 0.5566
Divergence detected. Stopping training after 10 epochs.
Early stopping at epoch 14
Trial 57, Fold 1: Test Accuracy = 0.4621
Divergence detected. Stopping training after 10 epochs.
Early stopping at epoch 21
Trial 56, Fold 4: Test Accuracy = 0.4910
Divergence detected. Stopping training after 10 epochs.
Early stopping at epoch 23
Trial 57, Fold 2: Test Accuracy = 0.4366
Divergence detected. Stopping training after 10 epochs.
Early stopping at epoch 15
[I 2025-05-08 13:47:58,790] Trial 56 finished with value: 0.45333547575074773 and parameters: {'ff_dim': 64, 'dropout_rate': 0.16636797495522507, 'embed_dim': 64, 'learning_rate': 4.28383035735023e-05, 'weight_decay': 5.3969851614839286e-06, 'batch_size': 10, 'num_heads': 1, 'num_transformer_blocks': 16}. Best is trial 55 with value: 0.48925222855532075.
Trial 56, Fold 5: Test Accuracy = 0.3898
Trial 56: Mean Accuracy = 0.4533, Fold Accuracies = [np.float64(0.38023088023088025), np.float64(0.4489890667503662), np.float64(0.5565821256038648), np.float64(0.49103327228327226), np.float64(0.3898420338853552)]
Hyperparameters: num_heads=1, num_transformer_blocks=16, learning_rate=4.573879229931868e-05, optimizer=Adam, weight_decay=0.00047097988236775493, batch_size=10,factor=1
Divergence detected. Stopping training after 10 epochs.
Early stopping at epoch 12
Divergence detected. Stopping training after 10 epochs.
Early stopping at epoch 27
Trial 58, Fold 1: Test Accuracy = 0.4736
Trial 57, Fold 3: Test Accuracy = 0.5305
Divergence detected. Stopping training after 10 epochs.
Early stopping at epoch 11
Trial 57, Fold 4: Test Accuracy = 0.3405
Divergence detected. Stopping training after 10 epochs.
Early stopping at epoch 14
Trial 58, Fold 2: Test Accuracy = 0.4450
Divergence detected. Stopping training after 10 epochs.
Early stopping at epoch 19
[I 2025-05-08 13:51:04,545] Trial 57 finished with value: 0.42478838903218835 and parameters: {'ff_dim': 512, 'dropout_rate': 0.28235074887034695, 'embed_dim': 64, 'learning_rate': 3.9279210264763406e-05, 'weight_decay': 0.00014393831063619898, 'batch_size': 10, 'num_heads': 1, 'num_transformer_blocks': 1}. Best is trial 55 with value: 0.48925222855532075.
Trial 57, Fold 5: Test Accuracy = 0.3542
Trial 57: Mean Accuracy = 0.4248, Fold Accuracies = [np.float64(0.4621212121212121), np.float64(0.4366172316384181), np.float64(0.5305253623188405), np.float64(0.34045584045584043), np.float64(0.35422229862663074)]
Hyperparameters: num_heads=1, num_transformer_blocks=16, learning_rate=0.0012418160059662151, optimizer=Adam, weight_decay=0.0003342901069273111, batch_size=10,factor=1
Divergence detected. Stopping training after 10 epochs.
Early stopping at epoch 13
Trial 58, Fold 3: Test Accuracy = 0.4591
Divergence detected. Stopping training after 10 epochs.
Early stopping at epoch 20
Trial 58, Fold 4: Test Accuracy = 0.4537
Trial 59, Fold 1: Test Accuracy = 0.3333
Divergence detected. Stopping training after 10 epochs.
Early stopping at epoch 11
Trial 59, Fold 2: Test Accuracy = 0.3333
Divergence detected. Stopping training after 10 epochs.
Early stopping at epoch 23
[I 2025-05-08 13:54:58,714] Trial 58 finished with value: 0.45160197791596624 and parameters: {'ff_dim': 512, 'dropout_rate': 0.15280849774218225, 'embed_dim': 64, 'learning_rate': 4.573879229931868e-05, 'weight_decay': 0.00047097988236775493, 'batch_size': 10, 'num_heads': 1, 'num_transformer_blocks': 16}. Best is trial 55 with value: 0.48925222855532075.
Trial 58, Fold 5: Test Accuracy = 0.4266
Trial 58: Mean Accuracy = 0.4516, Fold Accuracies = [np.float64(0.4735750360750361), np.float64(0.4450329566854991), np.float64(0.45911835748792273), np.float64(0.453690984940985), np.float64(0.42659255439038835)]
Hyperparameters: num_heads=1, num_transformer_blocks=16, learning_rate=0.00038505073635695106, optimizer=Adam, weight_decay=0.000518655542257784, batch_size=10,factor=1
Divergence detected. Stopping training after 10 epochs.
Early stopping at epoch 13
Trial 59, Fold 3: Test Accuracy = 0.3333
Divergence detected. Stopping training after 10 epochs.
Early stopping at epoch 14
Trial 60, Fold 1: Test Accuracy = 0.3333
Divergence detected. Stopping training after 10 epochs.
Early stopping at epoch 12
Trial 59, Fold 4: Test Accuracy = 0.3333
Divergence detected. Stopping training after 10 epochs.
Early stopping at epoch 14
Trial 60, Fold 2: Test Accuracy = 0.3333
Divergence detected. Stopping training after 10 epochs.
Early stopping at epoch 13
Trial 60, Fold 3: Test Accuracy = 0.3333
Divergence detected. Stopping training after 10 epochs.
Early stopping at epoch 28
[I 2025-05-08 13:59:15,591] Trial 59 finished with value: 0.3333333333333333 and parameters: {'ff_dim': 512, 'dropout_rate': 0.15450816816994897, 'embed_dim': 64, 'learning_rate': 0.0012418160059662151, 'weight_decay': 0.0003342901069273111, 'batch_size': 10, 'num_heads': 1, 'num_transformer_blocks': 16}. Best is trial 55 with value: 0.48925222855532075.
Trial 59, Fold 5: Test Accuracy = 0.3333
Trial 59: Mean Accuracy = 0.3333, Fold Accuracies = [np.float64(0.3333333333333333), np.float64(0.3333333333333333), np.float64(0.3333333333333333), np.float64(0.3333333333333333), np.float64(0.3333333333333333)]
Hyperparameters: num_heads=1, num_transformer_blocks=16, learning_rate=0.0070330009051750965, optimizer=Adam, weight_decay=0.000521070012447334, batch_size=10,factor=1
Divergence detected. Stopping training after 10 epochs.
Early stopping at epoch 10
Trial 60, Fold 4: Test Accuracy = 0.3333
Divergence detected. Stopping training after 10 epochs.
Early stopping at epoch 12
Trial 61, Fold 1: Test Accuracy = 0.3333
Divergence detected. Stopping training after 10 epochs.
Early stopping at epoch 15
Trial 61, Fold 2: Test Accuracy = 0.3333
Divergence detected. Stopping training after 10 epochs.
Early stopping at epoch 29
[I 2025-05-08 14:02:01,758] Trial 60 finished with value: 0.3537898496743262 and parameters: {'ff_dim': 512, 'dropout_rate': 0.15560373533371297, 'embed_dim': 64, 'learning_rate': 0.00038505073635695106, 'weight_decay': 0.000518655542257784, 'batch_size': 10, 'num_heads': 1, 'num_transformer_blocks': 16}. Best is trial 55 with value: 0.48925222855532075.
Trial 60, Fold 5: Test Accuracy = 0.4356
Trial 60: Mean Accuracy = 0.3538, Fold Accuracies = [np.float64(0.3333333333333333), np.float64(0.3333333333333333), np.float64(0.3333333333333333), np.float64(0.3333333333333333), np.float64(0.4356159150382977)]
Hyperparameters: num_heads=1, num_transformer_blocks=16, learning_rate=6.061662622137619e-05, optimizer=Adam, weight_decay=0.0007771494074478454, batch_size=10,factor=1
Divergence detected. Stopping training after 10 epochs.
Early stopping at epoch 15
Trial 61, Fold 3: Test Accuracy = 0.3333
Divergence detected. Stopping training after 10 epochs.
Early stopping at epoch 19
Trial 62, Fold 1: Test Accuracy = 0.3710
Divergence detected. Stopping training after 10 epochs.
Early stopping at epoch 20
Trial 61, Fold 4: Test Accuracy = 0.3333
Trial 62, Fold 2: Test Accuracy = 0.3816
Divergence detected. Stopping training after 10 epochs.
Early stopping at epoch 15
[I 2025-05-08 14:05:57,164] Trial 61 finished with value: 0.3333333333333333 and parameters: {'ff_dim': 512, 'dropout_rate': 0.14873955519513088, 'embed_dim': 64, 'learning_rate': 0.0070330009051750965, 'weight_decay': 0.000521070012447334, 'batch_size': 10, 'num_heads': 1, 'num_transformer_blocks': 16}. Best is trial 55 with value: 0.48925222855532075.
Trial 61, Fold 5: Test Accuracy = 0.3333
Trial 61: Mean Accuracy = 0.3333, Fold Accuracies = [np.float64(0.3333333333333333), np.float64(0.3333333333333333), np.float64(0.3333333333333333), np.float64(0.3333333333333333), np.float64(0.3333333333333333)]
Hyperparameters: num_heads=1, num_transformer_blocks=16, learning_rate=8.501951988723539e-05, optimizer=Adam, weight_decay=0.0008177502918345802, batch_size=10,factor=1
Divergence detected. Stopping training after 10 epochs.
Early stopping at epoch 13
Trial 63, Fold 1: Test Accuracy = 0.5696
Divergence detected. Stopping training after 10 epochs.
Early stopping at epoch 16
Trial 62, Fold 3: Test Accuracy = 0.5168
Divergence detected. Stopping training after 10 epochs.
Early stopping at epoch 11
Trial 63, Fold 2: Test Accuracy = 0.3534
Divergence detected. Stopping training after 10 epochs.
Early stopping at epoch 12
Trial 62, Fold 4: Test Accuracy = 0.4737
Divergence detected. Stopping training after 10 epochs.
Early stopping at epoch 21
Trial 63, Fold 3: Test Accuracy = 0.4592
Divergence detected. Stopping training after 10 epochs.
Early stopping at epoch 23
[I 2025-05-08 14:10:13,269] Trial 62 finished with value: 0.4343061012523485 and parameters: {'ff_dim': 512, 'dropout_rate': 0.1284965332871412, 'embed_dim': 64, 'learning_rate': 6.061662622137619e-05, 'weight_decay': 0.0007771494074478454, 'batch_size': 10, 'num_heads': 1, 'num_transformer_blocks': 16}. Best is trial 55 with value: 0.48925222855532075.
Trial 62, Fold 5: Test Accuracy = 0.4284
Trial 62: Mean Accuracy = 0.4343, Fold Accuracies = [np.float64(0.37103174603174605), np.float64(0.3816044151496129), np.float64(0.5168176328502415), np.float64(0.47372303622303624), np.float64(0.4283536760071056)]
Hyperparameters: num_heads=1, num_transformer_blocks=16, learning_rate=9.371129406209527e-05, optimizer=Adam, weight_decay=3.475275916031267e-05, batch_size=10,factor=1
Divergence detected. Stopping training after 10 epochs.
Early stopping at epoch 12
Trial 63, Fold 4: Test Accuracy = 0.4388
Divergence detected. Stopping training after 10 epochs.
Early stopping at epoch 21
Trial 64, Fold 1: Test Accuracy = 0.3672
Divergence detected. Stopping training after 10 epochs.
Early stopping at epoch 15
[I 2025-05-08 14:12:14,830] Trial 63 finished with value: 0.44424735393685005 and parameters: {'ff_dim': 512, 'dropout_rate': 0.1254812012820954, 'embed_dim': 64, 'learning_rate': 8.501951988723539e-05, 'weight_decay': 0.0008177502918345802, 'batch_size': 10, 'num_heads': 1, 'num_transformer_blocks': 16}. Best is trial 55 with value: 0.48925222855532075.
Trial 63, Fold 5: Test Accuracy = 0.4002
Trial 63: Mean Accuracy = 0.4442, Fold Accuracies = [np.float64(0.5696248196248196), np.float64(0.3534016007532957), np.float64(0.45917874396135266), np.float64(0.4388100325600326), np.float64(0.40022157278474974)]
Hyperparameters: num_heads=1, num_transformer_blocks=16, learning_rate=3.8990965599570494e-05, optimizer=Adam, weight_decay=3.4605268389925544e-05, batch_size=10,factor=1
Divergence detected. Stopping training after 10 epochs.
Early stopping at epoch 20
Trial 65, Fold 1: Test Accuracy = 0.4443
Trial 64, Fold 2: Test Accuracy = 0.3575
Divergence detected. Stopping training after 10 epochs.
Early stopping at epoch 10
Trial 64, Fold 3: Test Accuracy = 0.5195
Divergence detected. Stopping training after 10 epochs.
Early stopping at epoch 18
Trial 65, Fold 2: Test Accuracy = 0.3326
Divergence detected. Stopping training after 10 epochs.
Early stopping at epoch 15
Trial 64, Fold 4: Test Accuracy = 0.4186
Divergence detected. Stopping training after 10 epochs.
Early stopping at epoch 26
Trial 65, Fold 3: Test Accuracy = 0.6033
Divergence detected. Stopping training after 10 epochs.
Early stopping at epoch 15
