[I 2025-05-08 16:07:18,180] Trial 96 finished with value: 0.4274516602030509 and parameters: {'ff_dim': 256, 'dropout_rate': 0.2947833447715138, 'embed_dim': 128, 'learning_rate': 2.3467684115339e-05, 'weight_decay': 6.6894315174781795e-06, 'batch_size': 10, 'num_heads': 2, 'num_transformer_blocks': 8}. Best is trial 55 with value: 0.48925222855532075.
Trial 96, Fold 5: Test Accuracy = 0.4034
Trial 96: Mean Accuracy = 0.4275, Fold Accuracies = [np.float64(0.44696969696969696), np.float64(0.3667019774011299), np.float64(0.5095410628019325), np.float64(0.4106761294261294), np.float64(0.4033694344163658)]
Hyperparameters: num_heads=2, num_transformer_blocks=8, learning_rate=8.035504440263517e-05, optimizer=Adam, weight_decay=2.7465741144959778e-05, batch_size=10,factor=1
Divergence detected. Stopping training after 10 epochs.
Early stopping at epoch 11
Trial 98, Fold 1: Test Accuracy = 0.4315
Divergence detected. Stopping training after 10 epochs.
Early stopping at epoch 18
Trial 97, Fold 3: Test Accuracy = 0.3333
Divergence detected. Stopping training after 10 epochs.
Early stopping at epoch 10
Trial 97, Fold 4: Test Accuracy = 0.3333
Divergence detected. Stopping training after 10 epochs.
Early stopping at epoch 29
Trial 98, Fold 2: Test Accuracy = 0.3928
Divergence detected. Stopping training after 10 epochs.
Early stopping at epoch 16
[I 2025-05-08 16:10:38,372] Trial 97 finished with value: 0.3333333333333333 and parameters: {'ff_dim': 256, 'dropout_rate': 0.22397915906308677, 'embed_dim': 128, 'learning_rate': 0.0013673534025815098, 'weight_decay': 1.6493425863263188e-05, 'batch_size': 10, 'num_heads': 2, 'num_transformer_blocks': 8}. Best is trial 55 with value: 0.48925222855532075.
Trial 97, Fold 5: Test Accuracy = 0.3333
Trial 97: Mean Accuracy = 0.3333, Fold Accuracies = [np.float64(0.3333333333333333), np.float64(0.3333333333333333), np.float64(0.3333333333333333), np.float64(0.3333333333333333), np.float64(0.3333333333333333)]
Hyperparameters: num_heads=2, num_transformer_blocks=8, learning_rate=8.101569752424904e-05, optimizer=Adam, weight_decay=2.3243848704438986e-05, batch_size=10,factor=1
Divergence detected. Stopping training after 10 epochs.
Early stopping at epoch 14
Trial 98, Fold 3: Test Accuracy = 0.5549
Divergence detected. Stopping training after 10 epochs.
Early stopping at epoch 19
Trial 99, Fold 1: Test Accuracy = 0.4437
Divergence detected. Stopping training after 10 epochs.
Early stopping at epoch 16
Trial 98, Fold 4: Test Accuracy = 0.4531
Divergence detected. Stopping training after 10 epochs.
Early stopping at epoch 12
[I 2025-05-08 16:13:30,242] Trial 98 finished with value: 0.43674808498913154 and parameters: {'ff_dim': 256, 'dropout_rate': 0.2872050938573869, 'embed_dim': 128, 'learning_rate': 8.035504440263517e-05, 'weight_decay': 2.7465741144959778e-05, 'batch_size': 10, 'num_heads': 2, 'num_transformer_blocks': 8}. Best is trial 55 with value: 0.48925222855532075.
Trial 98, Fold 5: Test Accuracy = 0.3515
Trial 98: Mean Accuracy = 0.4367, Fold Accuracies = [np.float64(0.4314574314574315), np.float64(0.3927926867545512), np.float64(0.554921497584541), np.float64(0.45305504680504677), np.float64(0.3515137623440872)]
Hyperparameters: num_heads=2, num_transformer_blocks=8, learning_rate=0.0001579998164136124, optimizer=Adam, weight_decay=5.6633782909547154e-05, batch_size=10,factor=1
Divergence detected. Stopping training after 10 epochs.
Early stopping at epoch 22
Trial 99, Fold 2: Test Accuracy = 0.4371
Divergence detected. Stopping training after 10 epochs.
Early stopping at epoch 17
Trial 99, Fold 3: Test Accuracy = 0.5679
Divergence detected. Stopping training after 10 epochs.
Early stopping at epoch 20
Trial 100, Fold 1: Test Accuracy = 0.4929
Divergence detected. Stopping training after 10 epochs.
Early stopping at epoch 12
Trial 99, Fold 4: Test Accuracy = 0.4703
Divergence detected. Stopping training after 10 epochs.
Early stopping at epoch 13
Trial 100, Fold 2: Test Accuracy = 0.4035
Divergence detected. Stopping training after 10 epochs.
Early stopping at epoch 16
Trial 100, Fold 3: Test Accuracy = 0.5737
Divergence detected. Stopping training after 10 epochs.
Early stopping at epoch 18
[I 2025-05-08 16:17:16,400] Trial 99 finished with value: 0.4637555132960802 and parameters: {'ff_dim': 256, 'dropout_rate': 0.28605041916955265, 'embed_dim': 128, 'learning_rate': 8.101569752424904e-05, 'weight_decay': 2.3243848704438986e-05, 'batch_size': 10, 'num_heads': 2, 'num_transformer_blocks': 8}. Best is trial 55 with value: 0.48925222855532075.
Trial 99, Fold 5: Test Accuracy = 0.3997
Trial 99: Mean Accuracy = 0.4638, Fold Accuracies = [np.float64(0.4437229437229437), np.float64(0.4371403536304666), np.float64(0.5679347826086957), np.float64(0.4703271265771265), np.float64(0.39965235994116854)]
Hyperparameters: num_heads=2, num_transformer_blocks=8, learning_rate=0.0008182622572631901, optimizer=Adam, weight_decay=2.1187544544790027e-05, batch_size=10,factor=1
Divergence detected. Stopping training after 10 epochs.
Early stopping at epoch 12
Trial 101, Fold 1: Test Accuracy = 0.3333
Divergence detected. Stopping training after 10 epochs.
Early stopping at epoch 23
Trial 100, Fold 4: Test Accuracy = 0.4387
Divergence detected. Stopping training after 10 epochs.
Early stopping at epoch 19
Trial 101, Fold 2: Test Accuracy = 0.3333
Divergence detected. Stopping training after 10 epochs.
Early stopping at epoch 10
Trial 101, Fold 3: Test Accuracy = 0.3333
Divergence detected. Stopping training after 10 epochs.
Early stopping at epoch 26
[I 2025-05-08 16:20:57,290] Trial 100 finished with value: 0.4656181613677643 and parameters: {'ff_dim': 256, 'dropout_rate': 0.16993058107561124, 'embed_dim': 128, 'learning_rate': 0.0001579998164136124, 'weight_decay': 5.6633782909547154e-05, 'batch_size': 10, 'num_heads': 2, 'num_transformer_blocks': 8}. Best is trial 55 with value: 0.48925222855532075.
Trial 100, Fold 5: Test Accuracy = 0.4193
Trial 100: Mean Accuracy = 0.4656, Fold Accuracies = [np.float64(0.49287518037518036), np.float64(0.4035428436911488), np.float64(0.5737016908212561), np.float64(0.4387210012210012), np.float64(0.41925009073023506)]
Hyperparameters: num_heads=2, num_transformer_blocks=8, learning_rate=0.00014510374363090053, optimizer=Adam, weight_decay=2.247075119535685e-05, batch_size=10,factor=1
Divergence detected. Stopping training after 10 epochs.
Early stopping at epoch 11
Trial 101, Fold 4: Test Accuracy = 0.3333
Divergence detected. Stopping training after 10 epochs.
Early stopping at epoch 11
Trial 102, Fold 1: Test Accuracy = 0.4477
Divergence detected. Stopping training after 10 epochs.
Early stopping at epoch 14
[I 2025-05-08 16:22:25,111] Trial 101 finished with value: 0.3333333333333333 and parameters: {'ff_dim': 256, 'dropout_rate': 0.2731012100844244, 'embed_dim': 128, 'learning_rate': 0.0008182622572631901, 'weight_decay': 2.1187544544790027e-05, 'batch_size': 10, 'num_heads': 2, 'num_transformer_blocks': 8}. Best is trial 55 with value: 0.48925222855532075.
Trial 101, Fold 5: Test Accuracy = 0.3333
Trial 101: Mean Accuracy = 0.3333, Fold Accuracies = [np.float64(0.3333333333333333), np.float64(0.3333333333333333), np.float64(0.3333333333333333), np.float64(0.3333333333333333), np.float64(0.3333333333333333)]
Hyperparameters: num_heads=2, num_transformer_blocks=8, learning_rate=0.00014883281526507182, optimizer=Adam, weight_decay=6.12660792090052e-05, batch_size=10,factor=1
Divergence detected. Stopping training after 10 epochs.
Early stopping at epoch 10
Trial 102, Fold 2: Test Accuracy = 0.4155
Divergence detected. Stopping training after 10 epochs.
Early stopping at epoch 10
Trial 103, Fold 1: Test Accuracy = 0.3389
Divergence detected. Stopping training after 10 epochs.
Early stopping at epoch 11
Trial 103, Fold 2: Test Accuracy = 0.3611
Divergence detected. Stopping training after 10 epochs.
Early stopping at epoch 25
Trial 102, Fold 3: Test Accuracy = 0.4851
Divergence detected. Stopping training after 10 epochs.
Early stopping at epoch 20
Trial 103, Fold 3: Test Accuracy = 0.5812
Divergence detected. Stopping training after 10 epochs.
Early stopping at epoch 15
Trial 102, Fold 4: Test Accuracy = 0.4735
Divergence detected. Stopping training after 10 epochs.
Early stopping at epoch 13
Trial 103, Fold 4: Test Accuracy = 0.4783
Divergence detected. Stopping training after 10 epochs.
Early stopping at epoch 12
[I 2025-05-08 16:26:37,401] Trial 102 finished with value: 0.43244258413437675 and parameters: {'ff_dim': 256, 'dropout_rate': 0.2992993722164671, 'embed_dim': 128, 'learning_rate': 0.00014510374363090053, 'weight_decay': 2.247075119535685e-05, 'batch_size': 10, 'num_heads': 2, 'num_transformer_blocks': 8}. Best is trial 55 with value: 0.48925222855532075.
Trial 102, Fold 5: Test Accuracy = 0.3404
Trial 102: Mean Accuracy = 0.4324, Fold Accuracies = [np.float64(0.4476911976911977), np.float64(0.4154896421845575), np.float64(0.48514492753623184), np.float64(0.47353225478225475), np.float64(0.3403548984776421)]
Hyperparameters: num_heads=2, num_transformer_blocks=8, learning_rate=0.00033380595878625195, optimizer=Adam, weight_decay=6.0493520402156194e-05, batch_size=10,factor=1
Divergence detected. Stopping training after 10 epochs.
Early stopping at epoch 20
Divergence detected. Stopping training after 10 epochs.
Early stopping at epoch 20
[I 2025-05-08 16:28:07,632] Trial 103 finished with value: 0.4313004863501253 and parameters: {'ff_dim': 256, 'dropout_rate': 0.29960403224544285, 'embed_dim': 128, 'learning_rate': 0.00014883281526507182, 'weight_decay': 6.12660792090052e-05, 'batch_size': 10, 'num_heads': 2, 'num_transformer_blocks': 8}. Best is trial 55 with value: 0.48925222855532075.
Trial 103, Fold 5: Test Accuracy = 0.3969
Trial 103: Mean Accuracy = 0.4313, Fold Accuracies = [np.float64(0.3389249639249639), np.float64(0.3611111111111111), np.float64(0.5812499999999999), np.float64(0.47827635327635326), np.float64(0.3969400034381983)]
Hyperparameters: num_heads=2, num_transformer_blocks=8, learning_rate=0.00033185241615737624, optimizer=Adam, weight_decay=0.0003957166073369673, batch_size=10,factor=1
Trial 104, Fold 1: Test Accuracy = 0.3333
Divergence detected. Stopping training after 10 epochs.
Early stopping at epoch 17
Trial 104, Fold 2: Test Accuracy = 0.3333
Divergence detected. Stopping training after 10 epochs.
Early stopping at epoch 20
Trial 105, Fold 1: Test Accuracy = 0.4954
Divergence detected. Stopping training after 10 epochs.
Early stopping at epoch 10
Trial 105, Fold 2: Test Accuracy = 0.3333
Divergence detected. Stopping training after 10 epochs.
Early stopping at epoch 19
Trial 104, Fold 3: Test Accuracy = 0.4534
Divergence detected. Stopping training after 10 epochs.
Early stopping at epoch 28
Trial 105, Fold 3: Test Accuracy = 0.5012
Divergence detected. Stopping training after 10 epochs.
Early stopping at epoch 26
Trial 104, Fold 4: Test Accuracy = 0.5249
Divergence detected. Stopping training after 10 epochs.
Early stopping at epoch 16
Trial 105, Fold 4: Test Accuracy = 0.4574
Divergence detected. Stopping training after 10 epochs.
Early stopping at epoch 14
[I 2025-05-08 16:33:54,403] Trial 104 finished with value: 0.4129864577977119 and parameters: {'ff_dim': 256, 'dropout_rate': 0.2890204590870565, 'embed_dim': 128, 'learning_rate': 0.00033380595878625195, 'weight_decay': 6.0493520402156194e-05, 'batch_size': 10, 'num_heads': 2, 'num_transformer_blocks': 8}. Best is trial 55 with value: 0.48925222855532075.
Trial 104, Fold 5: Test Accuracy = 0.4199
Trial 104: Mean Accuracy = 0.4130, Fold Accuracies = [np.float64(0.3333333333333333), np.float64(0.3333333333333333), np.float64(0.45341183574879224), np.float64(0.5249160561660561), np.float64(0.41993773040704446)]
Hyperparameters: num_heads=2, num_transformer_blocks=8, learning_rate=7.11813204232043e-05, optimizer=Adam, weight_decay=3.1540153139309786e-05, batch_size=10,factor=1
Divergence detected. Stopping training after 10 epochs.
Early stopping at epoch 20
Trial 106, Fold 1: Test Accuracy = 0.4791
Divergence detected. Stopping training after 10 epochs.
Early stopping at epoch 26
[I 2025-05-08 16:35:42,154] Trial 105 finished with value: 0.44161454554328516 and parameters: {'ff_dim': 256, 'dropout_rate': 0.2795752351964278, 'embed_dim': 128, 'learning_rate': 0.00033185241615737624, 'weight_decay': 0.0003957166073369673, 'batch_size': 10, 'num_heads': 2, 'num_transformer_blocks': 8}. Best is trial 55 with value: 0.48925222855532075.
Trial 105, Fold 5: Test Accuracy = 0.4208
Trial 105: Mean Accuracy = 0.4416, Fold Accuracies = [np.float64(0.4954004329004329), np.float64(0.3333333333333333), np.float64(0.5011775362318841), np.float64(0.4573794261294261), np.float64(0.4207819991213493)]
Hyperparameters: num_heads=2, num_transformer_blocks=8, learning_rate=0.003035546963725532, optimizer=Adam, weight_decay=1.2781348307483953e-05, batch_size=10,factor=1
Divergence detected. Stopping training after 10 epochs.
Early stopping at epoch 16
Trial 107, Fold 1: Test Accuracy = 0.3333
Divergence detected. Stopping training after 10 epochs.
Early stopping at epoch 20
Trial 106, Fold 2: Test Accuracy = 0.4644
Divergence detected. Stopping training after 10 epochs.
Early stopping at epoch 12
Trial 107, Fold 2: Test Accuracy = 0.3333
Divergence detected. Stopping training after 10 epochs.
Early stopping at epoch 13
Trial 106, Fold 3: Test Accuracy = 0.5191
Divergence detected. Stopping training after 10 epochs.
Early stopping at epoch 15
Trial 107, Fold 3: Test Accuracy = 0.3333
Divergence detected. Stopping training after 10 epochs.
Early stopping at epoch 14
Trial 106, Fold 4: Test Accuracy = 0.4216
Divergence detected. Stopping training after 10 epochs.
Early stopping at epoch 11
Trial 107, Fold 4: Test Accuracy = 0.3333
Divergence detected. Stopping training after 10 epochs.
Early stopping at epoch 19
[I 2025-05-08 16:40:35,313] Trial 106 finished with value: 0.45029438336921396 and parameters: {'ff_dim': 256, 'dropout_rate': 0.2789018694596673, 'embed_dim': 128, 'learning_rate': 7.11813204232043e-05, 'weight_decay': 3.1540153139309786e-05, 'batch_size': 10, 'num_heads': 2, 'num_transformer_blocks': 8}. Best is trial 55 with value: 0.48925222855532075.
Trial 106, Fold 5: Test Accuracy = 0.3673
Trial 106: Mean Accuracy = 0.4503, Fold Accuracies = [np.float64(0.47907647907647904), np.float64(0.4643950094161959), np.float64(0.5190821256038647), np.float64(0.42158882783882784), np.float64(0.36732947491070234)]
Hyperparameters: num_heads=2, num_transformer_blocks=8, learning_rate=0.0001103122637544903, optimizer=Adam, weight_decay=0.00011117402497938502, batch_size=10,factor=1
Divergence detected. Stopping training after 10 epochs.
Early stopping at epoch 12
[I 2025-05-08 16:40:52,228] Trial 107 finished with value: 0.3333333333333333 and parameters: {'ff_dim': 256, 'dropout_rate': 0.28517401812149135, 'embed_dim': 128, 'learning_rate': 0.003035546963725532, 'weight_decay': 1.2781348307483953e-05, 'batch_size': 10, 'num_heads': 2, 'num_transformer_blocks': 8}. Best is trial 55 with value: 0.48925222855532075.
Trial 107, Fold 5: Test Accuracy = 0.3333
Trial 107: Mean Accuracy = 0.3333, Fold Accuracies = [np.float64(0.3333333333333333), np.float64(0.3333333333333333), np.float64(0.3333333333333333), np.float64(0.3333333333333333), np.float64(0.3333333333333333)]
Hyperparameters: num_heads=2, num_transformer_blocks=8, learning_rate=0.00017792788404976143, optimizer=Adam, weight_decay=0.0005963975819961275, batch_size=10,factor=1
Divergence detected. Stopping training after 10 epochs.
Early stopping at epoch 14
Trial 108, Fold 1: Test Accuracy = 0.4486
Divergence detected. Stopping training after 10 epochs.
Early stopping at epoch 12
Trial 109, Fold 1: Test Accuracy = 0.4171
Divergence detected. Stopping training after 10 epochs.
Early stopping at epoch 10
Trial 109, Fold 2: Test Accuracy = 0.3333
Divergence detected. Stopping training after 10 epochs.
Early stopping at epoch 15
Trial 108, Fold 2: Test Accuracy = 0.4259
Divergence detected. Stopping training after 10 epochs.
Early stopping at epoch 23
Trial 109, Fold 3: Test Accuracy = 0.5055
Trial 108, Fold 3: Test Accuracy = 0.5478
Divergence detected. Stopping training after 10 epochs.
Early stopping at epoch 16
Trial 109, Fold 4: Test Accuracy = 0.4641
Divergence detected. Stopping training after 10 epochs.
Early stopping at epoch 11
Trial 108, Fold 4: Test Accuracy = 0.4329
Divergence detected. Stopping training after 10 epochs.
Early stopping at epoch 12
[I 2025-05-08 16:46:30,762] Trial 109 finished with value: 0.4272119185307853 and parameters: {'ff_dim': 256, 'dropout_rate': 0.17553998813113364, 'embed_dim': 128, 'learning_rate': 0.00017792788404976143, 'weight_decay': 0.0005963975819961275, 'batch_size': 10, 'num_heads': 2, 'num_transformer_blocks': 8}. Best is trial 55 with value: 0.48925222855532075.
Trial 109, Fold 5: Test Accuracy = 0.4160
Trial 109: Mean Accuracy = 0.4272, Fold Accuracies = [np.float64(0.4171176046176046), np.float64(0.3333333333333333), np.float64(0.5054649758454106), np.float64(0.46409493284493286), np.float64(0.41604874601264497)]
Hyperparameters: num_heads=2, num_transformer_blocks=32, learning_rate=9.826037347301137e-05, optimizer=Adam, weight_decay=0.00011297605726987969, batch_size=10,factor=1
Divergence detected. Stopping training after 10 epochs.
Early stopping at epoch 12
[I 2025-05-08 16:46:49,045] Trial 108 finished with value: 0.4473174639832683 and parameters: {'ff_dim': 256, 'dropout_rate': 0.1930412543333679, 'embed_dim': 128, 'learning_rate': 0.0001103122637544903, 'weight_decay': 0.00011117402497938502, 'batch_size': 10, 'num_heads': 2, 'num_transformer_blocks': 8}. Best is trial 55 with value: 0.48925222855532075.
Trial 108, Fold 5: Test Accuracy = 0.3814
Trial 108: Mean Accuracy = 0.4473, Fold Accuracies = [np.float64(0.4485930735930736), np.float64(0.42594554300062776), np.float64(0.5478260869565218), np.float64(0.4328576516076516), np.float64(0.38136496475846654)]
Hyperparameters: num_heads=2, num_transformer_blocks=32, learning_rate=0.0005438532511968617, optimizer=Adam, weight_decay=8.432450214154315e-05, batch_size=10,factor=1
Divergence detected. Stopping training after 10 epochs.
Early stopping at epoch 13
Trial 111, Fold 1: Test Accuracy = 0.3333
Divergence detected. Stopping training after 10 epochs.
Early stopping at epoch 19
Trial 110, Fold 1: Test Accuracy = 0.3333
Divergence detected. Stopping training after 10 epochs.
Early stopping at epoch 11
Trial 110, Fold 2: Test Accuracy = 0.3333
Divergence detected. Stopping training after 10 epochs.
Early stopping at epoch 14
Trial 111, Fold 2: Test Accuracy = 0.3333
Divergence detected. Stopping training after 10 epochs.
Early stopping at epoch 11
Trial 111, Fold 3: Test Accuracy = 0.3333
Divergence detected. Stopping training after 10 epochs.
Early stopping at epoch 16
Trial 110, Fold 3: Test Accuracy = 0.3333
Divergence detected. Stopping training after 10 epochs.
Early stopping at epoch 13
Trial 110, Fold 4: Test Accuracy = 0.3333
Trial 111, Fold 4: Test Accuracy = 0.3333
Divergence detected. Stopping training after 10 epochs.
Early stopping at epoch 19
[I 2025-05-08 16:54:43,517] Trial 110 finished with value: 0.3333333333333333 and parameters: {'ff_dim': 256, 'dropout_rate': 0.2443706126606614, 'embed_dim': 256, 'learning_rate': 9.826037347301137e-05, 'weight_decay': 0.00011297605726987969, 'batch_size': 10, 'num_heads': 2, 'num_transformer_blocks': 32}. Best is trial 55 with value: 0.48925222855532075.
Trial 110, Fold 5: Test Accuracy = 0.3333
Trial 110: Mean Accuracy = 0.3333, Fold Accuracies = [np.float64(0.3333333333333333), np.float64(0.3333333333333333), np.float64(0.3333333333333333), np.float64(0.3333333333333333), np.float64(0.3333333333333333)]
Hyperparameters: num_heads=16, num_transformer_blocks=8, learning_rate=4.749132972161664e-05, optimizer=Adam, weight_decay=5.6384258840487565e-06, batch_size=10,factor=1
Divergence detected. Stopping training after 10 epochs.
Early stopping at epoch 13
[I 2025-05-08 16:55:28,569] Trial 111 finished with value: 0.3333333333333333 and parameters: {'ff_dim': 32, 'dropout_rate': 0.15941820765845963, 'embed_dim': 256, 'learning_rate': 0.0005438532511968617, 'weight_decay': 8.432450214154315e-05, 'batch_size': 10, 'num_heads': 2, 'num_transformer_blocks': 32}. Best is trial 55 with value: 0.48925222855532075.
Trial 111, Fold 5: Test Accuracy = 0.3333
Trial 111: Mean Accuracy = 0.3333, Fold Accuracies = [np.float64(0.3333333333333333), np.float64(0.3333333333333333), np.float64(0.3333333333333333), np.float64(0.3333333333333333), np.float64(0.3333333333333333)]
Hyperparameters: num_heads=16, num_transformer_blocks=8, learning_rate=4.489325051161354e-05, optimizer=Adam, weight_decay=1.915116252651401e-05, batch_size=10,factor=1
Divergence detected. Stopping training after 10 epochs.
Early stopping at epoch 14
Trial 112, Fold 1: Test Accuracy = 0.4591
Divergence detected. Stopping training after 10 epochs.
Early stopping at epoch 16
Trial 113, Fold 1: Test Accuracy = 0.5047
Divergence detected. Stopping training after 10 epochs.
Early stopping at epoch 24
Trial 112, Fold 2: Test Accuracy = 0.3973
Divergence detected. Stopping training after 10 epochs.
Early stopping at epoch 27
Trial 113, Fold 2: Test Accuracy = 0.3852
Divergence detected. Stopping training after 10 epochs.
Early stopping at epoch 24
Trial 112, Fold 3: Test Accuracy = 0.5637
Divergence detected. Stopping training after 10 epochs.
Early stopping at epoch 14
Trial 113, Fold 3: Test Accuracy = 0.5475
Divergence detected. Stopping training after 10 epochs.
Early stopping at epoch 11
Trial 113, Fold 4: Test Accuracy = 0.3970
Divergence detected. Stopping training after 10 epochs.
Early stopping at epoch 19
Trial 112, Fold 4: Test Accuracy = 0.4149
Divergence detected. Stopping training after 10 epochs.
Early stopping at epoch 11
