[I 2025-05-08 12:25:32,484] Trial 31 finished with value: 0.44058537329714237 and parameters: {'ff_dim': 64, 'dropout_rate': 0.13679111512849618, 'embed_dim': 128, 'learning_rate': 4.1062361988564824e-06, 'weight_decay': 1.1232756641996003e-05, 'batch_size': 10, 'num_heads': 2, 'num_transformer_blocks': 4}. Best is trial 19 with value: 0.4606266643484158.
Trial 31, Fold 5: Test Accuracy = 0.3947
Trial 31: Mean Accuracy = 0.4406, Fold Accuracies = [np.float64(0.45914502164502163), np.float64(0.3690691044151497), np.float64(0.559933574879227), np.float64(0.4201007326007326), np.float64(0.39467843294558097)]
Hyperparameters: num_heads=2, num_transformer_blocks=1, learning_rate=1.7132627783621882e-05, optimizer=Adam, weight_decay=1.786174609912199e-06, batch_size=32,factor=1
Divergence detected. Stopping training after 10 epochs.
Early stopping at epoch 24
[I 2025-05-08 12:27:01,268] Trial 32 finished with value: 0.4340455731947358 and parameters: {'ff_dim': 64, 'dropout_rate': 0.138142992120247, 'embed_dim': 64, 'learning_rate': 1.054730847558432e-05, 'weight_decay': 1.6881415249229259e-06, 'batch_size': 32, 'num_heads': 2, 'num_transformer_blocks': 1}. Best is trial 19 with value: 0.4606266643484158.
Trial 32, Fold 5: Test Accuracy = 0.3993
Trial 32: Mean Accuracy = 0.4340, Fold Accuracies = [np.float64(0.4646464646464646), np.float64(0.3742610901862314), np.float64(0.5577596618357489), np.float64(0.37427503052503047), np.float64(0.39928561878020363)]
Hyperparameters: num_heads=2, num_transformer_blocks=1, learning_rate=2.0293600662535475e-05, optimizer=Adam, weight_decay=1.0081426534733607e-06, batch_size=32,factor=1
Divergence detected. Stopping training after 10 epochs.
Early stopping at epoch 23
Trial 33, Fold 1: Test Accuracy = 0.4496
Divergence detected. Stopping training after 10 epochs.
Early stopping at epoch 13
Trial 33, Fold 2: Test Accuracy = 0.4343
Divergence detected. Stopping training after 10 epochs.
Early stopping at epoch 19
Trial 34, Fold 1: Test Accuracy = 0.5091
Divergence detected. Stopping training after 10 epochs.
Early stopping at epoch 22
Trial 33, Fold 3: Test Accuracy = 0.4637
Divergence detected. Stopping training after 10 epochs.
Early stopping at epoch 18
Trial 34, Fold 2: Test Accuracy = 0.4447
Divergence detected. Stopping training after 10 epochs.
Early stopping at epoch 16
Trial 33, Fold 4: Test Accuracy = 0.4010
Divergence detected. Stopping training after 10 epochs.
Early stopping at epoch 19
Trial 34, Fold 3: Test Accuracy = 0.4580
Divergence detected. Stopping training after 10 epochs.
Early stopping at epoch 15
Trial 34, Fold 4: Test Accuracy = 0.4131
[I 2025-05-08 12:32:24,953] Trial 33 finished with value: 0.41524461834803567 and parameters: {'ff_dim': 64, 'dropout_rate': 0.2176525762418505, 'embed_dim': 64, 'learning_rate': 1.7132627783621882e-05, 'weight_decay': 1.786174609912199e-06, 'batch_size': 32, 'num_heads': 2, 'num_transformer_blocks': 1}. Best is trial 19 with value: 0.4606266643484158.
Trial 33, Fold 5: Test Accuracy = 0.3276
Trial 33: Mean Accuracy = 0.4152, Fold Accuracies = [np.float64(0.4495851370851371), np.float64(0.434256643649299), np.float64(0.463737922705314), np.float64(0.40104802604802603), np.float64(0.327595362252402)]
Hyperparameters: num_heads=2, num_transformer_blocks=1, learning_rate=3.7977014594923156e-05, optimizer=Adam, weight_decay=4.6742011225964905e-06, batch_size=32,factor=1
Divergence detected. Stopping training after 10 epochs.
Early stopping at epoch 19
[I 2025-05-08 12:33:03,362] Trial 34 finished with value: 0.438329679539609 and parameters: {'ff_dim': 64, 'dropout_rate': 0.2188499048994482, 'embed_dim': 64, 'learning_rate': 2.0293600662535475e-05, 'weight_decay': 1.0081426534733607e-06, 'batch_size': 32, 'num_heads': 2, 'num_transformer_blocks': 1}. Best is trial 19 with value: 0.4606266643484158.
Trial 34, Fold 5: Test Accuracy = 0.3668
Trial 34: Mean Accuracy = 0.4383, Fold Accuracies = [np.float64(0.5091089466089466), np.float64(0.4446929273906675), np.float64(0.4580012077294686), np.float64(0.4130926943426943), np.float64(0.3667526216262678)]
Hyperparameters: num_heads=2, num_transformer_blocks=1, learning_rate=7.100877694882721e-07, optimizer=Adam, weight_decay=4.090105231381161e-06, batch_size=32,factor=1
Divergence detected. Stopping training after 10 epochs.
Early stopping at epoch 16
Trial 36, Fold 1: Test Accuracy = 0.3897
Divergence detected. Stopping training after 10 epochs.
Early stopping at epoch 29
Trial 35, Fold 1: Test Accuracy = 0.4592
Divergence detected. Stopping training after 10 epochs.
Early stopping at epoch 12
Trial 35, Fold 2: Test Accuracy = 0.3675
Divergence detected. Stopping training after 10 epochs.
Early stopping at epoch 29
Trial 36, Fold 2: Test Accuracy = 0.4105
Trial 35, Fold 3: Test Accuracy = 0.5195
Trial 36, Fold 3: Test Accuracy = 0.4756
Trial 35, Fold 4: Test Accuracy = 0.3994
Divergence detected. Stopping training after 10 epochs.
Early stopping at epoch 16
Trial 36, Fold 4: Test Accuracy = 0.3732
Divergence detected. Stopping training after 10 epochs.
Early stopping at epoch 19
[I 2025-05-08 12:40:17,979] Trial 36 finished with value: 0.40197095957721213 and parameters: {'ff_dim': 128, 'dropout_rate': 0.18657980493963586, 'embed_dim': 256, 'learning_rate': 7.100877694882721e-07, 'weight_decay': 4.090105231381161e-06, 'batch_size': 32, 'num_heads': 2, 'num_transformer_blocks': 1}. Best is trial 19 with value: 0.4606266643484158.
Trial 36, Fold 5: Test Accuracy = 0.3609
Trial 36: Mean Accuracy = 0.4020, Fold Accuracies = [np.float64(0.3897005772005772), np.float64(0.41046113203599077), np.float64(0.4755736714975845), np.float64(0.3732193732193732), np.float64(0.36090004393253494)]
Hyperparameters: num_heads=2, num_transformer_blocks=32, learning_rate=0.0023371113628463777, optimizer=Adam, weight_decay=4.5656628059108604e-05, batch_size=32,factor=1
Divergence detected. Stopping training after 10 epochs.
Early stopping at epoch 24
[I 2025-05-08 12:40:31,113] Trial 35 finished with value: 0.42720458982165893 and parameters: {'ff_dim': 64, 'dropout_rate': 0.1865825339605951, 'embed_dim': 64, 'learning_rate': 3.7977014594923156e-05, 'weight_decay': 4.6742011225964905e-06, 'batch_size': 32, 'num_heads': 2, 'num_transformer_blocks': 1}. Best is trial 19 with value: 0.4606266643484158.
Trial 35, Fold 5: Test Accuracy = 0.3903
Trial 35: Mean Accuracy = 0.4272, Fold Accuracies = [np.float64(0.4592352092352092), np.float64(0.3675258945386064), np.float64(0.5195350241545894), np.float64(0.39944546194546193), np.float64(0.39028135923442786)]
Hyperparameters: num_heads=16, num_transformer_blocks=32, learning_rate=0.00027980489622887614, optimizer=Adam, weight_decay=2.1422660616215064e-06, batch_size=16,factor=1
Divergence detected. Stopping training after 10 epochs.
Early stopping at epoch 12
Trial 37, Fold 1: Test Accuracy = 0.3333
Divergence detected. Stopping training after 10 epochs.
Early stopping at epoch 10
Trial 37, Fold 2: Test Accuracy = 0.3333
Divergence detected. Stopping training after 10 epochs.
Early stopping at epoch 25
Trial 38, Fold 1: Test Accuracy = 0.3333
Divergence detected. Stopping training after 10 epochs.
Early stopping at epoch 10
Trial 37, Fold 3: Test Accuracy = 0.3333
Divergence detected. Stopping training after 10 epochs.
Early stopping at epoch 11
Trial 38, Fold 2: Test Accuracy = 0.3333
Divergence detected. Stopping training after 10 epochs.
Early stopping at epoch 19
Trial 37, Fold 4: Test Accuracy = 0.3333
Divergence detected. Stopping training after 10 epochs.
Early stopping at epoch 10
Trial 38, Fold 3: Test Accuracy = 0.3333
Divergence detected. Stopping training after 10 epochs.
Early stopping at epoch 11
Trial 38, Fold 4: Test Accuracy = 0.3333
Divergence detected. Stopping training after 10 epochs.
Early stopping at epoch 17
[I 2025-05-08 12:45:41,190] Trial 37 finished with value: 0.3333333333333333 and parameters: {'ff_dim': 64, 'dropout_rate': 0.25009767420471357, 'embed_dim': 64, 'learning_rate': 0.0023371113628463777, 'weight_decay': 4.5656628059108604e-05, 'batch_size': 32, 'num_heads': 2, 'num_transformer_blocks': 32}. Best is trial 19 with value: 0.4606266643484158.
Trial 37, Fold 5: Test Accuracy = 0.3333
Trial 37: Mean Accuracy = 0.3333, Fold Accuracies = [np.float64(0.3333333333333333), np.float64(0.3333333333333333), np.float64(0.3333333333333333), np.float64(0.3333333333333333), np.float64(0.3333333333333333)]
Hyperparameters: num_heads=16, num_transformer_blocks=8, learning_rate=0.0002475597119632828, optimizer=Adam, weight_decay=0.0009928109064919971, batch_size=16,factor=1
Divergence detected. Stopping training after 10 epochs.
Early stopping at epoch 16
[I 2025-05-08 12:47:00,937] Trial 38 finished with value: 0.3333333333333333 and parameters: {'ff_dim': 512, 'dropout_rate': 0.2662487692069257, 'embed_dim': 64, 'learning_rate': 0.00027980489622887614, 'weight_decay': 2.1422660616215064e-06, 'batch_size': 16, 'num_heads': 16, 'num_transformer_blocks': 32}. Best is trial 19 with value: 0.4606266643484158.
Trial 38, Fold 5: Test Accuracy = 0.3333
Trial 38: Mean Accuracy = 0.3333, Fold Accuracies = [np.float64(0.3333333333333333), np.float64(0.3333333333333333), np.float64(0.3333333333333333), np.float64(0.3333333333333333), np.float64(0.3333333333333333)]
Hyperparameters: num_heads=1, num_transformer_blocks=8, learning_rate=0.001941447147135279, optimizer=Adam, weight_decay=8.903068987090388e-06, batch_size=10,factor=1
Divergence detected. Stopping training after 10 epochs.
Early stopping at epoch 20
Trial 39, Fold 1: Test Accuracy = 0.3333
Divergence detected. Stopping training after 10 epochs.
Early stopping at epoch 11
Trial 40, Fold 1: Test Accuracy = 0.3333
Divergence detected. Stopping training after 10 epochs.
Early stopping at epoch 12
Trial 39, Fold 2: Test Accuracy = 0.4190
Divergence detected. Stopping training after 10 epochs.
Early stopping at epoch 12
Trial 40, Fold 2: Test Accuracy = 0.3333
Divergence detected. Stopping training after 10 epochs.
Early stopping at epoch 16
Trial 39, Fold 3: Test Accuracy = 0.4290
Divergence detected. Stopping training after 10 epochs.
Early stopping at epoch 11
Trial 40, Fold 3: Test Accuracy = 0.3333
Divergence detected. Stopping training after 10 epochs.
Early stopping at epoch 12
Trial 39, Fold 4: Test Accuracy = 0.3333
Divergence detected. Stopping training after 10 epochs.
Early stopping at epoch 17
Trial 40, Fold 4: Test Accuracy = 0.3333
Divergence detected. Stopping training after 10 epochs.
Early stopping at epoch 17
[I 2025-05-08 12:51:44,891] Trial 39 finished with value: 0.37418810826963567 and parameters: {'ff_dim': 512, 'dropout_rate': 0.2677655190794849, 'embed_dim': 512, 'learning_rate': 0.0002475597119632828, 'weight_decay': 0.0009928109064919971, 'batch_size': 16, 'num_heads': 16, 'num_transformer_blocks': 8}. Best is trial 19 with value: 0.4606266643484158.
Trial 39, Fold 5: Test Accuracy = 0.3563
Trial 39: Mean Accuracy = 0.3742, Fold Accuracies = [np.float64(0.3333333333333333), np.float64(0.4189618644067797), np.float64(0.4290458937198067), np.float64(0.3333333333333333), np.float64(0.3562661165549252)]
Hyperparameters: num_heads=1, num_transformer_blocks=16, learning_rate=0.0016384082851439573, optimizer=Adam, weight_decay=8.024613953747288e-06, batch_size=10,factor=1
Divergence detected. Stopping training after 10 epochs.
Early stopping at epoch 16
[I 2025-05-08 12:52:48,559] Trial 40 finished with value: 0.3333333333333333 and parameters: {'ff_dim': 256, 'dropout_rate': 0.2853293208645794, 'embed_dim': 512, 'learning_rate': 0.001941447147135279, 'weight_decay': 8.903068987090388e-06, 'batch_size': 10, 'num_heads': 1, 'num_transformer_blocks': 8}. Best is trial 19 with value: 0.4606266643484158.
Trial 40, Fold 5: Test Accuracy = 0.3333
Trial 40: Mean Accuracy = 0.3333, Fold Accuracies = [np.float64(0.3333333333333333), np.float64(0.3333333333333333), np.float64(0.3333333333333333), np.float64(0.3333333333333333), np.float64(0.3333333333333333)]
Hyperparameters: num_heads=4, num_transformer_blocks=2, learning_rate=0.04490907035112959, optimizer=Adam, weight_decay=5.60365872255683e-06, batch_size=32,factor=1
Divergence detected. Stopping training after 10 epochs.
Early stopping at epoch 21
Trial 41, Fold 1: Test Accuracy = 0.3333
Divergence detected. Stopping training after 10 epochs.
Early stopping at epoch 23
Trial 42, Fold 1: Test Accuracy = 0.3333
Divergence detected. Stopping training after 10 epochs.
Early stopping at epoch 15
Trial 41, Fold 2: Test Accuracy = 0.3333
Trial 42, Fold 2: Test Accuracy = 0.3333
Divergence detected. Stopping training after 10 epochs.
Early stopping at epoch 23
Trial 41, Fold 3: Test Accuracy = 0.3333
Divergence detected. Stopping training after 10 epochs.
Early stopping at epoch 17
Trial 42, Fold 3: Test Accuracy = 0.3333
Divergence detected. Stopping training after 10 epochs.
Early stopping at epoch 16
Trial 41, Fold 4: Test Accuracy = 0.3333
Divergence detected. Stopping training after 10 epochs.
Early stopping at epoch 15
Trial 42, Fold 4: Test Accuracy = 0.3333
Divergence detected. Stopping training after 10 epochs.
Early stopping at epoch 15
[I 2025-05-08 12:59:33,926] Trial 41 finished with value: 0.3333333333333333 and parameters: {'ff_dim': 256, 'dropout_rate': 0.2889969166426939, 'embed_dim': 256, 'learning_rate': 0.0016384082851439573, 'weight_decay': 8.024613953747288e-06, 'batch_size': 10, 'num_heads': 1, 'num_transformer_blocks': 16}. Best is trial 19 with value: 0.4606266643484158.
Trial 41, Fold 5: Test Accuracy = 0.3333
Trial 41: Mean Accuracy = 0.3333, Fold Accuracies = [np.float64(0.3333333333333333), np.float64(0.3333333333333333), np.float64(0.3333333333333333), np.float64(0.3333333333333333), np.float64(0.3333333333333333)]
Hyperparameters: num_heads=4, num_transformer_blocks=2, learning_rate=0.028045856343328034, optimizer=Adam, weight_decay=1.9121272395809968e-05, batch_size=32,factor=1
Divergence detected. Stopping training after 10 epochs.
Early stopping at epoch 23
Trial 42, Fold 5: Test Accuracy = 0.3333
Trial 42: Mean Accuracy = 0.3333, Fold Accuracies = [np.float64(0.3333333333333333), np.float64(0.3333333333333333), np.float64(0.3333333333333333), np.float64(0.3333333333333333), np.float64(0.3333333333333333)]
[I 2025-05-08 12:59:54,799] Trial 42 finished with value: 0.3333333333333333 and parameters: {'ff_dim': 128, 'dropout_rate': 0.2341990288902064, 'embed_dim': 512, 'learning_rate': 0.04490907035112959, 'weight_decay': 5.60365872255683e-06, 'batch_size': 32, 'num_heads': 4, 'num_transformer_blocks': 2}. Best is trial 19 with value: 0.4606266643484158.
Hyperparameters: num_heads=4, num_transformer_blocks=2, learning_rate=1.0481819500110948e-06, optimizer=Adam, weight_decay=3.40406019076036e-06, batch_size=32,factor=1
Divergence detected. Stopping training after 10 epochs.
Early stopping at epoch 17
Trial 43, Fold 1: Test Accuracy = 0.3333
Trial 44, Fold 1: Test Accuracy = 0.4057
Divergence detected. Stopping training after 10 epochs.
Early stopping at epoch 17
Trial 43, Fold 2: Test Accuracy = 0.3333
Divergence detected. Stopping training after 10 epochs.
Early stopping at epoch 15
Trial 43, Fold 3: Test Accuracy = 0.3333
Divergence detected. Stopping training after 10 epochs.
Early stopping at epoch 27
Trial 44, Fold 2: Test Accuracy = 0.3855
Divergence detected. Stopping training after 10 epochs.
Early stopping at epoch 11
Trial 43, Fold 4: Test Accuracy = 0.3333
Divergence detected. Stopping training after 10 epochs.
Early stopping at epoch 10
Trial 44, Fold 3: Test Accuracy = 0.4903
Divergence detected. Stopping training after 10 epochs.
Early stopping at epoch 12
[I 2025-05-08 13:04:36,371] Trial 43 finished with value: 0.3333333333333333 and parameters: {'ff_dim': 128, 'dropout_rate': 0.1033086174086726, 'embed_dim': 512, 'learning_rate': 0.028045856343328034, 'weight_decay': 1.9121272395809968e-05, 'batch_size': 32, 'num_heads': 4, 'num_transformer_blocks': 2}. Best is trial 19 with value: 0.4606266643484158.
Trial 43, Fold 5: Test Accuracy = 0.3333
Trial 43: Mean Accuracy = 0.3333, Fold Accuracies = [np.float64(0.3333333333333333), np.float64(0.3333333333333333), np.float64(0.3333333333333333), np.float64(0.3333333333333333), np.float64(0.3333333333333333)]
Hyperparameters: num_heads=4, num_transformer_blocks=2, learning_rate=9.521251683335189e-07, optimizer=Adam, weight_decay=3.45868335779032e-06, batch_size=32,factor=1
Trial 44, Fold 4: Test Accuracy = 0.4017
Trial 45, Fold 1: Test Accuracy = 0.4393
Divergence detected. Stopping training after 10 epochs.
Early stopping at epoch 14
Trial 45, Fold 2: Test Accuracy = 0.3849
[I 2025-05-08 13:08:15,002] Trial 44 finished with value: 0.4070802660541542 and parameters: {'ff_dim': 128, 'dropout_rate': 0.252962377599145, 'embed_dim': 512, 'learning_rate': 1.0481819500110948e-06, 'weight_decay': 3.40406019076036e-06, 'batch_size': 32, 'num_heads': 4, 'num_transformer_blocks': 2}. Best is trial 19 with value: 0.4606266643484158.
Trial 44, Fold 5: Test Accuracy = 0.3522
Trial 44: Mean Accuracy = 0.4071, Fold Accuracies = [np.float64(0.40566378066378067), np.float64(0.38552129106507643), np.float64(0.4903079710144927), np.float64(0.4016839641839642), np.float64(0.35222432334345694)]
Hyperparameters: num_heads=8, num_transformer_blocks=2, learning_rate=0.004183645642871351, optimizer=Adam, weight_decay=1.354897702863525e-06, batch_size=32,factor=1
Divergence detected. Stopping training after 10 epochs.
Early stopping at epoch 12
Trial 46, Fold 1: Test Accuracy = 0.4228
Trial 45, Fold 3: Test Accuracy = 0.4425
Divergence detected. Stopping training after 10 epochs.
Early stopping at epoch 10
Trial 46, Fold 2: Test Accuracy = 0.3852
Divergence detected. Stopping training after 10 epochs.
Early stopping at epoch 14
Trial 46, Fold 3: Test Accuracy = 0.4616
Trial 45, Fold 4: Test Accuracy = 0.4187
Divergence detected. Stopping training after 10 epochs.
Early stopping at epoch 13
Trial 46, Fold 4: Test Accuracy = 0.3327
Divergence detected. Stopping training after 10 epochs.
Early stopping at epoch 22
[I 2025-05-08 13:13:16,373] Trial 46 finished with value: 0.40671315086545706 and parameters: {'ff_dim': 32, 'dropout_rate': 0.16561667228033458, 'embed_dim': 32, 'learning_rate': 0.004183645642871351, 'weight_decay': 1.354897702863525e-06, 'batch_size': 32, 'num_heads': 8, 'num_transformer_blocks': 2}. Best is trial 19 with value: 0.4606266643484158.
Trial 46, Fold 5: Test Accuracy = 0.4313
Trial 46: Mean Accuracy = 0.4067, Fold Accuracies = [np.float64(0.4227994227994228), np.float64(0.385161644695543), np.float64(0.4615942028985507), np.float64(0.3326846764346764), np.float64(0.43132580749909266)]
Hyperparameters: num_heads=4, num_transformer_blocks=32, learning_rate=6.1636464220558125e-06, optimizer=Adam, weight_decay=2.2073785300813678e-06, batch_size=32,factor=1
[I 2025-05-08 13:13:31,216] Trial 45 finished with value: 0.4169126847192901 and parameters: {'ff_dim': 128, 'dropout_rate': 0.2503747060376172, 'embed_dim': 512, 'learning_rate': 9.521251683335189e-07, 'weight_decay': 3.45868335779032e-06, 'batch_size': 32, 'num_heads': 4, 'num_transformer_blocks': 2}. Best is trial 19 with value: 0.4606266643484158.
Trial 45, Fold 5: Test Accuracy = 0.3991
Trial 45: Mean Accuracy = 0.4169, Fold Accuracies = [np.float64(0.43930375180375175), np.float64(0.38491316174931994), np.float64(0.442512077294686), np.float64(0.41873982498982504), np.float64(0.3990946077588677)]
Hyperparameters: num_heads=16, num_transformer_blocks=32, learning_rate=7.113663520472322e-06, optimizer=Adam, weight_decay=0.0004371568779032318, batch_size=32,factor=1
Divergence detected. Stopping training after 10 epochs.
Early stopping at epoch 11
Trial 47, Fold 1: Test Accuracy = 0.3931
Divergence detected. Stopping training after 10 epochs.
Early stopping at epoch 11
Trial 48, Fold 1: Test Accuracy = 0.4012
Divergence detected. Stopping training after 10 epochs.
Early stopping at epoch 19
Trial 48, Fold 2: Test Accuracy = 0.3708
Trial 47, Fold 2: Test Accuracy = 0.3625
Divergence detected. Stopping training after 10 epochs.
Early stopping at epoch 11
Trial 48, Fold 3: Test Accuracy = 0.5075
Divergence detected. Stopping training after 10 epochs.
Early stopping at epoch 10
Trial 48, Fold 4: Test Accuracy = 0.3729
Divergence detected. Stopping training after 10 epochs.
Early stopping at epoch 23
Trial 47, Fold 3: Test Accuracy = 0.4982
Divergence detected. Stopping training after 10 epochs.
Early stopping at epoch 15
[I 2025-05-08 13:18:41,981] Trial 48 finished with value: 0.4178250156706264 and parameters: {'ff_dim': 128, 'dropout_rate': 0.2078430917153968, 'embed_dim': 128, 'learning_rate': 7.113663520472322e-06, 'weight_decay': 0.0004371568779032318, 'batch_size': 32, 'num_heads': 16, 'num_transformer_blocks': 32}. Best is trial 19 with value: 0.4606266643484158.
Trial 48, Fold 5: Test Accuracy = 0.4367
Trial 48: Mean Accuracy = 0.4178, Fold Accuracies = [np.float64(0.40124458874458874), np.float64(0.3708411801632141), np.float64(0.5074879227053141), np.float64(0.37285052910052907), np.float64(0.4367008576394858)]
Hyperparameters: num_heads=4, num_transformer_blocks=1, learning_rate=0.00012953354783644096, optimizer=Adam, weight_decay=3.8832516840890815e-05, batch_size=10,factor=1
Divergence detected. Stopping training after 10 epochs.
Early stopping at epoch 18
Divergence detected. Stopping training after 10 epochs.
Early stopping at epoch 26
Trial 49, Fold 1: Test Accuracy = 0.4389
Trial 47, Fold 4: Test Accuracy = 0.3669
Divergence detected. Stopping training after 10 epochs.
Early stopping at epoch 18
Trial 49, Fold 2: Test Accuracy = 0.4249
Divergence detected. Stopping training after 10 epochs.
Early stopping at epoch 15
