[I 2025-05-08 18:45:07,921] Trial 144 finished with value: 0.4404475775529697 and parameters: {'ff_dim': 32, 'dropout_rate': 0.11463700728525023, 'embed_dim': 256, 'learning_rate': 0.00033841016885249815, 'weight_decay': 7.295948615763165e-05, 'batch_size': 16, 'num_heads': 4, 'num_transformer_blocks': 4}. Best is trial 55 with value: 0.48925222855532075.
Trial 144, Fold 5: Test Accuracy = 0.4890
Trial 144: Mean Accuracy = 0.4404, Fold Accuracies = [np.float64(0.4080988455988456), np.float64(0.37570621468926557), np.float64(0.4958937198067633), np.float64(0.4334935897435898), np.float64(0.48904551792638434)]
Hyperparameters: num_heads=4, num_transformer_blocks=4, learning_rate=6.71608196869512e-05, optimizer=Adam, weight_decay=3.32207929295013e-05, batch_size=16,factor=1
Trial 145, Fold 1: Test Accuracy = 0.4444
Divergence detected. Stopping training after 10 epochs.
Early stopping at epoch 12
Trial 146, Fold 1: Test Accuracy = 0.4970
Divergence detected. Stopping training after 10 epochs.
Early stopping at epoch 13
Trial 145, Fold 2: Test Accuracy = 0.3917
Divergence detected. Stopping training after 10 epochs.
Early stopping at epoch 14
Trial 146, Fold 2: Test Accuracy = 0.4480
Divergence detected. Stopping training after 10 epochs.
Early stopping at epoch 11
Trial 146, Fold 3: Test Accuracy = 0.5766
Divergence detected. Stopping training after 10 epochs.
Early stopping at epoch 25
Trial 145, Fold 3: Test Accuracy = 0.5026
Divergence detected. Stopping training after 10 epochs.
Early stopping at epoch 15
Trial 146, Fold 4: Test Accuracy = 0.4679
Divergence detected. Stopping training after 10 epochs.
Early stopping at epoch 22
Trial 145, Fold 4: Test Accuracy = 0.4702
Divergence detected. Stopping training after 10 epochs.
Early stopping at epoch 24
[I 2025-05-08 18:50:38,307] Trial 146 finished with value: 0.47102816654979324 and parameters: {'ff_dim': 32, 'dropout_rate': 0.10582107079843503, 'embed_dim': 256, 'learning_rate': 6.71608196869512e-05, 'weight_decay': 3.32207929295013e-05, 'batch_size': 16, 'num_heads': 4, 'num_transformer_blocks': 4}. Best is trial 55 with value: 0.48925222855532075.
Trial 146, Fold 5: Test Accuracy = 0.3656
Trial 146: Mean Accuracy = 0.4710, Fold Accuracies = [np.float64(0.49702380952380953), np.float64(0.4480343691148776), np.float64(0.5766304347826087), np.float64(0.4678724053724053), np.float64(0.36557981395526523)]
Hyperparameters: num_heads=4, num_transformer_blocks=4, learning_rate=3.295721258544256e-05, optimizer=Adam, weight_decay=3.508671989205821e-05, batch_size=16,factor=1
Divergence detected. Stopping training after 10 epochs.
Early stopping at epoch 11
[I 2025-05-08 18:50:46,040] Trial 145 finished with value: 0.4359000399863394 and parameters: {'ff_dim': 32, 'dropout_rate': 0.1104269712688753, 'embed_dim': 256, 'learning_rate': 0.00015478212668687514, 'weight_decay': 7.640743302004911e-05, 'batch_size': 16, 'num_heads': 4, 'num_transformer_blocks': 4}. Best is trial 55 with value: 0.48925222855532075.
Trial 145, Fold 5: Test Accuracy = 0.3707
Trial 145: Mean Accuracy = 0.4359, Fold Accuracies = [np.float64(0.44435425685425683), np.float64(0.39171374764595107), np.float64(0.502566425120773), np.float64(0.4701745014245014), np.float64(0.37069126888621473)]
Hyperparameters: num_heads=4, num_transformer_blocks=4, learning_rate=6.364980476642986e-05, optimizer=Adam, weight_decay=3.516766799661881e-05, batch_size=16,factor=1
Divergence detected. Stopping training after 10 epochs.
Early stopping at epoch 24
Trial 148, Fold 1: Test Accuracy = 0.4537
Divergence detected. Stopping training after 10 epochs.
Early stopping at epoch 28
Trial 147, Fold 1: Test Accuracy = 0.4683
Divergence detected. Stopping training after 10 epochs.
Early stopping at epoch 10
Trial 147, Fold 2: Test Accuracy = 0.3503
Divergence detected. Stopping training after 10 epochs.
Early stopping at epoch 29
Trial 148, Fold 2: Test Accuracy = 0.4151
Divergence detected. Stopping training after 10 epochs.
Early stopping at epoch 22
Trial 147, Fold 3: Test Accuracy = 0.4728
Divergence detected. Stopping training after 10 epochs.
Early stopping at epoch 19
Trial 148, Fold 3: Test Accuracy = 0.4176
Divergence detected. Stopping training after 10 epochs.
Early stopping at epoch 29
Trial 147, Fold 4: Test Accuracy = 0.5055
Divergence detected. Stopping training after 10 epochs.
Early stopping at epoch 22
Trial 148, Fold 4: Test Accuracy = 0.3964
Divergence detected. Stopping training after 10 epochs.
Early stopping at epoch 16
[I 2025-05-08 18:58:11,763] Trial 147 finished with value: 0.44222860516614126 and parameters: {'ff_dim': 32, 'dropout_rate': 0.11870198003715761, 'embed_dim': 256, 'learning_rate': 3.295721258544256e-05, 'weight_decay': 3.508671989205821e-05, 'batch_size': 16, 'num_heads': 4, 'num_transformer_blocks': 4}. Best is trial 55 with value: 0.48925222855532075.
Trial 147, Fold 5: Test Accuracy = 0.4142
Trial 147: Mean Accuracy = 0.4422, Fold Accuracies = [np.float64(0.46834415584415584), np.float64(0.3502628688010044), np.float64(0.47279589371980674), np.float64(0.5054945054945056), np.float64(0.4142456019712337)]
Hyperparameters: num_heads=4, num_transformer_blocks=4, learning_rate=6.318482175400584e-05, optimizer=Adam, weight_decay=4.2115306430151496e-05, batch_size=16,factor=1
Divergence detected. Stopping training after 10 epochs.
Early stopping at epoch 15
[I 2025-05-08 18:58:36,447] Trial 148 finished with value: 0.4272108456940714 and parameters: {'ff_dim': 32, 'dropout_rate': 0.11827166813680696, 'embed_dim': 256, 'learning_rate': 6.364980476642986e-05, 'weight_decay': 3.516766799661881e-05, 'batch_size': 16, 'num_heads': 4, 'num_transformer_blocks': 4}. Best is trial 55 with value: 0.48925222855532075.
Trial 148, Fold 5: Test Accuracy = 0.4533
Trial 148: Mean Accuracy = 0.4272, Fold Accuracies = [np.float64(0.4537337662337662), np.float64(0.41509730069052103), np.float64(0.4175724637681159), np.float64(0.39635480260480255), np.float64(0.45329589517315155)]
Hyperparameters: num_heads=4, num_transformer_blocks=4, learning_rate=0.0004854545016211346, optimizer=Adam, weight_decay=2.9996324262421383e-05, batch_size=16,factor=1
Divergence detected. Stopping training after 10 epochs.
Early stopping at epoch 22
Trial 149, Fold 1: Test Accuracy = 0.3818
Divergence detected. Stopping training after 10 epochs.
Early stopping at epoch 27
Trial 150, Fold 1: Test Accuracy = 0.4658
Divergence detected. Stopping training after 10 epochs.
Early stopping at epoch 15
Trial 149, Fold 2: Test Accuracy = 0.4260
Divergence detected. Stopping training after 10 epochs.
Early stopping at epoch 29
Trial 150, Fold 2: Test Accuracy = 0.4247
Trial 149, Fold 3: Test Accuracy = 0.5257
Trial 150, Fold 3: Test Accuracy = 0.3868
Divergence detected. Stopping training after 10 epochs.
Early stopping at epoch 26
Trial 149, Fold 4: Test Accuracy = 0.4989
Divergence detected. Stopping training after 10 epochs.
Early stopping at epoch 25
Divergence detected. Stopping training after 10 epochs.
Early stopping at epoch 28
[I 2025-05-08 19:06:55,139] Trial 149 finished with value: 0.46333319350120633 and parameters: {'ff_dim': 32, 'dropout_rate': 0.10556731914063681, 'embed_dim': 256, 'learning_rate': 6.318482175400584e-05, 'weight_decay': 4.2115306430151496e-05, 'batch_size': 16, 'num_heads': 4, 'num_transformer_blocks': 4}. Best is trial 55 with value: 0.48925222855532075.
Trial 149, Fold 5: Test Accuracy = 0.4844
Trial 149: Mean Accuracy = 0.4633, Fold Accuracies = [np.float64(0.3817640692640693), np.float64(0.42599785519983263), np.float64(0.5256944444444445), np.float64(0.49885531135531136), np.float64(0.4843542872423739)]
Hyperparameters: num_heads=4, num_transformer_blocks=4, learning_rate=0.00015525256911280537, optimizer=Adam, weight_decay=3.149880823421316e-05, batch_size=16,factor=1
Trial 150, Fold 4: Test Accuracy = 0.4306
Divergence detected. Stopping training after 10 epochs.
Early stopping at epoch 28
Trial 151, Fold 1: Test Accuracy = 0.4596
[I 2025-05-08 19:09:03,915] Trial 150 finished with value: 0.4133762107570466 and parameters: {'ff_dim': 32, 'dropout_rate': 0.10496002217586696, 'embed_dim': 256, 'learning_rate': 0.0004854545016211346, 'weight_decay': 2.9996324262421383e-05, 'batch_size': 16, 'num_heads': 4, 'num_transformer_blocks': 4}. Best is trial 55 with value: 0.48925222855532075.
Trial 150, Fold 5: Test Accuracy = 0.3590
Trial 150: Mean Accuracy = 0.4134, Fold Accuracies = [np.float64(0.4658189033189033), np.float64(0.42467043314500946), np.float64(0.38680555555555557), np.float64(0.43061914936914936), np.float64(0.35896701239661527)]
Hyperparameters: num_heads=4, num_transformer_blocks=4, learning_rate=0.00015449641056570007, optimizer=Adam, weight_decay=4.4755629208270794e-05, batch_size=16,factor=1
Divergence detected. Stopping training after 10 epochs.
Early stopping at epoch 27
Trial 151, Fold 2: Test Accuracy = 0.5029
Trial 152, Fold 1: Test Accuracy = 0.4398
Divergence detected. Stopping training after 10 epochs.
Early stopping at epoch 11
Trial 152, Fold 2: Test Accuracy = 0.3935
Divergence detected. Stopping training after 10 epochs.
Early stopping at epoch 22
Trial 151, Fold 3: Test Accuracy = 0.5402
Divergence detected. Stopping training after 10 epochs.
Early stopping at epoch 15
Trial 152, Fold 3: Test Accuracy = 0.5697
Divergence detected. Stopping training after 10 epochs.
Early stopping at epoch 19
Trial 151, Fold 4: Test Accuracy = 0.4651
Divergence detected. Stopping training after 10 epochs.
Early stopping at epoch 10
[I 2025-05-08 19:14:48,301] Trial 151 finished with value: 0.48841131030459195 and parameters: {'ff_dim': 32, 'dropout_rate': 0.1069229904003147, 'embed_dim': 256, 'learning_rate': 0.00015525256911280537, 'weight_decay': 3.149880823421316e-05, 'batch_size': 16, 'num_heads': 4, 'num_transformer_blocks': 4}. Best is trial 55 with value: 0.48925222855532075.
Trial 151, Fold 5: Test Accuracy = 0.4743
Trial 151: Mean Accuracy = 0.4884, Fold Accuracies = [np.float64(0.4595959595959596), np.float64(0.502942561205273), np.float64(0.5401570048309178), np.float64(0.4650615588115588), np.float64(0.47429946707925047)]
Hyperparameters: num_heads=4, num_transformer_blocks=4, learning_rate=1.948986182715497e-06, optimizer=Adam, weight_decay=3.856525029680085e-05, batch_size=16,factor=1
Divergence detected. Stopping training after 10 epochs.
Early stopping at epoch 24
Trial 152, Fold 4: Test Accuracy = 0.5127
Divergence detected. Stopping training after 10 epochs.
Early stopping at epoch 12
Trial 153, Fold 1: Test Accuracy = 0.4250
Divergence detected. Stopping training after 10 epochs.
Early stopping at epoch 13
Divergence detected. Stopping training after 10 epochs.
Early stopping at epoch 25
Trial 153, Fold 2: Test Accuracy = 0.3916
[I 2025-05-08 19:16:42,083] Trial 152 finished with value: 0.4681558309471958 and parameters: {'ff_dim': 32, 'dropout_rate': 0.10502884125073231, 'embed_dim': 256, 'learning_rate': 0.00015449641056570007, 'weight_decay': 4.4755629208270794e-05, 'batch_size': 16, 'num_heads': 4, 'num_transformer_blocks': 4}. Best is trial 55 with value: 0.48925222855532075.
Trial 152, Fold 5: Test Accuracy = 0.4251
Trial 152: Mean Accuracy = 0.4682, Fold Accuracies = [np.float64(0.43975468975468973), np.float64(0.393544674618121), np.float64(0.5696557971014493), np.float64(0.512706043956044), np.float64(0.4251179493056749)]
Hyperparameters: num_heads=4, num_transformer_blocks=4, learning_rate=7.020768921425609e-05, optimizer=Adam, weight_decay=4.322443379757115e-05, batch_size=16,factor=1
Divergence detected. Stopping training after 10 epochs.
Early stopping at epoch 19
Trial 153, Fold 3: Test Accuracy = 0.4488
Divergence detected. Stopping training after 10 epochs.
Early stopping at epoch 20
Trial 154, Fold 1: Test Accuracy = 0.5010
Divergence detected. Stopping training after 10 epochs.
Early stopping at epoch 10
Trial 154, Fold 2: Test Accuracy = 0.3779
Divergence detected. Stopping training after 10 epochs.
Early stopping at epoch 27
Trial 153, Fold 4: Test Accuracy = 0.3336
Divergence detected. Stopping training after 10 epochs.
Early stopping at epoch 20
Trial 154, Fold 3: Test Accuracy = 0.5707
Divergence detected. Stopping training after 10 epochs.
Early stopping at epoch 11
[I 2025-05-08 19:20:58,065] Trial 153 finished with value: 0.40205932890109713 and parameters: {'ff_dim': 32, 'dropout_rate': 0.10457078720957821, 'embed_dim': 256, 'learning_rate': 1.948986182715497e-06, 'weight_decay': 3.856525029680085e-05, 'batch_size': 16, 'num_heads': 4, 'num_transformer_blocks': 4}. Best is trial 55 with value: 0.48925222855532075.
Trial 153, Fold 5: Test Accuracy = 0.4114
Trial 153: Mean Accuracy = 0.4021, Fold Accuracies = [np.float64(0.424963924963925), np.float64(0.39155027202343584), np.float64(0.44876207729468603), np.float64(0.33357498982498984), np.float64(0.41144538039844897)]
Hyperparameters: num_heads=4, num_transformer_blocks=4, learning_rate=6.402449743448898e-05, optimizer=Adam, weight_decay=4.612137630757636e-05, batch_size=16,factor=1
Divergence detected. Stopping training after 10 epochs.
Early stopping at epoch 12
Trial 154, Fold 4: Test Accuracy = 0.4151
Divergence detected. Stopping training after 10 epochs.
Early stopping at epoch 10
Trial 155, Fold 1: Test Accuracy = 0.4623
Divergence detected. Stopping training after 10 epochs.
Early stopping at epoch 10
[I 2025-05-08 19:22:10,999] Trial 154 finished with value: 0.4551881638516123 and parameters: {'ff_dim': 32, 'dropout_rate': 0.10331208049129875, 'embed_dim': 256, 'learning_rate': 7.020768921425609e-05, 'weight_decay': 4.322443379757115e-05, 'batch_size': 16, 'num_heads': 4, 'num_transformer_blocks': 4}. Best is trial 55 with value: 0.48925222855532075.
Trial 154, Fold 5: Test Accuracy = 0.4113
Trial 154: Mean Accuracy = 0.4552, Fold Accuracies = [np.float64(0.5009920634920635), np.float64(0.3778837099811676), np.float64(0.5707427536231884), np.float64(0.4150641025641026), np.float64(0.4112581895975398)]
Hyperparameters: num_heads=4, num_transformer_blocks=4, learning_rate=0.0001934803401682673, optimizer=Adam, weight_decay=4.501123320544216e-05, batch_size=16,factor=1
Divergence detected. Stopping training after 10 epochs.
Early stopping at epoch 11
Trial 155, Fold 2: Test Accuracy = 0.4567
Divergence detected. Stopping training after 10 epochs.
Early stopping at epoch 13
Trial 156, Fold 1: Test Accuracy = 0.4194
Divergence detected. Stopping training after 10 epochs.
Early stopping at epoch 15
Trial 156, Fold 2: Test Accuracy = 0.4381
Trial 155, Fold 3: Test Accuracy = 0.5730
Divergence detected. Stopping training after 10 epochs.
Early stopping at epoch 12
Trial 155, Fold 4: Test Accuracy = 0.4484
Divergence detected. Stopping training after 10 epochs.
Early stopping at epoch 24
Trial 156, Fold 3: Test Accuracy = 0.5314
Divergence detected. Stopping training after 10 epochs.
Early stopping at epoch 15
[I 2025-05-08 19:26:48,309] Trial 155 finished with value: 0.4713632484261968 and parameters: {'ff_dim': 32, 'dropout_rate': 0.11199383973284731, 'embed_dim': 256, 'learning_rate': 6.402449743448898e-05, 'weight_decay': 4.612137630757636e-05, 'batch_size': 16, 'num_heads': 4, 'num_transformer_blocks': 4}. Best is trial 55 with value: 0.48925222855532075.
Trial 155, Fold 5: Test Accuracy = 0.4164
Trial 155: Mean Accuracy = 0.4714, Fold Accuracies = [np.float64(0.46230158730158727), np.float64(0.45665280393387736), np.float64(0.5730374396135266), np.float64(0.4483745421245422), np.float64(0.41644986915745036)]
Hyperparameters: num_heads=4, num_transformer_blocks=4, learning_rate=5.355407130780646e-05, optimizer=Adam, weight_decay=4.628548236826748e-05, batch_size=16,factor=1
Divergence detected. Stopping training after 10 epochs.
Early stopping at epoch 18
Trial 157, Fold 1: Test Accuracy = 0.4524
Divergence detected. Stopping training after 10 epochs.
Early stopping at epoch 29
Trial 156, Fold 4: Test Accuracy = 0.5202
Divergence detected. Stopping training after 10 epochs.
Early stopping at epoch 24
[I 2025-05-08 19:29:57,727] Trial 156 finished with value: 0.459106582035564 and parameters: {'ff_dim': 32, 'dropout_rate': 0.11106040921254377, 'embed_dim': 256, 'learning_rate': 0.0001934803401682673, 'weight_decay': 4.501123320544216e-05, 'batch_size': 16, 'num_heads': 4, 'num_transformer_blocks': 4}. Best is trial 55 with value: 0.48925222855532075.
Trial 156, Fold 5: Test Accuracy = 0.3864
Trial 156: Mean Accuracy = 0.4591, Fold Accuracies = [np.float64(0.41937229437229434), np.float64(0.43813428541535887), np.float64(0.5314009661835749), np.float64(0.5202482702482703), np.float64(0.38637709395832137)]
Hyperparameters: num_heads=4, num_transformer_blocks=4, learning_rate=5.801616541151001e-05, optimizer=Adam, weight_decay=4.217430921474785e-05, batch_size=16,factor=1
Divergence detected. Stopping training after 10 epochs.
Early stopping at epoch 28
Trial 157, Fold 2: Test Accuracy = 0.4031
Divergence detected. Stopping training after 10 epochs.
Early stopping at epoch 18
Trial 158, Fold 1: Test Accuracy = 0.5130
Divergence detected. Stopping training after 10 epochs.
Early stopping at epoch 25
Trial 157, Fold 3: Test Accuracy = 0.5242
Divergence detected. Stopping training after 10 epochs.
Early stopping at epoch 13
Trial 157, Fold 4: Test Accuracy = 0.4732
Divergence detected. Stopping training after 10 epochs.
Early stopping at epoch 26
Trial 158, Fold 2: Test Accuracy = 0.4216
Divergence detected. Stopping training after 10 epochs.
Early stopping at epoch 22
Trial 158, Fold 3: Test Accuracy = 0.4930
[I 2025-05-08 19:35:10,731] Trial 157 finished with value: 0.45366449732548275 and parameters: {'ff_dim': 32, 'dropout_rate': 0.11390159665753458, 'embed_dim': 256, 'learning_rate': 5.355407130780646e-05, 'weight_decay': 4.628548236826748e-05, 'batch_size': 16, 'num_heads': 4, 'num_transformer_blocks': 4}. Best is trial 55 with value: 0.48925222855532075.
Trial 157, Fold 5: Test Accuracy = 0.4155
Trial 157: Mean Accuracy = 0.4537, Fold Accuracies = [np.float64(0.4523809523809524), np.float64(0.4030654948734045), np.float64(0.5241847826086956), np.float64(0.47322700447700444), np.float64(0.415464252287357)]
Hyperparameters: num_heads=4, num_transformer_blocks=4, learning_rate=3.3898729465237705e-05, optimizer=Adam, weight_decay=6.489335560701247e-05, batch_size=16,factor=1
Divergence detected. Stopping training after 10 epochs.
Early stopping at epoch 24
Trial 158, Fold 4: Test Accuracy = 0.4551
Divergence detected. Stopping training after 10 epochs.
Early stopping at epoch 21
Trial 159, Fold 1: Test Accuracy = 0.5069
Divergence detected. Stopping training after 10 epochs.
Early stopping at epoch 10
[I 2025-05-08 19:37:21,272] Trial 158 finished with value: 0.45482461025176535 and parameters: {'ff_dim': 32, 'dropout_rate': 0.11929131036038858, 'embed_dim': 256, 'learning_rate': 5.801616541151001e-05, 'weight_decay': 4.217430921474785e-05, 'batch_size': 16, 'num_heads': 4, 'num_transformer_blocks': 4}. Best is trial 55 with value: 0.48925222855532075.
Trial 158, Fold 5: Test Accuracy = 0.3914
Trial 158: Mean Accuracy = 0.4548, Fold Accuracies = [np.float64(0.512987012987013), np.float64(0.42164286461602846), np.float64(0.4930253623188406), np.float64(0.45509004884004883), np.float64(0.3913777624968961)]
Hyperparameters: num_heads=4, num_transformer_blocks=4, learning_rate=2.953847340338769e-05, optimizer=Adam, weight_decay=6.529392049754687e-05, batch_size=16,factor=1
Divergence detected. Stopping training after 10 epochs.
Early stopping at epoch 24
Trial 159, Fold 2: Test Accuracy = 0.4005
Divergence detected. Stopping training after 10 epochs.
Early stopping at epoch 29
Trial 160, Fold 1: Test Accuracy = 0.4225
Divergence detected. Stopping training after 10 epochs.
Early stopping at epoch 27
Trial 159, Fold 3: Test Accuracy = 0.4634
Divergence detected. Stopping training after 10 epochs.
Early stopping at epoch 18
Trial 160, Fold 2: Test Accuracy = 0.4037
Divergence detected. Stopping training after 10 epochs.
Early stopping at epoch 21
Trial 159, Fold 4: Test Accuracy = 0.4546
Divergence detected. Stopping training after 10 epochs.
Early stopping at epoch 10
[I 2025-05-08 19:42:47,437] Trial 159 finished with value: 0.430714968463323 and parameters: {'ff_dim': 32, 'dropout_rate': 0.12030433734415222, 'embed_dim': 256, 'learning_rate': 3.3898729465237705e-05, 'weight_decay': 6.489335560701247e-05, 'batch_size': 16, 'num_heads': 4, 'num_transformer_blocks': 4}. Best is trial 55 with value: 0.48925222855532075.
Trial 159, Fold 5: Test Accuracy = 0.3282
Trial 159: Mean Accuracy = 0.4307, Fold Accuracies = [np.float64(0.5068542568542568), np.float64(0.4005218141870684), np.float64(0.4634057971014493), np.float64(0.45459401709401703), np.float64(0.32819895707982344)]
Hyperparameters: num_heads=4, num_transformer_blocks=4, learning_rate=9.857852366372015e-06, optimizer=Adam, weight_decay=3.284385036725988e-05, batch_size=16,factor=1
Trial 160, Fold 3: Test Accuracy = 0.4171
Divergence detected. Stopping training after 10 epochs.
Early stopping at epoch 20
Trial 161, Fold 1: Test Accuracy = 0.5223
Divergence detected. Stopping training after 10 epochs.
Early stopping at epoch 19
Trial 160, Fold 4: Test Accuracy = 0.4677
Divergence detected. Stopping training after 10 epochs.
Early stopping at epoch 14
