[I 2025-05-08 15:13:08,191] Trial 80 finished with value: 0.42797771969806797 and parameters: {'ff_dim': 64, 'dropout_rate': 0.2636341609899642, 'embed_dim': 64, 'learning_rate': 2.963144704040382e-05, 'weight_decay': 0.00011728499031175209, 'batch_size': 10, 'num_heads': 4, 'num_transformer_blocks': 1}. Best is trial 55 with value: 0.48925222855532075.
Trial 80, Fold 5: Test Accuracy = 0.3964
Trial 80: Mean Accuracy = 0.4280, Fold Accuracies = [np.float64(0.45147907647907654), np.float64(0.42247332077840555), np.float64(0.5332125603864735), np.float64(0.3362840862840863), np.float64(0.3964395545622983)]
Hyperparameters: num_heads=4, num_transformer_blocks=4, learning_rate=0.00042654798659541343, optimizer=Adam, weight_decay=0.00026201805279901184, batch_size=10,factor=1
Divergence detected. Stopping training after 10 epochs.
Early stopping at epoch 11
Trial 81, Fold 1: Test Accuracy = 0.3333
Divergence detected. Stopping training after 10 epochs.
Early stopping at epoch 10
Trial 81, Fold 2: Test Accuracy = 0.3333
Divergence detected. Stopping training after 10 epochs.
Early stopping at epoch 12
Trial 82, Fold 1: Test Accuracy = 0.3661
Divergence detected. Stopping training after 10 epochs.
Early stopping at epoch 11
Trial 82, Fold 2: Test Accuracy = 0.3333
Trial 81, Fold 3: Test Accuracy = 0.5839
Divergence detected. Stopping training after 10 epochs.
Early stopping at epoch 19
Trial 82, Fold 3: Test Accuracy = 0.5158
Divergence detected. Stopping training after 10 epochs.
Early stopping at epoch 16
Trial 81, Fold 4: Test Accuracy = 0.4397
Divergence detected. Stopping training after 10 epochs.
Early stopping at epoch 10
Divergence detected. Stopping training after 10 epochs.
Early stopping at epoch 25
[I 2025-05-08 15:18:12,218] Trial 81 finished with value: 0.4147503773425921 and parameters: {'ff_dim': 64, 'dropout_rate': 0.28758570436471764, 'embed_dim': 256, 'learning_rate': 0.0004783440282759618, 'weight_decay': 0.0008620928561893915, 'batch_size': 10, 'num_heads': 4, 'num_transformer_blocks': 4}. Best is trial 55 with value: 0.48925222855532075.
Trial 81, Fold 5: Test Accuracy = 0.3835
Trial 81: Mean Accuracy = 0.4148, Fold Accuracies = [np.float64(0.3333333333333333), np.float64(0.3333333333333333), np.float64(0.5838768115942029), np.float64(0.43973850223850225), np.float64(0.3834699062135885)]
Hyperparameters: num_heads=4, num_transformer_blocks=4, learning_rate=0.000993691235453486, optimizer=Adam, weight_decay=0.0005400911174679524, batch_size=10,factor=1
Trial 82, Fold 4: Test Accuracy = 0.4452
Divergence detected. Stopping training after 10 epochs.
Early stopping at epoch 14
[I 2025-05-08 15:19:14,935] Trial 82 finished with value: 0.40754828658003206 and parameters: {'ff_dim': 64, 'dropout_rate': 0.28336926628650566, 'embed_dim': 256, 'learning_rate': 0.00042654798659541343, 'weight_decay': 0.00026201805279901184, 'batch_size': 10, 'num_heads': 4, 'num_transformer_blocks': 4}. Best is trial 55 with value: 0.48925222855532075.
Trial 82, Fold 5: Test Accuracy = 0.3773
Trial 82: Mean Accuracy = 0.4075, Fold Accuracies = [np.float64(0.36607142857142855), np.float64(0.3333333333333333), np.float64(0.5158212560386474), np.float64(0.4452457264957265), np.float64(0.3772696884610242)]
Hyperparameters: num_heads=16, num_transformer_blocks=4, learning_rate=8.06049826832049e-05, optimizer=Adam, weight_decay=0.0004785866084870555, batch_size=10,factor=1
Divergence detected. Stopping training after 10 epochs.
Early stopping at epoch 16
Trial 83, Fold 1: Test Accuracy = 0.3264
Divergence detected. Stopping training after 10 epochs.
Early stopping at epoch 20
Trial 83, Fold 2: Test Accuracy = 0.3457
Divergence detected. Stopping training after 10 epochs.
Early stopping at epoch 28
Trial 84, Fold 1: Test Accuracy = 0.4609
Divergence detected. Stopping training after 10 epochs.
Early stopping at epoch 10
Trial 83, Fold 3: Test Accuracy = 0.4656
Divergence detected. Stopping training after 10 epochs.
Early stopping at epoch 26
Trial 84, Fold 2: Test Accuracy = 0.4221
Divergence detected. Stopping training after 10 epochs.
Early stopping at epoch 25
Trial 83, Fold 4: Test Accuracy = 0.3133
Divergence detected. Stopping training after 10 epochs.
Early stopping at epoch 12
[I 2025-05-08 15:24:24,049] Trial 83 finished with value: 0.3644653179616948 and parameters: {'ff_dim': 64, 'dropout_rate': 0.28112939410028004, 'embed_dim': 256, 'learning_rate': 0.000993691235453486, 'weight_decay': 0.0005400911174679524, 'batch_size': 10, 'num_heads': 4, 'num_transformer_blocks': 4}. Best is trial 55 with value: 0.48925222855532075.
Trial 83, Fold 5: Test Accuracy = 0.3714
Trial 83: Mean Accuracy = 0.3645, Fold Accuracies = [np.float64(0.3263888888888889), np.float64(0.34567901234567905), np.float64(0.46557971014492755), np.float64(0.313250407000407), np.float64(0.37142857142857144)]
Hyperparameters: num_heads=16, num_transformer_blocks=8, learning_rate=0.00024841692780917953, optimizer=Adam, weight_decay=0.0004526743963297269, batch_size=10,factor=1
Divergence detected. Stopping training after 10 epochs.
Early stopping at epoch 20
Trial 84, Fold 3: Test Accuracy = 0.5574
Divergence detected. Stopping training after 10 epochs.
Early stopping at epoch 10
Trial 85, Fold 1: Test Accuracy = 0.5029
Trial 84, Fold 4: Test Accuracy = 0.3972
Trial 85, Fold 2: Test Accuracy = 0.4410
Divergence detected. Stopping training after 10 epochs.
Early stopping at epoch 12
[I 2025-05-08 15:27:36,280] Trial 84 finished with value: 0.44924720974137494 and parameters: {'ff_dim': 64, 'dropout_rate': 0.1825125153346089, 'embed_dim': 256, 'learning_rate': 8.06049826832049e-05, 'weight_decay': 0.0004785866084870555, 'batch_size': 10, 'num_heads': 16, 'num_transformer_blocks': 4}. Best is trial 55 with value: 0.48925222855532075.
Trial 84, Fold 5: Test Accuracy = 0.4086
Trial 84: Mean Accuracy = 0.4492, Fold Accuracies = [np.float64(0.46085858585858586), np.float64(0.42213983050847453), np.float64(0.557427536231884), np.float64(0.3972069597069597), np.float64(0.40860313640097035)]
Hyperparameters: num_heads=2, num_transformer_blocks=8, learning_rate=0.00012328328006223918, optimizer=Adam, weight_decay=1.8690527100347672e-05, batch_size=10,factor=1
Divergence detected. Stopping training after 10 epochs.
Early stopping at epoch 13
Trial 86, Fold 1: Test Accuracy = 0.3956
Trial 85, Fold 3: Test Accuracy = 0.5216
Divergence detected. Stopping training after 10 epochs.
Early stopping at epoch 19
Trial 86, Fold 2: Test Accuracy = 0.4395
Divergence detected. Stopping training after 10 epochs.
Early stopping at epoch 16
Trial 85, Fold 4: Test Accuracy = 0.3958
Divergence detected. Stopping training after 10 epochs.
Early stopping at epoch 28
Trial 86, Fold 3: Test Accuracy = 0.5658
Divergence detected. Stopping training after 10 epochs.
Early stopping at epoch 27
[I 2025-05-08 15:32:44,031] Trial 85 finished with value: 0.45596461452881165 and parameters: {'ff_dim': 64, 'dropout_rate': 0.2903040624274201, 'embed_dim': 64, 'learning_rate': 0.00024841692780917953, 'weight_decay': 0.0004526743963297269, 'batch_size': 10, 'num_heads': 16, 'num_transformer_blocks': 8}. Best is trial 55 with value: 0.48925222855532075.
Trial 85, Fold 5: Test Accuracy = 0.4185
Trial 85: Mean Accuracy = 0.4560, Fold Accuracies = [np.float64(0.5028860028860028), np.float64(0.44097222222222227), np.float64(0.5215881642512078), np.float64(0.3958333333333333), np.float64(0.4185433499512922)]
Hyperparameters: num_heads=16, num_transformer_blocks=8, learning_rate=0.00025689333314821936, optimizer=Adam, weight_decay=2.1565111796885745e-05, batch_size=16,factor=1
Divergence detected. Stopping training after 10 epochs.
Early stopping at epoch 20
Trial 86, Fold 4: Test Accuracy = 0.4647
Divergence detected. Stopping training after 10 epochs.
Early stopping at epoch 13
Trial 87, Fold 1: Test Accuracy = 0.4019
Divergence detected. Stopping training after 10 epochs.
Early stopping at epoch 10
[I 2025-05-08 15:34:22,144] Trial 86 finished with value: 0.4589411717411561 and parameters: {'ff_dim': 256, 'dropout_rate': 0.19190779410242212, 'embed_dim': 64, 'learning_rate': 0.00012328328006223918, 'weight_decay': 1.8690527100347672e-05, 'batch_size': 10, 'num_heads': 2, 'num_transformer_blocks': 8}. Best is trial 55 with value: 0.48925222855532075.
Trial 86, Fold 5: Test Accuracy = 0.4291
Trial 86: Mean Accuracy = 0.4589, Fold Accuracies = [np.float64(0.3955627705627705), np.float64(0.4395467147938899), np.float64(0.5657910628019324), np.float64(0.4647181522181522), np.float64(0.4290871583290356)]
Hyperparameters: num_heads=2, num_transformer_blocks=8, learning_rate=0.00030254563212874517, optimizer=Adam, weight_decay=1.7470491788354083e-05, batch_size=16,factor=1
Divergence detected. Stopping training after 10 epochs.
Early stopping at epoch 12
Trial 88, Fold 1: Test Accuracy = 0.3975
Divergence detected. Stopping training after 10 epochs.
Early stopping at epoch 24
Trial 87, Fold 2: Test Accuracy = 0.3533
Divergence detected. Stopping training after 10 epochs.
Early stopping at epoch 17
Trial 88, Fold 2: Test Accuracy = 0.4233
Divergence detected. Stopping training after 10 epochs.
Early stopping at epoch 19
Trial 87, Fold 3: Test Accuracy = 0.4686
Divergence detected. Stopping training after 10 epochs.
Early stopping at epoch 14
Trial 87, Fold 4: Test Accuracy = 0.4092
Divergence detected. Stopping training after 10 epochs.
Early stopping at epoch 22
Trial 88, Fold 3: Test Accuracy = 0.5447
Divergence detected. Stopping training after 10 epochs.
Early stopping at epoch 14
Trial 88, Fold 4: Test Accuracy = 0.4206
[I 2025-05-08 15:39:44,915] Trial 87 finished with value: 0.4009474711185777 and parameters: {'ff_dim': 64, 'dropout_rate': 0.29139985168030885, 'embed_dim': 64, 'learning_rate': 0.00025689333314821936, 'weight_decay': 2.1565111796885745e-05, 'batch_size': 16, 'num_heads': 16, 'num_transformer_blocks': 8}. Best is trial 55 with value: 0.48925222855532075.
Trial 87, Fold 5: Test Accuracy = 0.3717
Trial 87: Mean Accuracy = 0.4009, Fold Accuracies = [np.float64(0.4018759018759019), np.float64(0.353329671479389), np.float64(0.46856884057971016), np.float64(0.4092134717134717), np.float64(0.37174946994441577)]
Hyperparameters: num_heads=2, num_transformer_blocks=8, learning_rate=0.0001238099564562562, optimizer=Adam, weight_decay=1.368890398588868e-05, batch_size=10,factor=1
Divergence detected. Stopping training after 10 epochs.
Early stopping at epoch 11
[I 2025-05-08 15:39:52,643] Trial 88 finished with value: 0.43103774433353 and parameters: {'ff_dim': 256, 'dropout_rate': 0.19022290804494477, 'embed_dim': 64, 'learning_rate': 0.00030254563212874517, 'weight_decay': 1.7470491788354083e-05, 'batch_size': 16, 'num_heads': 2, 'num_transformer_blocks': 8}. Best is trial 55 with value: 0.48925222855532075.
Trial 88, Fold 5: Test Accuracy = 0.3691
Trial 88: Mean Accuracy = 0.4310, Fold Accuracies = [np.float64(0.3974567099567099), np.float64(0.4233430110901863), np.float64(0.5446557971014493), np.float64(0.42059676434676435), np.float64(0.36913643917254024)]
Hyperparameters: num_heads=2, num_transformer_blocks=8, learning_rate=0.0006026941637358495, optimizer=Adam, weight_decay=0.00019312677730476082, batch_size=10,factor=1
Divergence detected. Stopping training after 10 epochs.
Early stopping at epoch 10
Trial 89, Fold 1: Test Accuracy = 0.4859
Divergence detected. Stopping training after 10 epochs.
Early stopping at epoch 13
Trial 90, Fold 1: Test Accuracy = 0.3333
Divergence detected. Stopping training after 10 epochs.
Early stopping at epoch 24
Trial 89, Fold 2: Test Accuracy = 0.4025
Divergence detected. Stopping training after 10 epochs.
Early stopping at epoch 23
Trial 90, Fold 2: Test Accuracy = 0.3333
Divergence detected. Stopping training after 10 epochs.
Early stopping at epoch 12
Trial 90, Fold 3: Test Accuracy = 0.3333
Divergence detected. Stopping training after 10 epochs.
Early stopping at epoch 10
Trial 90, Fold 4: Test Accuracy = 0.3333
Trial 89, Fold 3: Test Accuracy = 0.5371
Divergence detected. Stopping training after 10 epochs.
Early stopping at epoch 20
Divergence detected. Stopping training after 10 epochs.
Early stopping at epoch 18
[I 2025-05-08 15:45:48,056] Trial 90 finished with value: 0.3333333333333333 and parameters: {'ff_dim': 256, 'dropout_rate': 0.19208535541114985, 'embed_dim': 128, 'learning_rate': 0.0006026941637358495, 'weight_decay': 0.00019312677730476082, 'batch_size': 10, 'num_heads': 2, 'num_transformer_blocks': 8}. Best is trial 55 with value: 0.48925222855532075.
Trial 90, Fold 5: Test Accuracy = 0.3333
Trial 90: Mean Accuracy = 0.3333, Fold Accuracies = [np.float64(0.3333333333333333), np.float64(0.3333333333333333), np.float64(0.3333333333333333), np.float64(0.3333333333333333), np.float64(0.3333333333333333)]
Hyperparameters: num_heads=2, num_transformer_blocks=8, learning_rate=0.00012008652986456692, optimizer=Adam, weight_decay=1.4417140225538201e-05, batch_size=10,factor=1
Trial 89, Fold 4: Test Accuracy = 0.4549
Divergence detected. Stopping training after 10 epochs.
Early stopping at epoch 14
Trial 91, Fold 1: Test Accuracy = 0.3911
Divergence detected. Stopping training after 10 epochs.
Early stopping at epoch 23
[I 2025-05-08 15:47:34,421] Trial 89 finished with value: 0.4563045302359557 and parameters: {'ff_dim': 256, 'dropout_rate': 0.19362310844513722, 'embed_dim': 128, 'learning_rate': 0.0001238099564562562, 'weight_decay': 1.368890398588868e-05, 'batch_size': 10, 'num_heads': 2, 'num_transformer_blocks': 8}. Best is trial 55 with value: 0.48925222855532075.
Trial 89, Fold 5: Test Accuracy = 0.4011
Trial 89: Mean Accuracy = 0.4563, Fold Accuracies = [np.float64(0.48593073593073594), np.float64(0.4024900606821511), np.float64(0.5371074879227052), np.float64(0.4549247049247049), np.float64(0.40106966171948116)]
Hyperparameters: num_heads=2, num_transformer_blocks=8, learning_rate=0.00011833585465114953, optimizer=Adam, weight_decay=1.384051137092256e-05, batch_size=10,factor=1
Trial 91, Fold 2: Test Accuracy = 0.3089
Divergence detected. Stopping training after 10 epochs.
Early stopping at epoch 20
Trial 92, Fold 1: Test Accuracy = 0.4802
Divergence detected. Stopping training after 10 epochs.
Early stopping at epoch 16
Trial 92, Fold 2: Test Accuracy = 0.3854
Divergence detected. Stopping training after 10 epochs.
Early stopping at epoch 19
Trial 91, Fold 3: Test Accuracy = 0.5171
Divergence detected. Stopping training after 10 epochs.
Early stopping at epoch 12
Trial 91, Fold 4: Test Accuracy = 0.5037
Divergence detected. Stopping training after 10 epochs.
Early stopping at epoch 19
Trial 92, Fold 3: Test Accuracy = 0.5194
Divergence detected. Stopping training after 10 epochs.
Early stopping at epoch 15
[I 2025-05-08 15:52:27,549] Trial 91 finished with value: 0.41691265153184975 and parameters: {'ff_dim': 256, 'dropout_rate': 0.2030357009844615, 'embed_dim': 64, 'learning_rate': 0.00012008652986456692, 'weight_decay': 1.4417140225538201e-05, 'batch_size': 10, 'num_heads': 2, 'num_transformer_blocks': 8}. Best is trial 55 with value: 0.48925222855532075.
Trial 91, Fold 5: Test Accuracy = 0.3638
Trial 91: Mean Accuracy = 0.4169, Fold Accuracies = [np.float64(0.39105339105339104), np.float64(0.30891661435446743), np.float64(0.5171497584541063), np.float64(0.5036630036630036), np.float64(0.3637804901342807)]
Hyperparameters: num_heads=2, num_transformer_blocks=8, learning_rate=0.00022654482448925675, optimizer=Adam, weight_decay=1.2262653714070537e-05, batch_size=10,factor=1
Divergence detected. Stopping training after 10 epochs.
Early stopping at epoch 20
Trial 92, Fold 4: Test Accuracy = 0.5147
Divergence detected. Stopping training after 10 epochs.
Early stopping at epoch 14
Trial 93, Fold 1: Test Accuracy = 0.3730
Divergence detected. Stopping training after 10 epochs.
Early stopping at epoch 11
Trial 93, Fold 2: Test Accuracy = 0.4474
Divergence detected. Stopping training after 10 epochs.
Early stopping at epoch 18
[I 2025-05-08 15:54:35,612] Trial 92 finished with value: 0.4758831039901937 and parameters: {'ff_dim': 256, 'dropout_rate': 0.2051768973953511, 'embed_dim': 128, 'learning_rate': 0.00011833585465114953, 'weight_decay': 1.384051137092256e-05, 'batch_size': 10, 'num_heads': 2, 'num_transformer_blocks': 8}. Best is trial 55 with value: 0.48925222855532075.
Trial 92, Fold 5: Test Accuracy = 0.4798
Trial 92: Mean Accuracy = 0.4759, Fold Accuracies = [np.float64(0.4801587301587302), np.float64(0.38538397154216364), np.float64(0.5194444444444445), np.float64(0.5146774521774522), np.float64(0.4797509216281779)]
Hyperparameters: num_heads=2, num_transformer_blocks=8, learning_rate=0.0002189094344364017, optimizer=Adam, weight_decay=9.139016670248568e-06, batch_size=10,factor=1
Divergence detected. Stopping training after 10 epochs.
Early stopping at epoch 11
Trial 93, Fold 3: Test Accuracy = 0.5638
Divergence detected. Stopping training after 10 epochs.
Early stopping at epoch 15
Trial 94, Fold 1: Test Accuracy = 0.4028
Divergence detected. Stopping training after 10 epochs.
Early stopping at epoch 18
Trial 93, Fold 4: Test Accuracy = 0.4758
Divergence detected. Stopping training after 10 epochs.
Early stopping at epoch 17
Trial 94, Fold 2: Test Accuracy = 0.3333
Divergence detected. Stopping training after 10 epochs.
Early stopping at epoch 11
Trial 94, Fold 3: Test Accuracy = 0.4487
Divergence detected. Stopping training after 10 epochs.
Early stopping at epoch 19
[I 2025-05-08 15:58:05,553] Trial 93 finished with value: 0.45307233176855705 and parameters: {'ff_dim': 256, 'dropout_rate': 0.18321143568794607, 'embed_dim': 128, 'learning_rate': 0.00022654482448925675, 'weight_decay': 1.2262653714070537e-05, 'batch_size': 10, 'num_heads': 2, 'num_transformer_blocks': 8}. Best is trial 55 with value: 0.48925222855532075.
Trial 93, Fold 5: Test Accuracy = 0.4053
Trial 93: Mean Accuracy = 0.4531, Fold Accuracies = [np.float64(0.373015873015873), np.float64(0.4473804666248169), np.float64(0.5638285024154589), np.float64(0.47583435083435077), np.float64(0.4053024659522855)]
Hyperparameters: num_heads=2, num_transformer_blocks=8, learning_rate=2.2461155848298734e-05, optimizer=Adam, weight_decay=8.796826050927009e-06, batch_size=10,factor=1
Divergence detected. Stopping training after 10 epochs.
Early stopping at epoch 10
Trial 94, Fold 4: Test Accuracy = 0.4146
Divergence detected. Stopping training after 10 epochs.
Early stopping at epoch 28
Trial 95, Fold 1: Test Accuracy = 0.4203
Divergence detected. Stopping training after 10 epochs.
Early stopping at epoch 19
[I 2025-05-08 16:00:10,654] Trial 94 finished with value: 0.394519777610148 and parameters: {'ff_dim': 256, 'dropout_rate': 0.1828388133386773, 'embed_dim': 128, 'learning_rate': 0.0002189094344364017, 'weight_decay': 9.139016670248568e-06, 'batch_size': 10, 'num_heads': 2, 'num_transformer_blocks': 8}. Best is trial 55 with value: 0.48925222855532075.
Trial 94, Fold 5: Test Accuracy = 0.3732
Trial 94: Mean Accuracy = 0.3945, Fold Accuracies = [np.float64(0.40277777777777773), np.float64(0.3333333333333333), np.float64(0.448671497584541), np.float64(0.41461894586894593), np.float64(0.3731973334861421)]
Hyperparameters: num_heads=2, num_transformer_blocks=8, learning_rate=2.3467684115339e-05, optimizer=Adam, weight_decay=6.6894315174781795e-06, batch_size=10,factor=1
Divergence detected. Stopping training after 10 epochs.
Early stopping at epoch 14
Trial 96, Fold 1: Test Accuracy = 0.4470
Divergence detected. Stopping training after 10 epochs.
Early stopping at epoch 17
Trial 95, Fold 2: Test Accuracy = 0.4764
Divergence detected. Stopping training after 10 epochs.
Early stopping at epoch 16
Trial 96, Fold 2: Test Accuracy = 0.3667
Divergence detected. Stopping training after 10 epochs.
Early stopping at epoch 18
Trial 95, Fold 3: Test Accuracy = 0.5570
Divergence detected. Stopping training after 10 epochs.
Early stopping at epoch 18
Trial 95, Fold 4: Test Accuracy = 0.4085
Divergence detected. Stopping training after 10 epochs.
Early stopping at epoch 25
Trial 96, Fold 3: Test Accuracy = 0.5095
Divergence detected. Stopping training after 10 epochs.
Early stopping at epoch 17
[I 2025-05-08 16:05:25,175] Trial 95 finished with value: 0.45190340520848 and parameters: {'ff_dim': 256, 'dropout_rate': 0.29593087728433143, 'embed_dim': 128, 'learning_rate': 2.2461155848298734e-05, 'weight_decay': 8.796826050927009e-06, 'batch_size': 10, 'num_heads': 2, 'num_transformer_blocks': 8}. Best is trial 55 with value: 0.48925222855532075.
Trial 95, Fold 5: Test Accuracy = 0.3973
Trial 95: Mean Accuracy = 0.4519, Fold Accuracies = [np.float64(0.4202741702741703), np.float64(0.4764398932831136), np.float64(0.5569746376811594), np.float64(0.40851393976393974), np.float64(0.39731438504001687)]
Hyperparameters: num_heads=2, num_transformer_blocks=8, learning_rate=0.0013673534025815098, optimizer=Adam, weight_decay=1.6493425863263188e-05, batch_size=10,factor=1
Divergence detected. Stopping training after 10 epochs.
Early stopping at epoch 23
Trial 96, Fold 4: Test Accuracy = 0.4107
Divergence detected. Stopping training after 10 epochs.
Early stopping at epoch 10
Trial 97, Fold 1: Test Accuracy = 0.3333
Divergence detected. Stopping training after 10 epochs.
Early stopping at epoch 13
Trial 97, Fold 2: Test Accuracy = 0.3333
Divergence detected. Stopping training after 10 epochs.
Early stopping at epoch 16
