[I 2025-05-08 11:35:17,009] Trial 15 finished with value: 0.4466307393896434 and parameters: {'ff_dim': 128, 'dropout_rate': 0.25136596718432075, 'embed_dim': 512, 'learning_rate': 0.00011118523538352134, 'weight_decay': 4.841550151204454e-06, 'batch_size': 32, 'num_heads': 1, 'num_transformer_blocks': 1}. Best is trial 8 with value: 0.45177459105847867.
Trial 15, Fold 5: Test Accuracy = 0.3736
Trial 15: Mean Accuracy = 0.4466, Fold Accuracies = [np.float64(0.46194083694083693), np.float64(0.4378073341703285), np.float64(0.48834541062801934), np.float64(0.4714463776963777), np.float64(0.3736137375126545)]
Hyperparameters: num_heads=1, num_transformer_blocks=1, learning_rate=0.00011979199951166355, optimizer=Adam, weight_decay=0.0002827447817058559, batch_size=10,factor=1
Divergence detected. Stopping training after 10 epochs.
Early stopping at epoch 20
Trial 16, Fold 3: Test Accuracy = 0.5114
Divergence detected. Stopping training after 10 epochs.
Early stopping at epoch 21
Trial 17, Fold 1: Test Accuracy = 0.3522
Divergence detected. Stopping training after 10 epochs.
Early stopping at epoch 21
Trial 16, Fold 4: Test Accuracy = 0.3902
Divergence detected. Stopping training after 10 epochs.
Early stopping at epoch 22
Trial 17, Fold 2: Test Accuracy = 0.3779
Divergence detected. Stopping training after 10 epochs.
Early stopping at epoch 19
[I 2025-05-08 11:39:29,083] Trial 16 finished with value: 0.4413432162323656 and parameters: {'ff_dim': 32, 'dropout_rate': 0.2462550239759675, 'embed_dim': 512, 'learning_rate': 8.05196537136388e-05, 'weight_decay': 0.00023471994905142714, 'batch_size': 10, 'num_heads': 1, 'num_transformer_blocks': 1}. Best is trial 8 with value: 0.45177459105847867.
Trial 16, Fold 5: Test Accuracy = 0.3437
Trial 16: Mean Accuracy = 0.4413, Fold Accuracies = [np.float64(0.509018759018759), np.float64(0.4523305084745763), np.float64(0.5114130434782608), np.float64(0.39023707773707766), np.float64(0.34371669245315456)]
Hyperparameters: num_heads=1, num_transformer_blocks=1, learning_rate=0.00014322206670365554, optimizer=Adam, weight_decay=1.697736139140734e-06, batch_size=10,factor=1
Divergence detected. Stopping training after 10 epochs.
Early stopping at epoch 25
Trial 17, Fold 3: Test Accuracy = 0.4790
Divergence detected. Stopping training after 10 epochs.
Early stopping at epoch 12
Trial 18, Fold 1: Test Accuracy = 0.4284
Divergence detected. Stopping training after 10 epochs.
Early stopping at epoch 21
Trial 17, Fold 4: Test Accuracy = 0.4860
Divergence detected. Stopping training after 10 epochs.
Early stopping at epoch 29
Trial 18, Fold 2: Test Accuracy = 0.4264
Divergence detected. Stopping training after 10 epochs.
Early stopping at epoch 27
[I 2025-05-08 11:43:34,246] Trial 17 finished with value: 0.41594813487542126 and parameters: {'ff_dim': 32, 'dropout_rate': 0.23825047701332414, 'embed_dim': 64, 'learning_rate': 0.00011979199951166355, 'weight_decay': 0.0002827447817058559, 'batch_size': 10, 'num_heads': 1, 'num_transformer_blocks': 1}. Best is trial 8 with value: 0.45177459105847867.
Trial 17, Fold 5: Test Accuracy = 0.3848
Trial 17: Mean Accuracy = 0.4159, Fold Accuracies = [np.float64(0.3521825396825397), np.float64(0.37786409290646583), np.float64(0.4789553140096618), np.float64(0.48595848595848595), np.float64(0.384780241819953)]
Hyperparameters: num_heads=2, num_transformer_blocks=1, learning_rate=0.000582536314556408, optimizer=Adam, weight_decay=2.13330676187778e-06, batch_size=32,factor=1
Divergence detected. Stopping training after 10 epochs.
Early stopping at epoch 28
Trial 18, Fold 3: Test Accuracy = 0.4608
Divergence detected. Stopping training after 10 epochs.
Early stopping at epoch 14
Trial 18, Fold 4: Test Accuracy = 0.4084
Trial 19, Fold 1: Test Accuracy = 0.4543
Divergence detected. Stopping training after 10 epochs.
Early stopping at epoch 24
[I 2025-05-08 11:46:49,285] Trial 18 finished with value: 0.41418869610601855 and parameters: {'ff_dim': 64, 'dropout_rate': 0.16126549426325087, 'embed_dim': 64, 'learning_rate': 0.00014322206670365554, 'weight_decay': 1.697736139140734e-06, 'batch_size': 10, 'num_heads': 1, 'num_transformer_blocks': 1}. Best is trial 8 with value: 0.45177459105847867.
Trial 18, Fold 5: Test Accuracy = 0.3470
Trial 18: Mean Accuracy = 0.4142, Fold Accuracies = [np.float64(0.4283910533910534), np.float64(0.4263509625444654), np.float64(0.4608393719806763), np.float64(0.40838675213675213), np.float64(0.34697534047714557)]
Hyperparameters: num_heads=2, num_transformer_blocks=1, learning_rate=0.000830705843352676, optimizer=Adam, weight_decay=0.0002114212594580932, batch_size=32,factor=1
Trial 19, Fold 2: Test Accuracy = 0.4692
Divergence detected. Stopping training after 10 epochs.
Early stopping at epoch 19
Trial 20, Fold 1: Test Accuracy = 0.3477
Divergence detected. Stopping training after 10 epochs.
Early stopping at epoch 12
Trial 20, Fold 2: Test Accuracy = 0.3439
Trial 19, Fold 3: Test Accuracy = 0.4951
Divergence detected. Stopping training after 10 epochs.
Early stopping at epoch 10
Trial 19, Fold 4: Test Accuracy = 0.4887
Divergence detected. Stopping training after 10 epochs.
Early stopping at epoch 17
Trial 20, Fold 3: Test Accuracy = 0.5978
Divergence detected. Stopping training after 10 epochs.
Early stopping at epoch 11
[I 2025-05-08 11:50:44,749] Trial 19 finished with value: 0.4606266643484158 and parameters: {'ff_dim': 64, 'dropout_rate': 0.17819477485429114, 'embed_dim': 64, 'learning_rate': 0.000582536314556408, 'weight_decay': 2.13330676187778e-06, 'batch_size': 32, 'num_heads': 2, 'num_transformer_blocks': 1}. Best is trial 19 with value: 0.4606266643484158.
Trial 19, Fold 5: Test Accuracy = 0.3958
Trial 19: Mean Accuracy = 0.4606, Fold Accuracies = [np.float64(0.4542748917748917), np.float64(0.4692338878426449), np.float64(0.49513888888888885), np.float64(0.4887184574684575), np.float64(0.39576719576719577)]
Hyperparameters: num_heads=2, num_transformer_blocks=4, learning_rate=0.0006853561186469903, optimizer=Adam, weight_decay=0.00015357806952655227, batch_size=16,factor=1
Divergence detected. Stopping training after 10 epochs.
Early stopping at epoch 10
Trial 20, Fold 4: Test Accuracy = 0.3373
Divergence detected. Stopping training after 10 epochs.
Early stopping at epoch 10
Trial 21, Fold 1: Test Accuracy = 0.4157
Divergence detected. Stopping training after 10 epochs.
Early stopping at epoch 11
[I 2025-05-08 11:51:34,733] Trial 20 finished with value: 0.40897604375818686 and parameters: {'ff_dim': 128, 'dropout_rate': 0.2734972633486991, 'embed_dim': 256, 'learning_rate': 0.000830705843352676, 'weight_decay': 0.0002114212594580932, 'batch_size': 32, 'num_heads': 2, 'num_transformer_blocks': 1}. Best is trial 19 with value: 0.4606266643484158.
Trial 20, Fold 5: Test Accuracy = 0.4182
Trial 20: Mean Accuracy = 0.4090, Fold Accuracies = [np.float64(0.3476731601731602), np.float64(0.3438677024482109), np.float64(0.5977657004830917), np.float64(0.3373397435897436), np.float64(0.41823391209672794)]
Hyperparameters: num_heads=2, num_transformer_blocks=1, learning_rate=2.380380550196826e-05, optimizer=Adam, weight_decay=1.0213487443246716e-06, batch_size=32,factor=1
Divergence detected. Stopping training after 10 epochs.
Early stopping at epoch 17
Trial 21, Fold 2: Test Accuracy = 0.3555
Divergence detected. Stopping training after 10 epochs.
Early stopping at epoch 20
Trial 22, Fold 1: Test Accuracy = 0.4931
Divergence detected. Stopping training after 10 epochs.
Early stopping at epoch 12
Trial 22, Fold 2: Test Accuracy = 0.4010
Divergence detected. Stopping training after 10 epochs.
Early stopping at epoch 24
Trial 21, Fold 3: Test Accuracy = 0.5477
Divergence detected. Stopping training after 10 epochs.
Early stopping at epoch 10
Trial 21, Fold 4: Test Accuracy = 0.4381
Trial 22, Fold 3: Test Accuracy = 0.5577
Divergence detected. Stopping training after 10 epochs.
Early stopping at epoch 10
[I 2025-05-08 11:55:42,124] Trial 21 finished with value: 0.4325677542138652 and parameters: {'ff_dim': 64, 'dropout_rate': 0.17382524176838618, 'embed_dim': 64, 'learning_rate': 0.0006853561186469903, 'weight_decay': 0.00015357806952655227, 'batch_size': 16, 'num_heads': 2, 'num_transformer_blocks': 4}. Best is trial 19 with value: 0.4606266643484158.
Trial 21, Fold 5: Test Accuracy = 0.4059
Trial 21: Mean Accuracy = 0.4326, Fold Accuracies = [np.float64(0.4156746031746032), np.float64(0.3554613935969868), np.float64(0.5477053140096618), np.float64(0.43811050061050055), np.float64(0.40588695967757343)]
Hyperparameters: num_heads=2, num_transformer_blocks=1, learning_rate=2.11897791836904e-05, optimizer=Adam, weight_decay=1.0838822535638158e-06, batch_size=32,factor=1
Divergence detected. Stopping training after 10 epochs.
Early stopping at epoch 16
Trial 23, Fold 1: Test Accuracy = 0.3598
Divergence detected. Stopping training after 10 epochs.
Early stopping at epoch 10
Divergence detected. Stopping training after 10 epochs.
Early stopping at epoch 29
Trial 23, Fold 2: Test Accuracy = 0.4040
Trial 22, Fold 4: Test Accuracy = 0.3711
Divergence detected. Stopping training after 10 epochs.
Early stopping at epoch 10
[I 2025-05-08 11:58:11,938] Trial 22 finished with value: 0.44617248468956683 and parameters: {'ff_dim': 64, 'dropout_rate': 0.17114872284014532, 'embed_dim': 64, 'learning_rate': 2.380380550196826e-05, 'weight_decay': 1.0213487443246716e-06, 'batch_size': 32, 'num_heads': 2, 'num_transformer_blocks': 1}. Best is trial 19 with value: 0.4606266643484158.
Trial 22, Fold 5: Test Accuracy = 0.4079
Trial 22: Mean Accuracy = 0.4462, Fold Accuracies = [np.float64(0.4930555555555556), np.float64(0.40103185812931574), np.float64(0.5576992753623188), np.float64(0.37113349613349617), np.float64(0.40794223826714804)]
Hyperparameters: num_heads=2, num_transformer_blocks=1, learning_rate=2.6329783293816797e-05, optimizer=Adam, weight_decay=2.7429622508651865e-06, batch_size=32,factor=1
Divergence detected. Stopping training after 10 epochs.
Early stopping at epoch 11
Trial 23, Fold 3: Test Accuracy = 0.5413
Divergence detected. Stopping training after 10 epochs.
Early stopping at epoch 10
Trial 24, Fold 1: Test Accuracy = 0.4183
Divergence detected. Stopping training after 10 epochs.
Early stopping at epoch 17
Trial 23, Fold 4: Test Accuracy = 0.3269
Divergence detected. Stopping training after 10 epochs.
Early stopping at epoch 21
Trial 24, Fold 2: Test Accuracy = 0.3587
[I 2025-05-08 12:00:49,732] Trial 23 finished with value: 0.38997673090120155 and parameters: {'ff_dim': 64, 'dropout_rate': 0.17643319970804588, 'embed_dim': 64, 'learning_rate': 2.11897791836904e-05, 'weight_decay': 1.0838822535638158e-06, 'batch_size': 32, 'num_heads': 2, 'num_transformer_blocks': 1}. Best is trial 19 with value: 0.4606266643484158.
Trial 23, Fold 5: Test Accuracy = 0.3178
Trial 23: Mean Accuracy = 0.3900, Fold Accuracies = [np.float64(0.35984848484848486), np.float64(0.40402019250889304), np.float64(0.5413043478260869), np.float64(0.32694851444851447), np.float64(0.3177621148740282)]
Hyperparameters: num_heads=1, num_transformer_blocks=1, learning_rate=0.0010669804134923239, optimizer=Adam, weight_decay=2.7347050415692995e-06, batch_size=32,factor=1
Divergence detected. Stopping training after 10 epochs.
Early stopping at epoch 14
Trial 25, Fold 1: Test Accuracy = 0.4453
Divergence detected. Stopping training after 10 epochs.
Early stopping at epoch 25
Trial 24, Fold 3: Test Accuracy = 0.5375
Trial 25, Fold 2: Test Accuracy = 0.3353
Divergence detected. Stopping training after 10 epochs.
Early stopping at epoch 24
Trial 24, Fold 4: Test Accuracy = 0.3427
Divergence detected. Stopping training after 10 epochs.
Early stopping at epoch 10
[I 2025-05-08 12:04:49,766] Trial 24 finished with value: 0.40124668656141377 and parameters: {'ff_dim': 64, 'dropout_rate': 0.1890555826147434, 'embed_dim': 64, 'learning_rate': 2.6329783293816797e-05, 'weight_decay': 2.7429622508651865e-06, 'batch_size': 32, 'num_heads': 2, 'num_transformer_blocks': 1}. Best is trial 19 with value: 0.4606266643484158.
Trial 24, Fold 5: Test Accuracy = 0.3490
Trial 24: Mean Accuracy = 0.4012, Fold Accuracies = [np.float64(0.4182900432900433), np.float64(0.3586589767733836), np.float64(0.537530193236715), np.float64(0.34271978021978017), np.float64(0.3490344392871469)]
Hyperparameters: num_heads=1, num_transformer_blocks=1, learning_rate=0.0005726181103409623, optimizer=Adam, weight_decay=7.14819390557156e-06, batch_size=32,factor=1
Trial 25, Fold 3: Test Accuracy = 0.5057
Divergence detected. Stopping training after 10 epochs.
Early stopping at epoch 15
Trial 26, Fold 1: Test Accuracy = 0.4865
Divergence detected. Stopping training after 10 epochs.
Early stopping at epoch 10
Trial 25, Fold 4: Test Accuracy = 0.3496
Divergence detected. Stopping training after 10 epochs.
Early stopping at epoch 12
Trial 26, Fold 2: Test Accuracy = 0.3834
Divergence detected. Stopping training after 10 epochs.
Early stopping at epoch 10
[I 2025-05-08 12:07:05,848] Trial 25 finished with value: 0.3866950034935165 and parameters: {'ff_dim': 64, 'dropout_rate': 0.14243689387157044, 'embed_dim': 32, 'learning_rate': 0.0010669804134923239, 'weight_decay': 2.7347050415692995e-06, 'batch_size': 32, 'num_heads': 1, 'num_transformer_blocks': 1}. Best is trial 19 with value: 0.4606266643484158.
Trial 25, Fold 5: Test Accuracy = 0.2975
Trial 25: Mean Accuracy = 0.3867, Fold Accuracies = [np.float64(0.4453463203463204), np.float64(0.33533427495291906), np.float64(0.5056763285024154), np.float64(0.34962606837606836), np.float64(0.29749202528985924)]
Hyperparameters: num_heads=8, num_transformer_blocks=1, learning_rate=0.00035921436745099927, optimizer=Adam, weight_decay=6.4656684199488595e-06, batch_size=32,factor=1
Divergence detected. Stopping training after 10 epochs.
Early stopping at epoch 16
Trial 26, Fold 3: Test Accuracy = 0.5543
Divergence detected. Stopping training after 10 epochs.
Early stopping at epoch 12
Trial 27, Fold 1: Test Accuracy = 0.4003
Divergence detected. Stopping training after 10 epochs.
Early stopping at epoch 11
Trial 26, Fold 4: Test Accuracy = 0.3076
Divergence detected. Stopping training after 10 epochs.
Early stopping at epoch 12
Trial 27, Fold 2: Test Accuracy = 0.3364
Divergence detected. Stopping training after 10 epochs.
Early stopping at epoch 15
Trial 27, Fold 3: Test Accuracy = 0.4077
[I 2025-05-08 12:10:36,667] Trial 26 finished with value: 0.4229105028277723 and parameters: {'ff_dim': 256, 'dropout_rate': 0.15219434633931098, 'embed_dim': 32, 'learning_rate': 0.0005726181103409623, 'weight_decay': 7.14819390557156e-06, 'batch_size': 32, 'num_heads': 1, 'num_transformer_blocks': 1}. Best is trial 19 with value: 0.4606266643484158.
Trial 26, Fold 5: Test Accuracy = 0.3827
Trial 26: Mean Accuracy = 0.4229, Fold Accuracies = [np.float64(0.48647186147186144), np.float64(0.38341572504708094), np.float64(0.5543176328502416), np.float64(0.3076414326414327), np.float64(0.3827058621282448)]
Hyperparameters: num_heads=8, num_transformer_blocks=1, learning_rate=5.366953635086111e-05, optimizer=Adam, weight_decay=2.803549941296244e-05, batch_size=32,factor=1
Divergence detected. Stopping training after 10 epochs.
Early stopping at epoch 16
Trial 27, Fold 4: Test Accuracy = 0.3419
Divergence detected. Stopping training after 10 epochs.
Early stopping at epoch 11
Trial 28, Fold 1: Test Accuracy = 0.4682
Divergence detected. Stopping training after 10 epochs.
Early stopping at epoch 25
[I 2025-05-08 12:12:46,304] Trial 27 finished with value: 0.3828340759662074 and parameters: {'ff_dim': 256, 'dropout_rate': 0.23982323012471657, 'embed_dim': 512, 'learning_rate': 0.00035921436745099927, 'weight_decay': 6.4656684199488595e-06, 'batch_size': 32, 'num_heads': 8, 'num_transformer_blocks': 1}. Best is trial 19 with value: 0.4606266643484158.
Trial 27, Fold 5: Test Accuracy = 0.4279
Trial 27: Mean Accuracy = 0.3828, Fold Accuracies = [np.float64(0.40025252525252525), np.float64(0.33643283113622097), np.float64(0.4076992753623188), np.float64(0.3419057794057794), np.float64(0.4278799686741925)]
Hyperparameters: num_heads=16, num_transformer_blocks=16, learning_rate=6.319349893667354e-05, optimizer=Adam, weight_decay=2.7028900946929107e-05, batch_size=16,factor=1
Divergence detected. Stopping training after 10 epochs.
Early stopping at epoch 21
Trial 28, Fold 2: Test Accuracy = 0.3682
Divergence detected. Stopping training after 10 epochs.
Early stopping at epoch 11
Trial 28, Fold 3: Test Accuracy = 0.4650
Divergence detected. Stopping training after 10 epochs.
Early stopping at epoch 14
Trial 29, Fold 1: Test Accuracy = 0.4278
Divergence detected. Stopping training after 10 epochs.
Early stopping at epoch 19
Trial 28, Fold 4: Test Accuracy = 0.4464
Divergence detected. Stopping training after 10 epochs.
Early stopping at epoch 23
Trial 29, Fold 2: Test Accuracy = 0.4086
Divergence detected. Stopping training after 10 epochs.
Early stopping at epoch 10
[I 2025-05-08 12:15:40,247] Trial 28 finished with value: 0.41615816688541285 and parameters: {'ff_dim': 128, 'dropout_rate': 0.2256809692046585, 'embed_dim': 512, 'learning_rate': 5.366953635086111e-05, 'weight_decay': 2.803549941296244e-05, 'batch_size': 32, 'num_heads': 8, 'num_transformer_blocks': 1}. Best is trial 19 with value: 0.4606266643484158.
Trial 28, Fold 5: Test Accuracy = 0.3331
Trial 28: Mean Accuracy = 0.4162, Fold Accuracies = [np.float64(0.46816378066378067), np.float64(0.36817325800376643), np.float64(0.4649758454106281), np.float64(0.44641585266585265), np.float64(0.33306209768303635)]
Hyperparameters: num_heads=16, num_transformer_blocks=4, learning_rate=2.7548923811847403e-06, optimizer=Adam, weight_decay=1.4321213183402708e-05, batch_size=10,factor=1
Divergence detected. Stopping training after 10 epochs.
Early stopping at epoch 21
Trial 30, Fold 1: Test Accuracy = 0.4492
Divergence detected. Stopping training after 10 epochs.
Early stopping at epoch 23
Trial 29, Fold 3: Test Accuracy = 0.5399
Divergence detected. Stopping training after 10 epochs.
Early stopping at epoch 10
Trial 30, Fold 2: Test Accuracy = 0.3060
Divergence detected. Stopping training after 10 epochs.
Early stopping at epoch 12
Trial 29, Fold 4: Test Accuracy = 0.3445
Divergence detected. Stopping training after 10 epochs.
Early stopping at epoch 22
Trial 30, Fold 3: Test Accuracy = 0.5198
Divergence detected. Stopping training after 10 epochs.
Early stopping at epoch 25
Divergence detected. Stopping training after 10 epochs.
Early stopping at epoch 12
[I 2025-05-08 12:20:23,774] Trial 29 finished with value: 0.41297966186853596 and parameters: {'ff_dim': 128, 'dropout_rate': 0.2780683675977887, 'embed_dim': 64, 'learning_rate': 6.319349893667354e-05, 'weight_decay': 2.7028900946929107e-05, 'batch_size': 16, 'num_heads': 16, 'num_transformer_blocks': 16}. Best is trial 19 with value: 0.4606266643484158.
Trial 29, Fold 5: Test Accuracy = 0.3441
Trial 29: Mean Accuracy = 0.4130, Fold Accuracies = [np.float64(0.42775974025974023), np.float64(0.40862366603892025), np.float64(0.539885265700483), np.float64(0.3445385632885633), np.float64(0.34409107405497297)]
Hyperparameters: num_heads=2, num_transformer_blocks=4, learning_rate=4.1062361988564824e-06, optimizer=Adam, weight_decay=1.1232756641996003e-05, batch_size=10,factor=1
Trial 30, Fold 4: Test Accuracy = 0.3268
Divergence detected. Stopping training after 10 epochs.
Early stopping at epoch 10
Trial 31, Fold 1: Test Accuracy = 0.4591
Divergence detected. Stopping training after 10 epochs.
Early stopping at epoch 16
[I 2025-05-08 12:21:38,559] Trial 30 finished with value: 0.4021774093143766 and parameters: {'ff_dim': 64, 'dropout_rate': 0.18645143804672115, 'embed_dim': 128, 'learning_rate': 2.7548923811847403e-06, 'weight_decay': 1.4321213183402708e-05, 'batch_size': 10, 'num_heads': 16, 'num_transformer_blocks': 4}. Best is trial 19 with value: 0.4606266643484158.
Trial 30, Fold 5: Test Accuracy = 0.4091
Trial 30: Mean Accuracy = 0.4022, Fold Accuracies = [np.float64(0.44922438672438675), np.float64(0.3059675141242938), np.float64(0.5197765700483092), np.float64(0.3267958892958893), np.float64(0.40912268637900406)]
Hyperparameters: num_heads=2, num_transformer_blocks=1, learning_rate=1.054730847558432e-05, optimizer=Adam, weight_decay=1.6881415249229259e-06, batch_size=32,factor=1
Divergence detected. Stopping training after 10 epochs.
Early stopping at epoch 13
Trial 31, Fold 2: Test Accuracy = 0.3691
Divergence detected. Stopping training after 10 epochs.
Early stopping at epoch 10
Trial 32, Fold 1: Test Accuracy = 0.4646
Divergence detected. Stopping training after 10 epochs.
Early stopping at epoch 10
Trial 32, Fold 2: Test Accuracy = 0.3743
Divergence detected. Stopping training after 10 epochs.
Early stopping at epoch 14
Trial 31, Fold 3: Test Accuracy = 0.5599
Divergence detected. Stopping training after 10 epochs.
Early stopping at epoch 10
Trial 32, Fold 3: Test Accuracy = 0.5578
Divergence detected. Stopping training after 10 epochs.
Early stopping at epoch 14
Trial 31, Fold 4: Test Accuracy = 0.4201
Divergence detected. Stopping training after 10 epochs.
Early stopping at epoch 23
Trial 32, Fold 4: Test Accuracy = 0.3743
Divergence detected. Stopping training after 10 epochs.
Early stopping at epoch 16
