[I 2025-05-08 21:36:24,861] Trial 192 finished with value: 0.42281873589968866 and parameters: {'ff_dim': 32, 'dropout_rate': 0.10753752448512195, 'embed_dim': 256, 'learning_rate': 0.00015308490779730575, 'weight_decay': 3.4157769366788484e-05, 'batch_size': 16, 'num_heads': 4, 'num_transformer_blocks': 4}. Best is trial 55 with value: 0.48925222855532075.
Trial 192, Fold 5: Test Accuracy = 0.4538
Trial 192: Mean Accuracy = 0.4228, Fold Accuracies = [np.float64(0.30068542568542567), np.float64(0.31712962962962965), np.float64(0.575090579710145), np.float64(0.4673382173382174), np.float64(0.4538498271350257)]
Hyperparameters: num_heads=4, num_transformer_blocks=4, learning_rate=0.00014140933209895866, optimizer=Adam, weight_decay=3.812750210394991e-05, batch_size=16,factor=1
Divergence detected. Stopping training after 10 epochs.
Early stopping at epoch 23
Trial 193, Fold 1: Test Accuracy = 0.4229
Divergence detected. Stopping training after 10 epochs.
Early stopping at epoch 10
Trial 193, Fold 2: Test Accuracy = 0.3831
Divergence detected. Stopping training after 10 epochs.
Early stopping at epoch 26
Trial 194, Fold 1: Test Accuracy = 0.4386
Divergence detected. Stopping training after 10 epochs.
Early stopping at epoch 14
Trial 193, Fold 3: Test Accuracy = 0.5760
Divergence detected. Stopping training after 10 epochs.
Early stopping at epoch 19
Trial 194, Fold 2: Test Accuracy = 0.3522
Divergence detected. Stopping training after 10 epochs.
Early stopping at epoch 27
Trial 193, Fold 4: Test Accuracy = 0.4672
Divergence detected. Stopping training after 10 epochs.
Early stopping at epoch 19
Trial 194, Fold 3: Test Accuracy = 0.5757
Divergence detected. Stopping training after 10 epochs.
Early stopping at epoch 18
[I 2025-05-08 21:41:27,989] Trial 193 finished with value: 0.4410137880992142 and parameters: {'ff_dim': 32, 'dropout_rate': 0.108181505352398, 'embed_dim': 256, 'learning_rate': 0.00014751981863025368, 'weight_decay': 3.7729420088854535e-05, 'batch_size': 16, 'num_heads': 4, 'num_transformer_blocks': 4}. Best is trial 55 with value: 0.48925222855532075.
Trial 193, Fold 5: Test Accuracy = 0.3559
Trial 193: Mean Accuracy = 0.4410, Fold Accuracies = [np.float64(0.4228896103896103), np.float64(0.38310185185185186), np.float64(0.5759963768115942), np.float64(0.4672237484737485), np.float64(0.35585735296926635)]
Hyperparameters: num_heads=4, num_transformer_blocks=4, learning_rate=9.996182223532689e-05, optimizer=Adam, weight_decay=2.949545230237786e-05, batch_size=16,factor=1
Divergence detected. Stopping training after 10 epochs.
Early stopping at epoch 12
Trial 194, Fold 4: Test Accuracy = 0.4282
Divergence detected. Stopping training after 10 epochs.
Early stopping at epoch 24
Trial 195, Fold 1: Test Accuracy = 0.4745
Divergence detected. Stopping training after 10 epochs.
Early stopping at epoch 21
[I 2025-05-08 21:43:17,368] Trial 194 finished with value: 0.44442201525863745 and parameters: {'ff_dim': 32, 'dropout_rate': 0.10774508423744955, 'embed_dim': 256, 'learning_rate': 0.00014140933209895866, 'weight_decay': 3.812750210394991e-05, 'batch_size': 16, 'num_heads': 4, 'num_transformer_blocks': 4}. Best is trial 55 with value: 0.48925222855532075.
Trial 194, Fold 5: Test Accuracy = 0.4275
Trial 194: Mean Accuracy = 0.4444, Fold Accuracies = [np.float64(0.4385822510822511), np.float64(0.35217226407198154), np.float64(0.5756944444444444), np.float64(0.4281517094017094), np.float64(0.4275094072928008)]
Hyperparameters: num_heads=4, num_transformer_blocks=4, learning_rate=0.00010564557723553325, optimizer=Adam, weight_decay=2.934230254577061e-05, batch_size=16,factor=1
Divergence detected. Stopping training after 10 epochs.
Early stopping at epoch 10
Trial 196, Fold 1: Test Accuracy = 0.4745
Divergence detected. Stopping training after 10 epochs.
Early stopping at epoch 18
Trial 195, Fold 2: Test Accuracy = 0.5041
Divergence detected. Stopping training after 10 epochs.
Early stopping at epoch 20
Trial 195, Fold 3: Test Accuracy = 0.4910
Trial 196, Fold 2: Test Accuracy = 0.4169
Divergence detected. Stopping training after 10 epochs.
Early stopping at epoch 12
Trial 195, Fold 4: Test Accuracy = 0.4666
Divergence detected. Stopping training after 10 epochs.
Early stopping at epoch 15
Trial 196, Fold 3: Test Accuracy = 0.5738
Divergence detected. Stopping training after 10 epochs.
Early stopping at epoch 14
Trial 196, Fold 4: Test Accuracy = 0.4182
[I 2025-05-08 21:48:48,262] Trial 195 finished with value: 0.47005933107136516 and parameters: {'ff_dim': 32, 'dropout_rate': 0.11613919737791197, 'embed_dim': 256, 'learning_rate': 9.996182223532689e-05, 'weight_decay': 2.949545230237786e-05, 'batch_size': 16, 'num_heads': 4, 'num_transformer_blocks': 4}. Best is trial 55 with value: 0.48925222855532075.
Trial 195, Fold 5: Test Accuracy = 0.4141
Trial 195: Mean Accuracy = 0.4701, Fold Accuracies = [np.float64(0.47447691197691194), np.float64(0.5040607344632768), np.float64(0.4910326086956522), np.float64(0.4666259666259666), np.float64(0.41410043359501847)]
Hyperparameters: num_heads=2, num_transformer_blocks=4, learning_rate=9.354580035428095e-05, optimizer=Adam, weight_decay=2.4242132971035634e-05, batch_size=16,factor=1
Divergence detected. Stopping training after 10 epochs.
Early stopping at epoch 23
[I 2025-05-08 21:49:46,230] Trial 196 finished with value: 0.45538595289880907 and parameters: {'ff_dim': 32, 'dropout_rate': 0.11074236915852584, 'embed_dim': 256, 'learning_rate': 0.00010564557723553325, 'weight_decay': 2.934230254577061e-05, 'batch_size': 16, 'num_heads': 4, 'num_transformer_blocks': 4}. Best is trial 55 with value: 0.48925222855532075.
Trial 196, Fold 5: Test Accuracy = 0.3935
Trial 196: Mean Accuracy = 0.4554, Fold Accuracies = [np.float64(0.47447691197691194), np.float64(0.4169216886377904), np.float64(0.5738224637681159), np.float64(0.4182183557183557), np.float64(0.39349034439287145)]
Hyperparameters: num_heads=2, num_transformer_blocks=4, learning_rate=5.726209095539437e-05, optimizer=Adam, weight_decay=4.566099590369729e-05, batch_size=16,factor=1
Divergence detected. Stopping training after 10 epochs.
Early stopping at epoch 20
Trial 197, Fold 1: Test Accuracy = 0.5014
Divergence detected. Stopping training after 10 epochs.
Early stopping at epoch 18
Trial 198, Fold 1: Test Accuracy = 0.5726
Trial 197, Fold 2: Test Accuracy = 0.4892
Trial 198, Fold 2: Test Accuracy = 0.4446
Divergence detected. Stopping training after 10 epochs.
Early stopping at epoch 17
Trial 197, Fold 3: Test Accuracy = 0.5408
Divergence detected. Stopping training after 10 epochs.
Early stopping at epoch 24
Trial 198, Fold 3: Test Accuracy = 0.5600
Divergence detected. Stopping training after 10 epochs.
Early stopping at epoch 21
Trial 197, Fold 4: Test Accuracy = 0.4144
Divergence detected. Stopping training after 10 epochs.
Early stopping at epoch 22
Trial 198, Fold 4: Test Accuracy = 0.5101
Divergence detected. Stopping training after 10 epochs.
Early stopping at epoch 20
[I 2025-05-08 21:56:24,198] Trial 197 finished with value: 0.4587800188022495 and parameters: {'ff_dim': 32, 'dropout_rate': 0.1163547946139134, 'embed_dim': 256, 'learning_rate': 9.354580035428095e-05, 'weight_decay': 2.4242132971035634e-05, 'batch_size': 16, 'num_heads': 2, 'num_transformer_blocks': 4}. Best is trial 55 with value: 0.48925222855532075.
Trial 197, Fold 5: Test Accuracy = 0.3481
Trial 197: Mean Accuracy = 0.4588, Fold Accuracies = [np.float64(0.5013528138528138), np.float64(0.4891713747645951), np.float64(0.5408212560386473), np.float64(0.4144408831908832), np.float64(0.34811376616430767)]
Hyperparameters: num_heads=4, num_transformer_blocks=32, learning_rate=6.455848583897662e-05, optimizer=Adam, weight_decay=4.4233916879810345e-05, batch_size=16,factor=1
Divergence detected. Stopping training after 10 epochs.
Early stopping at epoch 22
[I 2025-05-08 21:57:51,513] Trial 198 finished with value: 0.4947411457503975 and parameters: {'ff_dim': 32, 'dropout_rate': 0.11542281673201528, 'embed_dim': 256, 'learning_rate': 5.726209095539437e-05, 'weight_decay': 4.566099590369729e-05, 'batch_size': 16, 'num_heads': 2, 'num_transformer_blocks': 4}. Best is trial 198 with value: 0.4947411457503975.
Trial 198, Fold 5: Test Accuracy = 0.3863
Trial 198: Mean Accuracy = 0.4947, Fold Accuracies = [np.float64(0.57260101010101), np.float64(0.444634076166562), np.float64(0.5600241545893719), np.float64(0.5101114163614163), np.float64(0.3863350715336275)]
Trial 199, Fold 1: Test Accuracy = 0.4079
Divergence detected. Stopping training after 10 epochs.
Early stopping at epoch 28
Trial 199, Fold 2: Test Accuracy = 0.3319
Divergence detected. Stopping training after 10 epochs.
Early stopping at epoch 27
Trial 199, Fold 3: Test Accuracy = 0.4741
Divergence detected. Stopping training after 10 epochs.
Early stopping at epoch 17
Trial 199, Fold 4: Test Accuracy = 0.4393
Divergence detected. Stopping training after 10 epochs.
Early stopping at epoch 15
[I 2025-05-08 22:05:03,030] Trial 199 finished with value: 0.40790475842890583 and parameters: {'ff_dim': 32, 'dropout_rate': 0.10041588106079656, 'embed_dim': 256, 'learning_rate': 6.455848583897662e-05, 'weight_decay': 4.4233916879810345e-05, 'batch_size': 16, 'num_heads': 4, 'num_transformer_blocks': 32}. Best is trial 198 with value: 0.4947411457503975.
Trial 199, Fold 5: Test Accuracy = 0.3863
Trial 199: Mean Accuracy = 0.4079, Fold Accuracies = [np.float64(0.4079184704184704), np.float64(0.3319209039548023), np.float64(0.4740942028985507), np.float64(0.4392933455433455), np.float64(0.38629686932936025)]
Best hyperparameters: {'ff_dim': 32, 'dropout_rate': 0.11542281673201528, 'embed_dim': 256, 'learning_rate': 5.726209095539437e-05, 'weight_decay': 4.566099590369729e-05, 'batch_size': 16, 'num_heads': 2, 'num_transformer_blocks': 4}