[I 2025-05-08 17:53:25,182] Trial 128 finished with value: 0.43155661437161097 and parameters: {'ff_dim': 256, 'dropout_rate': 0.12253219466011614, 'embed_dim': 256, 'learning_rate': 0.00027867322034616786, 'weight_decay': 1.013501659830204e-05, 'batch_size': 16, 'num_heads': 4, 'num_transformer_blocks': 4}. Best is trial 55 with value: 0.48925222855532075.
Trial 128, Fold 5: Test Accuracy = 0.4152
Trial 128: Mean Accuracy = 0.4316, Fold Accuracies = [np.float64(0.43975468975468973), np.float64(0.416411644695543), np.float64(0.44088164251207734), np.float64(0.4455382580382581), np.float64(0.4151968368574867)]
Hyperparameters: num_heads=2, num_transformer_blocks=4, learning_rate=0.00037781017387242776, optimizer=Adam, weight_decay=1.937577268286199e-05, batch_size=16,factor=1
Divergence detected. Stopping training after 10 epochs.
Early stopping at epoch 10
Trial 130, Fold 1: Test Accuracy = 0.4352
Trial 129, Fold 4: Test Accuracy = 0.4190
Divergence detected. Stopping training after 10 epochs.
Early stopping at epoch 14
Trial 130, Fold 2: Test Accuracy = 0.4707
Divergence detected. Stopping training after 10 epochs.
Early stopping at epoch 17
[I 2025-05-08 17:55:48,576] Trial 129 finished with value: 0.43784651903317917 and parameters: {'ff_dim': 256, 'dropout_rate': 0.12275086656314146, 'embed_dim': 128, 'learning_rate': 0.00026205664800667977, 'weight_decay': 2.380692119388364e-05, 'batch_size': 16, 'num_heads': 2, 'num_transformer_blocks': 4}. Best is trial 55 with value: 0.48925222855532075.
Trial 129, Fold 5: Test Accuracy = 0.3660
Trial 129: Mean Accuracy = 0.4378, Fold Accuracies = [np.float64(0.4650072150072149), np.float64(0.3983050847457627), np.float64(0.5410024154589372), np.float64(0.41895604395604397), np.float64(0.3659618359979371)]
Hyperparameters: num_heads=2, num_transformer_blocks=2, learning_rate=0.0005174788395537326, optimizer=Adam, weight_decay=2.8347067733533366e-05, batch_size=16,factor=1
Trial 130, Fold 3: Test Accuracy = 0.5346
Divergence detected. Stopping training after 10 epochs.
Early stopping at epoch 23
Trial 131, Fold 1: Test Accuracy = 0.4532
Divergence detected. Stopping training after 10 epochs.
Early stopping at epoch 16
Divergence detected. Stopping training after 10 epochs.
Early stopping at epoch 14
Trial 130, Fold 4: Test Accuracy = 0.3873
Trial 131, Fold 2: Test Accuracy = 0.3441
Divergence detected. Stopping training after 10 epochs.
Early stopping at epoch 10
Trial 131, Fold 3: Test Accuracy = 0.4110
Divergence detected. Stopping training after 10 epochs.
Early stopping at epoch 22
[I 2025-05-08 17:59:54,283] Trial 130 finished with value: 0.442419494994414 and parameters: {'ff_dim': 256, 'dropout_rate': 0.139526837249099, 'embed_dim': 128, 'learning_rate': 0.00037781017387242776, 'weight_decay': 1.937577268286199e-05, 'batch_size': 16, 'num_heads': 2, 'num_transformer_blocks': 4}. Best is trial 55 with value: 0.48925222855532075.
Trial 130, Fold 5: Test Accuracy = 0.3843
Trial 130: Mean Accuracy = 0.4424, Fold Accuracies = [np.float64(0.4351551226551227), np.float64(0.47069209039548027), np.float64(0.5346014492753622), np.float64(0.3873499185999186), np.float64(0.38429889404618645)]
Hyperparameters: num_heads=4, num_transformer_blocks=4, learning_rate=0.00017291563573121376, optimizer=Adam, weight_decay=2.5464561923458518e-05, batch_size=16,factor=1
Divergence detected. Stopping training after 10 epochs.
Early stopping at epoch 20
Trial 131, Fold 4: Test Accuracy = 0.4807
Divergence detected. Stopping training after 10 epochs.
Early stopping at epoch 13
Trial 132, Fold 1: Test Accuracy = 0.3773
Divergence detected. Stopping training after 10 epochs.
Early stopping at epoch 11
[I 2025-05-08 18:01:23,595] Trial 131 finished with value: 0.4180145903370468 and parameters: {'ff_dim': 256, 'dropout_rate': 0.1398133514876796, 'embed_dim': 128, 'learning_rate': 0.0005174788395537326, 'weight_decay': 2.8347067733533366e-05, 'batch_size': 16, 'num_heads': 2, 'num_transformer_blocks': 2}. Best is trial 55 with value: 0.48925222855532075.
Trial 131, Fold 5: Test Accuracy = 0.4011
Trial 131: Mean Accuracy = 0.4180, Fold Accuracies = [np.float64(0.45319264069264076), np.float64(0.34407041222012974), np.float64(0.4110205314009661), np.float64(0.4806547619047619), np.float64(0.40113460546673546)]
Hyperparameters: num_heads=4, num_transformer_blocks=4, learning_rate=0.0001906004651179784, optimizer=Adam, weight_decay=2.835881994085139e-05, batch_size=16,factor=1
Divergence detected. Stopping training after 10 epochs.
Early stopping at epoch 14
Trial 132, Fold 2: Test Accuracy = 0.3608
Divergence detected. Stopping training after 10 epochs.
Early stopping at epoch 26
Trial 133, Fold 1: Test Accuracy = 0.4424
Divergence detected. Stopping training after 10 epochs.
Early stopping at epoch 20
Trial 132, Fold 3: Test Accuracy = 0.4879
Divergence detected. Stopping training after 10 epochs.
Early stopping at epoch 20
Trial 132, Fold 4: Test Accuracy = 0.4343
Divergence detected. Stopping training after 10 epochs.
Early stopping at epoch 24
Trial 133, Fold 2: Test Accuracy = 0.4883
Divergence detected. Stopping training after 10 epochs.
Early stopping at epoch 17
Trial 133, Fold 3: Test Accuracy = 0.5627
Divergence detected. Stopping training after 10 epochs.
Early stopping at epoch 28
[I 2025-05-08 18:06:53,337] Trial 132 finished with value: 0.40557294534798416 and parameters: {'ff_dim': 32, 'dropout_rate': 0.11520780834721664, 'embed_dim': 256, 'learning_rate': 0.00017291563573121376, 'weight_decay': 2.5464561923458518e-05, 'batch_size': 16, 'num_heads': 4, 'num_transformer_blocks': 4}. Best is trial 55 with value: 0.48925222855532075.
Trial 132, Fold 5: Test Accuracy = 0.3676
Trial 132: Mean Accuracy = 0.4056, Fold Accuracies = [np.float64(0.37725468975468973), np.float64(0.3608037769407826), np.float64(0.4878623188405798), np.float64(0.43432030932030924), np.float64(0.3676236318835597)]
Hyperparameters: num_heads=4, num_transformer_blocks=4, learning_rate=0.0002047565520206037, optimizer=Adam, weight_decay=5.343889083988827e-05, batch_size=16,factor=1
Divergence detected. Stopping training after 10 epochs.
Early stopping at epoch 11
Trial 134, Fold 1: Test Accuracy = 0.3956
Divergence detected. Stopping training after 10 epochs.
Early stopping at epoch 29
Trial 133, Fold 4: Test Accuracy = 0.4691
Divergence detected. Stopping training after 10 epochs.
Early stopping at epoch 16
Trial 134, Fold 2: Test Accuracy = 0.4242
Divergence detected. Stopping training after 10 epochs.
Early stopping at epoch 13
[I 2025-05-08 18:09:15,153] Trial 133 finished with value: 0.46812112365368225 and parameters: {'ff_dim': 32, 'dropout_rate': 0.11078129246378766, 'embed_dim': 256, 'learning_rate': 0.0001906004651179784, 'weight_decay': 2.835881994085139e-05, 'batch_size': 16, 'num_heads': 4, 'num_transformer_blocks': 4}. Best is trial 55 with value: 0.48925222855532075.
Trial 133, Fold 5: Test Accuracy = 0.3781
Trial 133: Mean Accuracy = 0.4681, Fold Accuracies = [np.float64(0.44237012987012986), np.float64(0.4882820673781126), np.float64(0.5626811594202898), np.float64(0.4691315628815629), np.float64(0.37814069871831607)]
Hyperparameters: num_heads=4, num_transformer_blocks=4, learning_rate=9.90463245645307e-05, optimizer=Adam, weight_decay=2.009184898813317e-05, batch_size=16,factor=1
Divergence detected. Stopping training after 10 epochs.
Early stopping at epoch 23
Trial 134, Fold 3: Test Accuracy = 0.6064
Divergence detected. Stopping training after 10 epochs.
Early stopping at epoch 29
Trial 135, Fold 1: Test Accuracy = 0.4903
Divergence detected. Stopping training after 10 epochs.
Early stopping at epoch 20
Trial 134, Fold 4: Test Accuracy = 0.4779
Divergence detected. Stopping training after 10 epochs.
Early stopping at epoch 10
Trial 135, Fold 2: Test Accuracy = 0.4231
Divergence detected. Stopping training after 10 epochs.
Early stopping at epoch 21
[I 2025-05-08 18:13:31,177] Trial 134 finished with value: 0.46761449153639073 and parameters: {'ff_dim': 32, 'dropout_rate': 0.16294007305844424, 'embed_dim': 256, 'learning_rate': 0.0002047565520206037, 'weight_decay': 5.343889083988827e-05, 'batch_size': 16, 'num_heads': 4, 'num_transformer_blocks': 4}. Best is trial 55 with value: 0.48925222855532075.
Trial 134, Fold 5: Test Accuracy = 0.4340
Trial 134: Mean Accuracy = 0.4676, Fold Accuracies = [np.float64(0.3955627705627706), np.float64(0.4241996233521657), np.float64(0.6063707729468599), np.float64(0.4779202279202279), np.float64(0.43401906289992936)]
Hyperparameters: num_heads=4, num_transformer_blocks=4, learning_rate=0.00013727166706271318, optimizer=Adam, weight_decay=4.3761821630761484e-05, batch_size=16,factor=1
Divergence detected. Stopping training after 10 epochs.
Early stopping at epoch 28
Trial 135, Fold 3: Test Accuracy = 0.5848
Divergence detected. Stopping training after 10 epochs.
Early stopping at epoch 21
Trial 136, Fold 1: Test Accuracy = 0.5382
Trial 135, Fold 4: Test Accuracy = 0.4822
Divergence detected. Stopping training after 10 epochs.
Early stopping at epoch 10
Trial 136, Fold 2: Test Accuracy = 0.3333
Divergence detected. Stopping training after 10 epochs.
Early stopping at epoch 28
[I 2025-05-08 18:17:36,848] Trial 135 finished with value: 0.47344438890971585 and parameters: {'ff_dim': 32, 'dropout_rate': 0.10685113408919525, 'embed_dim': 256, 'learning_rate': 9.90463245645307e-05, 'weight_decay': 2.009184898813317e-05, 'batch_size': 16, 'num_heads': 4, 'num_transformer_blocks': 4}. Best is trial 55 with value: 0.48925222855532075.
Trial 135, Fold 5: Test Accuracy = 0.3868
Trial 135: Mean Accuracy = 0.4734, Fold Accuracies = [np.float64(0.49034992784992787), np.float64(0.423081450094162), np.float64(0.5847524154589372), np.float64(0.4822064509564509), np.float64(0.3868317001891009)]
Hyperparameters: num_heads=4, num_transformer_blocks=4, learning_rate=0.00010078557417024133, optimizer=Adam, weight_decay=5.134061555223157e-05, batch_size=16,factor=1
Divergence detected. Stopping training after 10 epochs.
Early stopping at epoch 23
Trial 136, Fold 3: Test Accuracy = 0.5684
Divergence detected. Stopping training after 10 epochs.
Early stopping at epoch 10
Trial 137, Fold 1: Test Accuracy = 0.4121
Divergence detected. Stopping training after 10 epochs.
Early stopping at epoch 10
Trial 136, Fold 4: Test Accuracy = 0.4234
Divergence detected. Stopping training after 10 epochs.
Early stopping at epoch 11
Trial 137, Fold 2: Test Accuracy = 0.4850
Divergence detected. Stopping training after 10 epochs.
Early stopping at epoch 10
[I 2025-05-08 18:19:35,653] Trial 136 finished with value: 0.4562018103991499 and parameters: {'ff_dim': 32, 'dropout_rate': 0.10051073393185228, 'embed_dim': 256, 'learning_rate': 0.00013727166706271318, 'weight_decay': 4.3761821630761484e-05, 'batch_size': 16, 'num_heads': 4, 'num_transformer_blocks': 4}. Best is trial 55 with value: 0.48925222855532075.
Trial 136, Fold 5: Test Accuracy = 0.4177
Trial 136: Mean Accuracy = 0.4562, Fold Accuracies = [np.float64(0.5382395382395382), np.float64(0.3333333333333333), np.float64(0.5683574879227052), np.float64(0.4233948921448922), np.float64(0.4176838003552805)]
Hyperparameters: num_heads=4, num_transformer_blocks=4, learning_rate=8.968435655825341e-05, optimizer=Adam, weight_decay=5.211271702623497e-05, batch_size=16,factor=1
Divergence detected. Stopping training after 10 epochs.
Early stopping at epoch 18
Trial 137, Fold 3: Test Accuracy = 0.5903
Divergence detected. Stopping training after 10 epochs.
Early stopping at epoch 17
Trial 138, Fold 1: Test Accuracy = 0.4717
Divergence detected. Stopping training after 10 epochs.
Early stopping at epoch 15
Trial 137, Fold 4: Test Accuracy = 0.4878
Divergence detected. Stopping training after 10 epochs.
Early stopping at epoch 17
Trial 138, Fold 2: Test Accuracy = 0.4114
Divergence detected. Stopping training after 10 epochs.
Early stopping at epoch 19
[I 2025-05-08 18:23:02,761] Trial 137 finished with value: 0.4659997825606245 and parameters: {'ff_dim': 32, 'dropout_rate': 0.10826577072287852, 'embed_dim': 256, 'learning_rate': 0.00010078557417024133, 'weight_decay': 5.134061555223157e-05, 'batch_size': 16, 'num_heads': 4, 'num_transformer_blocks': 4}. Best is trial 55 with value: 0.48925222855532075.
Trial 137, Fold 5: Test Accuracy = 0.3548
Trial 137: Mean Accuracy = 0.4660, Fold Accuracies = [np.float64(0.4120670995670996), np.float64(0.48499947687800793), np.float64(0.5903381642512078), np.float64(0.48784086284086287), np.float64(0.35475330926594467)]
Hyperparameters: num_heads=4, num_transformer_blocks=4, learning_rate=7.801412505249694e-05, optimizer=Adam, weight_decay=5.279922319425718e-05, batch_size=16,factor=1
Divergence detected. Stopping training after 10 epochs.
Early stopping at epoch 19
Trial 138, Fold 3: Test Accuracy = 0.5620
Divergence detected. Stopping training after 10 epochs.
Early stopping at epoch 11
Trial 139, Fold 1: Test Accuracy = 0.4196
Divergence detected. Stopping training after 10 epochs.
Early stopping at epoch 10
Trial 138, Fold 4: Test Accuracy = 0.4494
Divergence detected. Stopping training after 10 epochs.
Early stopping at epoch 11
Trial 139, Fold 2: Test Accuracy = 0.4322
Divergence detected. Stopping training after 10 epochs.
Early stopping at epoch 18
[I 2025-05-08 18:25:33,960] Trial 138 finished with value: 0.4587638191092336 and parameters: {'ff_dim': 32, 'dropout_rate': 0.10867604990725539, 'embed_dim': 256, 'learning_rate': 8.968435655825341e-05, 'weight_decay': 5.211271702623497e-05, 'batch_size': 16, 'num_heads': 4, 'num_transformer_blocks': 4}. Best is trial 55 with value: 0.48925222855532075.
Trial 138, Fold 5: Test Accuracy = 0.3994
Trial 138: Mean Accuracy = 0.4588, Fold Accuracies = [np.float64(0.4716810966810967), np.float64(0.41135043942247335), np.float64(0.5620169082125605), np.float64(0.44936660561660563), np.float64(0.39940404561343196)]
Hyperparameters: num_heads=4, num_transformer_blocks=4, learning_rate=8.780732625491955e-05, optimizer=Adam, weight_decay=6.0001091511354135e-05, batch_size=16,factor=1
Divergence detected. Stopping training after 10 epochs.
Early stopping at epoch 21
Trial 139, Fold 3: Test Accuracy = 0.5299
Divergence detected. Stopping training after 10 epochs.
Early stopping at epoch 10
Trial 140, Fold 1: Test Accuracy = 0.4066
Divergence detected. Stopping training after 10 epochs.
Early stopping at epoch 27
Trial 140, Fold 2: Test Accuracy = 0.3718
Trial 139, Fold 4: Test Accuracy = 0.4838
Divergence detected. Stopping training after 10 epochs.
Early stopping at epoch 17
[I 2025-05-08 18:29:34,182] Trial 139 finished with value: 0.44437223597039727 and parameters: {'ff_dim': 32, 'dropout_rate': 0.11300303742767752, 'embed_dim': 256, 'learning_rate': 7.801412505249694e-05, 'weight_decay': 5.279922319425718e-05, 'batch_size': 16, 'num_heads': 4, 'num_transformer_blocks': 4}. Best is trial 55 with value: 0.48925222855532075.
Trial 139, Fold 5: Test Accuracy = 0.3565
Trial 139: Mean Accuracy = 0.4444, Fold Accuracies = [np.float64(0.4195526695526695), np.float64(0.43218377275580666), np.float64(0.5298611111111111), np.float64(0.4837835775335775), np.float64(0.3564800488988214)]
Hyperparameters: num_heads=4, num_transformer_blocks=4, learning_rate=9.911192476850188e-05, optimizer=Adam, weight_decay=5.498471869294269e-05, batch_size=16,factor=1
Divergence detected. Stopping training after 10 epochs.
Early stopping at epoch 26
Trial 140, Fold 3: Test Accuracy = 0.5846
Divergence detected. Stopping training after 10 epochs.
Early stopping at epoch 24
Divergence detected. Stopping training after 10 epochs.
Early stopping at epoch 17
Trial 141, Fold 1: Test Accuracy = 0.4379
Trial 140, Fold 4: Test Accuracy = 0.4447
Divergence detected. Stopping training after 10 epochs.
Early stopping at epoch 10
Divergence detected. Stopping training after 10 epochs.
Early stopping at epoch 10
Trial 141, Fold 2: Test Accuracy = 0.3472
[I 2025-05-08 18:32:01,534] Trial 140 finished with value: 0.44336980827667904 and parameters: {'ff_dim': 32, 'dropout_rate': 0.10159724396964188, 'embed_dim': 256, 'learning_rate': 8.780732625491955e-05, 'weight_decay': 6.0001091511354135e-05, 'batch_size': 16, 'num_heads': 4, 'num_transformer_blocks': 4}. Best is trial 55 with value: 0.48925222855532075.
Trial 140, Fold 5: Test Accuracy = 0.4091
Trial 140: Mean Accuracy = 0.4434, Fold Accuracies = [np.float64(0.4065656565656566), np.float64(0.3718416509730069), np.float64(0.5846316425120773), np.float64(0.4446606634106634), np.float64(0.4091494279219911)]
Hyperparameters: num_heads=4, num_transformer_blocks=4, learning_rate=0.00011561907939717509, optimizer=Adam, weight_decay=5.1242981095075246e-05, batch_size=16,factor=1
Divergence detected. Stopping training after 10 epochs.
Early stopping at epoch 11
Trial 142, Fold 1: Test Accuracy = 0.3641
Divergence detected. Stopping training after 10 epochs.
Early stopping at epoch 19
Trial 141, Fold 3: Test Accuracy = 0.5881
Divergence detected. Stopping training after 10 epochs.
Early stopping at epoch 14
Trial 142, Fold 2: Test Accuracy = 0.3794
Divergence detected. Stopping training after 10 epochs.
Early stopping at epoch 20
Trial 141, Fold 4: Test Accuracy = 0.4386
Divergence detected. Stopping training after 10 epochs.
Early stopping at epoch 21
Trial 142, Fold 3: Test Accuracy = 0.6224
Divergence detected. Stopping training after 10 epochs.
Early stopping at epoch 11
Divergence detected. Stopping training after 10 epochs.
Early stopping at epoch 19
Trial 142, Fold 4: Test Accuracy = 0.4364
[I 2025-05-08 18:36:12,200] Trial 141 finished with value: 0.43081390328309965 and parameters: {'ff_dim': 32, 'dropout_rate': 0.10780364173896691, 'embed_dim': 256, 'learning_rate': 9.911192476850188e-05, 'weight_decay': 5.498471869294269e-05, 'batch_size': 16, 'num_heads': 4, 'num_transformer_blocks': 4}. Best is trial 55 with value: 0.48925222855532075.
Trial 141, Fold 5: Test Accuracy = 0.3423
Trial 141: Mean Accuracy = 0.4308, Fold Accuracies = [np.float64(0.4378607503607504), np.float64(0.34722222222222215), np.float64(0.5881340579710145), np.float64(0.43856837606837606), np.float64(0.34228410979313506)]
Hyperparameters: num_heads=4, num_transformer_blocks=4, learning_rate=0.00015500371597677146, optimizer=Adam, weight_decay=3.178515437877325e-05, batch_size=16,factor=1
Divergence detected. Stopping training after 10 epochs.
Early stopping at epoch 26
[I 2025-05-08 18:38:04,639] Trial 142 finished with value: 0.4543846503946405 and parameters: {'ff_dim': 32, 'dropout_rate': 0.1069097306361653, 'embed_dim': 256, 'learning_rate': 0.00011561907939717509, 'weight_decay': 5.1242981095075246e-05, 'batch_size': 16, 'num_heads': 4, 'num_transformer_blocks': 4}. Best is trial 55 with value: 0.48925222855532075.
Trial 142, Fold 5: Test Accuracy = 0.4697
Trial 142: Mean Accuracy = 0.4544, Fold Accuracies = [np.float64(0.36408730158730157), np.float64(0.3793680686336054), np.float64(0.6223731884057971), np.float64(0.43636803011803016), np.float64(0.4697266632284683)]
Hyperparameters: num_heads=4, num_transformer_blocks=4, learning_rate=0.00033841016885249815, optimizer=Adam, weight_decay=7.295948615763165e-05, batch_size=16,factor=1
Trial 143, Fold 1: Test Accuracy = 0.4810
Divergence detected. Stopping training after 10 epochs.
Early stopping at epoch 12
Trial 144, Fold 1: Test Accuracy = 0.4081
Divergence detected. Stopping training after 10 epochs.
Early stopping at epoch 26
Trial 143, Fold 2: Test Accuracy = 0.4038
Divergence detected. Stopping training after 10 epochs.
Early stopping at epoch 19
Trial 144, Fold 2: Test Accuracy = 0.3757
Divergence detected. Stopping training after 10 epochs.
Early stopping at epoch 14
Trial 143, Fold 3: Test Accuracy = 0.5485
Divergence detected. Stopping training after 10 epochs.
Early stopping at epoch 22
Trial 144, Fold 3: Test Accuracy = 0.4959
Divergence detected. Stopping training after 10 epochs.
Early stopping at epoch 23
Trial 143, Fold 4: Test Accuracy = 0.4342
Divergence detected. Stopping training after 10 epochs.
Early stopping at epoch 20
Trial 144, Fold 4: Test Accuracy = 0.4335
Divergence detected. Stopping training after 10 epochs.
Early stopping at epoch 11
[I 2025-05-08 18:43:33,338] Trial 143 finished with value: 0.45984006470799893 and parameters: {'ff_dim': 32, 'dropout_rate': 0.1088133948964034, 'embed_dim': 256, 'learning_rate': 0.00015500371597677146, 'weight_decay': 3.178515437877325e-05, 'batch_size': 16, 'num_heads': 4, 'num_transformer_blocks': 4}. Best is trial 55 with value: 0.48925222855532075.
Trial 143, Fold 5: Test Accuracy = 0.4318
Trial 143: Mean Accuracy = 0.4598, Fold Accuracies = [np.float64(0.48097041847041844), np.float64(0.40383056078677554), np.float64(0.5484601449275363), np.float64(0.43415496540496545), np.float64(0.4317842339502989)]
Hyperparameters: num_heads=4, num_transformer_blocks=4, learning_rate=0.00015478212668687514, optimizer=Adam, weight_decay=7.640743302004911e-05, batch_size=16,factor=1
Divergence detected. Stopping training after 10 epochs.
Early stopping at epoch 25
