[I 2025-05-08 10:43:49,270] A new study created in memory with name: no-name-a0dbfd8a-de7e-4fb5-8258-5dce8477cfbc
Hyperparameters: num_heads=2, num_transformer_blocks=4, learning_rate=3.398124982496925e-06, optimizer=Adam, weight_decay=1.0773829757210749e-05, batch_size=10,factor=1
Hyperparameters: num_heads=4, num_transformer_blocks=2, learning_rate=6.572573477289355e-07, optimizer=Adam, weight_decay=6.043448462641347e-06, batch_size=32,factor=1
Divergence detected. Stopping training after 10 epochs.
Early stopping at epoch 10
Trial 0, Fold 1: Test Accuracy = 0.4055
Divergence detected. Stopping training after 10 epochs.
Early stopping at epoch 11
Trial 1, Fold 1: Test Accuracy = 0.5137
Divergence detected. Stopping training after 10 epochs.
Early stopping at epoch 13
Divergence detected. Stopping training after 10 epochs.
Early stopping at epoch 14
Trial 1, Fold 2: Test Accuracy = 0.3832
Trial 0, Fold 2: Test Accuracy = 0.3707
Divergence detected. Stopping training after 10 epochs.
Early stopping at epoch 10
Trial 1, Fold 3: Test Accuracy = 0.4898
Trial 0, Fold 3: Test Accuracy = 0.5248
Divergence detected. Stopping training after 10 epochs.
Early stopping at epoch 22
Trial 1, Fold 4: Test Accuracy = 0.4399
Divergence detected. Stopping training after 10 epochs.
Early stopping at epoch 14
Trial 0, Fold 4: Test Accuracy = 0.4309
Divergence detected. Stopping training after 10 epochs.
Early stopping at epoch 11
[I 2025-05-08 10:49:09,543] Trial 0 finished with value: 0.4158495582179203 and parameters: {'ff_dim': 256, 'dropout_rate': 0.2274490276744359, 'embed_dim': 128, 'learning_rate': 3.398124982496925e-06, 'weight_decay': 1.0773829757210749e-05, 'batch_size': 10, 'num_heads': 2, 'num_transformer_blocks': 4}. Best is trial 0 with value: 0.4158495582179203.
Trial 0, Fold 5: Test Accuracy = 0.3474
Trial 0: Mean Accuracy = 0.4158, Fold Accuracies = [np.float64(0.4054834054834055), np.float64(0.37066462649089765), np.float64(0.5247886473429951), np.float64(0.43087352462352463), np.float64(0.3474375871487785)]
Hyperparameters: num_heads=16, num_transformer_blocks=8, learning_rate=0.08298964825265703, optimizer=Adam, weight_decay=4.9773202290767266e-05, batch_size=32,factor=1
[I 2025-05-08 10:49:30,169] Trial 1 finished with value: 0.4422859443993431 and parameters: {'ff_dim': 128, 'dropout_rate': 0.2574972504954214, 'embed_dim': 512, 'learning_rate': 6.572573477289355e-07, 'weight_decay': 6.043448462641347e-06, 'batch_size': 32, 'num_heads': 4, 'num_transformer_blocks': 2}. Best is trial 1 with value: 0.4422859443993431.
Trial 1, Fold 5: Test Accuracy = 0.3849
Trial 1: Mean Accuracy = 0.4423, Fold Accuracies = [np.float64(0.5137085137085137), np.float64(0.3831672421008579), np.float64(0.48979468599033815), np.float64(0.43985297110297106), np.float64(0.3849063090940347)]
Hyperparameters: num_heads=16, num_transformer_blocks=32, learning_rate=0.010936820099105144, optimizer=Adam, weight_decay=6.430241277757145e-05, batch_size=16,factor=1
Divergence detected. Stopping training after 10 epochs.
Early stopping at epoch 15
Trial 2, Fold 1: Test Accuracy = 0.3333
Divergence detected. Stopping training after 10 epochs.
Early stopping at epoch 19
Trial 3, Fold 1: Test Accuracy = 0.3333
Divergence detected. Stopping training after 10 epochs.
Early stopping at epoch 14
Trial 2, Fold 2: Test Accuracy = 0.3333
Divergence detected. Stopping training after 10 epochs.
Early stopping at epoch 18
Divergence detected. Stopping training after 10 epochs.
Early stopping at epoch 17
Trial 2, Fold 3: Test Accuracy = 0.3333
Trial 3, Fold 2: Test Accuracy = 0.3333
Divergence detected. Stopping training after 10 epochs.
Early stopping at epoch 11
Trial 2, Fold 4: Test Accuracy = 0.3333
Divergence detected. Stopping training after 10 epochs.
Early stopping at epoch 14
Trial 3, Fold 3: Test Accuracy = 0.3333
Divergence detected. Stopping training after 10 epochs.
Early stopping at epoch 14
[I 2025-05-08 10:54:08,415] Trial 2 finished with value: 0.3333333333333333 and parameters: {'ff_dim': 512, 'dropout_rate': 0.11386718231640354, 'embed_dim': 256, 'learning_rate': 0.08298964825265703, 'weight_decay': 4.9773202290767266e-05, 'batch_size': 32, 'num_heads': 16, 'num_transformer_blocks': 8}. Best is trial 1 with value: 0.4422859443993431.
Trial 2, Fold 5: Test Accuracy = 0.3333
Trial 2: Mean Accuracy = 0.3333, Fold Accuracies = [np.float64(0.3333333333333333), np.float64(0.3333333333333333), np.float64(0.3333333333333333), np.float64(0.3333333333333333), np.float64(0.3333333333333333)]
Hyperparameters: num_heads=8, num_transformer_blocks=32, learning_rate=0.0024429164315225376, optimizer=Adam, weight_decay=8.930576660726489e-05, batch_size=10,factor=1
Divergence detected. Stopping training after 10 epochs.
Early stopping at epoch 12
Trial 3, Fold 4: Test Accuracy = 0.3333
Divergence detected. Stopping training after 10 epochs.
Early stopping at epoch 11
Trial 4, Fold 1: Test Accuracy = 0.3333
Divergence detected. Stopping training after 10 epochs.
Early stopping at epoch 15
[I 2025-05-08 10:56:04,273] Trial 3 finished with value: 0.3333333333333333 and parameters: {'ff_dim': 128, 'dropout_rate': 0.20817689368005796, 'embed_dim': 64, 'learning_rate': 0.010936820099105144, 'weight_decay': 6.430241277757145e-05, 'batch_size': 16, 'num_heads': 16, 'num_transformer_blocks': 32}. Best is trial 1 with value: 0.4422859443993431.
Trial 3, Fold 5: Test Accuracy = 0.3333
Trial 3: Mean Accuracy = 0.3333, Fold Accuracies = [np.float64(0.3333333333333333), np.float64(0.3333333333333333), np.float64(0.3333333333333333), np.float64(0.3333333333333333), np.float64(0.3333333333333333)]
Hyperparameters: num_heads=8, num_transformer_blocks=32, learning_rate=0.012116310589374523, optimizer=Adam, weight_decay=9.232374303056616e-05, batch_size=16,factor=1
Divergence detected. Stopping training after 10 epochs.
Early stopping at epoch 15
Trial 4, Fold 2: Test Accuracy = 0.3333
Divergence detected. Stopping training after 10 epochs.
Early stopping at epoch 21
Trial 5, Fold 1: Test Accuracy = 0.3333
Divergence detected. Stopping training after 10 epochs.
Early stopping at epoch 13
Trial 4, Fold 3: Test Accuracy = 0.3333
Divergence detected. Stopping training after 10 epochs.
Early stopping at epoch 16
Trial 5, Fold 2: Test Accuracy = 0.3333
Divergence detected. Stopping training after 10 epochs.
Early stopping at epoch 14
Trial 5, Fold 3: Test Accuracy = 0.3333
Divergence detected. Stopping training after 10 epochs.
Early stopping at epoch 26
Trial 4, Fold 4: Test Accuracy = 0.3333
Divergence detected. Stopping training after 10 epochs.
Early stopping at epoch 16
Trial 5, Fold 4: Test Accuracy = 0.3333
Divergence detected. Stopping training after 10 epochs.
Early stopping at epoch 16
[I 2025-05-08 11:02:20,394] Trial 4 finished with value: 0.3333333333333333 and parameters: {'ff_dim': 512, 'dropout_rate': 0.2916735655885666, 'embed_dim': 32, 'learning_rate': 0.0024429164315225376, 'weight_decay': 8.930576660726489e-05, 'batch_size': 10, 'num_heads': 8, 'num_transformer_blocks': 32}. Best is trial 1 with value: 0.4422859443993431.
Trial 4, Fold 5: Test Accuracy = 0.3333
Trial 4: Mean Accuracy = 0.3333, Fold Accuracies = [np.float64(0.3333333333333333), np.float64(0.3333333333333333), np.float64(0.3333333333333333), np.float64(0.3333333333333333), np.float64(0.3333333333333333)]
Hyperparameters: num_heads=4, num_transformer_blocks=16, learning_rate=0.01697666050771217, optimizer=Adam, weight_decay=7.285842321931726e-05, batch_size=32,factor=1
Divergence detected. Stopping training after 10 epochs.
Early stopping at epoch 16
Trial 6, Fold 1: Test Accuracy = 0.3333
Divergence detected. Stopping training after 10 epochs.
Early stopping at epoch 27
[I 2025-05-08 11:04:08,593] Trial 5 finished with value: 0.3333333333333333 and parameters: {'ff_dim': 128, 'dropout_rate': 0.1621928368252591, 'embed_dim': 128, 'learning_rate': 0.012116310589374523, 'weight_decay': 9.232374303056616e-05, 'batch_size': 16, 'num_heads': 8, 'num_transformer_blocks': 32}. Best is trial 1 with value: 0.4422859443993431.
Trial 5, Fold 5: Test Accuracy = 0.3333
Trial 5: Mean Accuracy = 0.3333, Fold Accuracies = [np.float64(0.3333333333333333), np.float64(0.3333333333333333), np.float64(0.3333333333333333), np.float64(0.3333333333333333), np.float64(0.3333333333333333)]
Hyperparameters: num_heads=16, num_transformer_blocks=8, learning_rate=8.57119858457158e-06, optimizer=Adam, weight_decay=1.5080386770529378e-05, batch_size=16,factor=1
Divergence detected. Stopping training after 10 epochs.
Early stopping at epoch 13
Trial 6, Fold 2: Test Accuracy = 0.3333
Divergence detected. Stopping training after 10 epochs.
Early stopping at epoch 10
Trial 7, Fold 1: Test Accuracy = 0.4468
Divergence detected. Stopping training after 10 epochs.
Early stopping at epoch 11
Trial 6, Fold 3: Test Accuracy = 0.3333
Divergence detected. Stopping training after 10 epochs.
Early stopping at epoch 15
Trial 7, Fold 2: Test Accuracy = 0.4228
Divergence detected. Stopping training after 10 epochs.
Early stopping at epoch 17
Trial 6, Fold 4: Test Accuracy = 0.3333
Divergence detected. Stopping training after 10 epochs.
Early stopping at epoch 14
Trial 7, Fold 3: Test Accuracy = 0.3989
Divergence detected. Stopping training after 10 epochs.
Early stopping at epoch 15
[I 2025-05-08 11:07:28,757] Trial 6 finished with value: 0.3333333333333333 and parameters: {'ff_dim': 512, 'dropout_rate': 0.2193661155392101, 'embed_dim': 64, 'learning_rate': 0.01697666050771217, 'weight_decay': 7.285842321931726e-05, 'batch_size': 32, 'num_heads': 4, 'num_transformer_blocks': 16}. Best is trial 1 with value: 0.4422859443993431.
Trial 6, Fold 5: Test Accuracy = 0.3333
Trial 6: Mean Accuracy = 0.3333, Fold Accuracies = [np.float64(0.3333333333333333), np.float64(0.3333333333333333), np.float64(0.3333333333333333), np.float64(0.3333333333333333), np.float64(0.3333333333333333)]
Hyperparameters: num_heads=16, num_transformer_blocks=1, learning_rate=4.647640154731444e-05, optimizer=Adam, weight_decay=0.0007964858782869212, batch_size=10,factor=1
Divergence detected. Stopping training after 10 epochs.
Early stopping at epoch 16
Trial 7, Fold 4: Test Accuracy = 0.4325
Divergence detected. Stopping training after 10 epochs.
Early stopping at epoch 17
Trial 8, Fold 1: Test Accuracy = 0.5111
Divergence detected. Stopping training after 10 epochs.
Early stopping at epoch 12
[I 2025-05-08 11:08:59,849] Trial 7 finished with value: 0.4236203161423206 and parameters: {'ff_dim': 256, 'dropout_rate': 0.2038880260375684, 'embed_dim': 64, 'learning_rate': 8.57119858457158e-06, 'weight_decay': 1.5080386770529378e-05, 'batch_size': 16, 'num_heads': 16, 'num_transformer_blocks': 8}. Best is trial 1 with value: 0.4422859443993431.
Trial 7, Fold 5: Test Accuracy = 0.4170
Trial 7: Mean Accuracy = 0.4236, Fold Accuracies = [np.float64(0.4467893217893218), np.float64(0.4228264281230383), np.float64(0.3989130434782609), np.float64(0.4325269637769638), np.float64(0.4170458235440185)]
Hyperparameters: num_heads=16, num_transformer_blocks=8, learning_rate=2.986230076772995e-06, optimizer=Adam, weight_decay=2.4473561010518278e-05, batch_size=10,factor=1
Divergence detected. Stopping training after 10 epochs.
Early stopping at epoch 15
Trial 8, Fold 2: Test Accuracy = 0.4105
Trial 9, Fold 1: Test Accuracy = 0.4272
Divergence detected. Stopping training after 10 epochs.
Early stopping at epoch 23
Trial 8, Fold 3: Test Accuracy = 0.5986
Divergence detected. Stopping training after 10 epochs.
Early stopping at epoch 18
Trial 9, Fold 2: Test Accuracy = 0.4128
Divergence detected. Stopping training after 10 epochs.
Early stopping at epoch 27
Trial 8, Fold 4: Test Accuracy = 0.3614
Divergence detected. Stopping training after 10 epochs.
Early stopping at epoch 12
Trial 9, Fold 3: Test Accuracy = 0.5618
Divergence detected. Stopping training after 10 epochs.
Early stopping at epoch 12
[I 2025-05-08 11:13:47,497] Trial 8 finished with value: 0.45177459105847867 and parameters: {'ff_dim': 64, 'dropout_rate': 0.2724230739591647, 'embed_dim': 64, 'learning_rate': 4.647640154731444e-05, 'weight_decay': 0.0007964858782869212, 'batch_size': 10, 'num_heads': 16, 'num_transformer_blocks': 1}. Best is trial 8 with value: 0.45177459105847867.
Trial 8, Fold 5: Test Accuracy = 0.3773
Trial 8: Mean Accuracy = 0.4518, Fold Accuracies = [np.float64(0.5110930735930735), np.float64(0.4105265222849968), np.float64(0.5985507246376812), np.float64(0.36139092389092387), np.float64(0.3773117108857182)]
Hyperparameters: num_heads=16, num_transformer_blocks=16, learning_rate=0.0050344740107442975, optimizer=Adam, weight_decay=1.3608452518519408e-06, batch_size=32,factor=1
Divergence detected. Stopping training after 10 epochs.
Early stopping at epoch 11
Trial 9, Fold 4: Test Accuracy = 0.3989
Divergence detected. Stopping training after 10 epochs.
Early stopping at epoch 19
Trial 10, Fold 1: Test Accuracy = 0.3333
Divergence detected. Stopping training after 10 epochs.
Early stopping at epoch 10
Trial 10, Fold 2: Test Accuracy = 0.3333
Divergence detected. Stopping training after 10 epochs.
Early stopping at epoch 26
[I 2025-05-08 11:16:13,317] Trial 9 finished with value: 0.4409161424879673 and parameters: {'ff_dim': 32, 'dropout_rate': 0.1226120058859598, 'embed_dim': 256, 'learning_rate': 2.986230076772995e-06, 'weight_decay': 2.4473561010518278e-05, 'batch_size': 10, 'num_heads': 16, 'num_transformer_blocks': 8}. Best is trial 8 with value: 0.45177459105847867.
Trial 9, Fold 5: Test Accuracy = 0.4039
Trial 9: Mean Accuracy = 0.4409, Fold Accuracies = [np.float64(0.4272186147186147), np.float64(0.4127563297761038), np.float64(0.5618055555555556), np.float64(0.39894943019943013), np.float64(0.4038507821901323)]
Hyperparameters: num_heads=1, num_transformer_blocks=1, learning_rate=0.0002023177443342631, optimizer=Adam, weight_decay=0.0007280715309568118, batch_size=10,factor=1
Divergence detected. Stopping training after 10 epochs.
Early stopping at epoch 11
Trial 10, Fold 3: Test Accuracy = 0.3333
Divergence detected. Stopping training after 10 epochs.
Early stopping at epoch 27
Trial 11, Fold 1: Test Accuracy = 0.4573
Divergence detected. Stopping training after 10 epochs.
Early stopping at epoch 19
Trial 10, Fold 4: Test Accuracy = 0.3333
Divergence detected. Stopping training after 10 epochs.
Early stopping at epoch 22
Trial 11, Fold 2: Test Accuracy = 0.4728
Divergence detected. Stopping training after 10 epochs.
Early stopping at epoch 23
[I 2025-05-08 11:19:41,425] Trial 10 finished with value: 0.3333333333333333 and parameters: {'ff_dim': 512, 'dropout_rate': 0.20149290854761226, 'embed_dim': 128, 'learning_rate': 0.0050344740107442975, 'weight_decay': 1.3608452518519408e-06, 'batch_size': 32, 'num_heads': 16, 'num_transformer_blocks': 16}. Best is trial 8 with value: 0.45177459105847867.
Trial 10, Fold 5: Test Accuracy = 0.3333
Trial 10: Mean Accuracy = 0.3333, Fold Accuracies = [np.float64(0.3333333333333333), np.float64(0.3333333333333333), np.float64(0.3333333333333333), np.float64(0.3333333333333333), np.float64(0.3333333333333333)]
Hyperparameters: num_heads=4, num_transformer_blocks=2, learning_rate=2.1663687173149606e-07, optimizer=Adam, weight_decay=0.0005808160489263726, batch_size=10,factor=1
Divergence detected. Stopping training after 10 epochs.
Early stopping at epoch 10
Trial 12, Fold 1: Test Accuracy = 0.4200
Divergence detected. Stopping training after 10 epochs.
Early stopping at epoch 25
Trial 11, Fold 3: Test Accuracy = 0.4445
Divergence detected. Stopping training after 10 epochs.
Early stopping at epoch 18
Trial 11, Fold 4: Test Accuracy = 0.4653
Trial 12, Fold 2: Test Accuracy = 0.3706
Divergence detected. Stopping training after 10 epochs.
Early stopping at epoch 21
[I 2025-05-08 11:23:58,965] Trial 11 finished with value: 0.43553489717433064 and parameters: {'ff_dim': 64, 'dropout_rate': 0.2983321076975251, 'embed_dim': 32, 'learning_rate': 0.0002023177443342631, 'weight_decay': 0.0007280715309568118, 'batch_size': 10, 'num_heads': 1, 'num_transformer_blocks': 1}. Best is trial 8 with value: 0.45177459105847867.
Trial 11, Fold 5: Test Accuracy = 0.3378
Trial 11: Mean Accuracy = 0.4355, Fold Accuracies = [np.float64(0.45725108225108224), np.float64(0.472791117388575), np.float64(0.44453502415458934), np.float64(0.4653286528286528), np.float64(0.3377686092487537)]
Hyperparameters: num_heads=4, num_transformer_blocks=2, learning_rate=1.0927239462140566e-07, optimizer=Adam, weight_decay=3.008240032473233e-06, batch_size=32,factor=1
Trial 12, Fold 3: Test Accuracy = 0.4499
Divergence detected. Stopping training after 10 epochs.
Early stopping at epoch 11
Trial 13, Fold 1: Test Accuracy = 0.4011
Divergence detected. Stopping training after 10 epochs.
Early stopping at epoch 10
Divergence detected. Stopping training after 10 epochs.
Early stopping at epoch 11
Trial 13, Fold 2: Test Accuracy = 0.3261
Trial 12, Fold 4: Test Accuracy = 0.3482
Divergence detected. Stopping training after 10 epochs.
Early stopping at epoch 10
Trial 13, Fold 3: Test Accuracy = 0.2876
Divergence detected. Stopping training after 10 epochs.
Early stopping at epoch 20
[I 2025-05-08 11:27:03,489] Trial 12 finished with value: 0.3921334438003798 and parameters: {'ff_dim': 64, 'dropout_rate': 0.27909310364729745, 'embed_dim': 512, 'learning_rate': 2.1663687173149606e-07, 'weight_decay': 0.0005808160489263726, 'batch_size': 10, 'num_heads': 4, 'num_transformer_blocks': 2}. Best is trial 8 with value: 0.45177459105847867.
Trial 12, Fold 5: Test Accuracy = 0.3720
Trial 12: Mean Accuracy = 0.3921, Fold Accuracies = [np.float64(0.4200036075036075), np.float64(0.37063847039129527), np.float64(0.44987922705314004), np.float64(0.3481634106634106), np.float64(0.37198250339044564)]
Hyperparameters: num_heads=4, num_transformer_blocks=2, learning_rate=1.78365995917288e-07, optimizer=Adam, weight_decay=4.195530461725651e-06, batch_size=32,factor=1
Divergence detected. Stopping training after 10 epochs.
Early stopping at epoch 26
Trial 13, Fold 4: Test Accuracy = 0.4381
Divergence detected. Stopping training after 10 epochs.
Early stopping at epoch 20
Trial 14, Fold 1: Test Accuracy = 0.4099
Divergence detected. Stopping training after 10 epochs.
Early stopping at epoch 13
[I 2025-05-08 11:29:02,618] Trial 13 finished with value: 0.36112904097941567 and parameters: {'ff_dim': 64, 'dropout_rate': 0.258302952246159, 'embed_dim': 512, 'learning_rate': 1.0927239462140566e-07, 'weight_decay': 3.008240032473233e-06, 'batch_size': 32, 'num_heads': 4, 'num_transformer_blocks': 2}. Best is trial 8 with value: 0.45177459105847867.
Trial 13, Fold 5: Test Accuracy = 0.3529
Trial 13: Mean Accuracy = 0.3611, Fold Accuracies = [np.float64(0.40106421356421357), np.float64(0.32605539861895794), np.float64(0.28756038647342996), np.float64(0.43807234432234426), np.float64(0.3528928619181326)]
Hyperparameters: num_heads=1, num_transformer_blocks=1, learning_rate=0.00011118523538352134, optimizer=Adam, weight_decay=4.841550151204454e-06, batch_size=32,factor=1
Divergence detected. Stopping training after 10 epochs.
Early stopping at epoch 10
Trial 14, Fold 2: Test Accuracy = 0.2897
Divergence detected. Stopping training after 10 epochs.
Early stopping at epoch 13
Trial 15, Fold 1: Test Accuracy = 0.4619
Divergence detected. Stopping training after 10 epochs.
Early stopping at epoch 13
Trial 14, Fold 3: Test Accuracy = 0.2858
Divergence detected. Stopping training after 10 epochs.
Early stopping at epoch 22
Trial 14, Fold 4: Test Accuracy = 0.3273
Trial 15, Fold 2: Test Accuracy = 0.4378
Divergence detected. Stopping training after 10 epochs.
Early stopping at epoch 10
Trial 15, Fold 3: Test Accuracy = 0.4883
Divergence detected. Stopping training after 10 epochs.
Early stopping at epoch 15
[I 2025-05-08 11:32:36,200] Trial 14 finished with value: 0.34201322202198015 and parameters: {'ff_dim': 128, 'dropout_rate': 0.26271889482455535, 'embed_dim': 512, 'learning_rate': 1.78365995917288e-07, 'weight_decay': 4.195530461725651e-06, 'batch_size': 32, 'num_heads': 4, 'num_transformer_blocks': 2}. Best is trial 8 with value: 0.45177459105847867.
Trial 14, Fold 5: Test Accuracy = 0.3973
Trial 14: Mean Accuracy = 0.3420, Fold Accuracies = [np.float64(0.4099025974025974), np.float64(0.28971149822138526), np.float64(0.2858393719806763), np.float64(0.32731735856735855), np.float64(0.39729528393788316)]
Hyperparameters: num_heads=1, num_transformer_blocks=1, learning_rate=8.05196537136388e-05, optimizer=Adam, weight_decay=0.00023471994905142714, batch_size=10,factor=1
Divergence detected. Stopping training after 10 epochs.
Early stopping at epoch 21
Trial 16, Fold 1: Test Accuracy = 0.5090
Divergence detected. Stopping training after 10 epochs.
Early stopping at epoch 28
Trial 15, Fold 4: Test Accuracy = 0.4714
Divergence detected. Stopping training after 10 epochs.
Early stopping at epoch 10
Trial 16, Fold 2: Test Accuracy = 0.4523
Divergence detected. Stopping training after 10 epochs.
Early stopping at epoch 11
