[I 2025-05-08 20:41:42,934] Trial 175 finished with value: 0.43348135341582206 and parameters: {'ff_dim': 32, 'dropout_rate': 0.1334972598048875, 'embed_dim': 256, 'learning_rate': 0.00023119891160679535, 'weight_decay': 5.608829202278783e-05, 'batch_size': 16, 'num_heads': 4, 'num_transformer_blocks': 1}. Best is trial 55 with value: 0.48925222855532075.
Trial 175, Fold 5: Test Accuracy = 0.3524
Trial 175: Mean Accuracy = 0.4335, Fold Accuracies = [np.float64(0.4876443001443002), np.float64(0.3333333333333333), np.float64(0.5397644927536231), np.float64(0.454276048026048), np.float64(0.3523885928218058)]
Hyperparameters: num_heads=4, num_transformer_blocks=4, learning_rate=7.927177085290058e-05, optimizer=Adam, weight_decay=4.262416756314942e-05, batch_size=16,factor=1
Divergence detected. Stopping training after 10 epochs.
Early stopping at epoch 24
Trial 177, Fold 1: Test Accuracy = 0.4952
Divergence detected. Stopping training after 10 epochs.
Early stopping at epoch 10
Trial 178, Fold 1: Test Accuracy = 0.4081
Divergence detected. Stopping training after 10 epochs.
Early stopping at epoch 11
Trial 177, Fold 2: Test Accuracy = 0.3347
Trial 178, Fold 2: Test Accuracy = 0.4959
Divergence detected. Stopping training after 10 epochs.
Early stopping at epoch 25
Trial 177, Fold 3: Test Accuracy = 0.5750
Divergence detected. Stopping training after 10 epochs.
Early stopping at epoch 22
Trial 178, Fold 3: Test Accuracy = 0.5388
Divergence detected. Stopping training after 10 epochs.
Early stopping at epoch 25
Trial 177, Fold 4: Test Accuracy = 0.4380
Divergence detected. Stopping training after 10 epochs.
Early stopping at epoch 12
Trial 178, Fold 4: Test Accuracy = 0.3514
Divergence detected. Stopping training after 10 epochs.
Early stopping at epoch 19
[I 2025-05-08 20:47:50,955] Trial 177 finished with value: 0.43431567683421185 and parameters: {'ff_dim': 32, 'dropout_rate': 0.1324779116091337, 'embed_dim': 32, 'learning_rate': 0.0008411231042340159, 'weight_decay': 4.102429197473303e-05, 'batch_size': 16, 'num_heads': 4, 'num_transformer_blocks': 4}. Best is trial 55 with value: 0.48925222855532075.
Trial 177, Fold 5: Test Accuracy = 0.3287
Trial 177: Mean Accuracy = 0.4343, Fold Accuracies = [np.float64(0.49522005772005767), np.float64(0.3346934505126596), np.float64(0.5750000000000001), np.float64(0.4379960317460318), np.float64(0.3286688441923099)]
Hyperparameters: num_heads=8, num_transformer_blocks=32, learning_rate=7.427784918183151e-05, optimizer=Adam, weight_decay=3.0760332040608255e-05, batch_size=16,factor=1
[I 2025-05-08 20:48:45,629] Trial 178 finished with value: 0.42647170422399283 and parameters: {'ff_dim': 32, 'dropout_rate': 0.10262776377030045, 'embed_dim': 32, 'learning_rate': 7.927177085290058e-05, 'weight_decay': 4.262416756314942e-05, 'batch_size': 16, 'num_heads': 4, 'num_transformer_blocks': 4}. Best is trial 55 with value: 0.48925222855532075.
Trial 178, Fold 5: Test Accuracy = 0.3382
Trial 178: Mean Accuracy = 0.4265, Fold Accuracies = [np.float64(0.4080988455988456), np.float64(0.4959392655367232), np.float64(0.538768115942029), np.float64(0.35135582010582006), np.float64(0.33819647393654617)]
Hyperparameters: num_heads=8, num_transformer_blocks=4, learning_rate=4.0598248704988556e-05, optimizer=Adam, weight_decay=3.0714739055233784e-05, batch_size=16,factor=1
Divergence detected. Stopping training after 10 epochs.
Early stopping at epoch 11
Trial 179, Fold 1: Test Accuracy = 0.4625
Divergence detected. Stopping training after 10 epochs.
Early stopping at epoch 23
Trial 180, Fold 1: Test Accuracy = 0.4822
Divergence detected. Stopping training after 10 epochs.
Early stopping at epoch 20
Trial 179, Fold 2: Test Accuracy = 0.3333
Divergence detected. Stopping training after 10 epochs.
Early stopping at epoch 11
Trial 179, Fold 3: Test Accuracy = 0.3333
Trial 180, Fold 2: Test Accuracy = 0.4501
Divergence detected. Stopping training after 10 epochs.
Early stopping at epoch 15
Trial 180, Fold 3: Test Accuracy = 0.4996
Divergence detected. Stopping training after 10 epochs.
Early stopping at epoch 20
Trial 179, Fold 4: Test Accuracy = 0.4221
Divergence detected. Stopping training after 10 epochs.
Early stopping at epoch 11
[I 2025-05-08 20:54:24,941] Trial 179 finished with value: 0.38960668960668954 and parameters: {'ff_dim': 32, 'dropout_rate': 0.1042664417940949, 'embed_dim': 256, 'learning_rate': 7.427784918183151e-05, 'weight_decay': 3.0760332040608255e-05, 'batch_size': 16, 'num_heads': 8, 'num_transformer_blocks': 32}. Best is trial 55 with value: 0.48925222855532075.
Trial 179, Fold 5: Test Accuracy = 0.3968
Trial 179: Mean Accuracy = 0.3896, Fold Accuracies = [np.float64(0.4624819624819625), np.float64(0.3333333333333333), np.float64(0.3333333333333333), np.float64(0.42205942205942204), np.float64(0.3968253968253968)]
Hyperparameters: num_heads=4, num_transformer_blocks=4, learning_rate=0.0004279585764920331, optimizer=Adam, weight_decay=2.38770316671208e-05, batch_size=16,factor=1
Divergence detected. Stopping training after 10 epochs.
Early stopping at epoch 22
Trial 180, Fold 4: Test Accuracy = 0.4280
Divergence detected. Stopping training after 10 epochs.
Early stopping at epoch 12
[I 2025-05-08 20:55:42,365] Trial 180 finished with value: 0.44205859921109303 and parameters: {'ff_dim': 32, 'dropout_rate': 0.11720222469786838, 'embed_dim': 256, 'learning_rate': 4.0598248704988556e-05, 'weight_decay': 3.0714739055233784e-05, 'batch_size': 16, 'num_heads': 8, 'num_transformer_blocks': 4}. Best is trial 55 with value: 0.48925222855532075.
Trial 180, Fold 5: Test Accuracy = 0.3504
Trial 180: Mean Accuracy = 0.4421, Fold Accuracies = [np.float64(0.48223304473304474), np.float64(0.45007454488386694), np.float64(0.4996376811594203), np.float64(0.42796092796092794), np.float64(0.35038679731820527)]
Hyperparameters: num_heads=4, num_transformer_blocks=4, learning_rate=0.00015701457915942213, optimizer=Adam, weight_decay=2.5321469842206672e-05, batch_size=16,factor=1
Trial 181, Fold 1: Test Accuracy = 0.5072
Divergence detected. Stopping training after 10 epochs.
Early stopping at epoch 22
Trial 182, Fold 1: Test Accuracy = 0.4555
Divergence detected. Stopping training after 10 epochs.
Early stopping at epoch 26
Trial 181, Fold 2: Test Accuracy = 0.3506
Divergence detected. Stopping training after 10 epochs.
Early stopping at epoch 25
Divergence detected. Stopping training after 10 epochs.
Early stopping at epoch 10
Trial 182, Fold 2: Test Accuracy = 0.5250
Trial 181, Fold 3: Test Accuracy = 0.4153
Divergence detected. Stopping training after 10 epochs.
Early stopping at epoch 16
Trial 182, Fold 3: Test Accuracy = 0.5019
Divergence detected. Stopping training after 10 epochs.
Early stopping at epoch 27
Trial 181, Fold 4: Test Accuracy = 0.5539
Divergence detected. Stopping training after 10 epochs.
Early stopping at epoch 18
Trial 182, Fold 4: Test Accuracy = 0.5043
Divergence detected. Stopping training after 10 epochs.
Early stopping at epoch 18
[I 2025-05-08 21:02:12,009] Trial 181 finished with value: 0.4485149990172528 and parameters: {'ff_dim': 32, 'dropout_rate': 0.12157433644136678, 'embed_dim': 256, 'learning_rate': 0.0004279585764920331, 'weight_decay': 2.38770316671208e-05, 'batch_size': 16, 'num_heads': 4, 'num_transformer_blocks': 4}. Best is trial 55 with value: 0.48925222855532075.
Trial 181, Fold 5: Test Accuracy = 0.4156
Trial 181: Mean Accuracy = 0.4485, Fold Accuracies = [np.float64(0.5072150072150072), np.float64(0.35058982004603473), np.float64(0.4152777777777778), np.float64(0.5539402726902727), np.float64(0.41555211735717146)]
Hyperparameters: num_heads=4, num_transformer_blocks=4, learning_rate=0.00015719468453279225, optimizer=Adam, weight_decay=3.221569867297894e-05, batch_size=16,factor=1
Divergence detected. Stopping training after 10 epochs.
Early stopping at epoch 21
[I 2025-05-08 21:02:57,507] Trial 182 finished with value: 0.4841103677912949 and parameters: {'ff_dim': 32, 'dropout_rate': 0.10945213351235199, 'embed_dim': 256, 'learning_rate': 0.00015701457915942213, 'weight_decay': 2.5321469842206672e-05, 'batch_size': 16, 'num_heads': 4, 'num_transformer_blocks': 4}. Best is trial 55 with value: 0.48925222855532075.
Trial 182, Fold 5: Test Accuracy = 0.4339
Trial 182: Mean Accuracy = 0.4841, Fold Accuracies = [np.float64(0.4555375180375181), np.float64(0.5249529190207157), np.float64(0.5018719806763284), np.float64(0.5042735042735043), np.float64(0.4339159169484079)]
Hyperparameters: num_heads=4, num_transformer_blocks=4, learning_rate=0.000123323955053571, optimizer=Adam, weight_decay=2.695592191268827e-05, batch_size=16,factor=1
Divergence detected. Stopping training after 10 epochs.
Early stopping at epoch 25
Trial 183, Fold 1: Test Accuracy = 0.4752
Divergence detected. Stopping training after 10 epochs.
Early stopping at epoch 27
Trial 184, Fold 1: Test Accuracy = 0.4580
Divergence detected. Stopping training after 10 epochs.
Early stopping at epoch 17
Trial 183, Fold 2: Test Accuracy = 0.4173
Divergence detected. Stopping training after 10 epochs.
Early stopping at epoch 11
Trial 184, Fold 2: Test Accuracy = 0.3997
Divergence detected. Stopping training after 10 epochs.
Early stopping at epoch 16
Trial 183, Fold 3: Test Accuracy = 0.4662
Divergence detected. Stopping training after 10 epochs.
Early stopping at epoch 22
Divergence detected. Stopping training after 10 epochs.
Early stopping at epoch 12
Trial 184, Fold 3: Test Accuracy = 0.5220
Trial 183, Fold 4: Test Accuracy = 0.4469
Divergence detected. Stopping training after 10 epochs.
Early stopping at epoch 17
[I 2025-05-08 21:08:27,806] Trial 183 finished with value: 0.4395422801610843 and parameters: {'ff_dim': 32, 'dropout_rate': 0.10033439137123731, 'embed_dim': 256, 'learning_rate': 0.00015719468453279225, 'weight_decay': 3.221569867297894e-05, 'batch_size': 16, 'num_heads': 4, 'num_transformer_blocks': 4}. Best is trial 55 with value: 0.48925222855532075.
Trial 183, Fold 5: Test Accuracy = 0.3921
Trial 183: Mean Accuracy = 0.4395, Fold Accuracies = [np.float64(0.47519841269841273), np.float64(0.41728787403222434), np.float64(0.466243961352657), np.float64(0.4468737281237281), np.float64(0.3921074245983993)]
Hyperparameters: num_heads=4, num_transformer_blocks=4, learning_rate=0.00011002459269201168, optimizer=Adam, weight_decay=2.6302125189478294e-05, batch_size=16,factor=1
Divergence detected. Stopping training after 10 epochs.
Early stopping at epoch 21
Trial 184, Fold 4: Test Accuracy = 0.4416
Divergence detected. Stopping training after 10 epochs.
Early stopping at epoch 25
Trial 185, Fold 1: Test Accuracy = 0.5133
[I 2025-05-08 21:10:46,279] Trial 184 finished with value: 0.43341814673173457 and parameters: {'ff_dim': 32, 'dropout_rate': 0.108159016443471, 'embed_dim': 256, 'learning_rate': 0.000123323955053571, 'weight_decay': 2.695592191268827e-05, 'batch_size': 16, 'num_heads': 4, 'num_transformer_blocks': 4}. Best is trial 55 with value: 0.48925222855532075.
Trial 184, Fold 5: Test Accuracy = 0.3458
Trial 184: Mean Accuracy = 0.4334, Fold Accuracies = [np.float64(0.4579725829725829), np.float64(0.39971751412429374), np.float64(0.5219504830917875), np.float64(0.4416208791208791), np.float64(0.34582927434912997)]
Hyperparameters: num_heads=4, num_transformer_blocks=4, learning_rate=0.0003190522102467303, optimizer=Adam, weight_decay=1.5656732781189393e-05, batch_size=16,factor=1
Divergence detected. Stopping training after 10 epochs.
Early stopping at epoch 10
Trial 185, Fold 2: Test Accuracy = 0.3624
Divergence detected. Stopping training after 10 epochs.
Early stopping at epoch 12
Trial 186, Fold 1: Test Accuracy = 0.3674
Divergence detected. Stopping training after 10 epochs.
Early stopping at epoch 10
Trial 185, Fold 3: Test Accuracy = 0.5373
Divergence detected. Stopping training after 10 epochs.
Early stopping at epoch 18
Trial 185, Fold 4: Test Accuracy = 0.4500
Divergence detected. Stopping training after 10 epochs.
Early stopping at epoch 22
Trial 186, Fold 2: Test Accuracy = 0.3974
Divergence detected. Stopping training after 10 epochs.
Early stopping at epoch 22
Trial 186, Fold 3: Test Accuracy = 0.4706
Divergence detected. Stopping training after 10 epochs.
Early stopping at epoch 26
[I 2025-05-08 21:14:53,762] Trial 185 finished with value: 0.44934267927942917 and parameters: {'ff_dim': 32, 'dropout_rate': 0.11319260476541866, 'embed_dim': 256, 'learning_rate': 0.00011002459269201168, 'weight_decay': 2.6302125189478294e-05, 'batch_size': 16, 'num_heads': 4, 'num_transformer_blocks': 4}. Best is trial 55 with value: 0.48925222855532075.
Trial 185, Fold 5: Test Accuracy = 0.3838
Trial 185: Mean Accuracy = 0.4493, Fold Accuracies = [np.float64(0.5132575757575757), np.float64(0.36238622096672946), np.float64(0.5372584541062801), np.float64(0.45002798127798127), np.float64(0.38378316428857945)]
Hyperparameters: num_heads=4, num_transformer_blocks=4, learning_rate=0.0002832941989292919, optimizer=Adam, weight_decay=1.769210075766025e-05, batch_size=16,factor=1
Divergence detected. Stopping training after 10 epochs.
Early stopping at epoch 13
Trial 187, Fold 1: Test Accuracy = 0.4505
Divergence detected. Stopping training after 10 epochs.
Early stopping at epoch 11
Trial 187, Fold 2: Test Accuracy = 0.3164
Trial 186, Fold 4: Test Accuracy = 0.4593
Divergence detected. Stopping training after 10 epochs.
Early stopping at epoch 18
Trial 187, Fold 3: Test Accuracy = 0.4169
Divergence detected. Stopping training after 10 epochs.
Early stopping at epoch 23
[I 2025-05-08 21:18:26,061] Trial 186 finished with value: 0.4331092007885113 and parameters: {'ff_dim': 32, 'dropout_rate': 0.11261664592695284, 'embed_dim': 256, 'learning_rate': 0.0003190522102467303, 'weight_decay': 1.5656732781189393e-05, 'batch_size': 16, 'num_heads': 4, 'num_transformer_blocks': 4}. Best is trial 55 with value: 0.48925222855532075.
Trial 186, Fold 5: Test Accuracy = 0.4709
Trial 186: Mean Accuracy = 0.4331, Fold Accuracies = [np.float64(0.36742424242424243), np.float64(0.3973700041849759), np.float64(0.4705917874396135), np.float64(0.4592872405372405), np.float64(0.47087272935648383)]
Hyperparameters: num_heads=4, num_transformer_blocks=4, learning_rate=0.00024993913263369994, optimizer=Adam, weight_decay=1.8890136065405996e-05, batch_size=32,factor=1
Divergence detected. Stopping training after 10 epochs.
Early stopping at epoch 11
Trial 188, Fold 1: Test Accuracy = 0.4494
Divergence detected. Stopping training after 10 epochs.
Early stopping at epoch 22
Trial 187, Fold 4: Test Accuracy = 0.4720
Divergence detected. Stopping training after 10 epochs.
Early stopping at epoch 11
Trial 188, Fold 2: Test Accuracy = 0.3823
Divergence detected. Stopping training after 10 epochs.
Early stopping at epoch 24
[I 2025-05-08 21:21:15,195] Trial 187 finished with value: 0.41747194048435354 and parameters: {'ff_dim': 32, 'dropout_rate': 0.17736468611357523, 'embed_dim': 256, 'learning_rate': 0.0002832941989292919, 'weight_decay': 1.769210075766025e-05, 'batch_size': 16, 'num_heads': 4, 'num_transformer_blocks': 4}. Best is trial 55 with value: 0.48925222855532075.
Trial 187, Fold 5: Test Accuracy = 0.4315
Trial 187: Mean Accuracy = 0.4175, Fold Accuracies = [np.float64(0.45048701298701294), np.float64(0.31635802469135804), np.float64(0.41693840579710145), np.float64(0.47204415954415957), np.float64(0.4315320994021355)]
Hyperparameters: num_heads=4, num_transformer_blocks=1, learning_rate=0.0006196363462163074, optimizer=Adam, weight_decay=9.714645271681142e-05, batch_size=32,factor=1
Divergence detected. Stopping training after 10 epochs.
Early stopping at epoch 22
Trial 188, Fold 3: Test Accuracy = 0.5244
Divergence detected. Stopping training after 10 epochs.
Early stopping at epoch 12
Trial 189, Fold 1: Test Accuracy = 0.4007
Divergence detected. Stopping training after 10 epochs.
Early stopping at epoch 13
Trial 188, Fold 4: Test Accuracy = 0.4191
Divergence detected. Stopping training after 10 epochs.
Early stopping at epoch 10
[I 2025-05-08 21:23:18,363] Trial 188 finished with value: 0.42337692843140706 and parameters: {'ff_dim': 32, 'dropout_rate': 0.1774330401126977, 'embed_dim': 512, 'learning_rate': 0.00024993913263369994, 'weight_decay': 1.8890136065405996e-05, 'batch_size': 32, 'num_heads': 4, 'num_transformer_blocks': 4}. Best is trial 55 with value: 0.48925222855532075.
Trial 188, Fold 5: Test Accuracy = 0.3416
Trial 188: Mean Accuracy = 0.4234, Fold Accuracies = [np.float64(0.44940476190476186), np.float64(0.38233024691358025), np.float64(0.5243961352657005), np.float64(0.4191341066341066), np.float64(0.34161939143888603)]
Hyperparameters: num_heads=4, num_transformer_blocks=1, learning_rate=0.0006376194274562781, optimizer=Adam, weight_decay=2.1195155017873256e-06, batch_size=16,factor=1
Divergence detected. Stopping training after 10 epochs.
Early stopping at epoch 25
Trial 189, Fold 2: Test Accuracy = 0.3708
Divergence detected. Stopping training after 10 epochs.
Early stopping at epoch 12
Trial 190, Fold 1: Test Accuracy = 0.4423
Divergence detected. Stopping training after 10 epochs.
Early stopping at epoch 14
Trial 190, Fold 2: Test Accuracy = 0.4260
Divergence detected. Stopping training after 10 epochs.
Early stopping at epoch 23
Trial 189, Fold 3: Test Accuracy = 0.4967
Divergence detected. Stopping training after 10 epochs.
Early stopping at epoch 18
Trial 189, Fold 4: Test Accuracy = 0.3483
Trial 190, Fold 3: Test Accuracy = 0.5298
Divergence detected. Stopping training after 10 epochs.
Early stopping at epoch 23
[I 2025-05-08 21:28:08,352] Trial 189 finished with value: 0.4054205070451079 and parameters: {'ff_dim': 512, 'dropout_rate': 0.15202861401501805, 'embed_dim': 512, 'learning_rate': 0.0006196363462163074, 'weight_decay': 9.714645271681142e-05, 'batch_size': 32, 'num_heads': 4, 'num_transformer_blocks': 1}. Best is trial 55 with value: 0.48925222855532075.
Trial 189, Fold 5: Test Accuracy = 0.4106
Trial 189: Mean Accuracy = 0.4054, Fold Accuracies = [np.float64(0.4007034632034632), np.float64(0.3708477191881146), np.float64(0.4966787439613527), np.float64(0.34829059829059833), np.float64(0.4105820105820106)]
Hyperparameters: num_heads=4, num_transformer_blocks=4, learning_rate=0.00018228413562916047, optimizer=Adam, weight_decay=2.2367204931040814e-05, batch_size=16,factor=1
Divergence detected. Stopping training after 10 epochs.
Early stopping at epoch 21
Trial 190, Fold 4: Test Accuracy = 0.4021
Divergence detected. Stopping training after 10 epochs.
Early stopping at epoch 10
Trial 191, Fold 1: Test Accuracy = 0.4329
Divergence detected. Stopping training after 10 epochs.
Early stopping at epoch 21
[I 2025-05-08 21:29:56,020] Trial 190 finished with value: 0.42764625060876754 and parameters: {'ff_dim': 64, 'dropout_rate': 0.29259197525111935, 'embed_dim': 128, 'learning_rate': 0.0006376194274562781, 'weight_decay': 2.1195155017873256e-06, 'batch_size': 16, 'num_heads': 4, 'num_transformer_blocks': 1}. Best is trial 55 with value: 0.48925222855532075.
Trial 190, Fold 5: Test Accuracy = 0.3380
Trial 190: Mean Accuracy = 0.4276, Fold Accuracies = [np.float64(0.44227994227994233), np.float64(0.42602401129943507), np.float64(0.5298309178743962), np.float64(0.4021291208791209), np.float64(0.337967260710943)]
Hyperparameters: num_heads=4, num_transformer_blocks=4, learning_rate=0.00015308490779730575, optimizer=Adam, weight_decay=3.4157769366788484e-05, batch_size=16,factor=1
Trial 191, Fold 2: Test Accuracy = 0.4478
Divergence detected. Stopping training after 10 epochs.
Early stopping at epoch 13
Trial 192, Fold 1: Test Accuracy = 0.3007
Divergence detected. Stopping training after 10 epochs.
Early stopping at epoch 10
Trial 192, Fold 2: Test Accuracy = 0.3171
Divergence detected. Stopping training after 10 epochs.
Early stopping at epoch 20
Trial 191, Fold 3: Test Accuracy = 0.5192
Divergence detected. Stopping training after 10 epochs.
Early stopping at epoch 13
Trial 191, Fold 4: Test Accuracy = 0.3992
Divergence detected. Stopping training after 10 epochs.
Early stopping at epoch 25
Trial 192, Fold 3: Test Accuracy = 0.5751
Divergence detected. Stopping training after 10 epochs.
Early stopping at epoch 14
Trial 192, Fold 4: Test Accuracy = 0.4673
Divergence detected. Stopping training after 10 epochs.
Early stopping at epoch 24
[I 2025-05-08 21:34:56,129] Trial 191 finished with value: 0.4473071647159621 and parameters: {'ff_dim': 64, 'dropout_rate': 0.28444574385796556, 'embed_dim': 128, 'learning_rate': 0.00018228413562916047, 'weight_decay': 2.2367204931040814e-05, 'batch_size': 16, 'num_heads': 4, 'num_transformer_blocks': 4}. Best is trial 55 with value: 0.48925222855532075.
Trial 191, Fold 5: Test Accuracy = 0.4374
Trial 191: Mean Accuracy = 0.4473, Fold Accuracies = [np.float64(0.4329004329004329), np.float64(0.44783165934295877), np.float64(0.5192330917874396), np.float64(0.3992165242165242), np.float64(0.4373541153324547)]
Hyperparameters: num_heads=4, num_transformer_blocks=4, learning_rate=0.00014751981863025368, optimizer=Adam, weight_decay=3.7729420088854535e-05, batch_size=16,factor=1
Divergence detected. Stopping training after 10 epochs.
Early stopping at epoch 28
