[I 2025-05-08 14:17:41,640] Trial 64 finished with value: 0.4027664501718533 and parameters: {'ff_dim': 512, 'dropout_rate': 0.1784765682799423, 'embed_dim': 64, 'learning_rate': 9.371129406209527e-05, 'weight_decay': 3.475275916031267e-05, 'batch_size': 10, 'num_heads': 1, 'num_transformer_blocks': 16}. Best is trial 55 with value: 0.48925222855532075.
Trial 64, Fold 5: Test Accuracy = 0.3510
Trial 64: Mean Accuracy = 0.4028, Fold Accuracies = [np.float64(0.3672438672438672), np.float64(0.3575081083908767), np.float64(0.5194746376811594), np.float64(0.4185617623117623), np.float64(0.3510438752316009)]
Hyperparameters: num_heads=1, num_transformer_blocks=16, learning_rate=0.000176586941673774, optimizer=Adam, weight_decay=0.00015729580955932954, batch_size=10,factor=1
Divergence detected. Stopping training after 10 epochs.
Early stopping at epoch 11
Trial 66, Fold 1: Test Accuracy = 0.3175
Divergence detected. Stopping training after 10 epochs.
Early stopping at epoch 26
Trial 65, Fold 4: Test Accuracy = 0.4516
Divergence detected. Stopping training after 10 epochs.
Early stopping at epoch 27
Trial 66, Fold 2: Test Accuracy = 0.4323
Divergence detected. Stopping training after 10 epochs.
Early stopping at epoch 17
[I 2025-05-08 14:21:18,426] Trial 65 finished with value: 0.4381264044756758 and parameters: {'ff_dim': 64, 'dropout_rate': 0.17858366194877714, 'embed_dim': 64, 'learning_rate': 3.8990965599570494e-05, 'weight_decay': 3.4605268389925544e-05, 'batch_size': 10, 'num_heads': 1, 'num_transformer_blocks': 16}. Best is trial 55 with value: 0.48925222855532075.
Trial 65, Fold 5: Test Accuracy = 0.3589
Trial 65: Mean Accuracy = 0.4381, Fold Accuracies = [np.float64(0.4442640692640693), np.float64(0.33260750156936597), np.float64(0.6032608695652174), np.float64(0.4515669515669516), np.float64(0.35893263041277484)]
Hyperparameters: num_heads=8, num_transformer_blocks=8, learning_rate=0.0001676052408737554, optimizer=Adam, weight_decay=6.93902442204194e-05, batch_size=10,factor=1
Divergence detected. Stopping training after 10 epochs.
Early stopping at epoch 26
Trial 66, Fold 3: Test Accuracy = 0.5044
Divergence detected. Stopping training after 10 epochs.
Early stopping at epoch 28
Trial 67, Fold 1: Test Accuracy = 0.4434
Divergence detected. Stopping training after 10 epochs.
Early stopping at epoch 18
Trial 66, Fold 4: Test Accuracy = 0.4416
Divergence detected. Stopping training after 10 epochs.
Early stopping at epoch 26
Trial 67, Fold 2: Test Accuracy = 0.3834
Divergence detected. Stopping training after 10 epochs.
Early stopping at epoch 21
[I 2025-05-08 14:26:14,885] Trial 66 finished with value: 0.4219942337934818 and parameters: {'ff_dim': 64, 'dropout_rate': 0.16259431469930852, 'embed_dim': 32, 'learning_rate': 0.000176586941673774, 'weight_decay': 0.00015729580955932954, 'batch_size': 10, 'num_heads': 1, 'num_transformer_blocks': 16}. Best is trial 55 with value: 0.48925222855532075.
Trial 66, Fold 5: Test Accuracy = 0.4142
Trial 66: Mean Accuracy = 0.4220, Fold Accuracies = [np.float64(0.31746031746031744), np.float64(0.43232109227871945), np.float64(0.5043780193236715), np.float64(0.4416081603581603), np.float64(0.4142035795465399)]
Hyperparameters: num_heads=8, num_transformer_blocks=4, learning_rate=0.0007474488674251663, optimizer=Adam, weight_decay=6.974922904959979e-05, batch_size=10,factor=1
Divergence detected. Stopping training after 10 epochs.
Early stopping at epoch 24
Trial 67, Fold 3: Test Accuracy = 0.4910
Divergence detected. Stopping training after 10 epochs.
Early stopping at epoch 11
Trial 68, Fold 1: Test Accuracy = 0.3958
Divergence detected. Stopping training after 10 epochs.
Early stopping at epoch 18
Trial 67, Fold 4: Test Accuracy = 0.3695
Divergence detected. Stopping training after 10 epochs.
Early stopping at epoch 23
Trial 68, Fold 2: Test Accuracy = 0.3333
Divergence detected. Stopping training after 10 epochs.
Early stopping at epoch 18
[I 2025-05-08 14:29:43,358] Trial 67 finished with value: 0.40434314248307546 and parameters: {'ff_dim': 64, 'dropout_rate': 0.2931908365743115, 'embed_dim': 32, 'learning_rate': 0.0001676052408737554, 'weight_decay': 6.93902442204194e-05, 'batch_size': 10, 'num_heads': 8, 'num_transformer_blocks': 8}. Best is trial 55 with value: 0.48925222855532075.
Trial 67, Fold 5: Test Accuracy = 0.3344
Trial 67: Mean Accuracy = 0.4043, Fold Accuracies = [np.float64(0.4433621933621934), np.float64(0.3834353421217829), np.float64(0.4910326086956522), np.float64(0.3695054945054945), np.float64(0.33438007373025425)]
Hyperparameters: num_heads=4, num_transformer_blocks=1, learning_rate=1.4126386201488075e-05, optimizer=Adam, weight_decay=0.0003355936584794079, batch_size=10,factor=1
Divergence detected. Stopping training after 10 epochs.
Early stopping at epoch 20
Trial 68, Fold 3: Test Accuracy = 0.3770
Divergence detected. Stopping training after 10 epochs.
Early stopping at epoch 10
Trial 68, Fold 4: Test Accuracy = 0.3565
Divergence detected. Stopping training after 10 epochs.
Early stopping at epoch 22
Trial 69, Fold 1: Test Accuracy = 0.4356
Divergence detected. Stopping training after 10 epochs.
Early stopping at epoch 14
[I 2025-05-08 14:31:59,411] Trial 68 finished with value: 0.3576607202029035 and parameters: {'ff_dim': 64, 'dropout_rate': 0.2924542171768255, 'embed_dim': 256, 'learning_rate': 0.0007474488674251663, 'weight_decay': 6.974922904959979e-05, 'batch_size': 10, 'num_heads': 8, 'num_transformer_blocks': 4}. Best is trial 55 with value: 0.48925222855532075.
Trial 68, Fold 5: Test Accuracy = 0.3257
Trial 68: Mean Accuracy = 0.3577, Fold Accuracies = [np.float64(0.3958333333333333), np.float64(0.3333333333333333), np.float64(0.3769625603864734), np.float64(0.35648148148148145), np.float64(0.3256928924798961)]
Hyperparameters: num_heads=4, num_transformer_blocks=1, learning_rate=3.278571393001856e-05, optimizer=Adam, weight_decay=0.0003451279125156922, batch_size=16,factor=1
Divergence detected. Stopping training after 10 epochs.
Early stopping at epoch 14
Trial 69, Fold 2: Test Accuracy = 0.5146
Divergence detected. Stopping training after 10 epochs.
Early stopping at epoch 27
Trial 70, Fold 1: Test Accuracy = 0.4546
Divergence detected. Stopping training after 10 epochs.
Early stopping at epoch 28
Trial 69, Fold 3: Test Accuracy = 0.5728
Divergence detected. Stopping training after 10 epochs.
Early stopping at epoch 11
Trial 70, Fold 2: Test Accuracy = 0.4436
Divergence detected. Stopping training after 10 epochs.
Early stopping at epoch 17
Trial 69, Fold 4: Test Accuracy = 0.3948
Divergence detected. Stopping training after 10 epochs.
Early stopping at epoch 15
Trial 70, Fold 3: Test Accuracy = 0.5128
Divergence detected. Stopping training after 10 epochs.
Early stopping at epoch 13
Trial 70, Fold 4: Test Accuracy = 0.2974
Divergence detected. Stopping training after 10 epochs.
Early stopping at epoch 20
[I 2025-05-08 14:36:59,834] Trial 69 finished with value: 0.4610863848687116 and parameters: {'ff_dim': 32, 'dropout_rate': 0.27237744081675297, 'embed_dim': 256, 'learning_rate': 1.4126386201488075e-05, 'weight_decay': 0.0003355936584794079, 'batch_size': 10, 'num_heads': 4, 'num_transformer_blocks': 1}. Best is trial 55 with value: 0.48925222855532075.
Trial 69, Fold 5: Test Accuracy = 0.3876
Trial 69: Mean Accuracy = 0.4611, Fold Accuracies = [np.float64(0.43560606060606055), np.float64(0.5145951035781544), np.float64(0.5727657004830918), np.float64(0.39481583231583234), np.float64(0.3876492273604187)]
Hyperparameters: num_heads=4, num_transformer_blocks=1, learning_rate=2.19251224828397e-06, optimizer=Adam, weight_decay=0.000337092479935353, batch_size=10,factor=1
Divergence detected. Stopping training after 10 epochs.
Early stopping at epoch 19
[I 2025-05-08 14:37:55,743] Trial 70 finished with value: 0.4218402419133486 and parameters: {'ff_dim': 32, 'dropout_rate': 0.1676276129874661, 'embed_dim': 64, 'learning_rate': 3.278571393001856e-05, 'weight_decay': 0.0003451279125156922, 'batch_size': 16, 'num_heads': 4, 'num_transformer_blocks': 1}. Best is trial 55 with value: 0.48925222855532075.
Trial 70, Fold 5: Test Accuracy = 0.4008
Trial 70: Mean Accuracy = 0.4218, Fold Accuracies = [np.float64(0.4546356421356421), np.float64(0.443620527306968), np.float64(0.5127717391304348), np.float64(0.2973519536019536), np.float64(0.4008213473917445)]
Hyperparameters: num_heads=4, num_transformer_blocks=1, learning_rate=1.544368505309101e-05, optimizer=Adam, weight_decay=0.00021987395222167772, batch_size=10,factor=1
Divergence detected. Stopping training after 10 epochs.
Early stopping at epoch 14
Trial 72, Fold 1: Test Accuracy = 0.4644
Trial 71, Fold 1: Test Accuracy = 0.4060
Divergence detected. Stopping training after 10 epochs.
Early stopping at epoch 11
Trial 72, Fold 2: Test Accuracy = 0.3792
Divergence detected. Stopping training after 10 epochs.
Early stopping at epoch 19
Trial 71, Fold 2: Test Accuracy = 0.4791
Divergence detected. Stopping training after 10 epochs.
Early stopping at epoch 12
Trial 71, Fold 3: Test Accuracy = 0.4702
Divergence detected. Stopping training after 10 epochs.
Early stopping at epoch 26
Trial 72, Fold 3: Test Accuracy = 0.5705
Divergence detected. Stopping training after 10 epochs.
Early stopping at epoch 14
Trial 71, Fold 4: Test Accuracy = 0.4039
Divergence detected. Stopping training after 10 epochs.
Early stopping at epoch 10
Trial 72, Fold 4: Test Accuracy = 0.4048
Divergence detected. Stopping training after 10 epochs.
Early stopping at epoch 23
[I 2025-05-08 14:43:55,188] Trial 71 finished with value: 0.4205732826657133 and parameters: {'ff_dim': 32, 'dropout_rate': 0.27099186840120276, 'embed_dim': 256, 'learning_rate': 2.19251224828397e-06, 'weight_decay': 0.000337092479935353, 'batch_size': 10, 'num_heads': 4, 'num_transformer_blocks': 1}. Best is trial 55 with value: 0.48925222855532075.
Trial 71, Fold 5: Test Accuracy = 0.3436
Trial 71: Mean Accuracy = 0.4206, Fold Accuracies = [np.float64(0.406024531024531), np.float64(0.4791208934923625), np.float64(0.4702294685990338), np.float64(0.4038588726088726), np.float64(0.3436326476037667)]
Hyperparameters: num_heads=4, num_transformer_blocks=1, learning_rate=5.3705354838932985e-05, optimizer=Adam, weight_decay=0.000647307249168548, batch_size=10,factor=1
Divergence detected. Stopping training after 10 epochs.
Early stopping at epoch 22
[I 2025-05-08 14:43:59,112] Trial 72 finished with value: 0.4412841783215417 and parameters: {'ff_dim': 32, 'dropout_rate': 0.27105086940521916, 'embed_dim': 256, 'learning_rate': 1.544368505309101e-05, 'weight_decay': 0.00021987395222167772, 'batch_size': 10, 'num_heads': 4, 'num_transformer_blocks': 1}. Best is trial 55 with value: 0.48925222855532075.
Trial 72, Fold 5: Test Accuracy = 0.3875
Trial 72: Mean Accuracy = 0.4413, Fold Accuracies = [np.float64(0.4643759018759019), np.float64(0.3791980539861896), np.float64(0.5705314009661836), np.float64(0.4048382173382173), np.float64(0.38747731744121633)]
Hyperparameters: num_heads=4, num_transformer_blocks=1, learning_rate=1.4741443324868091e-05, optimizer=Adam, weight_decay=0.0004200590703233996, batch_size=10,factor=1
Divergence detected. Stopping training after 10 epochs.
Early stopping at epoch 17
Trial 74, Fold 1: Test Accuracy = 0.4355
Divergence detected. Stopping training after 10 epochs.
Early stopping at epoch 26
Trial 73, Fold 1: Test Accuracy = 0.4609
Divergence detected. Stopping training after 10 epochs.
Early stopping at epoch 10
Trial 73, Fold 2: Test Accuracy = 0.4466
Trial 74, Fold 2: Test Accuracy = 0.4207
Divergence detected. Stopping training after 10 epochs.
Early stopping at epoch 15
Trial 74, Fold 3: Test Accuracy = 0.5524
Trial 73, Fold 3: Test Accuracy = 0.5643
Divergence detected. Stopping training after 10 epochs.
Early stopping at epoch 16
Trial 73, Fold 4: Test Accuracy = 0.4166
Trial 74, Fold 4: Test Accuracy = 0.3808
Trial 73, Fold 5: Test Accuracy = 0.3874
Trial 73: Mean Accuracy = 0.4551, Fold Accuracies = [np.float64(0.46085858585858586), np.float64(0.44655001046243986), np.float64(0.5643417874396136), np.float64(0.4165776353276353), np.float64(0.38739327259182854)]
[I 2025-05-08 14:51:52,784] Trial 73 finished with value: 0.4551442583360206 and parameters: {'ff_dim': 32, 'dropout_rate': 0.27732577436877376, 'embed_dim': 256, 'learning_rate': 5.3705354838932985e-05, 'weight_decay': 0.000647307249168548, 'batch_size': 10, 'num_heads': 4, 'num_transformer_blocks': 1}. Best is trial 55 with value: 0.48925222855532075.
Hyperparameters: num_heads=4, num_transformer_blocks=1, learning_rate=1.1654123565737317e-05, optimizer=Adam, weight_decay=0.000663405709771569, batch_size=10,factor=1
[I 2025-05-08 14:52:28,865] Trial 74 finished with value: 0.4370981499604122 and parameters: {'ff_dim': 32, 'dropout_rate': 0.27693507686893376, 'embed_dim': 256, 'learning_rate': 1.4741443324868091e-05, 'weight_decay': 0.0004200590703233996, 'batch_size': 10, 'num_heads': 4, 'num_transformer_blocks': 1}. Best is trial 55 with value: 0.48925222855532075.
Trial 74, Fold 5: Test Accuracy = 0.3961
Trial 74: Mean Accuracy = 0.4371, Fold Accuracies = [np.float64(0.435515873015873), np.float64(0.4207208621050429), np.float64(0.5523852657004831), np.float64(0.3807997557997558), np.float64(0.3960689931809065)]
Hyperparameters: num_heads=4, num_transformer_blocks=1, learning_rate=5.548708353223736e-05, optimizer=Adam, weight_decay=0.0006330568242229171, batch_size=10,factor=1
Divergence detected. Stopping training after 10 epochs.
Early stopping at epoch 13
Trial 75, Fold 1: Test Accuracy = 0.4598
Divergence detected. Stopping training after 10 epochs.
Early stopping at epoch 12
Trial 76, Fold 1: Test Accuracy = 0.4745
Divergence detected. Stopping training after 10 epochs.
Early stopping at epoch 16
Trial 75, Fold 2: Test Accuracy = 0.5005
Divergence detected. Stopping training after 10 epochs.
Early stopping at epoch 21
Trial 76, Fold 2: Test Accuracy = 0.3889
Divergence detected. Stopping training after 10 epochs.
Early stopping at epoch 16
Trial 75, Fold 3: Test Accuracy = 0.5499
Divergence detected. Stopping training after 10 epochs.
Early stopping at epoch 18
Trial 75, Fold 4: Test Accuracy = 0.3577
Divergence detected. Stopping training after 10 epochs.
Early stopping at epoch 28
Trial 76, Fold 3: Test Accuracy = 0.4928
[I 2025-05-08 14:58:30,058] Trial 75 finished with value: 0.45143616889913896 and parameters: {'ff_dim': 32, 'dropout_rate': 0.2763996903482324, 'embed_dim': 256, 'learning_rate': 1.1654123565737317e-05, 'weight_decay': 0.000663405709771569, 'batch_size': 10, 'num_heads': 4, 'num_transformer_blocks': 1}. Best is trial 55 with value: 0.48925222855532075.
Trial 75, Fold 5: Test Accuracy = 0.3894
Trial 75: Mean Accuracy = 0.4514, Fold Accuracies = [np.float64(0.4597763347763348), np.float64(0.5004773488177444), np.float64(0.5498792270531401), np.float64(0.3576643264143264), np.float64(0.38938360743414896)]
Hyperparameters: num_heads=4, num_transformer_blocks=1, learning_rate=5.615716327574121e-05, optimizer=Adam, weight_decay=0.0006796215543111992, batch_size=10,factor=1
Divergence detected. Stopping training after 10 epochs.
Early stopping at epoch 25
Trial 76, Fold 4: Test Accuracy = 0.4017
Divergence detected. Stopping training after 10 epochs.
Early stopping at epoch 15
[I 2025-05-08 14:59:44,226] Trial 76 finished with value: 0.4303777715348141 and parameters: {'ff_dim': 32, 'dropout_rate': 0.21207250175646572, 'embed_dim': 256, 'learning_rate': 5.548708353223736e-05, 'weight_decay': 0.0006330568242229171, 'batch_size': 10, 'num_heads': 4, 'num_transformer_blocks': 1}. Best is trial 55 with value: 0.48925222855532075.
Trial 76, Fold 5: Test Accuracy = 0.3941
Trial 76: Mean Accuracy = 0.4304, Fold Accuracies = [np.float64(0.47447691197691194), np.float64(0.3888561937643858), np.float64(0.49275362318840576), np.float64(0.40165852665852664), np.float64(0.39414360208584037)]
Hyperparameters: num_heads=4, num_transformer_blocks=4, learning_rate=0.00029274467808069375, optimizer=Adam, weight_decay=0.0009290789691432952, batch_size=10,factor=1
Divergence detected. Stopping training after 10 epochs.
Early stopping at epoch 18
Trial 77, Fold 1: Test Accuracy = 0.4345
Divergence detected. Stopping training after 10 epochs.
Early stopping at epoch 13
Trial 78, Fold 1: Test Accuracy = 0.4468
Divergence detected. Stopping training after 10 epochs.
Early stopping at epoch 14
Trial 77, Fold 2: Test Accuracy = 0.4439
Divergence detected. Stopping training after 10 epochs.
Early stopping at epoch 10
Trial 78, Fold 2: Test Accuracy = 0.3333
Divergence detected. Stopping training after 10 epochs.
Early stopping at epoch 21
Trial 77, Fold 3: Test Accuracy = 0.5163
Divergence detected. Stopping training after 10 epochs.
Early stopping at epoch 19
Trial 78, Fold 3: Test Accuracy = 0.4507
Divergence detected. Stopping training after 10 epochs.
Early stopping at epoch 17
Trial 77, Fold 4: Test Accuracy = 0.4034
Divergence detected. Stopping training after 10 epochs.
Early stopping at epoch 22
Trial 78, Fold 4: Test Accuracy = 0.4241
Divergence detected. Stopping training after 10 epochs.
Early stopping at epoch 17
[I 2025-05-08 15:04:47,694] Trial 77 finished with value: 0.43591138778485305 and parameters: {'ff_dim': 32, 'dropout_rate': 0.21227104833837007, 'embed_dim': 256, 'learning_rate': 5.615716327574121e-05, 'weight_decay': 0.0006796215543111992, 'batch_size': 10, 'num_heads': 4, 'num_transformer_blocks': 1}. Best is trial 55 with value: 0.48925222855532075.
Trial 77, Fold 5: Test Accuracy = 0.3814
Trial 77: Mean Accuracy = 0.4359, Fold Accuracies = [np.float64(0.43452380952380953), np.float64(0.4439147834274953), np.float64(0.5163345410628019), np.float64(0.40338827838827834), np.float64(0.3813955265218803)]
Hyperparameters: num_heads=4, num_transformer_blocks=4, learning_rate=0.0002780394817331274, optimizer=Adam, weight_decay=0.0009508714981834456, batch_size=10,factor=1
Divergence detected. Stopping training after 10 epochs.
Early stopping at epoch 15
Trial 79, Fold 1: Test Accuracy = 0.4881
Divergence detected. Stopping training after 10 epochs.
Early stopping at epoch 24
[I 2025-05-08 15:06:21,938] Trial 78 finished with value: 0.4200897194128241 and parameters: {'ff_dim': 32, 'dropout_rate': 0.2962080461034363, 'embed_dim': 256, 'learning_rate': 0.00029274467808069375, 'weight_decay': 0.0009290789691432952, 'batch_size': 10, 'num_heads': 4, 'num_transformer_blocks': 4}. Best is trial 55 with value: 0.48925222855532075.
Trial 78, Fold 5: Test Accuracy = 0.4456
Trial 78: Mean Accuracy = 0.4201, Fold Accuracies = [np.float64(0.4467893217893218), np.float64(0.3333333333333333), np.float64(0.45069444444444445), np.float64(0.4240562678062678), np.float64(0.4455752296907532)]
Hyperparameters: num_heads=4, num_transformer_blocks=1, learning_rate=2.963144704040382e-05, optimizer=Adam, weight_decay=0.00011728499031175209, batch_size=10,factor=1
Divergence detected. Stopping training after 10 epochs.
Early stopping at epoch 21
Trial 79, Fold 2: Test Accuracy = 0.4790
Divergence detected. Stopping training after 10 epochs.
Early stopping at epoch 21
Trial 80, Fold 1: Test Accuracy = 0.4515
Divergence detected. Stopping training after 10 epochs.
Early stopping at epoch 24
Trial 79, Fold 3: Test Accuracy = 0.5229
Divergence detected. Stopping training after 10 epochs.
Early stopping at epoch 21
Trial 80, Fold 2: Test Accuracy = 0.4225
Divergence detected. Stopping training after 10 epochs.
Early stopping at epoch 19
Trial 80, Fold 3: Test Accuracy = 0.5332
Divergence detected. Stopping training after 10 epochs.
Early stopping at epoch 29
Trial 79, Fold 4: Test Accuracy = 0.4399
Divergence detected. Stopping training after 10 epochs.
Early stopping at epoch 13
Trial 80, Fold 4: Test Accuracy = 0.3363
Divergence detected. Stopping training after 10 epochs.
Early stopping at epoch 13
[I 2025-05-08 15:12:21,453] Trial 79 finished with value: 0.4615764060634543 and parameters: {'ff_dim': 64, 'dropout_rate': 0.2873304469992138, 'embed_dim': 256, 'learning_rate': 0.0002780394817331274, 'weight_decay': 0.0009508714981834456, 'batch_size': 10, 'num_heads': 4, 'num_transformer_blocks': 4}. Best is trial 55 with value: 0.48925222855532075.
Trial 79, Fold 5: Test Accuracy = 0.3779
Trial 79: Mean Accuracy = 0.4616, Fold Accuracies = [np.float64(0.48809523809523814), np.float64(0.47901626909395273), np.float64(0.5228864734299516), np.float64(0.43994200244200243), np.float64(0.37794204725612673)]
Hyperparameters: num_heads=4, num_transformer_blocks=4, learning_rate=0.0004783440282759618, optimizer=Adam, weight_decay=0.0008620928561893915, batch_size=10,factor=1
Divergence detected. Stopping training after 10 epochs.
Early stopping at epoch 23
