[I 2025-05-08 19:45:22,659] Trial 160 finished with value: 0.4220306699998754 and parameters: {'ff_dim': 32, 'dropout_rate': 0.11641499938695983, 'embed_dim': 256, 'learning_rate': 2.953847340338769e-05, 'weight_decay': 6.529392049754687e-05, 'batch_size': 16, 'num_heads': 4, 'num_transformer_blocks': 4}. Best is trial 55 with value: 0.48925222855532075.
Trial 160, Fold 5: Test Accuracy = 0.3991
Trial 160: Mean Accuracy = 0.4220, Fold Accuracies = [np.float64(0.42252886002886), np.float64(0.40365400711445903), np.float64(0.41714975845410623), np.float64(0.4677452177452177), np.float64(0.399075506656734)]
Hyperparameters: num_heads=8, num_transformer_blocks=4, learning_rate=0.00012283085592948748, optimizer=Adam, weight_decay=0.0002861396171280814, batch_size=32,factor=1
Divergence detected. Stopping training after 10 epochs.
Early stopping at epoch 24
Trial 161, Fold 2: Test Accuracy = 0.4831
Divergence detected. Stopping training after 10 epochs.
Early stopping at epoch 16
Divergence detected. Stopping training after 10 epochs.
Early stopping at epoch 26
Trial 161, Fold 3: Test Accuracy = 0.5673
Trial 162, Fold 1: Test Accuracy = 0.5106
Divergence detected. Stopping training after 10 epochs.
Early stopping at epoch 12
Trial 162, Fold 2: Test Accuracy = 0.4469
Divergence detected. Stopping training after 10 epochs.
Early stopping at epoch 13
Trial 161, Fold 4: Test Accuracy = 0.4389
Divergence detected. Stopping training after 10 epochs.
Early stopping at epoch 21
Trial 162, Fold 3: Test Accuracy = 0.4097
[I 2025-05-08 19:50:16,210] Trial 161 finished with value: 0.4734690980352421 and parameters: {'ff_dim': 32, 'dropout_rate': 0.10512863514845083, 'embed_dim': 256, 'learning_rate': 9.857852366372015e-06, 'weight_decay': 3.284385036725988e-05, 'batch_size': 16, 'num_heads': 4, 'num_transformer_blocks': 4}. Best is trial 55 with value: 0.48925222855532075.
Trial 161, Fold 5: Test Accuracy = 0.3558
Trial 161: Mean Accuracy = 0.4735, Fold Accuracies = [np.float64(0.5222763347763347), np.float64(0.48307700355722955), np.float64(0.5673007246376812), np.float64(0.4389372201872202), np.float64(0.3557542070177449)]
Hyperparameters: num_heads=4, num_transformer_blocks=4, learning_rate=1.0380383459073248e-05, optimizer=Adam, weight_decay=2.997648711819375e-05, batch_size=16,factor=1
Divergence detected. Stopping training after 10 epochs.
Early stopping at epoch 10
Trial 162, Fold 4: Test Accuracy = 0.3886
Divergence detected. Stopping training after 10 epochs.
Early stopping at epoch 12
Trial 163, Fold 1: Test Accuracy = 0.3902
Divergence detected. Stopping training after 10 epochs.
Early stopping at epoch 18
[I 2025-05-08 19:51:40,507] Trial 162 finished with value: 0.43370828236772374 and parameters: {'ff_dim': 32, 'dropout_rate': 0.10078024955269355, 'embed_dim': 256, 'learning_rate': 0.00012283085592948748, 'weight_decay': 0.0002861396171280814, 'batch_size': 32, 'num_heads': 8, 'num_transformer_blocks': 4}. Best is trial 55 with value: 0.48925222855532075.
Trial 162, Fold 5: Test Accuracy = 0.4126
Trial 162: Mean Accuracy = 0.4337, Fold Accuracies = [np.float64(0.5106421356421357), np.float64(0.4469358129315757), np.float64(0.40972222222222227), np.float64(0.3886345136345137), np.float64(0.41260672740817145)]
Hyperparameters: num_heads=4, num_transformer_blocks=4, learning_rate=9.033774604747859e-06, optimizer=Adam, weight_decay=3.501765700050517e-05, batch_size=16,factor=1
Trial 163, Fold 2: Test Accuracy = 0.4614
Trial 164, Fold 1: Test Accuracy = 0.4223
Divergence detected. Stopping training after 10 epochs.
Early stopping at epoch 13
Divergence detected. Stopping training after 10 epochs.
Early stopping at epoch 21
Trial 164, Fold 2: Test Accuracy = 0.4086
Trial 163, Fold 3: Test Accuracy = 0.4848
Divergence detected. Stopping training after 10 epochs.
Early stopping at epoch 13
Trial 164, Fold 3: Test Accuracy = 0.5038
Divergence detected. Stopping training after 10 epochs.
Early stopping at epoch 19
Trial 163, Fold 4: Test Accuracy = 0.4379
Divergence detected. Stopping training after 10 epochs.
Early stopping at epoch 23
Trial 164, Fold 4: Test Accuracy = 0.4374
Divergence detected. Stopping training after 10 epochs.
Early stopping at epoch 26
[I 2025-05-08 19:57:59,131] Trial 163 finished with value: 0.435912771012549 and parameters: {'ff_dim': 32, 'dropout_rate': 0.1009528099814952, 'embed_dim': 256, 'learning_rate': 1.0380383459073248e-05, 'weight_decay': 2.997648711819375e-05, 'batch_size': 16, 'num_heads': 4, 'num_transformer_blocks': 4}. Best is trial 55 with value: 0.48925222855532075.
Trial 163, Fold 5: Test Accuracy = 0.4052
Trial 163: Mean Accuracy = 0.4359, Fold Accuracies = [np.float64(0.3902417027417027), np.float64(0.46138705796191676), np.float64(0.48475241545893727), np.float64(0.4379451566951567), np.float64(0.4052375222050313)]
Hyperparameters: num_heads=4, num_transformer_blocks=4, learning_rate=0.00010292936352621429, optimizer=Adam, weight_decay=3.5576705809468366e-05, batch_size=16,factor=1
Divergence detected. Stopping training after 10 epochs.
Early stopping at epoch 15
[I 2025-05-08 19:58:31,048] Trial 164 finished with value: 0.4388577806492126 and parameters: {'ff_dim': 32, 'dropout_rate': 0.10537825496294509, 'embed_dim': 256, 'learning_rate': 9.033774604747859e-06, 'weight_decay': 3.501765700050517e-05, 'batch_size': 16, 'num_heads': 4, 'num_transformer_blocks': 4}. Best is trial 55 with value: 0.48925222855532075.
Trial 164, Fold 5: Test Accuracy = 0.4221
Trial 164: Mean Accuracy = 0.4389, Fold Accuracies = [np.float64(0.42234848484848486), np.float64(0.40863020506382086), np.float64(0.5038043478260869), np.float64(0.4373982498982499), np.float64(0.4221076156094206)]
Hyperparameters: num_heads=4, num_transformer_blocks=4, learning_rate=8.902018441039158e-05, optimizer=Adam, weight_decay=3.768959138070643e-05, batch_size=16,factor=1
Divergence detected. Stopping training after 10 epochs.
Early stopping at epoch 10
Trial 165, Fold 1: Test Accuracy = 0.4761
Divergence detected. Stopping training after 10 epochs.
Early stopping at epoch 20
Trial 166, Fold 1: Test Accuracy = 0.4329
Divergence detected. Stopping training after 10 epochs.
Early stopping at epoch 29
Trial 165, Fold 2: Test Accuracy = 0.4112
Trial 166, Fold 2: Test Accuracy = 0.4711
Divergence detected. Stopping training after 10 epochs.
Early stopping at epoch 24
Trial 165, Fold 3: Test Accuracy = 0.5811
Divergence detected. Stopping training after 10 epochs.
Early stopping at epoch 17
Trial 165, Fold 4: Test Accuracy = 0.3916
Divergence detected. Stopping training after 10 epochs.
Early stopping at epoch 27
Trial 166, Fold 3: Test Accuracy = 0.4915
Divergence detected. Stopping training after 10 epochs.
Early stopping at epoch 14
Trial 166, Fold 4: Test Accuracy = 0.4863
Divergence detected. Stopping training after 10 epochs.
Early stopping at epoch 17
[I 2025-05-08 20:05:05,434] Trial 165 finished with value: 0.43984030832794696 and parameters: {'ff_dim': 32, 'dropout_rate': 0.10599315078709044, 'embed_dim': 256, 'learning_rate': 0.00010292936352621429, 'weight_decay': 3.5576705809468366e-05, 'batch_size': 16, 'num_heads': 4, 'num_transformer_blocks': 4}. Best is trial 55 with value: 0.48925222855532075.
Trial 165, Fold 5: Test Accuracy = 0.3393
Trial 165: Mean Accuracy = 0.4398, Fold Accuracies = [np.float64(0.4761002886002886), np.float64(0.41115426867545507), np.float64(0.5810688405797101), np.float64(0.3915852665852666), np.float64(0.3392928771990144)]
Hyperparameters: num_heads=4, num_transformer_blocks=4, learning_rate=1.399679829134871e-05, optimizer=Adam, weight_decay=8.477218504157037e-05, batch_size=16,factor=1
Divergence detected. Stopping training after 10 epochs.
Early stopping at epoch 12
Trial 167, Fold 1: Test Accuracy = 0.4242
Divergence detected. Stopping training after 10 epochs.
Early stopping at epoch 20
[I 2025-05-08 20:06:28,504] Trial 166 finished with value: 0.4478817459241534 and parameters: {'ff_dim': 32, 'dropout_rate': 0.11135599574257327, 'embed_dim': 256, 'learning_rate': 8.902018441039158e-05, 'weight_decay': 3.768959138070643e-05, 'batch_size': 16, 'num_heads': 4, 'num_transformer_blocks': 4}. Best is trial 55 with value: 0.48925222855532075.
Trial 166, Fold 5: Test Accuracy = 0.3576
Trial 166: Mean Accuracy = 0.4479, Fold Accuracies = [np.float64(0.4329004329004329), np.float64(0.4711040489642184), np.float64(0.49151570048309173), np.float64(0.48628917378917386), np.float64(0.35759937348385)]
Hyperparameters: num_heads=4, num_transformer_blocks=4, learning_rate=2.099742671217826e-05, optimizer=Adam, weight_decay=2.029022273730934e-05, batch_size=16,factor=1
Divergence detected. Stopping training after 10 epochs.
Early stopping at epoch 10
Trial 167, Fold 2: Test Accuracy = 0.4671
Divergence detected. Stopping training after 10 epochs.
Early stopping at epoch 22
Trial 167, Fold 3: Test Accuracy = 0.5085
Divergence detected. Stopping training after 10 epochs.
Early stopping at epoch 27
Trial 168, Fold 1: Test Accuracy = 0.4634
Divergence detected. Stopping training after 10 epochs.
Early stopping at epoch 20
Trial 167, Fold 4: Test Accuracy = 0.3796
Divergence detected. Stopping training after 10 epochs.
Early stopping at epoch 27
Trial 168, Fold 2: Test Accuracy = 0.4538
Divergence detected. Stopping training after 10 epochs.
Early stopping at epoch 11
[I 2025-05-08 20:10:35,085] Trial 167 finished with value: 0.4409235239574848 and parameters: {'ff_dim': 32, 'dropout_rate': 0.10947446241090131, 'embed_dim': 256, 'learning_rate': 1.399679829134871e-05, 'weight_decay': 8.477218504157037e-05, 'batch_size': 16, 'num_heads': 4, 'num_transformer_blocks': 4}. Best is trial 55 with value: 0.48925222855532075.
Trial 167, Fold 5: Test Accuracy = 0.4252
Trial 167: Mean Accuracy = 0.4409, Fold Accuracies = [np.float64(0.4241522366522366), np.float64(0.4671217827997489), np.float64(0.5085144927536233), np.float64(0.3796041921041921), np.float64(0.4252249154776231)]
Hyperparameters: num_heads=4, num_transformer_blocks=4, learning_rate=6.40200867396579e-06, optimizer=Adam, weight_decay=2.1055331568341818e-05, batch_size=16,factor=1
Divergence detected. Stopping training after 10 epochs.
Early stopping at epoch 20
Trial 168, Fold 3: Test Accuracy = 0.5102
Divergence detected. Stopping training after 10 epochs.
Early stopping at epoch 20
Trial 169, Fold 1: Test Accuracy = 0.5625
Divergence detected. Stopping training after 10 epochs.
Early stopping at epoch 16
Trial 168, Fold 4: Test Accuracy = 0.4261
Divergence detected. Stopping training after 10 epochs.
Early stopping at epoch 24
Trial 169, Fold 2: Test Accuracy = 0.3865
Divergence detected. Stopping training after 10 epochs.
Early stopping at epoch 16
[I 2025-05-08 20:14:11,351] Trial 168 finished with value: 0.43904777357068675 and parameters: {'ff_dim': 32, 'dropout_rate': 0.11210687630746034, 'embed_dim': 512, 'learning_rate': 2.099742671217826e-05, 'weight_decay': 2.029022273730934e-05, 'batch_size': 16, 'num_heads': 4, 'num_transformer_blocks': 4}. Best is trial 55 with value: 0.48925222855532075.
Trial 168, Fold 5: Test Accuracy = 0.3417
Trial 168: Mean Accuracy = 0.4390, Fold Accuracies = [np.float64(0.4633838383838384), np.float64(0.4538279451768152), np.float64(0.5101751207729468), np.float64(0.42612942612942617), np.float64(0.3417225373904074)]
Hyperparameters: num_heads=4, num_transformer_blocks=2, learning_rate=7.798516703767077e-06, optimizer=Adam, weight_decay=0.00013426837844611228, batch_size=16,factor=1
Trial 169, Fold 3: Test Accuracy = 0.4783
Trial 170, Fold 1: Test Accuracy = 0.4138
Divergence detected. Stopping training after 10 epochs.
Early stopping at epoch 22
Trial 169, Fold 4: Test Accuracy = 0.4596
Divergence detected. Stopping training after 10 epochs.
Early stopping at epoch 23
Trial 170, Fold 2: Test Accuracy = 0.3500
Divergence detected. Stopping training after 10 epochs.
Early stopping at epoch 10
Trial 170, Fold 3: Test Accuracy = 0.4512
[I 2025-05-08 20:19:21,031] Trial 169 finished with value: 0.4470670974641927 and parameters: {'ff_dim': 32, 'dropout_rate': 0.12709725357024484, 'embed_dim': 256, 'learning_rate': 6.40200867396579e-06, 'weight_decay': 2.1055331568341818e-05, 'batch_size': 16, 'num_heads': 4, 'num_transformer_blocks': 4}. Best is trial 55 with value: 0.48925222855532075.
Trial 169, Fold 5: Test Accuracy = 0.3485
Trial 169: Mean Accuracy = 0.4471, Fold Accuracies = [np.float64(0.5625), np.float64(0.3864956057752668), np.float64(0.4782910628019324), np.float64(0.4595797720797721), np.float64(0.34846904666399253)]
Hyperparameters: num_heads=4, num_transformer_blocks=2, learning_rate=0.00015539934731333648, optimizer=Adam, weight_decay=2.7155879076937393e-05, batch_size=16,factor=1
Divergence detected. Stopping training after 10 epochs.
Early stopping at epoch 16
Trial 170, Fold 4: Test Accuracy = 0.3643
Divergence detected. Stopping training after 10 epochs.
Early stopping at epoch 15
Trial 171, Fold 1: Test Accuracy = 0.4210
Divergence detected. Stopping training after 10 epochs.
Early stopping at epoch 27
[I 2025-05-08 20:21:28,024] Trial 170 finished with value: 0.3855342898003098 and parameters: {'ff_dim': 512, 'dropout_rate': 0.12574866893247358, 'embed_dim': 256, 'learning_rate': 7.798516703767077e-06, 'weight_decay': 0.00013426837844611228, 'batch_size': 16, 'num_heads': 4, 'num_transformer_blocks': 2}. Best is trial 55 with value: 0.48925222855532075.
Trial 170, Fold 5: Test Accuracy = 0.3483
Trial 170: Mean Accuracy = 0.3855, Fold Accuracies = [np.float64(0.4137806637806638), np.float64(0.35004708097928433), np.float64(0.451237922705314), np.float64(0.364278083028083), np.float64(0.34832769850820383)]
Hyperparameters: num_heads=4, num_transformer_blocks=1, learning_rate=0.00032021546717484015, optimizer=Adam, weight_decay=5.07977405699601e-05, batch_size=32,factor=1
Divergence detected. Stopping training after 10 epochs.
Early stopping at epoch 22
Trial 171, Fold 2: Test Accuracy = 0.3333
Divergence detected. Stopping training after 10 epochs.
Early stopping at epoch 17
Trial 172, Fold 1: Test Accuracy = 0.4751
Divergence detected. Stopping training after 10 epochs.
Early stopping at epoch 13
Trial 171, Fold 3: Test Accuracy = 0.4384
Divergence detected. Stopping training after 10 epochs.
Early stopping at epoch 17
Trial 172, Fold 2: Test Accuracy = 0.3046
Divergence detected. Stopping training after 10 epochs.
Early stopping at epoch 20
Trial 171, Fold 4: Test Accuracy = 0.4477
Divergence detected. Stopping training after 10 epochs.
Early stopping at epoch 23
Trial 172, Fold 3: Test Accuracy = 0.4792
Divergence detected. Stopping training after 10 epochs.
Early stopping at epoch 22
[I 2025-05-08 20:25:49,560] Trial 171 finished with value: 0.407016289553764 and parameters: {'ff_dim': 512, 'dropout_rate': 0.22996573118557498, 'embed_dim': 256, 'learning_rate': 0.00015539934731333648, 'weight_decay': 2.7155879076937393e-05, 'batch_size': 16, 'num_heads': 4, 'num_transformer_blocks': 2}. Best is trial 55 with value: 0.48925222855532075.
Trial 171, Fold 5: Test Accuracy = 0.3946
Trial 171: Mean Accuracy = 0.4070, Fold Accuracies = [np.float64(0.42099567099567103), np.float64(0.3333333333333333), np.float64(0.43843599033816427), np.float64(0.4477258852258852), np.float64(0.3945905678757664)]
Hyperparameters: num_heads=4, num_transformer_blocks=1, learning_rate=3.95239497818799e-06, optimizer=Adam, weight_decay=4.876027292561351e-05, batch_size=32,factor=1
Divergence detected. Stopping training after 10 epochs.
Early stopping at epoch 10
Trial 172, Fold 4: Test Accuracy = 0.3443
Divergence detected. Stopping training after 10 epochs.
Early stopping at epoch 10
Trial 173, Fold 1: Test Accuracy = 0.4097
Divergence detected. Stopping training after 10 epochs.
Early stopping at epoch 26
[I 2025-05-08 20:27:48,069] Trial 172 finished with value: 0.399871469692382 and parameters: {'ff_dim': 128, 'dropout_rate': 0.10726309185698414, 'embed_dim': 256, 'learning_rate': 0.00032021546717484015, 'weight_decay': 5.07977405699601e-05, 'batch_size': 32, 'num_heads': 4, 'num_transformer_blocks': 1}. Best is trial 55 with value: 0.48925222855532075.
Trial 172, Fold 5: Test Accuracy = 0.3962
Trial 172: Mean Accuracy = 0.3999, Fold Accuracies = [np.float64(0.47510822510822504), np.float64(0.3046073969449676), np.float64(0.4791968599033816), np.float64(0.34428418803418803), np.float64(0.3961606784711478)]
Hyperparameters: num_heads=4, num_transformer_blocks=1, learning_rate=0.00019709021694578794, optimizer=Adam, weight_decay=1.1847995907671474e-06, batch_size=16,factor=1
Divergence detected. Stopping training after 10 epochs.
Early stopping at epoch 26
Trial 173, Fold 2: Test Accuracy = 0.4113
Divergence detected. Stopping training after 10 epochs.
Early stopping at epoch 13
Trial 174, Fold 1: Test Accuracy = 0.4731
Divergence detected. Stopping training after 10 epochs.
Early stopping at epoch 27
Trial 173, Fold 3: Test Accuracy = 0.5457
Divergence detected. Stopping training after 10 epochs.
Early stopping at epoch 28
Trial 174, Fold 2: Test Accuracy = 0.4331
Trial 173, Fold 4: Test Accuracy = 0.4362
Divergence detected. Stopping training after 10 epochs.
Early stopping at epoch 25
Trial 174, Fold 3: Test Accuracy = 0.5031
Divergence detected. Stopping training after 10 epochs.
Early stopping at epoch 15
Trial 174, Fold 4: Test Accuracy = 0.3702
[I 2025-05-08 20:33:55,420] Trial 173 finished with value: 0.4321058437077162 and parameters: {'ff_dim': 128, 'dropout_rate': 0.10445907516200907, 'embed_dim': 256, 'learning_rate': 3.95239497818799e-06, 'weight_decay': 4.876027292561351e-05, 'batch_size': 32, 'num_heads': 4, 'num_transformer_blocks': 1}. Best is trial 55 with value: 0.48925222855532075.
Trial 173, Fold 5: Test Accuracy = 0.3576
Trial 173: Mean Accuracy = 0.4321, Fold Accuracies = [np.float64(0.40972222222222215), np.float64(0.41127197112366604), np.float64(0.5457125603864734), np.float64(0.43617724867724866), np.float64(0.35764521612897066)]
Hyperparameters: num_heads=4, num_transformer_blocks=1, learning_rate=0.00023119891160679535, optimizer=Adam, weight_decay=5.608829202278783e-05, batch_size=16,factor=1
Divergence detected. Stopping training after 10 epochs.
Early stopping at epoch 13
[I 2025-05-08 20:34:19,347] Trial 174 finished with value: 0.4307613319760234 and parameters: {'ff_dim': 32, 'dropout_rate': 0.11444826138107943, 'embed_dim': 256, 'learning_rate': 0.00019709021694578794, 'weight_decay': 1.1847995907671474e-06, 'batch_size': 16, 'num_heads': 4, 'num_transformer_blocks': 1}. Best is trial 55 with value: 0.48925222855532075.
Trial 174, Fold 5: Test Accuracy = 0.3743
Trial 174: Mean Accuracy = 0.4308, Fold Accuracies = [np.float64(0.47312409812409806), np.float64(0.43313847039129527), np.float64(0.5030797101449275), np.float64(0.37020502645502645), np.float64(0.3742593547647699)]
Hyperparameters: num_heads=4, num_transformer_blocks=4, learning_rate=0.07681915966997724, optimizer=Adam, weight_decay=5.622231752378513e-05, batch_size=16,factor=1
Divergence detected. Stopping training after 10 epochs.
Early stopping at epoch 18
Trial 176, Fold 1: Test Accuracy = 0.3333
Divergence detected. Stopping training after 10 epochs.
Early stopping at epoch 27
Trial 175, Fold 1: Test Accuracy = 0.4876
Divergence detected. Stopping training after 10 epochs.
Early stopping at epoch 17
Trial 175, Fold 2: Test Accuracy = 0.3333
Trial 176, Fold 2: Test Accuracy = 0.3333
Divergence detected. Stopping training after 10 epochs.
Early stopping at epoch 11
Trial 176, Fold 3: Test Accuracy = 0.3333
Trial 175, Fold 3: Test Accuracy = 0.5398
Divergence detected. Stopping training after 10 epochs.
Early stopping at epoch 18
Trial 176, Fold 4: Test Accuracy = 0.3333
Divergence detected. Stopping training after 10 epochs.
Early stopping at epoch 24
Trial 175, Fold 4: Test Accuracy = 0.4543
Divergence detected. Stopping training after 10 epochs.
Early stopping at epoch 12
[I 2025-05-08 20:40:34,307] Trial 176 finished with value: 0.3333333333333333 and parameters: {'ff_dim': 32, 'dropout_rate': 0.11010797102803759, 'embed_dim': 256, 'learning_rate': 0.07681915966997724, 'weight_decay': 5.622231752378513e-05, 'batch_size': 16, 'num_heads': 4, 'num_transformer_blocks': 4}. Best is trial 55 with value: 0.48925222855532075.
Trial 176, Fold 5: Test Accuracy = 0.3333
Trial 176: Mean Accuracy = 0.3333, Fold Accuracies = [np.float64(0.3333333333333333), np.float64(0.3333333333333333), np.float64(0.3333333333333333), np.float64(0.3333333333333333), np.float64(0.3333333333333333)]
Hyperparameters: num_heads=4, num_transformer_blocks=4, learning_rate=0.0008411231042340159, optimizer=Adam, weight_decay=4.102429197473303e-05, batch_size=16,factor=1
Divergence detected. Stopping training after 10 epochs.
Early stopping at epoch 17
