[I 2025-06-07 06:13:19,963] Trial 185 finished with value: 0.589544513457557 and parameters: {'num_heads': 32, 'num_transformer_blocks': 8, 'learning_rate': 0.0016341940120100094, 'weight_decay': 0.0003567804635224313, 'label_smoothing': 0.28}. Best is trial 115 with value: 0.6363181504485853.
Trial 185, Fold 1: Test Accuracy = 0.5895
Hyperparameters: num_heads=2, num_transformer_blocks=8, learning_rate=0.002324964992049731, optimizer=Adam, weight_decay=4.461556323383362e-06, batch_size=16,factor=1
Divergence detected. Stopping training after 10 epochs.
Early stopping at epoch 10
[I 2025-06-07 06:14:38,406] Trial 188 finished with value: 0.513052104899931 and parameters: {'num_heads': 32, 'num_transformer_blocks': 8, 'learning_rate': 0.001803702408085901, 'weight_decay': 0.00041736092900608655, 'label_smoothing': 0.11}. Best is trial 115 with value: 0.6363181504485853.
Trial 188, Fold 1: Test Accuracy = 0.5131
Hyperparameters: num_heads=2, num_transformer_blocks=32, learning_rate=5.103685731664199e-06, optimizer=Adam, weight_decay=0.0001979051349759669, batch_size=16,factor=1
Divergence detected. Stopping training after 10 epochs.
Early stopping at epoch 15
[I 2025-06-07 06:15:27,116] Trial 190 finished with value: 0.3333333333333333 and parameters: {'num_heads': 2, 'num_transformer_blocks': 8, 'learning_rate': 0.002324964992049731, 'weight_decay': 4.461556323383362e-06, 'label_smoothing': 0.28}. Best is trial 115 with value: 0.6363181504485853.
Trial 190, Fold 1: Test Accuracy = 0.3333
Hyperparameters: num_heads=2, num_transformer_blocks=32, learning_rate=0.0005176098708671592, optimizer=Adam, weight_decay=0.000886789491948557, batch_size=16,factor=1
Divergence detected. Stopping training after 10 epochs.
Early stopping at epoch 18
[I 2025-06-07 06:15:58,549] Trial 189 finished with value: 0.5939872325741891 and parameters: {'num_heads': 2, 'num_transformer_blocks': 8, 'learning_rate': 0.0021432071801159446, 'weight_decay': 0.00036292123053318807, 'label_smoothing': 0.25}. Best is trial 115 with value: 0.6363181504485853.
Trial 189, Fold 1: Test Accuracy = 0.5940
Hyperparameters: num_heads=2, num_transformer_blocks=8, learning_rate=0.004010687238191057, optimizer=Adam, weight_decay=0.00020613622257913575, batch_size=16,factor=1
Divergence detected. Stopping training after 10 epochs.
Early stopping at epoch 10
[I 2025-06-07 06:17:12,371] Trial 192 finished with value: 0.42355935127674255 and parameters: {'num_heads': 2, 'num_transformer_blocks': 32, 'learning_rate': 0.0005176098708671592, 'weight_decay': 0.000886789491948557, 'label_smoothing': 0.04}. Best is trial 115 with value: 0.6363181504485853.
Trial 192, Fold 1: Test Accuracy = 0.4236
Hyperparameters: num_heads=2, num_transformer_blocks=8, learning_rate=0.003737795954812682, optimizer=Adam, weight_decay=0.00020133336932888778, batch_size=16,factor=1
Divergence detected. Stopping training after 10 epochs.
Early stopping at epoch 12
[I 2025-06-07 06:17:49,242] Trial 193 finished with value: 0.3333333333333333 and parameters: {'num_heads': 2, 'num_transformer_blocks': 8, 'learning_rate': 0.004010687238191057, 'weight_decay': 0.00020613622257913575, 'label_smoothing': 0.22}. Best is trial 115 with value: 0.6363181504485853.
Trial 193, Fold 1: Test Accuracy = 0.3333
Hyperparameters: num_heads=2, num_transformer_blocks=8, learning_rate=0.003006765287849993, optimizer=Adam, weight_decay=0.0003442086041928429, batch_size=16,factor=1
Divergence detected. Stopping training after 10 epochs.
Early stopping at epoch 10
[I 2025-06-07 06:18:29,899] Trial 194 finished with value: 0.3333333333333333 and parameters: {'num_heads': 2, 'num_transformer_blocks': 8, 'learning_rate': 0.003737795954812682, 'weight_decay': 0.00020133336932888778, 'label_smoothing': 0.25}. Best is trial 115 with value: 0.6363181504485853.
Trial 194, Fold 1: Test Accuracy = 0.3333
Hyperparameters: num_heads=2, num_transformer_blocks=8, learning_rate=0.0017213084124924475, optimizer=Adam, weight_decay=0.0003346035079097658, batch_size=16,factor=1
[I 2025-06-07 06:20:21,788] Trial 191 finished with value: 0.4478002070393375 and parameters: {'num_heads': 2, 'num_transformer_blocks': 32, 'learning_rate': 5.103685731664199e-06, 'weight_decay': 0.0001979051349759669, 'label_smoothing': 0.13}. Best is trial 115 with value: 0.6363181504485853.
Trial 191, Fold 1: Test Accuracy = 0.4478
Hyperparameters: num_heads=2, num_transformer_blocks=8, learning_rate=0.00269537705201316, optimizer=Adam, weight_decay=0.00032954071320403513, batch_size=16,factor=1
Divergence detected. Stopping training after 10 epochs.
Early stopping at epoch 21
[I 2025-06-07 06:20:59,546] Trial 195 finished with value: 0.5169168391994479 and parameters: {'num_heads': 2, 'num_transformer_blocks': 8, 'learning_rate': 0.003006765287849993, 'weight_decay': 0.0003442086041928429, 'label_smoothing': 0.25}. Best is trial 115 with value: 0.6363181504485853.
Trial 195, Fold 1: Test Accuracy = 0.5169
Hyperparameters: num_heads=8, num_transformer_blocks=4, learning_rate=0.001834928318696754, optimizer=Adam, weight_decay=0.00046299162072857374, batch_size=16,factor=1
[I 2025-06-07 06:22:16,936] Trial 196 finished with value: 0.5183143547273983 and parameters: {'num_heads': 2, 'num_transformer_blocks': 8, 'learning_rate': 0.0017213084124924475, 'weight_decay': 0.0003346035079097658, 'label_smoothing': 0.29}. Best is trial 115 with value: 0.6363181504485853.
Trial 196, Fold 1: Test Accuracy = 0.5183
Hyperparameters: num_heads=8, num_transformer_blocks=4, learning_rate=0.00548141241435487, optimizer=Adam, weight_decay=0.0004905413489935276, batch_size=16,factor=1
Divergence detected. Stopping training after 10 epochs.
Early stopping at epoch 29
Trial 197, Fold 1: Test Accuracy = 0.5569
[I 2025-06-07 06:24:31,437] Trial 197 finished with value: 0.5568840579710145 and parameters: {'num_heads': 2, 'num_transformer_blocks': 8, 'learning_rate': 0.00269537705201316, 'weight_decay': 0.00032954071320403513, 'label_smoothing': 0.23}. Best is trial 115 with value: 0.6363181504485853.
Divergence detected. Stopping training after 10 epochs.
Early stopping at epoch 27
Trial 198, Fold 1: Test Accuracy = 0.5492
[I 2025-06-07 06:24:49,664] Trial 198 finished with value: 0.5491890959282263 and parameters: {'num_heads': 8, 'num_transformer_blocks': 4, 'learning_rate': 0.001834928318696754, 'weight_decay': 0.00046299162072857374, 'label_smoothing': 0.27}. Best is trial 115 with value: 0.6363181504485853.
Divergence detected. Stopping training after 10 epochs.
Early stopping at epoch 21
[I 2025-06-07 06:24:58,171] Trial 199 finished with value: 0.4540113871635611 and parameters: {'num_heads': 8, 'num_transformer_blocks': 4, 'learning_rate': 0.00548141241435487, 'weight_decay': 0.0004905413489935276, 'label_smoothing': 0.3}. Best is trial 115 with value: 0.6363181504485853.
Trial 199, Fold 1: Test Accuracy = 0.4540
Best hyperparameters: {'num_heads': 32, 'num_transformer_blocks': 8, 'learning_rate': 0.0014268683384269449, 'weight_decay': 0.0003463319958859285, 'label_smoothing': 0.18}