[I 2025-06-07 05:41:02,839] Trial 149 finished with value: 0.5252933057280883 and parameters: {'num_heads': 32, 'num_transformer_blocks': 8, 'learning_rate': 0.000421190510203952, 'weight_decay': 4.503490958592882e-05, 'label_smoothing': 0.11}. Best is trial 115 with value: 0.6363181504485853.
Trial 149, Fold 1: Test Accuracy = 0.5253
Hyperparameters: num_heads=2, num_transformer_blocks=8, learning_rate=0.0009670992212269853, optimizer=Adam, weight_decay=0.0005080269707581974, batch_size=16,factor=1
Divergence detected. Stopping training after 10 epochs.
Early stopping at epoch 14
[I 2025-06-07 05:41:05,080] Trial 151 finished with value: 0.38050379572118703 and parameters: {'num_heads': 32, 'num_transformer_blocks': 8, 'learning_rate': 4.1472288326995033e-07, 'weight_decay': 0.00044034316353605194, 'label_smoothing': 0.1}. Best is trial 115 with value: 0.6363181504485853.
Trial 151, Fold 1: Test Accuracy = 0.3805
Hyperparameters: num_heads=2, num_transformer_blocks=8, learning_rate=0.000983719984838618, optimizer=Adam, weight_decay=0.0006557728742907101, batch_size=16,factor=1
Divergence detected. Stopping training after 10 epochs.
Early stopping at epoch 12
Trial 152, Fold 1: Test Accuracy = 0.3333
[I 2025-06-07 05:42:52,281] Trial 152 finished with value: 0.3333333333333333 and parameters: {'num_heads': 2, 'num_transformer_blocks': 8, 'learning_rate': 0.0016725059979557505, 'weight_decay': 4.399224417717411e-05, 'label_smoothing': 0.14}. Best is trial 115 with value: 0.6363181504485853.
Hyperparameters: num_heads=2, num_transformer_blocks=8, learning_rate=0.0010884156212225297, optimizer=Adam, weight_decay=0.0005298691454737912, batch_size=16,factor=1
Divergence detected. Stopping training after 10 epochs.
Early stopping at epoch 16
[I 2025-06-07 05:43:19,792] Trial 153 finished with value: 0.5528467908902691 and parameters: {'num_heads': 2, 'num_transformer_blocks': 8, 'learning_rate': 0.0009670992212269853, 'weight_decay': 0.0005080269707581974, 'label_smoothing': 0.22}. Best is trial 115 with value: 0.6363181504485853.
Trial 153, Fold 1: Test Accuracy = 0.5528
Hyperparameters: num_heads=2, num_transformer_blocks=8, learning_rate=0.0011619275357454277, optimizer=Adam, weight_decay=0.0006531659657064784, batch_size=16,factor=1
Divergence detected. Stopping training after 10 epochs.
Early stopping at epoch 22
[I 2025-06-07 05:44:13,575] Trial 154 finished with value: 0.5493530020703934 and parameters: {'num_heads': 2, 'num_transformer_blocks': 8, 'learning_rate': 0.000983719984838618, 'weight_decay': 0.0006557728742907101, 'label_smoothing': 0.23}. Best is trial 115 with value: 0.6363181504485853.
Trial 154, Fold 1: Test Accuracy = 0.5494
Hyperparameters: num_heads=2, num_transformer_blocks=8, learning_rate=0.0018933226545544764, optimizer=Adam, weight_decay=0.0006474660724554895, batch_size=16,factor=1
Divergence detected. Stopping training after 10 epochs.
Early stopping at epoch 13
[I 2025-06-07 05:45:00,610] Trial 155 finished with value: 0.5751293995859214 and parameters: {'num_heads': 2, 'num_transformer_blocks': 8, 'learning_rate': 0.0010884156212225297, 'weight_decay': 0.0005298691454737912, 'label_smoothing': 0.22}. Best is trial 115 with value: 0.6363181504485853.
Trial 155, Fold 1: Test Accuracy = 0.5751
Hyperparameters: num_heads=2, num_transformer_blocks=8, learning_rate=0.0032766787403158268, optimizer=Adam, weight_decay=2.4364009956873795e-05, batch_size=16,factor=1
Divergence detected. Stopping training after 10 epochs.
Early stopping at epoch 24
[I 2025-06-07 05:46:42,922] Trial 156 finished with value: 0.5662180814354727 and parameters: {'num_heads': 2, 'num_transformer_blocks': 8, 'learning_rate': 0.0011619275357454277, 'weight_decay': 0.0006531659657064784, 'label_smoothing': 0.23}. Best is trial 115 with value: 0.6363181504485853.
Trial 156, Fold 1: Test Accuracy = 0.5662
Hyperparameters: num_heads=2, num_transformer_blocks=8, learning_rate=0.0019467639834497993, optimizer=Adam, weight_decay=0.0009898836662036333, batch_size=16,factor=1
Divergence detected. Stopping training after 10 epochs.
Early stopping at epoch 12
[I 2025-06-07 05:46:52,857] Trial 158 finished with value: 0.3333333333333333 and parameters: {'num_heads': 2, 'num_transformer_blocks': 8, 'learning_rate': 0.0032766787403158268, 'weight_decay': 2.4364009956873795e-05, 'label_smoothing': 0.08}. Best is trial 115 with value: 0.6363181504485853.
Trial 158, Fold 1: Test Accuracy = 0.3333
Hyperparameters: num_heads=16, num_transformer_blocks=4, learning_rate=0.001963281755929174, optimizer=Adam, weight_decay=8.690672904275421e-05, batch_size=16,factor=1
Divergence detected. Stopping training after 10 epochs.
Early stopping at epoch 21
Trial 157, Fold 1: Test Accuracy = 0.5254
[I 2025-06-07 05:47:15,306] Trial 157 finished with value: 0.5253536922015183 and parameters: {'num_heads': 2, 'num_transformer_blocks': 8, 'learning_rate': 0.0018933226545544764, 'weight_decay': 0.0006474660724554895, 'label_smoothing': 0.23}. Best is trial 115 with value: 0.6363181504485853.
Hyperparameters: num_heads=16, num_transformer_blocks=4, learning_rate=0.0005682400818200053, optimizer=Adam, weight_decay=3.7052839550186895e-05, batch_size=16,factor=1
Divergence detected. Stopping training after 10 epochs.
Early stopping at epoch 11
[I 2025-06-07 05:48:53,762] Trial 161 finished with value: 0.5666839199447895 and parameters: {'num_heads': 16, 'num_transformer_blocks': 4, 'learning_rate': 0.0005682400818200053, 'weight_decay': 3.7052839550186895e-05, 'label_smoothing': 0.07}. Best is trial 115 with value: 0.6363181504485853.
Trial 161, Fold 1: Test Accuracy = 0.5667
Hyperparameters: num_heads=8, num_transformer_blocks=2, learning_rate=0.0019571424702403487, optimizer=Adam, weight_decay=0.00014744567691054594, batch_size=16,factor=1
Divergence detected. Stopping training after 10 epochs.
Early stopping at epoch 27
Divergence detected. Stopping training after 10 epochs.
Early stopping at epoch 26
Trial 159, Fold 1: Test Accuracy = 0.5206
[I 2025-06-07 05:50:30,563] Trial 159 finished with value: 0.5206176673567978 and parameters: {'num_heads': 2, 'num_transformer_blocks': 8, 'learning_rate': 0.0019467639834497993, 'weight_decay': 0.0009898836662036333, 'label_smoothing': 0.07}. Best is trial 115 with value: 0.6363181504485853.
Hyperparameters: num_heads=2, num_transformer_blocks=8, learning_rate=0.0007666257569512293, optimizer=Adam, weight_decay=0.0008602991334273695, batch_size=16,factor=1
[I 2025-06-07 05:50:31,300] Trial 160 finished with value: 0.551164596273292 and parameters: {'num_heads': 16, 'num_transformer_blocks': 4, 'learning_rate': 0.001963281755929174, 'weight_decay': 8.690672904275421e-05, 'label_smoothing': 0.24}. Best is trial 115 with value: 0.6363181504485853.
Trial 160, Fold 1: Test Accuracy = 0.5512
Hyperparameters: num_heads=2, num_transformer_blocks=8, learning_rate=0.0014352951543059641, optimizer=Adam, weight_decay=0.000999403260577826, batch_size=16,factor=1
Divergence detected. Stopping training after 10 epochs.
Early stopping at epoch 18
[I 2025-06-07 05:51:21,647] Trial 162 finished with value: 0.5266649413388543 and parameters: {'num_heads': 8, 'num_transformer_blocks': 2, 'learning_rate': 0.0019571424702403487, 'weight_decay': 0.00014744567691054594, 'label_smoothing': 0.03}. Best is trial 115 with value: 0.6363181504485853.
Trial 162, Fold 1: Test Accuracy = 0.5267
Hyperparameters: num_heads=2, num_transformer_blocks=8, learning_rate=0.001429688226713615, optimizer=Adam, weight_decay=0.0008404313352636766, batch_size=16,factor=1
Divergence detected. Stopping training after 10 epochs.
Early stopping at epoch 15
[I 2025-06-07 05:52:43,092] Trial 163 finished with value: 0.5805210489993099 and parameters: {'num_heads': 2, 'num_transformer_blocks': 8, 'learning_rate': 0.0007666257569512293, 'weight_decay': 0.0008602991334273695, 'label_smoothing': 0.16}. Best is trial 115 with value: 0.6363181504485853.
Trial 163, Fold 1: Test Accuracy = 0.5805
Hyperparameters: num_heads=2, num_transformer_blocks=8, learning_rate=0.0014115240582092785, optimizer=Adam, weight_decay=0.0008415832435908093, batch_size=16,factor=1
Divergence detected. Stopping training after 10 epochs.
Early stopping at epoch 18
[I 2025-06-07 05:53:08,868] Trial 164 finished with value: 0.5759575569358178 and parameters: {'num_heads': 2, 'num_transformer_blocks': 8, 'learning_rate': 0.0014352951543059641, 'weight_decay': 0.000999403260577826, 'label_smoothing': 0.16}. Best is trial 115 with value: 0.6363181504485853.
Trial 164, Fold 1: Test Accuracy = 0.5760
Hyperparameters: num_heads=2, num_transformer_blocks=8, learning_rate=3.8895503019638854e-05, optimizer=Adam, weight_decay=0.0007976560279619839, batch_size=16,factor=1
Divergence detected. Stopping training after 10 epochs.
Early stopping at epoch 23
Trial 165, Fold 1: Test Accuracy = 0.5620
[I 2025-06-07 05:54:43,828] Trial 165 finished with value: 0.5620082815734989 and parameters: {'num_heads': 2, 'num_transformer_blocks': 8, 'learning_rate': 0.001429688226713615, 'weight_decay': 0.0008404313352636766, 'label_smoothing': 0.18}. Best is trial 115 with value: 0.6363181504485853.
Hyperparameters: num_heads=4, num_transformer_blocks=8, learning_rate=0.004072938428015639, optimizer=Adam, weight_decay=0.0007665441830060402, batch_size=16,factor=1
Divergence detected. Stopping training after 10 epochs.
Early stopping at epoch 18
[I 2025-06-07 05:55:22,373] Trial 166 finished with value: 0.5737577639751553 and parameters: {'num_heads': 2, 'num_transformer_blocks': 8, 'learning_rate': 0.0014115240582092785, 'weight_decay': 0.0008415832435908093, 'label_smoothing': 0.18}. Best is trial 115 with value: 0.6363181504485853.
Trial 166, Fold 1: Test Accuracy = 0.5738
Hyperparameters: num_heads=4, num_transformer_blocks=8, learning_rate=0.0005500849622453133, optimizer=Adam, weight_decay=5.232677305994526e-05, batch_size=16,factor=1
Divergence detected. Stopping training after 10 epochs.
Early stopping at epoch 12
[I 2025-06-07 05:56:37,375] Trial 168 finished with value: 0.3333333333333333 and parameters: {'num_heads': 4, 'num_transformer_blocks': 8, 'learning_rate': 0.004072938428015639, 'weight_decay': 0.0007665441830060402, 'label_smoothing': 0.14}. Best is trial 115 with value: 0.6363181504485853.
Trial 168, Fold 1: Test Accuracy = 0.3333
Hyperparameters: num_heads=8, num_transformer_blocks=8, learning_rate=0.0006090561295217357, optimizer=Adam, weight_decay=0.0005578196700955547, batch_size=16,factor=1
Divergence detected. Stopping training after 10 epochs.
Early stopping at epoch 12
[I 2025-06-07 05:57:08,289] Trial 169 finished with value: 0.560127674258109 and parameters: {'num_heads': 4, 'num_transformer_blocks': 8, 'learning_rate': 0.0005500849622453133, 'weight_decay': 5.232677305994526e-05, 'label_smoothing': 0.14}. Best is trial 115 with value: 0.6363181504485853.
Trial 169, Fold 1: Test Accuracy = 0.5601
Hyperparameters: num_heads=8, num_transformer_blocks=8, learning_rate=3.849949196986085e-05, optimizer=Adam, weight_decay=0.0005388129106689604, batch_size=16,factor=1
[I 2025-06-07 05:57:17,674] Trial 167 finished with value: 0.5472049689440994 and parameters: {'num_heads': 2, 'num_transformer_blocks': 8, 'learning_rate': 3.8895503019638854e-05, 'weight_decay': 0.0007976560279619839, 'label_smoothing': 0.18}. Best is trial 115 with value: 0.6363181504485853.
Trial 167, Fold 1: Test Accuracy = 0.5472
Hyperparameters: num_heads=8, num_transformer_blocks=8, learning_rate=0.0006946910770004934, optimizer=Adam, weight_decay=2.607798771696165e-06, batch_size=16,factor=1
Divergence detected. Stopping training after 10 epochs.
Early stopping at epoch 10
[I 2025-06-07 05:58:11,650] Trial 170 finished with value: 0.5669254658385093 and parameters: {'num_heads': 8, 'num_transformer_blocks': 8, 'learning_rate': 0.0006090561295217357, 'weight_decay': 0.0005578196700955547, 'label_smoothing': 0.2}. Best is trial 115 with value: 0.6363181504485853.
Trial 170, Fold 1: Test Accuracy = 0.5669
Hyperparameters: num_heads=32, num_transformer_blocks=8, learning_rate=0.0010542722151830337, optimizer=Adam, weight_decay=0.0003509276527144636, batch_size=16,factor=1
Divergence detected. Stopping training after 10 epochs.
Early stopping at epoch 17
Trial 171, Fold 1: Test Accuracy = 0.5140
[I 2025-06-07 05:59:43,654] Trial 171 finished with value: 0.5140441683919944 and parameters: {'num_heads': 8, 'num_transformer_blocks': 8, 'learning_rate': 3.849949196986085e-05, 'weight_decay': 0.0005388129106689604, 'label_smoothing': 0.19}. Best is trial 115 with value: 0.6363181504485853.
Hyperparameters: num_heads=32, num_transformer_blocks=8, learning_rate=0.0010998812562678136, optimizer=Adam, weight_decay=0.00035278718275024405, batch_size=16,factor=1
Divergence detected. Stopping training after 10 epochs.
Early stopping at epoch 20
Trial 172, Fold 1: Test Accuracy = 0.5358
[I 2025-06-07 06:00:19,917] Trial 172 finished with value: 0.5358436853002071 and parameters: {'num_heads': 8, 'num_transformer_blocks': 8, 'learning_rate': 0.0006946910770004934, 'weight_decay': 2.607798771696165e-06, 'label_smoothing': 0.2}. Best is trial 115 with value: 0.6363181504485853.
Hyperparameters: num_heads=32, num_transformer_blocks=8, learning_rate=0.001062194356027734, optimizer=Adam, weight_decay=0.00038724120778152444, batch_size=16,factor=1
Divergence detected. Stopping training after 10 epochs.
Early stopping at epoch 14
[I 2025-06-07 06:00:27,490] Trial 173 finished with value: 0.5519151138716356 and parameters: {'num_heads': 32, 'num_transformer_blocks': 8, 'learning_rate': 0.0010542722151830337, 'weight_decay': 0.0003509276527144636, 'label_smoothing': 0.26}. Best is trial 115 with value: 0.6363181504485853.
Trial 173, Fold 1: Test Accuracy = 0.5519
Hyperparameters: num_heads=32, num_transformer_blocks=8, learning_rate=0.0029810569102276066, optimizer=Adam, weight_decay=0.00044831709557894986, batch_size=16,factor=1
Divergence detected. Stopping training after 10 epochs.
Early stopping at epoch 22
[I 2025-06-07 06:03:08,906] Trial 174 finished with value: 0.5368702553485162 and parameters: {'num_heads': 32, 'num_transformer_blocks': 8, 'learning_rate': 0.0010998812562678136, 'weight_decay': 0.00035278718275024405, 'label_smoothing': 0.26}. Best is trial 115 with value: 0.6363181504485853.
Trial 174, Fold 1: Test Accuracy = 0.5369
Hyperparameters: num_heads=32, num_transformer_blocks=8, learning_rate=0.0024988518969955302, optimizer=Adam, weight_decay=0.0004214699685870516, batch_size=16,factor=1
Divergence detected. Stopping training after 10 epochs.
Early stopping at epoch 19
[I 2025-06-07 06:03:25,315] Trial 176 finished with value: 0.48396307798481714 and parameters: {'num_heads': 32, 'num_transformer_blocks': 8, 'learning_rate': 0.0029810569102276066, 'weight_decay': 0.00044831709557894986, 'label_smoothing': 0.29}. Best is trial 115 with value: 0.6363181504485853.
Trial 176, Fold 1: Test Accuracy = 0.4840
Hyperparameters: num_heads=32, num_transformer_blocks=8, learning_rate=0.0008821763293675413, optimizer=Adam, weight_decay=0.00027157849935365946, batch_size=16,factor=1
Divergence detected. Stopping training after 10 epochs.
Early stopping at epoch 19
[I 2025-06-07 06:03:35,505] Trial 175 finished with value: 0.5924775707384403 and parameters: {'num_heads': 32, 'num_transformer_blocks': 8, 'learning_rate': 0.001062194356027734, 'weight_decay': 0.00038724120778152444, 'label_smoothing': 0.29}. Best is trial 115 with value: 0.6363181504485853.
Trial 175, Fold 1: Test Accuracy = 0.5925
Hyperparameters: num_heads=32, num_transformer_blocks=4, learning_rate=0.00037666138863245687, optimizer=Adam, weight_decay=0.0002591163117028131, batch_size=16,factor=1
Divergence detected. Stopping training after 10 epochs.
Early stopping at epoch 11
[I 2025-06-07 06:04:58,188] Trial 177 finished with value: 0.5364648033126295 and parameters: {'num_heads': 32, 'num_transformer_blocks': 8, 'learning_rate': 0.0024988518969955302, 'weight_decay': 0.0004214699685870516, 'label_smoothing': 0.21}. Best is trial 115 with value: 0.6363181504485853.
Trial 177, Fold 1: Test Accuracy = 0.5365
Hyperparameters: num_heads=16, num_transformer_blocks=16, learning_rate=0.0003708479999121987, optimizer=Adam, weight_decay=0.0002872963544497455, batch_size=16,factor=1
Divergence detected. Stopping training after 10 epochs.
Early stopping at epoch 11
Trial 179, Fold 1: Test Accuracy = 0.5429
[I 2025-06-07 06:05:17,373] Trial 179 finished with value: 0.5428571428571428 and parameters: {'num_heads': 32, 'num_transformer_blocks': 4, 'learning_rate': 0.00037666138863245687, 'weight_decay': 0.0002591163117028131, 'label_smoothing': 0.17}. Best is trial 115 with value: 0.6363181504485853.
Hyperparameters: num_heads=16, num_transformer_blocks=16, learning_rate=0.0008367318819960122, optimizer=Adam, weight_decay=0.0006861740873958439, batch_size=16,factor=1
Divergence detected. Stopping training after 10 epochs.
Early stopping at epoch 19
[I 2025-06-07 06:06:27,626] Trial 178 finished with value: 0.5591701173222913 and parameters: {'num_heads': 32, 'num_transformer_blocks': 8, 'learning_rate': 0.0008821763293675413, 'weight_decay': 0.00027157849935365946, 'label_smoothing': 0.21}. Best is trial 115 with value: 0.6363181504485853.
Trial 178, Fold 1: Test Accuracy = 0.5592
Hyperparameters: num_heads=16, num_transformer_blocks=16, learning_rate=0.0008646843356636554, optimizer=Adam, weight_decay=0.0006712433808213382, batch_size=16,factor=1
Divergence detected. Stopping training after 10 epochs.
Early stopping at epoch 10
[I 2025-06-07 06:06:43,188] Trial 180 finished with value: 0.5417960662525879 and parameters: {'num_heads': 16, 'num_transformer_blocks': 16, 'learning_rate': 0.0003708479999121987, 'weight_decay': 0.0002872963544497455, 'label_smoothing': 0.17}. Best is trial 115 with value: 0.6363181504485853.
Trial 180, Fold 1: Test Accuracy = 0.5418
Hyperparameters: num_heads=32, num_transformer_blocks=8, learning_rate=0.001342947106136979, optimizer=Adam, weight_decay=0.0006770665277033678, batch_size=16,factor=1
Divergence detected. Stopping training after 10 epochs.
Early stopping at epoch 10
[I 2025-06-07 06:08:14,849] Trial 182 finished with value: 0.522851966873706 and parameters: {'num_heads': 16, 'num_transformer_blocks': 16, 'learning_rate': 0.0008646843356636554, 'weight_decay': 0.0006712433808213382, 'label_smoothing': 0.09}. Best is trial 115 with value: 0.6363181504485853.
Trial 182, Fold 1: Test Accuracy = 0.5229
Hyperparameters: num_heads=32, num_transformer_blocks=8, learning_rate=0.0015290565547656624, optimizer=Adam, weight_decay=0.00030926574230936705, batch_size=16,factor=1
Divergence detected. Stopping training after 10 epochs.
Early stopping at epoch 17
[I 2025-06-07 06:09:03,919] Trial 183 finished with value: 0.545212215320911 and parameters: {'num_heads': 32, 'num_transformer_blocks': 8, 'learning_rate': 0.001342947106136979, 'weight_decay': 0.0006770665277033678, 'label_smoothing': 0.3}. Best is trial 115 with value: 0.6363181504485853.
Trial 183, Fold 1: Test Accuracy = 0.5452
Hyperparameters: num_heads=32, num_transformer_blocks=8, learning_rate=0.0016341940120100094, optimizer=Adam, weight_decay=0.0003567804635224313, batch_size=16,factor=1
Divergence detected. Stopping training after 10 epochs.
Early stopping at epoch 11
[I 2025-06-07 06:09:58,222] Trial 184 finished with value: 0.5069703243616287 and parameters: {'num_heads': 32, 'num_transformer_blocks': 8, 'learning_rate': 0.0015290565547656624, 'weight_decay': 0.00030926574230936705, 'label_smoothing': 0.29}. Best is trial 115 with value: 0.6363181504485853.
Trial 184, Fold 1: Test Accuracy = 0.5070
Hyperparameters: num_heads=32, num_transformer_blocks=8, learning_rate=0.001168227615104485, optimizer=Adam, weight_decay=0.0005996054923122027, batch_size=16,factor=1
[I 2025-06-07 06:10:34,771] Trial 181 finished with value: 0.5255262249827467 and parameters: {'num_heads': 16, 'num_transformer_blocks': 16, 'learning_rate': 0.0008367318819960122, 'weight_decay': 0.0006861740873958439, 'label_smoothing': 0.09}. Best is trial 115 with value: 0.6363181504485853.
Trial 181, Fold 1: Test Accuracy = 0.5255
Hyperparameters: num_heads=32, num_transformer_blocks=8, learning_rate=0.0011675152698642653, optimizer=Adam, weight_decay=7.881532665215719e-06, batch_size=16,factor=1
Divergence detected. Stopping training after 10 epochs.
Early stopping at epoch 19
[I 2025-06-07 06:12:57,822] Trial 186 finished with value: 0.5147429261559696 and parameters: {'num_heads': 32, 'num_transformer_blocks': 8, 'learning_rate': 0.001168227615104485, 'weight_decay': 0.0005996054923122027, 'label_smoothing': 0.27}. Best is trial 115 with value: 0.6363181504485853.
Trial 186, Fold 1: Test Accuracy = 0.5147
Hyperparameters: num_heads=32, num_transformer_blocks=8, learning_rate=0.001803702408085901, optimizer=Adam, weight_decay=0.00041736092900608655, batch_size=16,factor=1
Divergence detected. Stopping training after 10 epochs.
Early stopping at epoch 15
Trial 187, Fold 1: Test Accuracy = 0.4936
[I 2025-06-07 06:13:07,340] Trial 187 finished with value: 0.49359903381642517 and parameters: {'num_heads': 32, 'num_transformer_blocks': 8, 'learning_rate': 0.0011675152698642653, 'weight_decay': 7.881532665215719e-06, 'label_smoothing': 0.27}. Best is trial 115 with value: 0.6363181504485853.
Hyperparameters: num_heads=2, num_transformer_blocks=8, learning_rate=0.0021432071801159446, optimizer=Adam, weight_decay=0.00036292123053318807, batch_size=16,factor=1
