[I 2025-06-07 05:02:25,857] Trial 111 finished with value: 0.5875345065562456 and parameters: {'num_heads': 32, 'num_transformer_blocks': 8, 'learning_rate': 0.0015600659068157766, 'weight_decay': 0.00035614538936708066, 'label_smoothing': 0.18}. Best is trial 88 with value: 0.6231193926846101.
Hyperparameters: num_heads=32, num_transformer_blocks=8, learning_rate=0.0014268683384269449, optimizer=Adam, weight_decay=0.0003463319958859285, batch_size=16,factor=1
Divergence detected. Stopping training after 10 epochs.
Early stopping at epoch 18
Trial 113, Fold 1: Test Accuracy = 0.5736
[I 2025-06-07 05:04:37,463] Trial 113 finished with value: 0.5736024844720496 and parameters: {'num_heads': 32, 'num_transformer_blocks': 8, 'learning_rate': 0.0005234880794064547, 'weight_decay': 0.0003416678897953202, 'label_smoothing': 0.24}. Best is trial 88 with value: 0.6231193926846101.
Hyperparameters: num_heads=32, num_transformer_blocks=8, learning_rate=0.0017656653634734094, optimizer=Adam, weight_decay=0.0007498658722780421, batch_size=16,factor=1
Divergence detected. Stopping training after 10 epochs.
Early stopping at epoch 21
Trial 114, Fold 1: Test Accuracy = 0.5676
[I 2025-06-07 05:05:38,800] Trial 114 finished with value: 0.5675552104899931 and parameters: {'num_heads': 32, 'num_transformer_blocks': 8, 'learning_rate': 0.0003058664710734525, 'weight_decay': 0.0007479094338838283, 'label_smoothing': 0.23}. Best is trial 88 with value: 0.6231193926846101.
Hyperparameters: num_heads=32, num_transformer_blocks=8, learning_rate=0.0016211494516521823, optimizer=Adam, weight_decay=0.0008678244947756975, batch_size=16,factor=1
Divergence detected. Stopping training after 10 epochs.
Early stopping at epoch 23
Trial 115, Fold 1: Test Accuracy = 0.6363
[I 2025-06-07 05:06:06,617] Trial 115 finished with value: 0.6363181504485853 and parameters: {'num_heads': 32, 'num_transformer_blocks': 8, 'learning_rate': 0.0014268683384269449, 'weight_decay': 0.0003463319958859285, 'label_smoothing': 0.18}. Best is trial 115 with value: 0.6363181504485853.
Hyperparameters: num_heads=32, num_transformer_blocks=8, learning_rate=0.001643384009125399, optimizer=Adam, weight_decay=0.00048037046098270306, batch_size=16,factor=1
Divergence detected. Stopping training after 10 epochs.
Early stopping at epoch 22
[I 2025-06-07 05:09:13,229] Trial 117 finished with value: 0.5787957211870255 and parameters: {'num_heads': 32, 'num_transformer_blocks': 8, 'learning_rate': 0.0016211494516521823, 'weight_decay': 0.0008678244947756975, 'label_smoothing': 0.17}. Best is trial 115 with value: 0.6363181504485853.
Trial 117, Fold 1: Test Accuracy = 0.5788
Hyperparameters: num_heads=32, num_transformer_blocks=8, learning_rate=0.0019719204727131952, optimizer=Adam, weight_decay=0.00047404572779945, batch_size=16,factor=1
Trial 116, Fold 1: Test Accuracy = 0.5360
[I 2025-06-07 05:09:13,378] Trial 116 finished with value: 0.5360334713595583 and parameters: {'num_heads': 32, 'num_transformer_blocks': 8, 'learning_rate': 0.0017656653634734094, 'weight_decay': 0.0007498658722780421, 'label_smoothing': 0.18}. Best is trial 115 with value: 0.6363181504485853.
Hyperparameters: num_heads=32, num_transformer_blocks=32, learning_rate=0.0006339921747973958, optimizer=Adam, weight_decay=0.00048249846894735733, batch_size=16,factor=1
Divergence detected. Stopping training after 10 epochs.
Early stopping at epoch 11
[I 2025-06-07 05:10:50,956] Trial 119 finished with value: 0.4282177363699103 and parameters: {'num_heads': 32, 'num_transformer_blocks': 8, 'learning_rate': 0.0019719204727131952, 'weight_decay': 0.00047404572779945, 'label_smoothing': 0.22}. Best is trial 115 with value: 0.6363181504485853.
Trial 119, Fold 1: Test Accuracy = 0.4282
Hyperparameters: num_heads=32, num_transformer_blocks=32, learning_rate=1.4348022824973814e-06, optimizer=Adam, weight_decay=0.0006055358638278887, batch_size=16,factor=1
[I 2025-06-07 05:10:52,135] Trial 118 finished with value: 0.5499309868875086 and parameters: {'num_heads': 32, 'num_transformer_blocks': 8, 'learning_rate': 0.001643384009125399, 'weight_decay': 0.00048037046098270306, 'label_smoothing': 0.19}. Best is trial 115 with value: 0.6363181504485853.
Trial 118, Fold 1: Test Accuracy = 0.5499
Hyperparameters: num_heads=32, num_transformer_blocks=32, learning_rate=2.660216998578444e-06, optimizer=Adam, weight_decay=0.000632042696549062, batch_size=16,factor=1
Divergence detected. Stopping training after 10 epochs.
Early stopping at epoch 12
[I 2025-06-07 05:13:19,336] Trial 121 finished with value: 0.3161922015182885 and parameters: {'num_heads': 32, 'num_transformer_blocks': 32, 'learning_rate': 1.4348022824973814e-06, 'weight_decay': 0.0006055358638278887, 'label_smoothing': 0.19}. Best is trial 115 with value: 0.6363181504485853.
Trial 121, Fold 1: Test Accuracy = 0.3162
Hyperparameters: num_heads=32, num_transformer_blocks=8, learning_rate=0.0032115355739763267, optimizer=Adam, weight_decay=0.0006884505290687934, batch_size=16,factor=1
Divergence detected. Stopping training after 10 epochs.
Early stopping at epoch 16
[I 2025-06-07 05:15:29,570] Trial 120 finished with value: 0.557755348516218 and parameters: {'num_heads': 32, 'num_transformer_blocks': 32, 'learning_rate': 0.0006339921747973958, 'weight_decay': 0.00048249846894735733, 'label_smoothing': 0.24}. Best is trial 115 with value: 0.6363181504485853.
Trial 120, Fold 1: Test Accuracy = 0.5578
Hyperparameters: num_heads=32, num_transformer_blocks=8, learning_rate=0.003231315098630607, optimizer=Adam, weight_decay=0.0009987028852522152, batch_size=16,factor=1
[I 2025-06-07 05:15:30,717] Trial 123 finished with value: 0.5181849551414769 and parameters: {'num_heads': 32, 'num_transformer_blocks': 8, 'learning_rate': 0.0032115355739763267, 'weight_decay': 0.0006884505290687934, 'label_smoothing': 0.18}. Best is trial 115 with value: 0.6363181504485853.
Trial 123, Fold 1: Test Accuracy = 0.5182
Hyperparameters: num_heads=32, num_transformer_blocks=8, learning_rate=0.0013510400186761708, optimizer=Adam, weight_decay=0.0003816957003556357, batch_size=16,factor=1
Divergence detected. Stopping training after 10 epochs.
Early stopping at epoch 11
[I 2025-06-07 05:17:07,257] Trial 124 finished with value: 0.48715493443754315 and parameters: {'num_heads': 32, 'num_transformer_blocks': 8, 'learning_rate': 0.003231315098630607, 'weight_decay': 0.0009987028852522152, 'label_smoothing': 0.18}. Best is trial 115 with value: 0.6363181504485853.
Trial 124, Fold 1: Test Accuracy = 0.4872
Hyperparameters: num_heads=32, num_transformer_blocks=8, learning_rate=0.0010310736291360611, optimizer=Adam, weight_decay=0.0002847020262072877, batch_size=16,factor=1
Trial 122, Fold 1: Test Accuracy = 0.3568
[I 2025-06-07 05:18:47,256] Trial 122 finished with value: 0.356832298136646 and parameters: {'num_heads': 32, 'num_transformer_blocks': 32, 'learning_rate': 2.660216998578444e-06, 'weight_decay': 0.000632042696549062, 'label_smoothing': 0.26}. Best is trial 115 with value: 0.6363181504485853.
Hyperparameters: num_heads=2, num_transformer_blocks=8, learning_rate=0.001339432999303212, optimizer=Adam, weight_decay=0.00037287372215286, batch_size=16,factor=1
Divergence detected. Stopping training after 10 epochs.
Early stopping at epoch 15
[I 2025-06-07 05:19:17,857] Trial 126 finished with value: 0.5711093857832988 and parameters: {'num_heads': 32, 'num_transformer_blocks': 8, 'learning_rate': 0.0010310736291360611, 'weight_decay': 0.0002847020262072877, 'label_smoothing': 0.24}. Best is trial 115 with value: 0.6363181504485853.
Trial 126, Fold 1: Test Accuracy = 0.5711
Hyperparameters: num_heads=2, num_transformer_blocks=8, learning_rate=0.0003818874213221449, optimizer=Adam, weight_decay=0.0003960814682895306, batch_size=16,factor=1
Trial 125, Fold 1: Test Accuracy = 0.5806
[I 2025-06-07 05:19:37,978] Trial 125 finished with value: 0.5805728088336785 and parameters: {'num_heads': 32, 'num_transformer_blocks': 8, 'learning_rate': 0.0013510400186761708, 'weight_decay': 0.0003816957003556357, 'label_smoothing': 0.26}. Best is trial 115 with value: 0.6363181504485853.
Hyperparameters: num_heads=2, num_transformer_blocks=8, learning_rate=0.009410653461575625, optimizer=Adam, weight_decay=0.00012028062615513761, batch_size=16,factor=1
Divergence detected. Stopping training after 10 epochs.
Early stopping at epoch 10
[I 2025-06-07 05:21:16,776] Trial 129 finished with value: 0.3333333333333333 and parameters: {'num_heads': 2, 'num_transformer_blocks': 8, 'learning_rate': 0.009410653461575625, 'weight_decay': 0.00012028062615513761, 'label_smoothing': 0.16}. Best is trial 115 with value: 0.6363181504485853.
Trial 129, Fold 1: Test Accuracy = 0.3333
Hyperparameters: num_heads=4, num_transformer_blocks=8, learning_rate=0.00021757725523916479, optimizer=Adam, weight_decay=1.4317552701093831e-05, batch_size=16,factor=1
Divergence detected. Stopping training after 10 epochs.
Early stopping at epoch 16
[I 2025-06-07 05:21:39,673] Trial 128 finished with value: 0.5104727398205658 and parameters: {'num_heads': 2, 'num_transformer_blocks': 8, 'learning_rate': 0.0003818874213221449, 'weight_decay': 0.0003960814682895306, 'label_smoothing': 0.05}. Best is trial 115 with value: 0.6363181504485853.
Trial 128, Fold 1: Test Accuracy = 0.5105
Hyperparameters: num_heads=4, num_transformer_blocks=16, learning_rate=0.00023597681004269668, optimizer=Adam, weight_decay=0.0008726976596023714, batch_size=16,factor=1
Divergence detected. Stopping training after 10 epochs.
Early stopping at epoch 29
[I 2025-06-07 05:23:06,058] Trial 127 finished with value: 0.533756038647343 and parameters: {'num_heads': 2, 'num_transformer_blocks': 8, 'learning_rate': 0.001339432999303212, 'weight_decay': 0.00037287372215286, 'label_smoothing': 0.22}. Best is trial 115 with value: 0.6363181504485853.
Trial 127, Fold 1: Test Accuracy = 0.5338
Hyperparameters: num_heads=4, num_transformer_blocks=16, learning_rate=0.0007388076540564359, optimizer=Adam, weight_decay=6.567484084171686e-05, batch_size=16,factor=1
Divergence detected. Stopping training after 10 epochs.
Early stopping at epoch 12
[I 2025-06-07 05:23:14,714] Trial 130 finished with value: 0.5479554865424431 and parameters: {'num_heads': 4, 'num_transformer_blocks': 8, 'learning_rate': 0.00021757725523916479, 'weight_decay': 1.4317552701093831e-05, 'label_smoothing': 0.05}. Best is trial 115 with value: 0.6363181504485853.
Trial 130, Fold 1: Test Accuracy = 0.5480
Hyperparameters: num_heads=16, num_transformer_blocks=8, learning_rate=0.0009642562330633527, optimizer=Adam, weight_decay=0.00029367003744361174, batch_size=16,factor=1
Divergence detected. Stopping training after 10 epochs.
Early stopping at epoch 11
[I 2025-06-07 05:24:56,491] Trial 132 finished with value: 0.3333333333333333 and parameters: {'num_heads': 4, 'num_transformer_blocks': 16, 'learning_rate': 0.0007388076540564359, 'weight_decay': 6.567484084171686e-05, 'label_smoothing': 0.17}. Best is trial 115 with value: 0.6363181504485853.
Trial 132, Fold 1: Test Accuracy = 0.3333
Hyperparameters: num_heads=16, num_transformer_blocks=8, learning_rate=0.0009476862100850873, optimizer=Adam, weight_decay=0.00017741895931483323, batch_size=16,factor=1
Divergence detected. Stopping training after 10 epochs.
Early stopping at epoch 15
[I 2025-06-07 05:25:39,638] Trial 133 finished with value: 0.5622412008281573 and parameters: {'num_heads': 16, 'num_transformer_blocks': 8, 'learning_rate': 0.0009642562330633527, 'weight_decay': 0.00029367003744361174, 'label_smoothing': 0.17}. Best is trial 115 with value: 0.6363181504485853.
Trial 133, Fold 1: Test Accuracy = 0.5622
Hyperparameters: num_heads=16, num_transformer_blocks=8, learning_rate=0.0005222979357079563, optimizer=Adam, weight_decay=0.0008427027145774952, batch_size=16,factor=1
Divergence detected. Stopping training after 10 epochs.
Early stopping at epoch 26
Trial 131, Fold 1: Test Accuracy = 0.5455
[I 2025-06-07 05:25:49,434] Trial 131 finished with value: 0.5455227743271222 and parameters: {'num_heads': 4, 'num_transformer_blocks': 16, 'learning_rate': 0.00023597681004269668, 'weight_decay': 0.0008726976596023714, 'label_smoothing': 0.15}. Best is trial 115 with value: 0.6363181504485853.
Hyperparameters: num_heads=16, num_transformer_blocks=8, learning_rate=0.0005014026216021724, optimizer=Adam, weight_decay=0.00021943394687670215, batch_size=16,factor=1
Divergence detected. Stopping training after 10 epochs.
Early stopping at epoch 13
[I 2025-06-07 05:26:58,342] Trial 134 finished with value: 0.5566338854382332 and parameters: {'num_heads': 16, 'num_transformer_blocks': 8, 'learning_rate': 0.0009476862100850873, 'weight_decay': 0.00017741895931483323, 'label_smoothing': 0.15}. Best is trial 115 with value: 0.6363181504485853.
Trial 134, Fold 1: Test Accuracy = 0.5566
Hyperparameters: num_heads=16, num_transformer_blocks=8, learning_rate=0.0006444211704037813, optimizer=Adam, weight_decay=0.00023300939741798923, batch_size=16,factor=1
Divergence detected. Stopping training after 10 epochs.
Early stopping at epoch 12
Trial 135, Fold 1: Test Accuracy = 0.5241
[I 2025-06-07 05:27:31,167] Trial 135 finished with value: 0.5240942028985507 and parameters: {'num_heads': 16, 'num_transformer_blocks': 8, 'learning_rate': 0.0005222979357079563, 'weight_decay': 0.0008427027145774952, 'label_smoothing': 0.15}. Best is trial 115 with value: 0.6363181504485853.
Hyperparameters: num_heads=2, num_transformer_blocks=8, learning_rate=0.004583673852668746, optimizer=Adam, weight_decay=0.0005779582302236364, batch_size=16,factor=1
Divergence detected. Stopping training after 10 epochs.
Early stopping at epoch 16
[I 2025-06-07 05:28:17,398] Trial 136 finished with value: 0.5779071773636991 and parameters: {'num_heads': 16, 'num_transformer_blocks': 8, 'learning_rate': 0.0005014026216021724, 'weight_decay': 0.00021943394687670215, 'label_smoothing': 0.19}. Best is trial 115 with value: 0.6363181504485853.
Trial 136, Fold 1: Test Accuracy = 0.5779
Hyperparameters: num_heads=2, num_transformer_blocks=8, learning_rate=0.0024398300634119754, optimizer=Adam, weight_decay=0.0005778091838575165, batch_size=16,factor=1
Divergence detected. Stopping training after 10 epochs.
Early stopping at epoch 21
[I 2025-06-07 05:30:17,553] Trial 137 finished with value: 0.5394927536231884 and parameters: {'num_heads': 16, 'num_transformer_blocks': 8, 'learning_rate': 0.0006444211704037813, 'weight_decay': 0.00023300939741798923, 'label_smoothing': 0.21}. Best is trial 115 with value: 0.6363181504485853.
Trial 137, Fold 1: Test Accuracy = 0.5395
Hyperparameters: num_heads=2, num_transformer_blocks=8, learning_rate=0.0025385109734462185, optimizer=Adam, weight_decay=0.0005905440182849659, batch_size=16,factor=1
Divergence detected. Stopping training after 10 epochs.
Early stopping at epoch 20
Trial 138, Fold 1: Test Accuracy = 0.3333
[I 2025-06-07 05:30:32,783] Trial 138 finished with value: 0.3333333333333333 and parameters: {'num_heads': 2, 'num_transformer_blocks': 8, 'learning_rate': 0.004583673852668746, 'weight_decay': 0.0005779582302236364, 'label_smoothing': 0.02}. Best is trial 115 with value: 0.6363181504485853.
Hyperparameters: num_heads=8, num_transformer_blocks=8, learning_rate=0.0024435957513490062, optimizer=Adam, weight_decay=0.00032084463091588435, batch_size=16,factor=1
[I 2025-06-07 05:32:34,849] Trial 139 finished with value: 0.5517857142857143 and parameters: {'num_heads': 2, 'num_transformer_blocks': 8, 'learning_rate': 0.0024398300634119754, 'weight_decay': 0.0005778091838575165, 'label_smoothing': 0.16}. Best is trial 115 with value: 0.6363181504485853.
Trial 139, Fold 1: Test Accuracy = 0.5518
Hyperparameters: num_heads=8, num_transformer_blocks=8, learning_rate=0.0002964294422277012, optimizer=Adam, weight_decay=0.0007090119353904357, batch_size=16,factor=1
Divergence detected. Stopping training after 10 epochs.
Early stopping at epoch 23
[I 2025-06-07 05:33:57,819] Trial 141 finished with value: 0.42801932367149753 and parameters: {'num_heads': 8, 'num_transformer_blocks': 8, 'learning_rate': 0.0024435957513490062, 'weight_decay': 0.00032084463091588435, 'label_smoothing': 0.06}. Best is trial 115 with value: 0.6363181504485853.
Trial 141, Fold 1: Test Accuracy = 0.4280
Hyperparameters: num_heads=8, num_transformer_blocks=4, learning_rate=0.00031254770456495563, optimizer=Adam, weight_decay=0.000997282862214272, batch_size=16,factor=1
Divergence detected. Stopping training after 10 epochs.
Early stopping at epoch 10
Trial 142, Fold 1: Test Accuracy = 0.5797
[I 2025-06-07 05:34:12,566] Trial 142 finished with value: 0.5796670117322291 and parameters: {'num_heads': 8, 'num_transformer_blocks': 8, 'learning_rate': 0.0002964294422277012, 'weight_decay': 0.0007090119353904357, 'label_smoothing': 0.06}. Best is trial 115 with value: 0.6363181504485853.
Hyperparameters: num_heads=8, num_transformer_blocks=4, learning_rate=0.0012386226690798176, optimizer=Adam, weight_decay=0.0007853236134369691, batch_size=16,factor=1
Trial 140, Fold 1: Test Accuracy = 0.5576
[I 2025-06-07 05:34:32,334] Trial 140 finished with value: 0.5575914423740511 and parameters: {'num_heads': 2, 'num_transformer_blocks': 8, 'learning_rate': 0.0025385109734462185, 'weight_decay': 0.0005905440182849659, 'label_smoothing': 0.02}. Best is trial 115 with value: 0.6363181504485853.
Hyperparameters: num_heads=8, num_transformer_blocks=4, learning_rate=0.0012727785101787467, optimizer=Adam, weight_decay=0.0007740944429064555, batch_size=16,factor=1
Divergence detected. Stopping training after 10 epochs.
Early stopping at epoch 12
Trial 143, Fold 1: Test Accuracy = 0.5327
[I 2025-06-07 05:35:49,778] Trial 143 finished with value: 0.532651828847481 and parameters: {'num_heads': 8, 'num_transformer_blocks': 4, 'learning_rate': 0.00031254770456495563, 'weight_decay': 0.000997282862214272, 'label_smoothing': 0.11}. Best is trial 115 with value: 0.6363181504485853.
Hyperparameters: num_heads=8, num_transformer_blocks=4, learning_rate=0.0013960623783174826, optimizer=Adam, weight_decay=0.0007725261928301675, batch_size=16,factor=1
Divergence detected. Stopping training after 10 epochs.
Early stopping at epoch 13
Divergence detected. Stopping training after 10 epochs.
Early stopping at epoch 10
[I 2025-06-07 05:36:04,470] Trial 144 finished with value: 0.5637681159420289 and parameters: {'num_heads': 8, 'num_transformer_blocks': 4, 'learning_rate': 0.0012386226690798176, 'weight_decay': 0.0007853236134369691, 'label_smoothing': 0.13}. Best is trial 115 with value: 0.6363181504485853.
Trial 144, Fold 1: Test Accuracy = 0.5638
Hyperparameters: num_heads=8, num_transformer_blocks=8, learning_rate=0.0007228764175955534, optimizer=Adam, weight_decay=0.0007140671314593801, batch_size=16,factor=1
[I 2025-06-07 05:36:05,148] Trial 145 finished with value: 0.5099465148378192 and parameters: {'num_heads': 8, 'num_transformer_blocks': 4, 'learning_rate': 0.0012727785101787467, 'weight_decay': 0.0007740944429064555, 'label_smoothing': 0.13}. Best is trial 115 with value: 0.6363181504485853.
Trial 145, Fold 1: Test Accuracy = 0.5099
Hyperparameters: num_heads=32, num_transformer_blocks=8, learning_rate=0.0007840538058388696, optimizer=Adam, weight_decay=0.0008814977503519273, batch_size=16,factor=1
Divergence detected. Stopping training after 10 epochs.
Early stopping at epoch 14
Trial 147, Fold 1: Test Accuracy = 0.5130
[I 2025-06-07 05:38:13,438] Trial 147 finished with value: 0.5129830917874396 and parameters: {'num_heads': 8, 'num_transformer_blocks': 8, 'learning_rate': 0.0007228764175955534, 'weight_decay': 0.0007140671314593801, 'label_smoothing': 0.12}. Best is trial 115 with value: 0.6363181504485853.
Hyperparameters: num_heads=32, num_transformer_blocks=8, learning_rate=0.000421190510203952, optimizer=Adam, weight_decay=4.503490958592882e-05, batch_size=16,factor=1
Divergence detected. Stopping training after 10 epochs.
Early stopping at epoch 20
Divergence detected. Stopping training after 10 epochs.
Early stopping at epoch 18
Trial 146, Fold 1: Test Accuracy = 0.5157
[I 2025-06-07 05:38:45,776] Trial 146 finished with value: 0.5156918564527261 and parameters: {'num_heads': 8, 'num_transformer_blocks': 4, 'learning_rate': 0.0013960623783174826, 'weight_decay': 0.0007725261928301675, 'label_smoothing': 0.12}. Best is trial 115 with value: 0.6363181504485853.
Hyperparameters: num_heads=32, num_transformer_blocks=8, learning_rate=0.0004289631955027343, optimizer=Adam, weight_decay=0.0009019284606442918, batch_size=16,factor=1
[I 2025-06-07 05:38:47,640] Trial 148 finished with value: 0.5432194616977225 and parameters: {'num_heads': 32, 'num_transformer_blocks': 8, 'learning_rate': 0.0007840538058388696, 'weight_decay': 0.0008814977503519273, 'label_smoothing': 0.0}. Best is trial 115 with value: 0.6363181504485853.
Trial 148, Fold 1: Test Accuracy = 0.5432
Hyperparameters: num_heads=32, num_transformer_blocks=8, learning_rate=4.1472288326995033e-07, optimizer=Adam, weight_decay=0.00044034316353605194, batch_size=16,factor=1
Divergence detected. Stopping training after 10 epochs.
Early stopping at epoch 13
[I 2025-06-07 05:40:58,796] Trial 150 finished with value: 0.5609817115251898 and parameters: {'num_heads': 32, 'num_transformer_blocks': 8, 'learning_rate': 0.0004289631955027343, 'weight_decay': 0.0009019284606442918, 'label_smoothing': 0.0}. Best is trial 115 with value: 0.6363181504485853.
Trial 150, Fold 1: Test Accuracy = 0.5610
Hyperparameters: num_heads=2, num_transformer_blocks=8, learning_rate=0.0016725059979557505, optimizer=Adam, weight_decay=4.399224417717411e-05, batch_size=16,factor=1
Divergence detected. Stopping training after 10 epochs.
Early stopping at epoch 18
