[I 2025-06-07 03:54:51,397] Trial 36 finished with value: 0.5754399585921325 and parameters: {'num_heads': 8, 'num_transformer_blocks': 4, 'learning_rate': 0.00035553611922423275, 'weight_decay': 4.708320015876209e-05, 'label_smoothing': 0.1}. Best is trial 34 with value: 0.6118616287094548.
Trial 36, Fold 1: Test Accuracy = 0.5754
Hyperparameters: num_heads=2, num_transformer_blocks=8, learning_rate=0.0012113149113729216, optimizer=Adam, weight_decay=8.052329066574114e-05, batch_size=16,factor=1
Divergence detected. Stopping training after 10 epochs.
Early stopping at epoch 13
[I 2025-06-07 03:55:40,013] Trial 37 finished with value: 0.5409851621808144 and parameters: {'num_heads': 2, 'num_transformer_blocks': 8, 'learning_rate': 0.0002766104192159226, 'weight_decay': 0.0009355824849813596, 'label_smoothing': 0.1}. Best is trial 34 with value: 0.6118616287094548.
Trial 37, Fold 1: Test Accuracy = 0.5410
Hyperparameters: num_heads=32, num_transformer_blocks=32, learning_rate=0.0010895253658943058, optimizer=Adam, weight_decay=0.0002793700947804259, batch_size=16,factor=1
Divergence detected. Stopping training after 10 epochs.
Early stopping at epoch 13
[I 2025-06-07 03:55:48,546] Trial 38 finished with value: 0.5482660455486542 and parameters: {'num_heads': 2, 'num_transformer_blocks': 8, 'learning_rate': 0.0010719128869866538, 'weight_decay': 0.0008373757542341069, 'label_smoothing': 0.07}. Best is trial 34 with value: 0.6118616287094548.
Trial 38, Fold 1: Test Accuracy = 0.5483
Hyperparameters: num_heads=32, num_transformer_blocks=32, learning_rate=2.3437052345013164e-07, optimizer=Adam, weight_decay=0.000317478065045504, batch_size=16,factor=1
Divergence detected. Stopping training after 10 epochs.
Early stopping at epoch 14
[I 2025-06-07 03:56:56,212] Trial 39 finished with value: 0.6028985507246377 and parameters: {'num_heads': 2, 'num_transformer_blocks': 8, 'learning_rate': 0.0012113149113729216, 'weight_decay': 8.052329066574114e-05, 'label_smoothing': 0.18}. Best is trial 34 with value: 0.6118616287094548.
Trial 39, Fold 1: Test Accuracy = 0.6029
Hyperparameters: num_heads=2, num_transformer_blocks=8, learning_rate=0.005273273524437187, optimizer=Adam, weight_decay=0.0002834391183132102, batch_size=16,factor=1
Divergence detected. Stopping training after 10 epochs.
Early stopping at epoch 10
[I 2025-06-07 03:57:51,788] Trial 40 finished with value: 0.3333333333333333 and parameters: {'num_heads': 32, 'num_transformer_blocks': 32, 'learning_rate': 0.0010895253658943058, 'weight_decay': 0.0002793700947804259, 'label_smoothing': 0.03}. Best is trial 34 with value: 0.6118616287094548.
Trial 40, Fold 1: Test Accuracy = 0.3333
Hyperparameters: num_heads=2, num_transformer_blocks=8, learning_rate=0.00010006448070595301, optimizer=Adam, weight_decay=7.810288021190653e-05, batch_size=16,factor=1
Divergence detected. Stopping training after 10 epochs.
Early stopping at epoch 10
[I 2025-06-07 03:58:21,505] Trial 42 finished with value: 0.3333333333333333 and parameters: {'num_heads': 2, 'num_transformer_blocks': 8, 'learning_rate': 0.005273273524437187, 'weight_decay': 0.0002834391183132102, 'label_smoothing': 0.21}. Best is trial 34 with value: 0.6118616287094548.
Trial 42, Fold 1: Test Accuracy = 0.3333
Hyperparameters: num_heads=2, num_transformer_blocks=8, learning_rate=0.00012101883543775915, optimizer=Adam, weight_decay=7.589675101073069e-05, batch_size=16,factor=1
Divergence detected. Stopping training after 10 epochs.
Early stopping at epoch 10
[I 2025-06-07 03:58:33,373] Trial 41 finished with value: 0.28915631469979297 and parameters: {'num_heads': 32, 'num_transformer_blocks': 32, 'learning_rate': 2.3437052345013164e-07, 'weight_decay': 0.000317478065045504, 'label_smoothing': 0.19}. Best is trial 34 with value: 0.6118616287094548.
Trial 41, Fold 1: Test Accuracy = 0.2892
Hyperparameters: num_heads=2, num_transformer_blocks=8, learning_rate=9.111205286994366e-05, optimizer=Adam, weight_decay=0.00011441692669912339, batch_size=16,factor=1
Divergence detected. Stopping training after 10 epochs.
Early stopping at epoch 15
[I 2025-06-07 04:00:08,628] Trial 43 finished with value: 0.5041062801932368 and parameters: {'num_heads': 2, 'num_transformer_blocks': 8, 'learning_rate': 0.00010006448070595301, 'weight_decay': 7.810288021190653e-05, 'label_smoothing': 0.19}. Best is trial 34 with value: 0.6118616287094548.
Trial 43, Fold 1: Test Accuracy = 0.5041
Hyperparameters: num_heads=16, num_transformer_blocks=8, learning_rate=0.0015797472366093715, optimizer=Adam, weight_decay=0.00013056879229514986, batch_size=16,factor=1
Divergence detected. Stopping training after 10 epochs.
Early stopping at epoch 19
[I 2025-06-07 04:01:26,624] Trial 45 finished with value: 0.5541839199447894 and parameters: {'num_heads': 2, 'num_transformer_blocks': 8, 'learning_rate': 9.111205286994366e-05, 'weight_decay': 0.00011441692669912339, 'label_smoothing': 0.18}. Best is trial 34 with value: 0.6118616287094548.
Trial 45, Fold 1: Test Accuracy = 0.5542
Hyperparameters: num_heads=16, num_transformer_blocks=8, learning_rate=0.0016411479279561175, optimizer=Adam, weight_decay=0.000499048292285542, batch_size=16,factor=1
Divergence detected. Stopping training after 10 epochs.
Early stopping at epoch 21
[I 2025-06-07 04:01:34,278] Trial 44 finished with value: 0.5687888198757763 and parameters: {'num_heads': 2, 'num_transformer_blocks': 8, 'learning_rate': 0.00012101883543775915, 'weight_decay': 7.589675101073069e-05, 'label_smoothing': 0.18}. Best is trial 34 with value: 0.6118616287094548.
Trial 44, Fold 1: Test Accuracy = 0.5688
Hyperparameters: num_heads=16, num_transformer_blocks=8, learning_rate=0.0016027088091020924, optimizer=Adam, weight_decay=0.0005793660417232437, batch_size=16,factor=1
Divergence detected. Stopping training after 10 epochs.
Early stopping at epoch 16
[I 2025-06-07 04:02:38,452] Trial 46 finished with value: 0.3333333333333333 and parameters: {'num_heads': 16, 'num_transformer_blocks': 8, 'learning_rate': 0.0015797472366093715, 'weight_decay': 0.00013056879229514986, 'label_smoothing': 0.17}. Best is trial 34 with value: 0.6118616287094548.
Trial 46, Fold 1: Test Accuracy = 0.3333
Hyperparameters: num_heads=8, num_transformer_blocks=2, learning_rate=0.004556165938009941, optimizer=Adam, weight_decay=0.0005104532914537137, batch_size=16,factor=1
Divergence detected. Stopping training after 10 epochs.
Early stopping at epoch 19
[I 2025-06-07 04:04:39,051] Trial 47 finished with value: 0.5686766735679779 and parameters: {'num_heads': 16, 'num_transformer_blocks': 8, 'learning_rate': 0.0016411479279561175, 'weight_decay': 0.000499048292285542, 'label_smoothing': 0.23}. Best is trial 34 with value: 0.6118616287094548.
Trial 47, Fold 1: Test Accuracy = 0.5687
Hyperparameters: num_heads=8, num_transformer_blocks=2, learning_rate=0.005554460706255462, optimizer=Adam, weight_decay=0.00017228974072002658, batch_size=16,factor=1
Divergence detected. Stopping training after 10 epochs.
Early stopping at epoch 21
[I 2025-06-07 04:04:59,695] Trial 48 finished with value: 0.6074534161490683 and parameters: {'num_heads': 16, 'num_transformer_blocks': 8, 'learning_rate': 0.0016027088091020924, 'weight_decay': 0.0005793660417232437, 'label_smoothing': 0.23}. Best is trial 34 with value: 0.6118616287094548.
Trial 48, Fold 1: Test Accuracy = 0.6075
Hyperparameters: num_heads=16, num_transformer_blocks=2, learning_rate=0.004503952402515313, optimizer=Adam, weight_decay=0.00019387123770776775, batch_size=16,factor=1
Divergence detected. Stopping training after 10 epochs.
Early stopping at epoch 27
Trial 49, Fold 1: Test Accuracy = 0.5644
[I 2025-06-07 04:06:04,576] Trial 49 finished with value: 0.5643978605935128 and parameters: {'num_heads': 8, 'num_transformer_blocks': 2, 'learning_rate': 0.004556165938009941, 'weight_decay': 0.0005104532914537137, 'label_smoothing': 0.22}. Best is trial 34 with value: 0.6118616287094548.
Hyperparameters: num_heads=16, num_transformer_blocks=8, learning_rate=0.0009717468885202335, optimizer=Adam, weight_decay=0.00019960048875707157, batch_size=16,factor=1
Divergence detected. Stopping training after 10 epochs.
Early stopping at epoch 10
[I 2025-06-07 04:06:14,291] Trial 50 finished with value: 0.3333333333333333 and parameters: {'num_heads': 8, 'num_transformer_blocks': 2, 'learning_rate': 0.005554460706255462, 'weight_decay': 0.00017228974072002658, 'label_smoothing': 0.14}. Best is trial 34 with value: 0.6118616287094548.
Trial 50, Fold 1: Test Accuracy = 0.3333
Hyperparameters: num_heads=16, num_transformer_blocks=8, learning_rate=0.0006750851107437723, optimizer=Adam, weight_decay=0.0009599759058827069, batch_size=16,factor=1
Divergence detected. Stopping training after 10 epochs.
Early stopping at epoch 14
Trial 51, Fold 1: Test Accuracy = 0.5630
[I 2025-06-07 04:06:59,565] Trial 51 finished with value: 0.5629917184265011 and parameters: {'num_heads': 16, 'num_transformer_blocks': 2, 'learning_rate': 0.004503952402515313, 'weight_decay': 0.00019387123770776775, 'label_smoothing': 0.29}. Best is trial 34 with value: 0.6118616287094548.
Hyperparameters: num_heads=16, num_transformer_blocks=8, learning_rate=0.0008924729479663604, optimizer=Adam, weight_decay=2.519083672994837e-05, batch_size=16,factor=1
Divergence detected. Stopping training after 10 epochs.
Early stopping at epoch 14
[I 2025-06-07 04:08:29,405] Trial 53 finished with value: 0.5711093857832988 and parameters: {'num_heads': 16, 'num_transformer_blocks': 8, 'learning_rate': 0.0006750851107437723, 'weight_decay': 0.0009599759058827069, 'label_smoothing': 0.28}. Best is trial 34 with value: 0.6118616287094548.
Trial 53, Fold 1: Test Accuracy = 0.5711
Hyperparameters: num_heads=16, num_transformer_blocks=32, learning_rate=0.000702020796401536, optimizer=Adam, weight_decay=0.00045166747356197126, batch_size=16,factor=1
Divergence detected. Stopping training after 10 epochs.
Early stopping at epoch 17
[I 2025-06-07 04:08:40,374] Trial 52 finished with value: 0.5723861283643893 and parameters: {'num_heads': 16, 'num_transformer_blocks': 8, 'learning_rate': 0.0009717468885202335, 'weight_decay': 0.00019960048875707157, 'label_smoothing': 0.28}. Best is trial 34 with value: 0.6118616287094548.
Trial 52, Fold 1: Test Accuracy = 0.5724
Hyperparameters: num_heads=8, num_transformer_blocks=32, learning_rate=0.00025975133280326944, optimizer=Adam, weight_decay=0.0004408756816541176, batch_size=16,factor=1
Divergence detected. Stopping training after 10 epochs.
Early stopping at epoch 18
[I 2025-06-07 04:09:43,753] Trial 54 finished with value: 0.5644409937888198 and parameters: {'num_heads': 16, 'num_transformer_blocks': 8, 'learning_rate': 0.0008924729479663604, 'weight_decay': 2.519083672994837e-05, 'label_smoothing': 0.28}. Best is trial 34 with value: 0.6118616287094548.
Trial 54, Fold 1: Test Accuracy = 0.5644
Hyperparameters: num_heads=8, num_transformer_blocks=32, learning_rate=2.898045909375708e-05, optimizer=Adam, weight_decay=0.000458144481524508, batch_size=16,factor=1
Divergence detected. Stopping training after 10 epochs.
Early stopping at epoch 13
[I 2025-06-07 04:11:00,872] Trial 56 finished with value: 0.35962732919254664 and parameters: {'num_heads': 8, 'num_transformer_blocks': 32, 'learning_rate': 0.00025975133280326944, 'weight_decay': 0.0004408756816541176, 'label_smoothing': 0.25}. Best is trial 34 with value: 0.6118616287094548.
Trial 56, Fold 1: Test Accuracy = 0.3596
Hyperparameters: num_heads=32, num_transformer_blocks=4, learning_rate=2.9794647360037446e-05, optimizer=Adam, weight_decay=0.000648853311788361, batch_size=16,factor=1
Divergence detected. Stopping training after 10 epochs.
Early stopping at epoch 20
[I 2025-06-07 04:13:02,221] Trial 55 finished with value: 0.4791407867494824 and parameters: {'num_heads': 16, 'num_transformer_blocks': 32, 'learning_rate': 0.000702020796401536, 'weight_decay': 0.00045166747356197126, 'label_smoothing': 0.25}. Best is trial 34 with value: 0.6118616287094548.
Trial 55, Fold 1: Test Accuracy = 0.4791
Hyperparameters: num_heads=32, num_transformer_blocks=4, learning_rate=2.5757551024318328e-05, optimizer=Adam, weight_decay=0.0006825762242840879, batch_size=16,factor=1
[I 2025-06-07 04:14:27,506] Trial 58 finished with value: 0.5192028985507245 and parameters: {'num_heads': 32, 'num_transformer_blocks': 4, 'learning_rate': 2.9794647360037446e-05, 'weight_decay': 0.000648853311788361, 'label_smoothing': 0.11}. Best is trial 34 with value: 0.6118616287094548.
Trial 58, Fold 1: Test Accuracy = 0.5192
Hyperparameters: num_heads=8, num_transformer_blocks=4, learning_rate=0.0025350966327799276, optimizer=Adam, weight_decay=5.533552488273726e-06, batch_size=16,factor=1
Trial 57, Fold 1: Test Accuracy = 0.5749
[I 2025-06-07 04:16:05,960] Trial 57 finished with value: 0.574896480331263 and parameters: {'num_heads': 8, 'num_transformer_blocks': 32, 'learning_rate': 2.898045909375708e-05, 'weight_decay': 0.000458144481524508, 'label_smoothing': 0.25}. Best is trial 34 with value: 0.6118616287094548.
Hyperparameters: num_heads=2, num_transformer_blocks=4, learning_rate=0.00019304902847804082, optimizer=Adam, weight_decay=5.5166937620730906e-06, batch_size=16,factor=1
Divergence detected. Stopping training after 10 epochs.
Early stopping at epoch 28
Trial 59, Fold 1: Test Accuracy = 0.5113
[I 2025-06-07 04:16:54,965] Trial 59 finished with value: 0.5112922705314009 and parameters: {'num_heads': 32, 'num_transformer_blocks': 4, 'learning_rate': 2.5757551024318328e-05, 'weight_decay': 0.0006825762242840879, 'label_smoothing': 0.11}. Best is trial 34 with value: 0.6118616287094548.
Hyperparameters: num_heads=2, num_transformer_blocks=16, learning_rate=0.00019026876418548218, optimizer=Adam, weight_decay=5.293584664959522e-06, batch_size=16,factor=1
Divergence detected. Stopping training after 10 epochs.
Early stopping at epoch 19
[I 2025-06-07 04:17:02,248] Trial 60 finished with value: 0.3333333333333333 and parameters: {'num_heads': 8, 'num_transformer_blocks': 4, 'learning_rate': 0.0025350966327799276, 'weight_decay': 5.533552488273726e-06, 'label_smoothing': 0.15}. Best is trial 34 with value: 0.6118616287094548.
Trial 60, Fold 1: Test Accuracy = 0.3333
Hyperparameters: num_heads=8, num_transformer_blocks=4, learning_rate=0.0002360790859669477, optimizer=Adam, weight_decay=4.751914601620292e-05, batch_size=16,factor=1
Divergence detected. Stopping training after 10 epochs.
Early stopping at epoch 14
[I 2025-06-07 04:17:57,841] Trial 61 finished with value: 0.5624482401656316 and parameters: {'num_heads': 2, 'num_transformer_blocks': 4, 'learning_rate': 0.00019304902847804082, 'weight_decay': 5.5166937620730906e-06, 'label_smoothing': 0.15}. Best is trial 34 with value: 0.6118616287094548.
Trial 61, Fold 1: Test Accuracy = 0.5624
Hyperparameters: num_heads=8, num_transformer_blocks=4, learning_rate=0.0003702299514840808, optimizer=Adam, weight_decay=4.1162653148658154e-05, batch_size=16,factor=1
Divergence detected. Stopping training after 10 epochs.
Early stopping at epoch 15
Trial 63, Fold 1: Test Accuracy = 0.5215
[I 2025-06-07 04:19:00,151] Trial 63 finished with value: 0.5214889579020013 and parameters: {'num_heads': 8, 'num_transformer_blocks': 4, 'learning_rate': 0.0002360790859669477, 'weight_decay': 4.751914601620292e-05, 'label_smoothing': 0.09}. Best is trial 34 with value: 0.6118616287094548.
Hyperparameters: num_heads=8, num_transformer_blocks=4, learning_rate=0.0003955574842703238, optimizer=Adam, weight_decay=5.797035867079819e-05, batch_size=16,factor=1
Divergence detected. Stopping training after 10 epochs.
Early stopping at epoch 11
[I 2025-06-07 04:19:30,044] Trial 64 finished with value: 0.5464113181504485 and parameters: {'num_heads': 8, 'num_transformer_blocks': 4, 'learning_rate': 0.0003702299514840808, 'weight_decay': 4.1162653148658154e-05, 'label_smoothing': 0.13}. Best is trial 34 with value: 0.6118616287094548.
Trial 64, Fold 1: Test Accuracy = 0.5464
Hyperparameters: num_heads=8, num_transformer_blocks=4, learning_rate=0.0004579298071287775, optimizer=Adam, weight_decay=5.6222613606728604e-05, batch_size=16,factor=1
Divergence detected. Stopping training after 10 epochs.
Early stopping at epoch 19
Divergence detected. Stopping training after 10 epochs.
Early stopping at epoch 15
Trial 62, Fold 1: Test Accuracy = 0.5235
[I 2025-06-07 04:20:59,644] Trial 62 finished with value: 0.5234558316080055 and parameters: {'num_heads': 2, 'num_transformer_blocks': 16, 'learning_rate': 0.00019026876418548218, 'weight_decay': 5.293584664959522e-06, 'label_smoothing': 0.15}. Best is trial 34 with value: 0.6118616287094548.
Hyperparameters: num_heads=8, num_transformer_blocks=4, learning_rate=0.00044600103529455343, optimizer=Adam, weight_decay=1.172020136613905e-05, batch_size=16,factor=1
[I 2025-06-07 04:21:01,624] Trial 65 finished with value: 0.6025879917184266 and parameters: {'num_heads': 8, 'num_transformer_blocks': 4, 'learning_rate': 0.0003955574842703238, 'weight_decay': 5.797035867079819e-05, 'label_smoothing': 0.13}. Best is trial 34 with value: 0.6118616287094548.
Trial 65, Fold 1: Test Accuracy = 0.6026
Hyperparameters: num_heads=4, num_transformer_blocks=4, learning_rate=0.00046744400834229324, optimizer=Adam, weight_decay=5.915913796331742e-05, batch_size=16,factor=1
Divergence detected. Stopping training after 10 epochs.
Early stopping at epoch 13
Trial 66, Fold 1: Test Accuracy = 0.5704
[I 2025-06-07 04:21:17,514] Trial 66 finished with value: 0.5703761214630779 and parameters: {'num_heads': 8, 'num_transformer_blocks': 4, 'learning_rate': 0.0004579298071287775, 'weight_decay': 5.6222613606728604e-05, 'label_smoothing': 0.07}. Best is trial 34 with value: 0.6118616287094548.
Hyperparameters: num_heads=4, num_transformer_blocks=4, learning_rate=0.008330494828181509, optimizer=Adam, weight_decay=1.1052539811883756e-05, batch_size=16,factor=1
Divergence detected. Stopping training after 10 epochs.
Early stopping at epoch 14
Divergence detected. Stopping training after 10 epochs.
Early stopping at epoch 15
[I 2025-06-07 04:23:06,399] Trial 68 finished with value: 0.5150879917184265 and parameters: {'num_heads': 4, 'num_transformer_blocks': 4, 'learning_rate': 0.00046744400834229324, 'weight_decay': 5.915913796331742e-05, 'label_smoothing': 0.13}. Best is trial 34 with value: 0.6118616287094548.
Trial 68, Fold 1: Test Accuracy = 0.5151
Hyperparameters: num_heads=8, num_transformer_blocks=4, learning_rate=1.0538848453623493e-05, optimizer=Adam, weight_decay=9.47783516125397e-06, batch_size=16,factor=1
Trial 67, Fold 1: Test Accuracy = 0.5602
[I 2025-06-07 04:23:07,454] Trial 67 finished with value: 0.5602311939268462 and parameters: {'num_heads': 8, 'num_transformer_blocks': 4, 'learning_rate': 0.00044600103529455343, 'weight_decay': 1.172020136613905e-05, 'label_smoothing': 0.07}. Best is trial 34 with value: 0.6118616287094548.
Hyperparameters: num_heads=4, num_transformer_blocks=8, learning_rate=1.0889140369246654e-05, optimizer=Adam, weight_decay=3.361433641347365e-05, batch_size=16,factor=1
Divergence detected. Stopping training after 10 epochs.
Early stopping at epoch 17
[I 2025-06-07 04:23:42,902] Trial 69 finished with value: 0.3333333333333333 and parameters: {'num_heads': 4, 'num_transformer_blocks': 4, 'learning_rate': 0.008330494828181509, 'weight_decay': 1.1052539811883756e-05, 'label_smoothing': 0.12}. Best is trial 34 with value: 0.6118616287094548.
Trial 69, Fold 1: Test Accuracy = 0.3333
Hyperparameters: num_heads=8, num_transformer_blocks=8, learning_rate=0.001341440939281883, optimizer=Adam, weight_decay=3.075875814692891e-05, batch_size=16,factor=1
Divergence detected. Stopping training after 10 epochs.
Early stopping at epoch 10
Trial 72, Fold 1: Test Accuracy = 0.3333
[I 2025-06-07 04:25:21,410] Trial 72 finished with value: 0.3333333333333333 and parameters: {'num_heads': 8, 'num_transformer_blocks': 8, 'learning_rate': 0.001341440939281883, 'weight_decay': 3.075875814692891e-05, 'label_smoothing': 0.11}. Best is trial 34 with value: 0.6118616287094548.
Hyperparameters: num_heads=8, num_transformer_blocks=4, learning_rate=0.0006143905285063188, optimizer=Adam, weight_decay=2.9375746751647605e-05, batch_size=16,factor=1
Trial 70, Fold 1: Test Accuracy = 0.5127
[I 2025-06-07 04:27:04,021] Trial 70 finished with value: 0.5127242926155969 and parameters: {'num_heads': 8, 'num_transformer_blocks': 4, 'learning_rate': 1.0538848453623493e-05, 'weight_decay': 9.47783516125397e-06, 'label_smoothing': 0.14}. Best is trial 34 with value: 0.6118616287094548.
Hyperparameters: num_heads=8, num_transformer_blocks=4, learning_rate=7.630496284641564e-05, optimizer=Adam, weight_decay=9.587380295967513e-05, batch_size=16,factor=1
Divergence detected. Stopping training after 10 epochs.
Early stopping at epoch 12
Trial 73, Fold 1: Test Accuracy = 0.5530
[I 2025-06-07 04:27:10,459] Trial 73 finished with value: 0.5529848171152519 and parameters: {'num_heads': 8, 'num_transformer_blocks': 4, 'learning_rate': 0.0006143905285063188, 'weight_decay': 2.9375746751647605e-05, 'label_smoothing': 0.1}. Best is trial 34 with value: 0.6118616287094548.
Hyperparameters: num_heads=8, num_transformer_blocks=4, learning_rate=7.834690823374799e-05, optimizer=Adam, weight_decay=9.214240815263158e-05, batch_size=16,factor=1
[I 2025-06-07 04:27:35,133] Trial 71 finished with value: 0.5025448585231194 and parameters: {'num_heads': 4, 'num_transformer_blocks': 8, 'learning_rate': 1.0889140369246654e-05, 'weight_decay': 3.361433641347365e-05, 'label_smoothing': 0.12}. Best is trial 34 with value: 0.6118616287094548.
Trial 71, Fold 1: Test Accuracy = 0.5025
Hyperparameters: num_heads=8, num_transformer_blocks=4, learning_rate=7.518972281097079e-05, optimizer=Adam, weight_decay=7.627531534728272e-05, batch_size=16,factor=1
Divergence detected. Stopping training after 10 epochs.
Early stopping at epoch 21
Trial 74, Fold 1: Test Accuracy = 0.5739
