[I 2025-06-07 04:30:03,087] Trial 74 finished with value: 0.5739475500345065 and parameters: {'num_heads': 8, 'num_transformer_blocks': 4, 'learning_rate': 7.630496284641564e-05, 'weight_decay': 9.587380295967513e-05, 'label_smoothing': 0.1}. Best is trial 34 with value: 0.6118616287094548.
Hyperparameters: num_heads=8, num_transformer_blocks=4, learning_rate=0.0019559961704302955, optimizer=Adam, weight_decay=0.0007819523424665492, batch_size=16,factor=1
Divergence detected. Stopping training after 10 epochs.
Early stopping at epoch 21
Trial 75, Fold 1: Test Accuracy = 0.5184
[I 2025-06-07 04:30:09,669] Trial 75 finished with value: 0.5184351276742581 and parameters: {'num_heads': 8, 'num_transformer_blocks': 4, 'learning_rate': 7.834690823374799e-05, 'weight_decay': 9.214240815263158e-05, 'label_smoothing': 0.09}. Best is trial 34 with value: 0.6118616287094548.
Hyperparameters: num_heads=8, num_transformer_blocks=16, learning_rate=0.000320646756303432, optimizer=Adam, weight_decay=0.0007444021356146928, batch_size=16,factor=1
Divergence detected. Stopping training after 10 epochs.
Early stopping at epoch 21
[I 2025-06-07 04:30:36,963] Trial 76 finished with value: 0.550388198757764 and parameters: {'num_heads': 8, 'num_transformer_blocks': 4, 'learning_rate': 7.518972281097079e-05, 'weight_decay': 7.627531534728272e-05, 'label_smoothing': 0.09}. Best is trial 34 with value: 0.6118616287094548.
Trial 76, Fold 1: Test Accuracy = 0.5504
Hyperparameters: num_heads=8, num_transformer_blocks=16, learning_rate=0.0020060938211906416, optimizer=Adam, weight_decay=1.9179602088318127e-05, batch_size=16,factor=1
Divergence detected. Stopping training after 10 epochs.
Early stopping at epoch 16
[I 2025-06-07 04:32:16,416] Trial 77 finished with value: 0.5781400966183575 and parameters: {'num_heads': 8, 'num_transformer_blocks': 4, 'learning_rate': 0.0019559961704302955, 'weight_decay': 0.0007819523424665492, 'label_smoothing': 0.08}. Best is trial 34 with value: 0.6118616287094548.
Trial 77, Fold 1: Test Accuracy = 0.5781
Hyperparameters: num_heads=8, num_transformer_blocks=8, learning_rate=0.0018973148891251617, optimizer=Adam, weight_decay=0.0007383850556356687, batch_size=16,factor=1
Divergence detected. Stopping training after 10 epochs.
Early stopping at epoch 10
[I 2025-06-07 04:32:27,846] Trial 79 finished with value: 0.3333333333333333 and parameters: {'num_heads': 8, 'num_transformer_blocks': 16, 'learning_rate': 0.0020060938211906416, 'weight_decay': 1.9179602088318127e-05, 'label_smoothing': 0.08}. Best is trial 34 with value: 0.6118616287094548.
Trial 79, Fold 1: Test Accuracy = 0.3333
Hyperparameters: num_heads=2, num_transformer_blocks=8, learning_rate=0.003103180718741511, optimizer=Adam, weight_decay=0.0007777848938983311, batch_size=16,factor=1
Divergence detected. Stopping training after 10 epochs.
Early stopping at epoch 17
[I 2025-06-07 04:32:55,681] Trial 78 finished with value: 0.5206176673567978 and parameters: {'num_heads': 8, 'num_transformer_blocks': 16, 'learning_rate': 0.000320646756303432, 'weight_decay': 0.0007444021356146928, 'label_smoothing': 0.14}. Best is trial 34 with value: 0.6118616287094548.
Trial 78, Fold 1: Test Accuracy = 0.5206
Hyperparameters: num_heads=2, num_transformer_blocks=8, learning_rate=0.003099012481348034, optimizer=Adam, weight_decay=0.0005897413494887618, batch_size=16,factor=1
Divergence detected. Stopping training after 10 epochs.
Early stopping at epoch 16
Divergence detected. Stopping training after 10 epochs.
Early stopping at epoch 17
[I 2025-06-07 04:34:52,921] Trial 81 finished with value: 0.5885179434092477 and parameters: {'num_heads': 2, 'num_transformer_blocks': 8, 'learning_rate': 0.003103180718741511, 'weight_decay': 0.0007777848938983311, 'label_smoothing': 0.06}. Best is trial 34 with value: 0.6118616287094548.
Trial 81, Fold 1: Test Accuracy = 0.5885
Hyperparameters: num_heads=2, num_transformer_blocks=8, learning_rate=0.006888715984126817, optimizer=Adam, weight_decay=0.0007850626689798364, batch_size=16,factor=1
[I 2025-06-07 04:34:54,822] Trial 80 finished with value: 0.5894064872325742 and parameters: {'num_heads': 8, 'num_transformer_blocks': 8, 'learning_rate': 0.0018973148891251617, 'weight_decay': 0.0007383850556356687, 'label_smoothing': 0.06}. Best is trial 34 with value: 0.6118616287094548.
Trial 80, Fold 1: Test Accuracy = 0.5894
Hyperparameters: num_heads=2, num_transformer_blocks=8, learning_rate=0.003311522961194348, optimizer=Adam, weight_decay=0.0005650200598864694, batch_size=16,factor=1
Divergence detected. Stopping training after 10 epochs.
Early stopping at epoch 16
[I 2025-06-07 04:35:26,286] Trial 82 finished with value: 0.33961352657004834 and parameters: {'num_heads': 2, 'num_transformer_blocks': 8, 'learning_rate': 0.003099012481348034, 'weight_decay': 0.0005897413494887618, 'label_smoothing': 0.06}. Best is trial 34 with value: 0.6118616287094548.
Trial 82, Fold 1: Test Accuracy = 0.3396
Hyperparameters: num_heads=2, num_transformer_blocks=8, learning_rate=0.0007971606155532714, optimizer=Adam, weight_decay=0.00033776763231264934, batch_size=16,factor=1
Divergence detected. Stopping training after 10 epochs.
Early stopping at epoch 11
[I 2025-06-07 04:36:36,980] Trial 83 finished with value: 0.3333333333333333 and parameters: {'num_heads': 2, 'num_transformer_blocks': 8, 'learning_rate': 0.006888715984126817, 'weight_decay': 0.0007850626689798364, 'label_smoothing': 0.06}. Best is trial 34 with value: 0.6118616287094548.
Trial 83, Fold 1: Test Accuracy = 0.3333
Hyperparameters: num_heads=2, num_transformer_blocks=8, learning_rate=0.0008196533938204881, optimizer=Adam, weight_decay=0.0009674378890685176, batch_size=16,factor=1
Divergence detected. Stopping training after 10 epochs.
Early stopping at epoch 13
[I 2025-06-07 04:37:25,173] Trial 85 finished with value: 0.5726535541752933 and parameters: {'num_heads': 2, 'num_transformer_blocks': 8, 'learning_rate': 0.0007971606155532714, 'weight_decay': 0.00033776763231264934, 'label_smoothing': 0.01}. Best is trial 34 with value: 0.6118616287094548.
Trial 85, Fold 1: Test Accuracy = 0.5727
Hyperparameters: num_heads=2, num_transformer_blocks=8, learning_rate=0.003052974333977749, optimizer=Adam, weight_decay=2.7350446809073175e-06, batch_size=16,factor=1
Divergence detected. Stopping training after 10 epochs.
Early stopping at epoch 10
[I 2025-06-07 04:39:04,128] Trial 87 finished with value: 0.3333333333333333 and parameters: {'num_heads': 2, 'num_transformer_blocks': 8, 'learning_rate': 0.003052974333977749, 'weight_decay': 2.7350446809073175e-06, 'label_smoothing': 0.03}. Best is trial 34 with value: 0.6118616287094548.
Trial 87, Fold 1: Test Accuracy = 0.3333
Hyperparameters: num_heads=16, num_transformer_blocks=8, learning_rate=0.0013696721515052846, optimizer=Adam, weight_decay=0.0009676440016847239, batch_size=16,factor=1
[I 2025-06-07 04:39:06,199] Trial 84 finished with value: 0.3333333333333333 and parameters: {'num_heads': 2, 'num_transformer_blocks': 8, 'learning_rate': 0.003311522961194348, 'weight_decay': 0.0005650200598864694, 'label_smoothing': 0.04}. Best is trial 34 with value: 0.6118616287094548.
Trial 84, Fold 1: Test Accuracy = 0.3333
Hyperparameters: num_heads=16, num_transformer_blocks=8, learning_rate=0.0014330672372184856, optimizer=Adam, weight_decay=0.0009301752830030605, batch_size=16,factor=1
Divergence detected. Stopping training after 10 epochs.
Early stopping at epoch 23
[I 2025-06-07 04:40:03,934] Trial 86 finished with value: 0.6113612836438923 and parameters: {'num_heads': 2, 'num_transformer_blocks': 8, 'learning_rate': 0.0008196533938204881, 'weight_decay': 0.0009674378890685176, 'label_smoothing': 0.16}. Best is trial 34 with value: 0.6118616287094548.
Trial 86, Fold 1: Test Accuracy = 0.6114
Hyperparameters: num_heads=2, num_transformer_blocks=8, learning_rate=0.0011918903172181614, optimizer=Adam, weight_decay=0.0008675128652544475, batch_size=16,factor=1
Divergence detected. Stopping training after 10 epochs.
Early stopping at epoch 18
[I 2025-06-07 04:41:44,565] Trial 88 finished with value: 0.6231193926846101 and parameters: {'num_heads': 16, 'num_transformer_blocks': 8, 'learning_rate': 0.0013696721515052846, 'weight_decay': 0.0009676440016847239, 'label_smoothing': 0.04}. Best is trial 88 with value: 0.6231193926846101.
Trial 88, Fold 1: Test Accuracy = 0.6231
Hyperparameters: num_heads=16, num_transformer_blocks=8, learning_rate=0.001788339418467752, optimizer=Adam, weight_decay=0.0003954872839987908, batch_size=16,factor=1
Divergence detected. Stopping training after 10 epochs.
Early stopping at epoch 19
[I 2025-06-07 04:42:02,018] Trial 89 finished with value: 0.572420634920635 and parameters: {'num_heads': 16, 'num_transformer_blocks': 8, 'learning_rate': 0.0014330672372184856, 'weight_decay': 0.0009301752830030605, 'label_smoothing': 0.16}. Best is trial 88 with value: 0.6231193926846101.
Trial 89, Fold 1: Test Accuracy = 0.5724
Hyperparameters: num_heads=16, num_transformer_blocks=8, learning_rate=0.0009370278022122844, optimizer=Adam, weight_decay=0.0002565007958395215, batch_size=16,factor=1
Divergence detected. Stopping training after 10 epochs.
Early stopping at epoch 19
[I 2025-06-07 04:42:57,456] Trial 90 finished with value: 0.582876121463078 and parameters: {'num_heads': 2, 'num_transformer_blocks': 8, 'learning_rate': 0.0011918903172181614, 'weight_decay': 0.0008675128652544475, 'label_smoothing': 0.16}. Best is trial 88 with value: 0.6231193926846101.
Trial 90, Fold 1: Test Accuracy = 0.5829
Hyperparameters: num_heads=16, num_transformer_blocks=8, learning_rate=0.0008620862768958992, optimizer=Adam, weight_decay=0.0002480151574183652, batch_size=16,factor=1
Divergence detected. Stopping training after 10 epochs.
Early stopping at epoch 12
[I 2025-06-07 04:44:10,743] Trial 92 finished with value: 0.5867753623188406 and parameters: {'num_heads': 16, 'num_transformer_blocks': 8, 'learning_rate': 0.0009370278022122844, 'weight_decay': 0.0002565007958395215, 'label_smoothing': 0.01}. Best is trial 88 with value: 0.6231193926846101.
Trial 92, Fold 1: Test Accuracy = 0.5868
Hyperparameters: num_heads=16, num_transformer_blocks=8, learning_rate=0.0007600000630185462, optimizer=Adam, weight_decay=0.0003934872705890018, batch_size=16,factor=1
Divergence detected. Stopping training after 10 epochs.
Early stopping at epoch 21
[I 2025-06-07 04:44:54,477] Trial 91 finished with value: 0.5093081435472739 and parameters: {'num_heads': 16, 'num_transformer_blocks': 8, 'learning_rate': 0.001788339418467752, 'weight_decay': 0.0003954872839987908, 'label_smoothing': 0.01}. Best is trial 88 with value: 0.6231193926846101.
Trial 91, Fold 1: Test Accuracy = 0.5093
Hyperparameters: num_heads=16, num_transformer_blocks=8, learning_rate=0.0008444256470758107, optimizer=Adam, weight_decay=0.0002463546124930509, batch_size=16,factor=1
Divergence detected. Stopping training after 10 epochs.
Early stopping at epoch 17
[I 2025-06-07 04:45:31,437] Trial 93 finished with value: 0.5767080745341615 and parameters: {'num_heads': 16, 'num_transformer_blocks': 8, 'learning_rate': 0.0008620862768958992, 'weight_decay': 0.0002480151574183652, 'label_smoothing': 0.02}. Best is trial 88 with value: 0.6231193926846101.
Trial 93, Fold 1: Test Accuracy = 0.5767
Hyperparameters: num_heads=16, num_transformer_blocks=8, learning_rate=3.411040949372564e-08, optimizer=Adam, weight_decay=0.0005161234630801609, batch_size=16,factor=1
Divergence detected. Stopping training after 10 epochs.
Early stopping at epoch 13
[I 2025-06-07 04:46:20,906] Trial 94 finished with value: 0.5451604554865425 and parameters: {'num_heads': 16, 'num_transformer_blocks': 8, 'learning_rate': 0.0007600000630185462, 'weight_decay': 0.0003934872705890018, 'label_smoothing': 0.01}. Best is trial 88 with value: 0.6231193926846101.
Trial 94, Fold 1: Test Accuracy = 0.5452
Hyperparameters: num_heads=16, num_transformer_blocks=8, learning_rate=0.004128186711992572, optimizer=Adam, weight_decay=0.0005394281562766647, batch_size=16,factor=1
Divergence detected. Stopping training after 10 epochs.
Early stopping at epoch 11
[I 2025-06-07 04:46:42,613] Trial 95 finished with value: 0.5456866804692891 and parameters: {'num_heads': 16, 'num_transformer_blocks': 8, 'learning_rate': 0.0008444256470758107, 'weight_decay': 0.0002463546124930509, 'label_smoothing': 0.03}. Best is trial 88 with value: 0.6231193926846101.
Trial 95, Fold 1: Test Accuracy = 0.5457
Hyperparameters: num_heads=16, num_transformer_blocks=8, learning_rate=0.004158375843827244, optimizer=Adam, weight_decay=0.000549331813267271, batch_size=16,factor=1
Divergence detected. Stopping training after 10 epochs.
Early stopping at epoch 18
[I 2025-06-07 04:49:10,585] Trial 97 finished with value: 0.3333333333333333 and parameters: {'num_heads': 16, 'num_transformer_blocks': 8, 'learning_rate': 0.004128186711992572, 'weight_decay': 0.0005394281562766647, 'label_smoothing': 0.04}. Best is trial 88 with value: 0.6231193926846101.
Trial 97, Fold 1: Test Accuracy = 0.3333
Hyperparameters: num_heads=16, num_transformer_blocks=8, learning_rate=2.409101702901767e-08, optimizer=Adam, weight_decay=0.0007039295434497356, batch_size=16,factor=1
[I 2025-06-07 04:49:50,329] Trial 96 finished with value: 0.3333333333333333 and parameters: {'num_heads': 16, 'num_transformer_blocks': 8, 'learning_rate': 3.411040949372564e-08, 'weight_decay': 0.0005161234630801609, 'label_smoothing': 0.0}. Best is trial 88 with value: 0.6231193926846101.
Trial 96, Fold 1: Test Accuracy = 0.3333
Hyperparameters: num_heads=2, num_transformer_blocks=8, learning_rate=0.0022845972079059956, optimizer=Adam, weight_decay=0.000602692326677612, batch_size=16,factor=1
Divergence detected. Stopping training after 10 epochs.
Early stopping at epoch 21
[I 2025-06-07 04:49:57,046] Trial 98 finished with value: 0.3333333333333333 and parameters: {'num_heads': 16, 'num_transformer_blocks': 8, 'learning_rate': 0.004158375843827244, 'weight_decay': 0.000549331813267271, 'label_smoothing': 0.04}. Best is trial 88 with value: 0.6231193926846101.
Trial 98, Fold 1: Test Accuracy = 0.3333
Hyperparameters: num_heads=2, num_transformer_blocks=8, learning_rate=0.0024163364650114077, optimizer=Adam, weight_decay=0.00014454537741463662, batch_size=16,factor=1
Divergence detected. Stopping training after 10 epochs.
Early stopping at epoch 14
Trial 101, Fold 1: Test Accuracy = 0.3333
[I 2025-06-07 04:52:11,239] Trial 101 finished with value: 0.3333333333333333 and parameters: {'num_heads': 2, 'num_transformer_blocks': 8, 'learning_rate': 0.0024163364650114077, 'weight_decay': 0.00014454537741463662, 'label_smoothing': 0.06}. Best is trial 88 with value: 0.6231193926846101.
Hyperparameters: num_heads=4, num_transformer_blocks=8, learning_rate=0.00015659602009353686, optimizer=Adam, weight_decay=0.0006947116536473927, batch_size=16,factor=1
Trial 99, Fold 1: Test Accuracy = 0.3333
[I 2025-06-07 04:53:27,786] Trial 99 finished with value: 0.3333333333333333 and parameters: {'num_heads': 16, 'num_transformer_blocks': 8, 'learning_rate': 2.409101702901767e-08, 'weight_decay': 0.0007039295434497356, 'label_smoothing': 0.04}. Best is trial 88 with value: 0.6231193926846101.
Hyperparameters: num_heads=4, num_transformer_blocks=8, learning_rate=0.00014314852666349136, optimizer=Adam, weight_decay=0.0009605283760649961, batch_size=16,factor=1
[I 2025-06-07 04:54:06,194] Trial 100 finished with value: 0.592883022774327 and parameters: {'num_heads': 2, 'num_transformer_blocks': 8, 'learning_rate': 0.0022845972079059956, 'weight_decay': 0.000602692326677612, 'label_smoothing': 0.21}. Best is trial 88 with value: 0.6231193926846101.
Trial 100, Fold 1: Test Accuracy = 0.5929
Hyperparameters: num_heads=2, num_transformer_blocks=8, learning_rate=0.0011948017238790677, optimizer=Adam, weight_decay=0.0006255351574081472, batch_size=16,factor=1
Divergence detected. Stopping training after 10 epochs.
Early stopping at epoch 22
Divergence detected. Stopping training after 10 epochs.
Early stopping at epoch 13
[I 2025-06-07 04:55:27,763] Trial 102 finished with value: 0.5688492063492064 and parameters: {'num_heads': 4, 'num_transformer_blocks': 8, 'learning_rate': 0.00015659602009353686, 'weight_decay': 0.0006947116536473927, 'label_smoothing': 0.17}. Best is trial 88 with value: 0.6231193926846101.
Trial 102, Fold 1: Test Accuracy = 0.5688
Hyperparameters: num_heads=2, num_transformer_blocks=8, learning_rate=0.0011496782892071033, optimizer=Adam, weight_decay=0.000990892331425129, batch_size=16,factor=1
[I 2025-06-07 04:55:29,573] Trial 103 finished with value: 0.5342391304347825 and parameters: {'num_heads': 4, 'num_transformer_blocks': 8, 'learning_rate': 0.00014314852666349136, 'weight_decay': 0.0009605283760649961, 'label_smoothing': 0.13}. Best is trial 88 with value: 0.6231193926846101.
Trial 103, Fold 1: Test Accuracy = 0.5342
Hyperparameters: num_heads=2, num_transformer_blocks=8, learning_rate=0.006246098983647171, optimizer=Adam, weight_decay=0.0006216306098361402, batch_size=16,factor=1
Divergence detected. Stopping training after 10 epochs.
Early stopping at epoch 17
[I 2025-06-07 04:56:43,084] Trial 104 finished with value: 0.5835144927536232 and parameters: {'num_heads': 2, 'num_transformer_blocks': 8, 'learning_rate': 0.0011948017238790677, 'weight_decay': 0.0006255351574081472, 'label_smoothing': 0.22}. Best is trial 88 with value: 0.6231193926846101.
Trial 104, Fold 1: Test Accuracy = 0.5835
Hyperparameters: num_heads=2, num_transformer_blocks=2, learning_rate=0.006283774855701247, optimizer=Adam, weight_decay=1.4072389848906073e-06, batch_size=16,factor=1
Divergence detected. Stopping training after 10 epochs.
Early stopping at epoch 13
[I 2025-06-07 04:57:36,682] Trial 106 finished with value: 0.3333333333333333 and parameters: {'num_heads': 2, 'num_transformer_blocks': 8, 'learning_rate': 0.006246098983647171, 'weight_decay': 0.0006216306098361402, 'label_smoothing': 0.21}. Best is trial 88 with value: 0.6231193926846101.
Trial 106, Fold 1: Test Accuracy = 0.3333
Hyperparameters: num_heads=2, num_transformer_blocks=2, learning_rate=0.002375204889612184, optimizer=Adam, weight_decay=0.0008305960357720593, batch_size=16,factor=1
Divergence detected. Stopping training after 10 epochs.
Early stopping at epoch 17
Trial 105, Fold 1: Test Accuracy = 0.5409
[I 2025-06-07 04:58:04,706] Trial 105 finished with value: 0.5409161490683231 and parameters: {'num_heads': 2, 'num_transformer_blocks': 8, 'learning_rate': 0.0011496782892071033, 'weight_decay': 0.000990892331425129, 'label_smoothing': 0.21}. Best is trial 88 with value: 0.6231193926846101.
Hyperparameters: num_heads=2, num_transformer_blocks=2, learning_rate=0.002434686744462289, optimizer=Adam, weight_decay=0.0008130135940309657, batch_size=16,factor=1
Divergence detected. Stopping training after 10 epochs.
Early stopping at epoch 13
Trial 107, Fold 1: Test Accuracy = 0.3333
[I 2025-06-07 04:58:30,429] Trial 107 finished with value: 0.3333333333333333 and parameters: {'num_heads': 2, 'num_transformer_blocks': 2, 'learning_rate': 0.006283774855701247, 'weight_decay': 1.4072389848906073e-06, 'label_smoothing': 0.2}. Best is trial 88 with value: 0.6231193926846101.
Hyperparameters: num_heads=32, num_transformer_blocks=8, learning_rate=0.0005740396891375217, optimizer=Adam, weight_decay=0.0007863640188002474, batch_size=16,factor=1
Divergence detected. Stopping training after 10 epochs.
Early stopping at epoch 12
Trial 108, Fold 1: Test Accuracy = 0.5068
[I 2025-06-07 04:59:26,906] Trial 108 finished with value: 0.506815044858523 and parameters: {'num_heads': 2, 'num_transformer_blocks': 2, 'learning_rate': 0.002375204889612184, 'weight_decay': 0.0008305960357720593, 'label_smoothing': 0.2}. Best is trial 88 with value: 0.6231193926846101.
Hyperparameters: num_heads=32, num_transformer_blocks=8, learning_rate=0.0015600659068157766, optimizer=Adam, weight_decay=0.00035614538936708066, batch_size=16,factor=1
Divergence detected. Stopping training after 10 epochs.
Early stopping at epoch 13
Trial 109, Fold 1: Test Accuracy = 0.5654
[I 2025-06-07 04:59:46,563] Trial 109 finished with value: 0.565407177363699 and parameters: {'num_heads': 2, 'num_transformer_blocks': 2, 'learning_rate': 0.002434686744462289, 'weight_decay': 0.0008130135940309657, 'label_smoothing': 0.2}. Best is trial 88 with value: 0.6231193926846101.
Hyperparameters: num_heads=16, num_transformer_blocks=8, learning_rate=0.000589710153150947, optimizer=Adam, weight_decay=0.0004369599074681486, batch_size=16,factor=1
Divergence detected. Stopping training after 10 epochs.
Early stopping at epoch 19
[I 2025-06-07 05:01:42,482] Trial 110 finished with value: 0.6148982056590753 and parameters: {'num_heads': 32, 'num_transformer_blocks': 8, 'learning_rate': 0.0005740396891375217, 'weight_decay': 0.0007863640188002474, 'label_smoothing': 0.23}. Best is trial 88 with value: 0.6231193926846101.
Trial 110, Fold 1: Test Accuracy = 0.6149
Hyperparameters: num_heads=32, num_transformer_blocks=8, learning_rate=0.0005234880794064547, optimizer=Adam, weight_decay=0.0003416678897953202, batch_size=16,factor=1
Divergence detected. Stopping training after 10 epochs.
Early stopping at epoch 15
Trial 112, Fold 1: Test Accuracy = 0.5619
[I 2025-06-07 05:02:15,852] Trial 112 finished with value: 0.5618702553485163 and parameters: {'num_heads': 16, 'num_transformer_blocks': 8, 'learning_rate': 0.000589710153150947, 'weight_decay': 0.0004369599074681486, 'label_smoothing': 0.23}. Best is trial 88 with value: 0.6231193926846101.
Hyperparameters: num_heads=32, num_transformer_blocks=8, learning_rate=0.0003058664710734525, optimizer=Adam, weight_decay=0.0007479094338838283, batch_size=16,factor=1
Divergence detected. Stopping training after 10 epochs.
Early stopping at epoch 19
Trial 111, Fold 1: Test Accuracy = 0.5875
