c:\Users\Gabriel\anaconda3\envs\cudaenv\Lib\site-packages\tqdm\auto.py:21: TqdmWarning: IProgress not found. Please update jupyter and ipywidgets. See https://ipywidgets.readthedocs.io/en/stable/user_install.html
  from .autonotebook import tqdm as notebook_tqdm
[I 2025-06-07 03:20:21,084] A new study created in memory with name: no-name-8a41ab70-25b5-4250-be46-9d3a9cb8c565
Hyperparameters: num_heads=8, num_transformer_blocks=2, learning_rate=0.002196933770802417, optimizer=Adam, weight_decay=0.00014705767378528348, batch_size=16,factor=1Hyperparameters: num_heads=2, num_transformer_blocks=2, learning_rate=8.669408270891795e-07, optimizer=Adam, weight_decay=3.4221989777190604e-05, batch_size=16,factor=1

Hyperparameters: num_heads=2, num_transformer_blocks=32, learning_rate=0.0008846354118520036, optimizer=Adam, weight_decay=3.971972269808451e-05, batch_size=16,factor=1
Divergence detected. Stopping training after 10 epochs.
Early stopping at epoch 17
[I 2025-06-07 03:22:45,973] Trial 0 finished with value: 0.5369047619047619 and parameters: {'num_heads': 8, 'num_transformer_blocks': 2, 'learning_rate': 0.002196933770802417, 'weight_decay': 0.00014705767378528348, 'label_smoothing': 0.25}. Best is trial 0 with value: 0.5369047619047619.
Trial 0, Fold 1: Test Accuracy = 0.5369
Hyperparameters: num_heads=16, num_transformer_blocks=2, learning_rate=9.918335556137119e-05, optimizer=Adam, weight_decay=6.432809343163855e-05, batch_size=16,factor=1
Divergence detected. Stopping training after 10 epochs.
Early stopping at epoch 15
Trial 2, Fold 1: Test Accuracy = 0.3333
[I 2025-06-07 03:23:59,296] Trial 2 finished with value: 0.3333333333333333 and parameters: {'num_heads': 2, 'num_transformer_blocks': 32, 'learning_rate': 0.0008846354118520036, 'weight_decay': 3.971972269808451e-05, 'label_smoothing': 0.26}. Best is trial 0 with value: 0.5369047619047619.
Hyperparameters: num_heads=32, num_transformer_blocks=16, learning_rate=0.0038043042146537003, optimizer=Adam, weight_decay=1.6640049505496345e-05, batch_size=16,factor=1
[I 2025-06-07 03:24:10,593] Trial 1 finished with value: 0.3205486542443064 and parameters: {'num_heads': 2, 'num_transformer_blocks': 2, 'learning_rate': 8.669408270891795e-07, 'weight_decay': 3.4221989777190604e-05, 'label_smoothing': 0.01}. Best is trial 0 with value: 0.5369047619047619.
Trial 1, Fold 1: Test Accuracy = 0.3205
Hyperparameters: num_heads=16, num_transformer_blocks=2, learning_rate=1.6387567996173093e-05, optimizer=Adam, weight_decay=0.0003994529983324474, batch_size=16,factor=1
Divergence detected. Stopping training after 10 epochs.
Early stopping at epoch 26
[I 2025-06-07 03:26:04,767] Trial 3 finished with value: 0.5028381642512078 and parameters: {'num_heads': 16, 'num_transformer_blocks': 2, 'learning_rate': 9.918335556137119e-05, 'weight_decay': 6.432809343163855e-05, 'label_smoothing': 0.22}. Best is trial 0 with value: 0.5369047619047619.
Trial 3, Fold 1: Test Accuracy = 0.5028
Hyperparameters: num_heads=32, num_transformer_blocks=32, learning_rate=1.0642589897510876e-08, optimizer=Adam, weight_decay=0.0002189140007532373, batch_size=16,factor=1
Divergence detected. Stopping training after 10 epochs.
Early stopping at epoch 11
[I 2025-06-07 03:26:25,794] Trial 4 finished with value: 0.3333333333333333 and parameters: {'num_heads': 32, 'num_transformer_blocks': 16, 'learning_rate': 0.0038043042146537003, 'weight_decay': 1.6640049505496345e-05, 'label_smoothing': 0.2}. Best is trial 0 with value: 0.5369047619047619.
Trial 4, Fold 1: Test Accuracy = 0.3333
Hyperparameters: num_heads=16, num_transformer_blocks=2, learning_rate=4.036357978549003e-06, optimizer=Adam, weight_decay=0.0001579131078502918, batch_size=16,factor=1
Trial 5, Fold 1: Test Accuracy = 0.4782
[I 2025-06-07 03:27:54,145] Trial 5 finished with value: 0.4781746031746032 and parameters: {'num_heads': 16, 'num_transformer_blocks': 2, 'learning_rate': 1.6387567996173093e-05, 'weight_decay': 0.0003994529983324474, 'label_smoothing': 0.24}. Best is trial 0 with value: 0.5369047619047619.
Hyperparameters: num_heads=2, num_transformer_blocks=32, learning_rate=3.2890269536504596e-08, optimizer=Adam, weight_decay=1.0534162877610741e-05, batch_size=16,factor=1
[I 2025-06-07 03:29:50,191] Trial 7 finished with value: 0.4390441683919945 and parameters: {'num_heads': 16, 'num_transformer_blocks': 2, 'learning_rate': 4.036357978549003e-06, 'weight_decay': 0.0001579131078502918, 'label_smoothing': 0.3}. Best is trial 0 with value: 0.5369047619047619.
Trial 7, Fold 1: Test Accuracy = 0.4390
Hyperparameters: num_heads=16, num_transformer_blocks=4, learning_rate=1.997091865688598e-05, optimizer=Adam, weight_decay=1.337650926581475e-05, batch_size=16,factor=1
Divergence detected. Stopping training after 10 epochs.
Early stopping at epoch 10
[I 2025-06-07 03:30:24,513] Trial 8 finished with value: 0.3333333333333333 and parameters: {'num_heads': 2, 'num_transformer_blocks': 32, 'learning_rate': 3.2890269536504596e-08, 'weight_decay': 1.0534162877610741e-05, 'label_smoothing': 0.05}. Best is trial 0 with value: 0.5369047619047619.
Trial 8, Fold 1: Test Accuracy = 0.3333
Hyperparameters: num_heads=32, num_transformer_blocks=2, learning_rate=2.282071678869887e-05, optimizer=Adam, weight_decay=0.00010503623925347791, batch_size=16,factor=1
[I 2025-06-07 03:33:05,361] Trial 6 finished with value: 0.3333333333333333 and parameters: {'num_heads': 32, 'num_transformer_blocks': 32, 'learning_rate': 1.0642589897510876e-08, 'weight_decay': 0.0002189140007532373, 'label_smoothing': 0.25}. Best is trial 0 with value: 0.5369047619047619.
Trial 6, Fold 1: Test Accuracy = 0.3333
Hyperparameters: num_heads=8, num_transformer_blocks=2, learning_rate=5.410485470180011e-05, optimizer=Adam, weight_decay=0.00036874701808493817, batch_size=16,factor=1
Trial 9, Fold 1: Test Accuracy = 0.5227
[I 2025-06-07 03:33:39,435] Trial 9 finished with value: 0.5226621808143548 and parameters: {'num_heads': 16, 'num_transformer_blocks': 4, 'learning_rate': 1.997091865688598e-05, 'weight_decay': 1.337650926581475e-05, 'label_smoothing': 0.0}. Best is trial 0 with value: 0.5369047619047619.
Hyperparameters: num_heads=8, num_transformer_blocks=8, learning_rate=0.009402754110838971, optimizer=Adam, weight_decay=1.097449930008217e-06, batch_size=16,factor=1
Divergence detected. Stopping training after 10 epochs.
Early stopping at epoch 27
Trial 10, Fold 1: Test Accuracy = 0.5100
[I 2025-06-07 03:34:02,967] Trial 10 finished with value: 0.5100241545893719 and parameters: {'num_heads': 32, 'num_transformer_blocks': 2, 'learning_rate': 2.282071678869887e-05, 'weight_decay': 0.00010503623925347791, 'label_smoothing': 0.0}. Best is trial 0 with value: 0.5369047619047619.
Hyperparameters: num_heads=8, num_transformer_blocks=4, learning_rate=0.009291124833456316, optimizer=Adam, weight_decay=1.2213812436475636e-06, batch_size=16,factor=1
Divergence detected. Stopping training after 10 epochs.
Early stopping at epoch 18
[I 2025-06-07 03:35:24,894] Trial 11 finished with value: 0.5107746721877157 and parameters: {'num_heads': 8, 'num_transformer_blocks': 2, 'learning_rate': 5.410485470180011e-05, 'weight_decay': 0.00036874701808493817, 'label_smoothing': 0.19}. Best is trial 0 with value: 0.5369047619047619.
Trial 11, Fold 1: Test Accuracy = 0.5108
Hyperparameters: num_heads=8, num_transformer_blocks=4, learning_rate=0.0005644029021658649, optimizer=Adam, weight_decay=1.7954813496540649e-06, batch_size=16,factor=1
Divergence detected. Stopping training after 10 epochs.
Early stopping at epoch 11
Trial 12, Fold 1: Test Accuracy = 0.3333
[I 2025-06-07 03:35:32,435] Trial 12 finished with value: 0.3333333333333333 and parameters: {'num_heads': 8, 'num_transformer_blocks': 8, 'learning_rate': 0.009402754110838971, 'weight_decay': 1.097449930008217e-06, 'label_smoothing': 0.13}. Best is trial 0 with value: 0.5369047619047619.
Hyperparameters: num_heads=4, num_transformer_blocks=4, learning_rate=0.0003590314540472598, optimizer=Adam, weight_decay=4.436016518138766e-06, batch_size=16,factor=1
Divergence detected. Stopping training after 10 epochs.
Early stopping at epoch 10
Trial 13, Fold 1: Test Accuracy = 0.3333
[I 2025-06-07 03:35:41,000] Trial 13 finished with value: 0.3333333333333333 and parameters: {'num_heads': 8, 'num_transformer_blocks': 4, 'learning_rate': 0.009291124833456316, 'weight_decay': 1.2213812436475636e-06, 'label_smoothing': 0.11}. Best is trial 0 with value: 0.5369047619047619.
Hyperparameters: num_heads=4, num_transformer_blocks=4, learning_rate=0.0004230293430513748, optimizer=Adam, weight_decay=3.5929348863270323e-06, batch_size=16,factor=1
Divergence detected. Stopping training after 10 epochs.
Early stopping at epoch 13
Trial 14, Fold 1: Test Accuracy = 0.5750
[I 2025-06-07 03:37:26,823] Trial 14 finished with value: 0.5749913733609385 and parameters: {'num_heads': 8, 'num_transformer_blocks': 4, 'learning_rate': 0.0005644029021658649, 'weight_decay': 1.7954813496540649e-06, 'label_smoothing': 0.12}. Best is trial 14 with value: 0.5749913733609385.
Hyperparameters: num_heads=4, num_transformer_blocks=4, learning_rate=0.00041949310721916476, optimizer=Adam, weight_decay=3.705654389021501e-06, batch_size=16,factor=1
Divergence detected. Stopping training after 10 epochs.
Early stopping at epoch 16
Trial 16, Fold 1: Test Accuracy = 0.5476
[I 2025-06-07 03:38:03,693] Trial 16 finished with value: 0.5476276742581091 and parameters: {'num_heads': 4, 'num_transformer_blocks': 4, 'learning_rate': 0.0004230293430513748, 'weight_decay': 3.5929348863270323e-06, 'label_smoothing': 0.09}. Best is trial 14 with value: 0.5749913733609385.
Hyperparameters: num_heads=4, num_transformer_blocks=4, learning_rate=0.000564182605881582, optimizer=Adam, weight_decay=3.7804820696614333e-06, batch_size=16,factor=1
Divergence detected. Stopping training after 10 epochs.
Early stopping at epoch 19
[I 2025-06-07 03:38:14,815] Trial 15 finished with value: 0.5879399585921324 and parameters: {'num_heads': 4, 'num_transformer_blocks': 4, 'learning_rate': 0.0003590314540472598, 'weight_decay': 4.436016518138766e-06, 'label_smoothing': 0.11}. Best is trial 15 with value: 0.5879399585921324.
Trial 15, Fold 1: Test Accuracy = 0.5879
Hyperparameters: num_heads=4, num_transformer_blocks=4, learning_rate=0.00020964489011621865, optimizer=Adam, weight_decay=3.6627889715098463e-06, batch_size=16,factor=1
Divergence detected. Stopping training after 10 epochs.
Early stopping at epoch 14
Trial 17, Fold 1: Test Accuracy = 0.5607
[I 2025-06-07 03:39:29,155] Trial 17 finished with value: 0.5607142857142858 and parameters: {'num_heads': 4, 'num_transformer_blocks': 4, 'learning_rate': 0.00041949310721916476, 'weight_decay': 3.705654389021501e-06, 'label_smoothing': 0.09}. Best is trial 15 with value: 0.5879399585921324.
Hyperparameters: num_heads=4, num_transformer_blocks=4, learning_rate=0.00014281065872193328, optimizer=Adam, weight_decay=3.481487248810668e-06, batch_size=16,factor=1
Divergence detected. Stopping training after 10 epochs.
Early stopping at epoch 13
Trial 18, Fold 1: Test Accuracy = 0.5024
[I 2025-06-07 03:40:04,331] Trial 18 finished with value: 0.502372325741891 and parameters: {'num_heads': 4, 'num_transformer_blocks': 4, 'learning_rate': 0.000564182605881582, 'weight_decay': 3.7804820696614333e-06, 'label_smoothing': 0.08}. Best is trial 15 with value: 0.5879399585921324.
Hyperparameters: num_heads=4, num_transformer_blocks=8, learning_rate=0.00014762427100203842, optimizer=Adam, weight_decay=6.824422569625226e-06, batch_size=16,factor=1
Divergence detected. Stopping training after 10 epochs.
Early stopping at epoch 21
Trial 19, Fold 1: Test Accuracy = 0.5576
[I 2025-06-07 03:41:15,894] Trial 19 finished with value: 0.5575828157349897 and parameters: {'num_heads': 4, 'num_transformer_blocks': 4, 'learning_rate': 0.00020964489011621865, 'weight_decay': 3.6627889715098463e-06, 'label_smoothing': 0.16}. Best is trial 15 with value: 0.5879399585921324.
Hyperparameters: num_heads=4, num_transformer_blocks=16, learning_rate=8.032096627685236e-07, optimizer=Adam, weight_decay=2.043993835068582e-06, batch_size=16,factor=1
Divergence detected. Stopping training after 10 epochs.
Early stopping at epoch 16
[I 2025-06-07 03:41:41,778] Trial 20 finished with value: 0.5476104209799862 and parameters: {'num_heads': 4, 'num_transformer_blocks': 4, 'learning_rate': 0.00014281065872193328, 'weight_decay': 3.481487248810668e-06, 'label_smoothing': 0.17}. Best is trial 15 with value: 0.5879399585921324.
Trial 20, Fold 1: Test Accuracy = 0.5476
Hyperparameters: num_heads=4, num_transformer_blocks=4, learning_rate=0.0012458390745860453, optimizer=Adam, weight_decay=7.387330650283827e-06, batch_size=16,factor=1
Divergence detected. Stopping training after 10 epochs.
Early stopping at epoch 18
[I 2025-06-07 03:43:14,997] Trial 21 finished with value: 0.5525534851621808 and parameters: {'num_heads': 4, 'num_transformer_blocks': 8, 'learning_rate': 0.00014762427100203842, 'weight_decay': 6.824422569625226e-06, 'label_smoothing': 0.15}. Best is trial 15 with value: 0.5879399585921324.
Trial 21, Fold 1: Test Accuracy = 0.5526
Hyperparameters: num_heads=4, num_transformer_blocks=4, learning_rate=2.226568715227034e-06, optimizer=Adam, weight_decay=1.7988974752442063e-06, batch_size=16,factor=1
Divergence detected. Stopping training after 10 epochs.
Early stopping at epoch 10
Trial 22, Fold 1: Test Accuracy = 0.3478
[I 2025-06-07 03:43:23,493] Trial 22 finished with value: 0.3478088336783989 and parameters: {'num_heads': 4, 'num_transformer_blocks': 16, 'learning_rate': 8.032096627685236e-07, 'weight_decay': 2.043993835068582e-06, 'label_smoothing': 0.16}. Best is trial 15 with value: 0.5879399585921324.
Hyperparameters: num_heads=4, num_transformer_blocks=4, learning_rate=0.0019439733551506592, optimizer=Adam, weight_decay=1.9015638887461331e-06, batch_size=16,factor=1
Divergence detected. Stopping training after 10 epochs.
Early stopping at epoch 19
Trial 23, Fold 1: Test Accuracy = 0.5008
[I 2025-06-07 03:44:02,060] Trial 23 finished with value: 0.5008454106280193 and parameters: {'num_heads': 4, 'num_transformer_blocks': 4, 'learning_rate': 0.0012458390745860453, 'weight_decay': 7.387330650283827e-06, 'label_smoothing': 0.05}. Best is trial 15 with value: 0.5879399585921324.
Hyperparameters: num_heads=8, num_transformer_blocks=4, learning_rate=5.628692751817774e-06, optimizer=Adam, weight_decay=2.006763292239556e-06, batch_size=16,factor=1
Divergence detected. Stopping training after 10 epochs.
Early stopping at epoch 10
Trial 24, Fold 1: Test Accuracy = 0.3218
[I 2025-06-07 03:44:48,660] Trial 24 finished with value: 0.321808143547274 and parameters: {'num_heads': 4, 'num_transformer_blocks': 4, 'learning_rate': 2.226568715227034e-06, 'weight_decay': 1.7988974752442063e-06, 'label_smoothing': 0.05}. Best is trial 15 with value: 0.5879399585921324.
Hyperparameters: num_heads=8, num_transformer_blocks=4, learning_rate=0.00042504501659842704, optimizer=Adam, weight_decay=2.078952919710097e-05, batch_size=16,factor=1
Divergence detected. Stopping training after 10 epochs.
Early stopping at epoch 14
[I 2025-06-07 03:45:31,264] Trial 25 finished with value: 0.3333333333333333 and parameters: {'num_heads': 4, 'num_transformer_blocks': 4, 'learning_rate': 0.0019439733551506592, 'weight_decay': 1.9015638887461331e-06, 'label_smoothing': 0.05}. Best is trial 15 with value: 0.5879399585921324.
Trial 25, Fold 1: Test Accuracy = 0.3333
Hyperparameters: num_heads=8, num_transformer_blocks=4, learning_rate=0.0004961398716922372, optimizer=Adam, weight_decay=0.000988378869717866, batch_size=16,factor=1
Divergence detected. Stopping training after 10 epochs.
Early stopping at epoch 14
Trial 27, Fold 1: Test Accuracy = 0.5782
[I 2025-06-07 03:46:55,537] Trial 27 finished with value: 0.5781659765355417 and parameters: {'num_heads': 8, 'num_transformer_blocks': 4, 'learning_rate': 0.00042504501659842704, 'weight_decay': 2.078952919710097e-05, 'label_smoothing': 0.12}. Best is trial 15 with value: 0.5879399585921324.
Hyperparameters: num_heads=8, num_transformer_blocks=4, learning_rate=5.156382655070984e-05, optimizer=Adam, weight_decay=1.6296723393160516e-05, batch_size=16,factor=1
[I 2025-06-07 03:48:07,324] Trial 26 finished with value: 0.4655969634230504 and parameters: {'num_heads': 8, 'num_transformer_blocks': 4, 'learning_rate': 5.628692751817774e-06, 'weight_decay': 2.006763292239556e-06, 'label_smoothing': 0.12}. Best is trial 15 with value: 0.5879399585921324.
Trial 26, Fold 1: Test Accuracy = 0.4656
Hyperparameters: num_heads=8, num_transformer_blocks=16, learning_rate=6.340550961185137e-05, optimizer=Adam, weight_decay=1.738792026169847e-05, batch_size=16,factor=1
Divergence detected. Stopping training after 10 epochs.
Early stopping at epoch 19
Trial 28, Fold 1: Test Accuracy = 0.5866
[I 2025-06-07 03:48:16,877] Trial 28 finished with value: 0.5866459627329192 and parameters: {'num_heads': 8, 'num_transformer_blocks': 4, 'learning_rate': 0.0004961398716922372, 'weight_decay': 0.000988378869717866, 'label_smoothing': 0.12}. Best is trial 15 with value: 0.5879399585921324.
Hyperparameters: num_heads=8, num_transformer_blocks=8, learning_rate=5.085012200320637e-05, optimizer=Adam, weight_decay=0.0006529275524267692, batch_size=16,factor=1
Divergence detected. Stopping training after 10 epochs.
Early stopping at epoch 15
[I 2025-06-07 03:49:16,740] Trial 29 finished with value: 0.5221187025534851 and parameters: {'num_heads': 8, 'num_transformer_blocks': 4, 'learning_rate': 5.156382655070984e-05, 'weight_decay': 1.6296723393160516e-05, 'label_smoothing': 0.12}. Best is trial 15 with value: 0.5879399585921324.
Trial 29, Fold 1: Test Accuracy = 0.5221
Hyperparameters: num_heads=8, num_transformer_blocks=16, learning_rate=0.003082197594378404, optimizer=Adam, weight_decay=0.0006551151258517576, batch_size=16,factor=1
Divergence detected. Stopping training after 10 epochs.
Early stopping at epoch 14
[I 2025-06-07 03:50:26,074] Trial 30 finished with value: 0.51074016563147 and parameters: {'num_heads': 8, 'num_transformer_blocks': 16, 'learning_rate': 6.340550961185137e-05, 'weight_decay': 1.738792026169847e-05, 'label_smoothing': 0.13}. Best is trial 15 with value: 0.5879399585921324.
Trial 30, Fold 1: Test Accuracy = 0.5107
Hyperparameters: num_heads=8, num_transformer_blocks=4, learning_rate=0.0024688213598699884, optimizer=Adam, weight_decay=2.487823924992503e-05, batch_size=16,factor=1
Divergence detected. Stopping training after 10 epochs.
Early stopping at epoch 11
[I 2025-06-07 03:51:54,275] Trial 33 finished with value: 0.3333333333333333 and parameters: {'num_heads': 8, 'num_transformer_blocks': 4, 'learning_rate': 0.0024688213598699884, 'weight_decay': 2.487823924992503e-05, 'label_smoothing': 0.08}. Best is trial 15 with value: 0.5879399585921324.
Trial 33, Fold 1: Test Accuracy = 0.3333
Hyperparameters: num_heads=8, num_transformer_blocks=8, learning_rate=0.0002850701467255021, optimizer=Adam, weight_decay=0.0009773517427519572, batch_size=16,factor=1
Divergence detected. Stopping training after 10 epochs.
Early stopping at epoch 16
[I 2025-06-07 03:52:10,745] Trial 32 finished with value: 0.3333333333333333 and parameters: {'num_heads': 8, 'num_transformer_blocks': 16, 'learning_rate': 0.003082197594378404, 'weight_decay': 0.0006551151258517576, 'label_smoothing': 0.14}. Best is trial 15 with value: 0.5879399585921324.
Trial 32, Fold 1: Test Accuracy = 0.3333
Hyperparameters: num_heads=8, num_transformer_blocks=8, learning_rate=0.0003770236053477921, optimizer=Adam, weight_decay=4.113190848762365e-05, batch_size=16,factor=1
[I 2025-06-07 03:52:38,691] Trial 31 finished with value: 0.5479554865424431 and parameters: {'num_heads': 8, 'num_transformer_blocks': 8, 'learning_rate': 5.085012200320637e-05, 'weight_decay': 0.0006529275524267692, 'label_smoothing': 0.07}. Best is trial 15 with value: 0.5879399585921324.
Trial 31, Fold 1: Test Accuracy = 0.5480
Hyperparameters: num_heads=8, num_transformer_blocks=4, learning_rate=0.00035553611922423275, optimizer=Adam, weight_decay=4.708320015876209e-05, batch_size=16,factor=1
Divergence detected. Stopping training after 10 epochs.
Early stopping at epoch 11
[I 2025-06-07 03:53:36,305] Trial 34 finished with value: 0.6118616287094548 and parameters: {'num_heads': 8, 'num_transformer_blocks': 8, 'learning_rate': 0.0002850701467255021, 'weight_decay': 0.0009773517427519572, 'label_smoothing': 0.1}. Best is trial 34 with value: 0.6118616287094548.
Trial 34, Fold 1: Test Accuracy = 0.6119
Hyperparameters: num_heads=2, num_transformer_blocks=8, learning_rate=0.0002766104192159226, optimizer=Adam, weight_decay=0.0009355824849813596, batch_size=16,factor=1
Divergence detected. Stopping training after 10 epochs.
Early stopping at epoch 11
Trial 35, Fold 1: Test Accuracy = 0.5599
[I 2025-06-07 03:53:52,644] Trial 35 finished with value: 0.5599378881987578 and parameters: {'num_heads': 8, 'num_transformer_blocks': 8, 'learning_rate': 0.0003770236053477921, 'weight_decay': 4.113190848762365e-05, 'label_smoothing': 0.1}. Best is trial 34 with value: 0.6118616287094548.
Hyperparameters: num_heads=2, num_transformer_blocks=8, learning_rate=0.0010719128869866538, optimizer=Adam, weight_decay=0.0008373757542341069, batch_size=16,factor=1
Divergence detected. Stopping training after 10 epochs.
Early stopping at epoch 14
