[I 2025-05-06 10:53:46,249] Trial 74 finished with value: 0.40535082294931213 and parameters: {'n_patches': 14, 'embed_dim': 64, 'learning_rate': 4.277019672310624e-05, 'weight_decay': 4.65215219102111e-05, 'batch_size': 16, 'num_transformer_blocks': 4, 'num_heads': 4}. Best is trial 24 with value: 0.45553976793185547.
Fold 5: Accuracy = 0.3936
Trial 74 mean accuracy: 0.4054
Trial 76 params: n_patches=14, embed_dim=64, lr=2.9195609817654728e-05, blocks=4, heads=4, batch_size=16
Divergence detected. Stopping training after 5 epochs.
Fold 3: Accuracy = 0.4294
Divergence detected. Stopping training after 5 epochs.
Fold 4: Accuracy = 0.4592
Divergence detected. Stopping training after 5 epochs.
Fold 1: Accuracy = 0.4516
Divergence detected. Stopping training after 5 epochs.
[I 2025-05-06 10:56:44,659] Trial 75 finished with value: 0.4309675620502407 and parameters: {'n_patches': 14, 'embed_dim': 64, 'learning_rate': 2.783956730840186e-05, 'weight_decay': 5.8848646204853966e-05, 'batch_size': 16, 'num_transformer_blocks': 4, 'num_heads': 4}. Best is trial 24 with value: 0.45553976793185547.
Fold 5: Accuracy = 0.3572
Trial 75 mean accuracy: 0.4310
Trial 77 params: n_patches=14, embed_dim=256, lr=2.2321854637773496e-05, blocks=4, heads=4, batch_size=16
Divergence detected. Stopping training after 5 epochs.
Fold 2: Accuracy = 0.5251
Divergence detected. Stopping training after 5 epochs.
Fold 3: Accuracy = 0.4378
Divergence detected. Stopping training after 5 epochs.
Fold 4: Accuracy = 0.4541
Divergence detected. Stopping training after 5 epochs.
Fold 1: Accuracy = 0.4371
Divergence detected. Stopping training after 5 epochs.
[I 2025-05-06 11:00:53,782] Trial 76 finished with value: 0.45485005771798603 and parameters: {'n_patches': 14, 'embed_dim': 64, 'learning_rate': 2.9195609817654728e-05, 'weight_decay': 6.40075182717267e-05, 'batch_size': 16, 'num_transformer_blocks': 4, 'num_heads': 4}. Best is trial 24 with value: 0.45553976793185547.
Fold 5: Accuracy = 0.4057
Trial 76 mean accuracy: 0.4549
Trial 78 params: n_patches=14, embed_dim=256, lr=5.865571906681462e-05, blocks=2, heads=4, batch_size=16
Divergence detected. Stopping training after 5 epochs.
Divergence detected. Stopping training after 5 epochs.
Fold 2: Accuracy = 0.5147
Fold 1: Accuracy = 0.4309
Divergence detected. Stopping training after 5 epochs.
Fold 3: Accuracy = 0.4262
Divergence detected. Stopping training after 5 epochs.
Fold 2: Accuracy = 0.4282
Divergence detected. Stopping training after 5 epochs.
Divergence detected. Stopping training after 5 epochs.
Fold 4: Accuracy = 0.4711
Fold 3: Accuracy = 0.3933
Divergence detected. Stopping training after 5 epochs.
[I 2025-05-06 11:07:17,190] Trial 77 finished with value: 0.4445011938051916 and parameters: {'n_patches': 14, 'embed_dim': 256, 'learning_rate': 2.2321854637773496e-05, 'weight_decay': 3.807208685087628e-05, 'batch_size': 16, 'num_transformer_blocks': 4, 'num_heads': 4}. Best is trial 24 with value: 0.45553976793185547.
Fold 5: Accuracy = 0.3734
Trial 77 mean accuracy: 0.4445
Trial 79 params: n_patches=14, embed_dim=256, lr=5.473307483152039e-05, blocks=2, heads=4, batch_size=32
Divergence detected. Stopping training after 5 epochs.
Fold 4: Accuracy = 0.4279
Divergence detected. Stopping training after 5 epochs.
[I 2025-05-06 11:08:56,654] Trial 78 finished with value: 0.4100858947644908 and parameters: {'n_patches': 14, 'embed_dim': 256, 'learning_rate': 5.865571906681462e-05, 'weight_decay': 7.571674642549629e-05, 'batch_size': 16, 'num_transformer_blocks': 2, 'num_heads': 4}. Best is trial 24 with value: 0.45553976793185547.
Fold 5: Accuracy = 0.3701
Trial 78 mean accuracy: 0.4101
Trial 80 params: n_patches=14, embed_dim=256, lr=0.0001335937014180811, blocks=2, heads=4, batch_size=32
Divergence detected. Stopping training after 5 epochs.
Fold 1: Accuracy = 0.4620
Divergence detected. Stopping training after 5 epochs.
Fold 1: Accuracy = 0.3942
Divergence detected. Stopping training after 5 epochs.
Fold 2: Accuracy = 0.4078
Divergence detected. Stopping training after 5 epochs.
Fold 2: Accuracy = 0.3603
Divergence detected. Stopping training after 5 epochs.
Fold 3: Accuracy = 0.3719
Divergence detected. Stopping training after 5 epochs.
Fold 3: Accuracy = 0.5583
Divergence detected. Stopping training after 5 epochs.
Fold 4: Accuracy = 0.4157
Divergence detected. Stopping training after 5 epochs.
Fold 4: Accuracy = 0.4272
Divergence detected. Stopping training after 5 epochs.
[I 2025-05-06 11:14:47,030] Trial 79 finished with value: 0.41279044304407053 and parameters: {'n_patches': 14, 'embed_dim': 256, 'learning_rate': 5.473307483152039e-05, 'weight_decay': 9.092076031384104e-05, 'batch_size': 32, 'num_transformer_blocks': 2, 'num_heads': 4}. Best is trial 24 with value: 0.45553976793185547.
Fold 5: Accuracy = 0.4065
Trial 79 mean accuracy: 0.4128
Trial 81 params: n_patches=14, embed_dim=64, lr=0.00012683626393680708, blocks=2, heads=4, batch_size=32
Divergence detected. Stopping training after 5 epochs.
[I 2025-05-06 11:16:06,515] Trial 80 finished with value: 0.4240148695244838 and parameters: {'n_patches': 14, 'embed_dim': 256, 'learning_rate': 0.0001335937014180811, 'weight_decay': 8.005933126581968e-05, 'batch_size': 32, 'num_transformer_blocks': 2, 'num_heads': 4}. Best is trial 24 with value: 0.45553976793185547.
Fold 5: Accuracy = 0.3800
Trial 80 mean accuracy: 0.4240
Trial 82 params: n_patches=14, embed_dim=64, lr=3.4185665824526636e-05, blocks=4, heads=4, batch_size=16
Divergence detected. Stopping training after 5 epochs.
Fold 1: Accuracy = 0.4026
Divergence detected. Stopping training after 5 epochs.
Fold 1: Accuracy = 0.4000
Divergence detected. Stopping training after 5 epochs.
Fold 2: Accuracy = 0.5073
Divergence detected. Stopping training after 5 epochs.
Fold 2: Accuracy = 0.3548
Divergence detected. Stopping training after 5 epochs.
Fold 3: Accuracy = 0.4276
Divergence detected. Stopping training after 5 epochs.
Fold 3: Accuracy = 0.3392
Divergence detected. Stopping training after 5 epochs.
Fold 4: Accuracy = 0.4098
Divergence detected. Stopping training after 5 epochs.
Fold 4: Accuracy = 0.4504
Divergence detected. Stopping training after 5 epochs.
[I 2025-05-06 11:23:03,722] Trial 82 finished with value: 0.3848253844451707 and parameters: {'n_patches': 14, 'embed_dim': 64, 'learning_rate': 3.4185665824526636e-05, 'weight_decay': 5.392504051245643e-05, 'batch_size': 16, 'num_transformer_blocks': 4, 'num_heads': 4}. Best is trial 24 with value: 0.45553976793185547.
Fold 5: Accuracy = 0.3797
Trial 82 mean accuracy: 0.3848
Trial 83 params: n_patches=14, embed_dim=64, lr=2.8111962197534216e-05, blocks=4, heads=4, batch_size=16
Divergence detected. Stopping training after 5 epochs.
[I 2025-05-06 11:23:11,626] Trial 81 finished with value: 0.426380324185102 and parameters: {'n_patches': 14, 'embed_dim': 64, 'learning_rate': 0.00012683626393680708, 'weight_decay': 5.290888431954077e-05, 'batch_size': 32, 'num_transformer_blocks': 2, 'num_heads': 4}. Best is trial 24 with value: 0.45553976793185547.
Fold 5: Accuracy = 0.3845
Trial 81 mean accuracy: 0.4264
Trial 84 params: n_patches=14, embed_dim=64, lr=0.00018112968025135753, blocks=4, heads=4, batch_size=16
Divergence detected. Stopping training after 5 epochs.
Fold 1: Accuracy = 0.4255
Divergence detected. Stopping training after 5 epochs.
Fold 1: Accuracy = 0.4531
Divergence detected. Stopping training after 5 epochs.
Fold 2: Accuracy = 0.3333
Divergence detected. Stopping training after 5 epochs.
Fold 2: Accuracy = 0.4909
Divergence detected. Stopping training after 5 epochs.
Fold 3: Accuracy = 0.4330
Divergence detected. Stopping training after 5 epochs.
Fold 3: Accuracy = 0.4148
Divergence detected. Stopping training after 5 epochs.
Fold 4: Accuracy = 0.4565
Divergence detected. Stopping training after 5 epochs.
Fold 4: Accuracy = 0.5055
Divergence detected. Stopping training after 5 epochs.
[I 2025-05-06 11:30:56,722] Trial 84 finished with value: 0.40859812056900446 and parameters: {'n_patches': 14, 'embed_dim': 64, 'learning_rate': 0.00018112968025135753, 'weight_decay': 2.60509937032022e-05, 'batch_size': 16, 'num_transformer_blocks': 4, 'num_heads': 4}. Best is trial 24 with value: 0.45553976793185547.
Fold 5: Accuracy = 0.3853
Trial 84 mean accuracy: 0.4086
Trial 85 params: n_patches=14, embed_dim=64, lr=2.9050922063115817e-05, blocks=4, heads=4, batch_size=16
Divergence detected. Stopping training after 5 epochs.
[I 2025-05-06 11:31:50,302] Trial 83 finished with value: 0.44704673178760307 and parameters: {'n_patches': 14, 'embed_dim': 64, 'learning_rate': 2.8111962197534216e-05, 'weight_decay': 7.012699753044136e-05, 'batch_size': 16, 'num_transformer_blocks': 4, 'num_heads': 4}. Best is trial 24 with value: 0.45553976793185547.
Fold 5: Accuracy = 0.3803
Trial 83 mean accuracy: 0.4470
Trial 86 params: n_patches=14, embed_dim=64, lr=4.123736179065853e-05, blocks=4, heads=4, batch_size=16
Divergence detected. Stopping training after 5 epochs.
Fold 1: Accuracy = 0.4108
Divergence detected. Stopping training after 5 epochs.
Fold 2: Accuracy = 0.4893
Divergence detected. Stopping training after 5 epochs.
Fold 1: Accuracy = 0.4613
Divergence detected. Stopping training after 5 epochs.
Fold 3: Accuracy = 0.3636
Divergence detected. Stopping training after 5 epochs.
Fold 2: Accuracy = 0.3756
Divergence detected. Stopping training after 5 epochs.
Fold 3: Accuracy = 0.4165
Divergence detected. Stopping training after 5 epochs.
Fold 4: Accuracy = 0.3386
Divergence detected. Stopping training after 5 epochs.
Fold 4: Accuracy = 0.4561
Divergence detected. Stopping training after 5 epochs.
[I 2025-05-06 11:40:05,375] Trial 86 finished with value: 0.423860257326319 and parameters: {'n_patches': 14, 'embed_dim': 64, 'learning_rate': 4.123736179065853e-05, 'weight_decay': 6.998524599847983e-05, 'batch_size': 16, 'num_transformer_blocks': 4, 'num_heads': 4}. Best is trial 24 with value: 0.45553976793185547.
Fold 5: Accuracy = 0.3994
Trial 86 mean accuracy: 0.4239
Trial 87 params: n_patches=14, embed_dim=64, lr=1.1616433923473705e-05, blocks=4, heads=4, batch_size=16
Divergence detected. Stopping training after 5 epochs.
[I 2025-05-06 11:40:22,367] Trial 85 finished with value: 0.3858937783145856 and parameters: {'n_patches': 14, 'embed_dim': 64, 'learning_rate': 2.9050922063115817e-05, 'weight_decay': 6.684256972853252e-05, 'batch_size': 16, 'num_transformer_blocks': 4, 'num_heads': 4}. Best is trial 24 with value: 0.45553976793185547.
Fold 5: Accuracy = 0.3376
Trial 85 mean accuracy: 0.3859
Trial 88 params: n_patches=14, embed_dim=64, lr=2.4491560630675845e-05, blocks=4, heads=4, batch_size=32
Divergence detected. Stopping training after 5 epochs.
Fold 1: Accuracy = 0.3467
Divergence detected. Stopping training after 5 epochs.
Fold 1: Accuracy = 0.4465
Divergence detected. Stopping training after 5 epochs.
Fold 2: Accuracy = 0.4856
Divergence detected. Stopping training after 5 epochs.
Fold 2: Accuracy = 0.4575
Divergence detected. Stopping training after 5 epochs.
Fold 3: Accuracy = 0.3928
Divergence detected. Stopping training after 5 epochs.
Divergence detected. Stopping training after 5 epochs.
Fold 4: Accuracy = 0.4258
Fold 3: Accuracy = 0.3801
Divergence detected. Stopping training after 5 epochs.
Fold 4: Accuracy = 0.4642
Divergence detected. Stopping training after 5 epochs.
[I 2025-05-06 11:47:22,073] Trial 88 finished with value: 0.3950001001697751 and parameters: {'n_patches': 14, 'embed_dim': 64, 'learning_rate': 2.4491560630675845e-05, 'weight_decay': 6.81635276585183e-05, 'batch_size': 32, 'num_transformer_blocks': 4, 'num_heads': 4}. Best is trial 24 with value: 0.45553976793185547.
Fold 5: Accuracy = 0.3242
Trial 88 mean accuracy: 0.3950
Trial 89 params: n_patches=14, embed_dim=256, lr=4.658629178609918e-05, blocks=4, heads=4, batch_size=16
Divergence detected. Stopping training after 5 epochs.
[I 2025-05-06 11:48:01,426] Trial 87 finished with value: 0.4234803181420057 and parameters: {'n_patches': 14, 'embed_dim': 64, 'learning_rate': 1.1616433923473705e-05, 'weight_decay': 7.063982629837023e-05, 'batch_size': 16, 'num_transformer_blocks': 4, 'num_heads': 4}. Best is trial 24 with value: 0.45553976793185547.
Fold 5: Accuracy = 0.3691
Trial 87 mean accuracy: 0.4235
Trial 90 params: n_patches=14, embed_dim=256, lr=2.0924848122401348e-05, blocks=2, heads=4, batch_size=32
Divergence detected. Stopping training after 5 epochs.
Fold 1: Accuracy = 0.4560
Divergence detected. Stopping training after 5 epochs.
Fold 1: Accuracy = 0.4522
Divergence detected. Stopping training after 5 epochs.
Fold 2: Accuracy = 0.5058
Divergence detected. Stopping training after 5 epochs.
Fold 2: Accuracy = 0.4449
Divergence detected. Stopping training after 5 epochs.
Fold 3: Accuracy = 0.4686
Divergence detected. Stopping training after 5 epochs.
Fold 4: Accuracy = 0.4447
Divergence detected. Stopping training after 5 epochs.
Fold 3: Accuracy = 0.4493
Divergence detected. Stopping training after 5 epochs.
[I 2025-05-06 11:54:50,454] Trial 89 finished with value: 0.45157616070664935 and parameters: {'n_patches': 14, 'embed_dim': 256, 'learning_rate': 4.658629178609918e-05, 'weight_decay': 2.145402908576287e-05, 'batch_size': 16, 'num_transformer_blocks': 4, 'num_heads': 4}. Best is trial 24 with value: 0.45553976793185547.
Fold 5: Accuracy = 0.3828
Trial 89 mean accuracy: 0.4516
Trial 91 params: n_patches=14, embed_dim=256, lr=2.0196636740862464e-05, blocks=2, heads=4, batch_size=16
Divergence detected. Stopping training after 5 epochs.
Fold 4: Accuracy = 0.3822
Divergence detected. Stopping training after 5 epochs.
Fold 1: Accuracy = 0.4439
Divergence detected. Stopping training after 5 epochs.
[I 2025-05-06 11:57:28,130] Trial 90 finished with value: 0.41809774910289066 and parameters: {'n_patches': 14, 'embed_dim': 256, 'learning_rate': 2.0924848122401348e-05, 'weight_decay': 1.5569031331528717e-05, 'batch_size': 32, 'num_transformer_blocks': 2, 'num_heads': 4}. Best is trial 24 with value: 0.45553976793185547.
Fold 5: Accuracy = 0.3618
Trial 90 mean accuracy: 0.4181
Trial 92 params: n_patches=14, embed_dim=256, lr=4.643214242351496e-05, blocks=4, heads=4, batch_size=16
Divergence detected. Stopping training after 5 epochs.
Fold 2: Accuracy = 0.4247
Divergence detected. Stopping training after 5 epochs.
Fold 1: Accuracy = 0.4141
Divergence detected. Stopping training after 5 epochs.
Fold 3: Accuracy = 0.4458
Divergence detected. Stopping training after 5 epochs.
Divergence detected. Stopping training after 5 epochs.
Fold 2: Accuracy = 0.4713
Fold 4: Accuracy = 0.4508
Divergence detected. Stopping training after 5 epochs.
Fold 3: Accuracy = 0.4800
Divergence detected. Stopping training after 5 epochs.
[I 2025-05-06 12:02:57,124] Trial 91 finished with value: 0.43110501535604107 and parameters: {'n_patches': 14, 'embed_dim': 256, 'learning_rate': 2.0196636740862464e-05, 'weight_decay': 6.367255047282959e-05, 'batch_size': 16, 'num_transformer_blocks': 2, 'num_heads': 4}. Best is trial 24 with value: 0.45553976793185547.
Fold 5: Accuracy = 0.3903
Trial 91 mean accuracy: 0.4311
Trial 93 params: n_patches=14, embed_dim=256, lr=4.95355504467232e-05, blocks=4, heads=4, batch_size=16
Divergence detected. Stopping training after 5 epochs.
Fold 4: Accuracy = 0.4446
Divergence detected. Stopping training after 5 epochs.
Fold 1: Accuracy = 0.4154
Divergence detected. Stopping training after 5 epochs.
[I 2025-05-06 12:05:48,580] Trial 92 finished with value: 0.43013511272990723 and parameters: {'n_patches': 14, 'embed_dim': 256, 'learning_rate': 4.643214242351496e-05, 'weight_decay': 6.31978047694057e-05, 'batch_size': 16, 'num_transformer_blocks': 4, 'num_heads': 4}. Best is trial 24 with value: 0.45553976793185547.
Fold 5: Accuracy = 0.3407
Trial 92 mean accuracy: 0.4301
Trial 94 params: n_patches=14, embed_dim=256, lr=3.3051604084822873e-05, blocks=4, heads=4, batch_size=16
Divergence detected. Stopping training after 5 epochs.
Fold 2: Accuracy = 0.4972
Divergence detected. Stopping training after 5 epochs.
Fold 1: Accuracy = 0.4230
Divergence detected. Stopping training after 5 epochs.
Fold 3: Accuracy = 0.3308
Divergence detected. Stopping training after 5 epochs.
Fold 2: Accuracy = 0.4481
Divergence detected. Stopping training after 5 epochs.
Fold 3: Accuracy = 0.3806
Divergence detected. Stopping training after 5 epochs.
Fold 4: Accuracy = 0.4444
Divergence detected. Stopping training after 5 epochs.
Fold 4: Accuracy = 0.4478
Divergence detected. Stopping training after 5 epochs.
[I 2025-05-06 12:12:05,036] Trial 93 finished with value: 0.41089768127752635 and parameters: {'n_patches': 14, 'embed_dim': 256, 'learning_rate': 4.95355504467232e-05, 'weight_decay': 2.1404176520931017e-05, 'batch_size': 16, 'num_transformer_blocks': 4, 'num_heads': 4}. Best is trial 24 with value: 0.45553976793185547.
Fold 5: Accuracy = 0.3667
Trial 93 mean accuracy: 0.4109
Trial 95 params: n_patches=14, embed_dim=256, lr=6.755181841795967e-05, blocks=4, heads=4, batch_size=16
Divergence detected. Stopping training after 5 epochs.
[I 2025-05-06 12:12:41,054] Trial 94 finished with value: 0.42007718743520633 and parameters: {'n_patches': 14, 'embed_dim': 256, 'learning_rate': 3.3051604084822873e-05, 'weight_decay': 2.1266475962959007e-05, 'batch_size': 16, 'num_transformer_blocks': 4, 'num_heads': 4}. Best is trial 24 with value: 0.45553976793185547.
Fold 5: Accuracy = 0.4010
Trial 94 mean accuracy: 0.4201
Trial 96 params: n_patches=28, embed_dim=256, lr=9.336872040109744e-05, blocks=4, heads=4, batch_size=32
Divergence detected. Stopping training after 5 epochs.
Fold 1: Accuracy = 0.4088
Divergence detected. Stopping training after 5 epochs.
Fold 2: Accuracy = 0.4647
Divergence detected. Stopping training after 5 epochs.
Fold 3: Accuracy = 0.3333
Divergence detected. Stopping training after 5 epochs.
Fold 1: Accuracy = 0.3963
Divergence detected. Stopping training after 5 epochs.
Fold 4: Accuracy = 0.4527
Divergence detected. Stopping training after 5 epochs.
[I 2025-05-06 12:19:26,852] Trial 95 finished with value: 0.4092694712725062 and parameters: {'n_patches': 14, 'embed_dim': 256, 'learning_rate': 6.755181841795967e-05, 'weight_decay': 2.459959328094471e-05, 'batch_size': 16, 'num_transformer_blocks': 4, 'num_heads': 4}. Best is trial 24 with value: 0.45553976793185547.
Fold 5: Accuracy = 0.3868
Trial 95 mean accuracy: 0.4093
Trial 97 params: n_patches=28, embed_dim=64, lr=1.6238055978309735e-05, blocks=4, heads=4, batch_size=32
Divergence detected. Stopping training after 5 epochs.
Fold 2: Accuracy = 0.5104
Divergence detected. Stopping training after 5 epochs.
Divergence detected. Stopping training after 5 epochs.
Fold 3: Accuracy = 0.4063
Fold 1: Accuracy = 0.4317
Divergence detected. Stopping training after 5 epochs.
Fold 4: Accuracy = 0.4139
Divergence detected. Stopping training after 5 epochs.
Fold 2: Accuracy = 0.4951
Divergence detected. Stopping training after 5 epochs.
[I 2025-05-06 12:37:26,034] Trial 96 finished with value: 0.4098318657789523 and parameters: {'n_patches': 28, 'embed_dim': 256, 'learning_rate': 9.336872040109744e-05, 'weight_decay': 2.4270083744540765e-05, 'batch_size': 32, 'num_transformer_blocks': 4, 'num_heads': 4}. Best is trial 24 with value: 0.45553976793185547.
Fold 5: Accuracy = 0.3222
Trial 96 mean accuracy: 0.4098
Trial 98 params: n_patches=14, embed_dim=64, lr=1.5970792368826644e-05, blocks=4, heads=4, batch_size=32
Divergence detected. Stopping training after 5 epochs.
Fold 3: Accuracy = 0.4155
Divergence detected. Stopping training after 5 epochs.
Fold 1: Accuracy = 0.4568
Divergence detected. Stopping training after 5 epochs.
Fold 2: Accuracy = 0.4683
Divergence detected. Stopping training after 5 epochs.
Fold 3: Accuracy = 0.3863
Divergence detected. Stopping training after 5 epochs.
Fold 4: Accuracy = 0.4110
Divergence detected. Stopping training after 5 epochs.
Fold 4: Accuracy = 0.3983
Divergence detected. Stopping training after 5 epochs.
[I 2025-05-06 12:45:23,468] Trial 98 finished with value: 0.4184421074228541 and parameters: {'n_patches': 14, 'embed_dim': 64, 'learning_rate': 1.5970792368826644e-05, 'weight_decay': 2.2176024901458224e-05, 'batch_size': 32, 'num_transformer_blocks': 4, 'num_heads': 4}. Best is trial 24 with value: 0.45553976793185547.
Fold 5: Accuracy = 0.3826
Trial 98 mean accuracy: 0.4184
Trial 99 params: n_patches=28, embed_dim=256, lr=2.6123972495324657e-05, blocks=6, heads=4, batch_size=32
Divergence detected. Stopping training after 5 epochs.
[I 2025-05-06 12:47:59,016] Trial 97 finished with value: 0.43171484619228295 and parameters: {'n_patches': 28, 'embed_dim': 64, 'learning_rate': 1.6238055978309735e-05, 'weight_decay': 1.9199543618932025e-05, 'batch_size': 32, 'num_transformer_blocks': 4, 'num_heads': 4}. Best is trial 24 with value: 0.45553976793185547.
Fold 5: Accuracy = 0.4052
Trial 97 mean accuracy: 0.4317
Divergence detected. Stopping training after 5 epochs.
Fold 1: Accuracy = 0.3689
Divergence detected. Stopping training after 5 epochs.
Fold 2: Accuracy = 0.4034
Divergence detected. Stopping training after 5 epochs.
Fold 3: Accuracy = 0.3989
Divergence detected. Stopping training after 5 epochs.
Fold 4: Accuracy = 0.4053
Divergence detected. Stopping training after 5 epochs.
[I 2025-05-06 13:06:54,920] Trial 99 finished with value: 0.3925258115057134 and parameters: {'n_patches': 28, 'embed_dim': 256, 'learning_rate': 2.6123972495324657e-05, 'weight_decay': 1.9490394403975413e-05, 'batch_size': 32, 'num_transformer_blocks': 6, 'num_heads': 4}. Best is trial 24 with value: 0.45553976793185547.
Fold 5: Accuracy = 0.3861
Trial 99 mean accuracy: 0.3925
Best hyperparameters: {'n_patches': 28, 'embed_dim': 128, 'learning_rate': 3.6467910524712975e-05, 'weight_decay': 1.1407515349694686e-05, 'batch_size': 32, 'num_transformer_blocks': 6, 'num_heads': 8}
Best accuracy: 0.4555