[I 2025-05-05 21:13:45,957] Trial 25 finished with value: 0.4006711492333962 and parameters: {'n_patches': 28, 'embed_dim': 128, 'learning_rate': 3.7252386854440865e-05, 'weight_decay': 1.1518137965112881e-05, 'batch_size': 32, 'num_transformer_blocks': 8, 'num_heads': 8}. Best is trial 1 with value: 0.44684862621653665.
Fold 5: Accuracy = 0.3576
Trial 25 mean accuracy: 0.4007
Trial 26 params: n_patches=28, embed_dim=128, lr=0.00010856024198277994, blocks=6, heads=8, batch_size=32
Divergence detected. Stopping training after 5 epochs.
Fold 4: Accuracy = 0.5016
Divergence detected. Stopping training after 5 epochs.
Fold 1: Accuracy = 0.3532
Divergence detected. Stopping training after 5 epochs.
[I 2025-05-05 21:36:32,007] Trial 24 finished with value: 0.45553976793185547 and parameters: {'n_patches': 28, 'embed_dim': 128, 'learning_rate': 3.6467910524712975e-05, 'weight_decay': 1.1407515349694686e-05, 'batch_size': 32, 'num_transformer_blocks': 6, 'num_heads': 8}. Best is trial 24 with value: 0.45553976793185547.
Fold 5: Accuracy = 0.3788
Trial 24 mean accuracy: 0.4555
Trial 27 params: n_patches=28, embed_dim=128, lr=0.00010482448385154494, blocks=6, heads=8, batch_size=32
Divergence detected. Stopping training after 5 epochs.
Fold 2: Accuracy = 0.3405
Divergence detected. Stopping training after 5 epochs.
Fold 1: Accuracy = 0.3790
Divergence detected. Stopping training after 5 epochs.
Fold 3: Accuracy = 0.3689
Divergence detected. Stopping training after 5 epochs.
Fold 2: Accuracy = 0.3338
Divergence detected. Stopping training after 5 epochs.
Fold 4: Accuracy = 0.4909
Divergence detected. Stopping training after 5 epochs.
Fold 3: Accuracy = 0.4177
Divergence detected. Stopping training after 5 epochs.
[I 2025-05-05 22:02:39,399] Trial 26 finished with value: 0.3896055057029132 and parameters: {'n_patches': 28, 'embed_dim': 128, 'learning_rate': 0.00010856024198277994, 'weight_decay': 1.837561418434991e-05, 'batch_size': 32, 'num_transformer_blocks': 6, 'num_heads': 8}. Best is trial 24 with value: 0.45553976793185547.
Fold 5: Accuracy = 0.3945
Trial 26 mean accuracy: 0.3896
Trial 28 params: n_patches=28, embed_dim=256, lr=2.4012527424474944e-05, blocks=4, heads=4, batch_size=32
Divergence detected. Stopping training after 5 epochs.
Fold 4: Accuracy = 0.4018
Divergence detected. Stopping training after 5 epochs.
Fold 1: Accuracy = 0.4400
Divergence detected. Stopping training after 5 epochs.
[I 2025-05-05 22:15:38,596] Trial 27 finished with value: 0.3866301142744267 and parameters: {'n_patches': 28, 'embed_dim': 128, 'learning_rate': 0.00010482448385154494, 'weight_decay': 3.652846460631091e-05, 'batch_size': 32, 'num_transformer_blocks': 6, 'num_heads': 8}. Best is trial 24 with value: 0.45553976793185547.
Fold 5: Accuracy = 0.4008
Trial 27 mean accuracy: 0.3866
Trial 29 params: n_patches=28, embed_dim=64, lr=2.5737053066867958e-05, blocks=4, heads=4, batch_size=32
Divergence detected. Stopping training after 5 epochs.
Fold 2: Accuracy = 0.5017
Divergence detected. Stopping training after 5 epochs.
Fold 3: Accuracy = 0.4264
Divergence detected. Stopping training after 5 epochs.
Fold 1: Accuracy = 0.4403
Divergence detected. Stopping training after 5 epochs.
Fold 4: Accuracy = 0.3544
Divergence detected. Stopping training after 5 epochs.
Fold 2: Accuracy = 0.4927
Divergence detected. Stopping training after 5 epochs.
[I 2025-05-05 22:32:13,338] Trial 28 finished with value: 0.424271658293023 and parameters: {'n_patches': 28, 'embed_dim': 256, 'learning_rate': 2.4012527424474944e-05, 'weight_decay': 9.993118750705299e-05, 'batch_size': 32, 'num_transformer_blocks': 4, 'num_heads': 4}. Best is trial 24 with value: 0.45553976793185547.
Fold 5: Accuracy = 0.3988
Trial 28 mean accuracy: 0.4243
Trial 30 params: n_patches=28, embed_dim=64, lr=0.0003245706252578721, blocks=2, heads=8, batch_size=16
Divergence detected. Stopping training after 5 epochs.
Fold 3: Accuracy = 0.2838
Divergence detected. Stopping training after 5 epochs.
Fold 1: Accuracy = 0.3854
Divergence detected. Stopping training after 5 epochs.
Fold 4: Accuracy = 0.4722
Divergence detected. Stopping training after 5 epochs.
[I 2025-05-05 22:42:43,528] Trial 29 finished with value: 0.42133627531180873 and parameters: {'n_patches': 28, 'embed_dim': 64, 'learning_rate': 2.5737053066867958e-05, 'weight_decay': 2.5221796644089063e-05, 'batch_size': 32, 'num_transformer_blocks': 4, 'num_heads': 4}. Best is trial 24 with value: 0.45553976793185547.
Fold 5: Accuracy = 0.4177
Trial 29 mean accuracy: 0.4213
Trial 31 params: n_patches=28, embed_dim=64, lr=0.000322424400914185, blocks=2, heads=8, batch_size=16
Divergence detected. Stopping training after 5 epochs.
Fold 2: Accuracy = 0.4590
Divergence detected. Stopping training after 5 epochs.
Fold 1: Accuracy = 0.3897
Divergence detected. Stopping training after 5 epochs.
Fold 3: Accuracy = 0.4002
Divergence detected. Stopping training after 5 epochs.
Fold 2: Accuracy = 0.4751
Fold 4: Accuracy = 0.4642
Divergence detected. Stopping training after 5 epochs.
Fold 3: Accuracy = 0.4685
Divergence detected. Stopping training after 5 epochs.
Fold 4: Accuracy = 0.4096
Divergence detected. Stopping training after 5 epochs.
[I 2025-05-05 23:10:16,666] Trial 30 finished with value: 0.4192468095687499 and parameters: {'n_patches': 28, 'embed_dim': 64, 'learning_rate': 0.0003245706252578721, 'weight_decay': 4.481968840535867e-05, 'batch_size': 16, 'num_transformer_blocks': 2, 'num_heads': 8}. Best is trial 24 with value: 0.45553976793185547.
Fold 5: Accuracy = 0.3874
Trial 30 mean accuracy: 0.4192
Trial 32 params: n_patches=28, embed_dim=128, lr=1.643909556460266e-05, blocks=6, heads=8, batch_size=32
Divergence detected. Stopping training after 5 epochs.
[I 2025-05-05 23:10:42,681] Trial 31 finished with value: 0.4217667816316145 and parameters: {'n_patches': 28, 'embed_dim': 64, 'learning_rate': 0.000322424400914185, 'weight_decay': 4.431761343088002e-05, 'batch_size': 16, 'num_transformer_blocks': 2, 'num_heads': 8}. Best is trial 24 with value: 0.45553976793185547.
Fold 5: Accuracy = 0.3659
Trial 31 mean accuracy: 0.4218
Trial 33 params: n_patches=28, embed_dim=128, lr=3.7252850925212916e-05, blocks=6, heads=8, batch_size=32
Divergence detected. Stopping training after 5 epochs.
Fold 1: Accuracy = 0.4962
Divergence detected. Stopping training after 5 epochs.
Fold 1: Accuracy = 0.4411
Divergence detected. Stopping training after 5 epochs.
Fold 2: Accuracy = 0.4873
Divergence detected. Stopping training after 5 epochs.
Fold 2: Accuracy = 0.5062
Divergence detected. Stopping training after 5 epochs.
Fold 3: Accuracy = 0.4077
Divergence detected. Stopping training after 5 epochs.
Fold 3: Accuracy = 0.4155
Divergence detected. Stopping training after 5 epochs.
Divergence detected. Stopping training after 5 epochs.
Fold 4: Accuracy = 0.4309
Fold 4: Accuracy = 0.4162
Divergence detected. Stopping training after 5 epochs.
[I 2025-05-06 00:54:49,116] Trial 33 finished with value: 0.4220654866114845 and parameters: {'n_patches': 28, 'embed_dim': 128, 'learning_rate': 3.7252850925212916e-05, 'weight_decay': 1.658722150541791e-05, 'batch_size': 32, 'num_transformer_blocks': 6, 'num_heads': 8}. Best is trial 24 with value: 0.45553976793185547.
Fold 5: Accuracy = 0.3166
Trial 33 mean accuracy: 0.4221
Trial 34 params: n_patches=28, embed_dim=128, lr=1.6605916871248345e-05, blocks=8, heads=8, batch_size=32
Divergence detected. Stopping training after 5 epochs.
[I 2025-05-06 00:56:05,575] Trial 32 finished with value: 0.43806136296669684 and parameters: {'n_patches': 28, 'embed_dim': 128, 'learning_rate': 1.643909556460266e-05, 'weight_decay': 1.2612288721859882e-05, 'batch_size': 32, 'num_transformer_blocks': 6, 'num_heads': 8}. Best is trial 24 with value: 0.45553976793185547.
Fold 5: Accuracy = 0.3830
Trial 32 mean accuracy: 0.4381
Trial 35 params: n_patches=28, embed_dim=128, lr=7.993037669067511e-05, blocks=8, heads=8, batch_size=32
Divergence detected. Stopping training after 5 epochs.
Fold 1: Accuracy = 0.3900
Divergence detected. Stopping training after 5 epochs.
Fold 1: Accuracy = 0.3997
Divergence detected. Stopping training after 5 epochs.
Fold 2: Accuracy = 0.4362
Divergence detected. Stopping training after 5 epochs.
Fold 2: Accuracy = 0.4673
Divergence detected. Stopping training after 5 epochs.
Fold 3: Accuracy = 0.4247
Divergence detected. Stopping training after 5 epochs.
Fold 4: Accuracy = 0.4007
Divergence detected. Stopping training after 5 epochs.
Fold 3: Accuracy = 0.3232
Divergence detected. Stopping training after 5 epochs.
[I 2025-05-06 03:00:19,264] Trial 34 finished with value: 0.399350938632992 and parameters: {'n_patches': 28, 'embed_dim': 128, 'learning_rate': 1.6605916871248345e-05, 'weight_decay': 1.1871764181932191e-05, 'batch_size': 32, 'num_transformer_blocks': 8, 'num_heads': 8}. Best is trial 24 with value: 0.45553976793185547.
Fold 5: Accuracy = 0.3452
Trial 34 mean accuracy: 0.3994
Trial 36 params: n_patches=28, embed_dim=128, lr=8.38392285698327e-05, blocks=6, heads=8, batch_size=32
Divergence detected. Stopping training after 5 epochs.
Fold 4: Accuracy = 0.4614
Divergence detected. Stopping training after 5 epochs.
Fold 1: Accuracy = 0.4522
Divergence detected. Stopping training after 5 epochs.
Fold 2: Accuracy = 0.5062
Divergence detected. Stopping training after 5 epochs.
[I 2025-05-06 03:34:45,821] Trial 35 finished with value: 0.41076707248633626 and parameters: {'n_patches': 28, 'embed_dim': 128, 'learning_rate': 7.993037669067511e-05, 'weight_decay': 1.0241768842906585e-05, 'batch_size': 32, 'num_transformer_blocks': 8, 'num_heads': 8}. Best is trial 24 with value: 0.45553976793185547.
Fold 5: Accuracy = 0.4023
Trial 35 mean accuracy: 0.4108
Trial 37 params: n_patches=28, embed_dim=128, lr=3.0710002331213316e-05, blocks=6, heads=8, batch_size=32
Divergence detected. Stopping training after 5 epochs.
Fold 3: Accuracy = 0.4138
Divergence detected. Stopping training after 5 epochs.
Fold 1: Accuracy = 0.4567
Divergence detected. Stopping training after 5 epochs.
Fold 2: Accuracy = 0.4814
Divergence detected. Stopping training after 5 epochs.
Fold 4: Accuracy = 0.5066
Divergence detected. Stopping training after 5 epochs.
Fold 3: Accuracy = 0.4269
Divergence detected. Stopping training after 5 epochs.
Fold 4: Accuracy = 0.3653
Divergence detected. Stopping training after 5 epochs.
[I 2025-05-06 04:44:58,473] Trial 37 finished with value: 0.43068998142474363 and parameters: {'n_patches': 28, 'embed_dim': 128, 'learning_rate': 3.0710002331213316e-05, 'weight_decay': 1.6937278075543173e-05, 'batch_size': 32, 'num_transformer_blocks': 6, 'num_heads': 8}. Best is trial 24 with value: 0.45553976793185547.
Fold 5: Accuracy = 0.4232
Trial 37 mean accuracy: 0.4307
Trial 38 params: n_patches=14, embed_dim=128, lr=0.0009018906416065101, blocks=6, heads=8, batch_size=32
Divergence detected. Stopping training after 5 epochs.
Fold 1: Accuracy = 0.3333
Divergence detected. Stopping training after 5 epochs.
Fold 2: Accuracy = 0.3333
Divergence detected. Stopping training after 5 epochs.
[I 2025-05-06 04:49:15,392] Trial 36 finished with value: 0.44444005436702944 and parameters: {'n_patches': 28, 'embed_dim': 128, 'learning_rate': 8.38392285698327e-05, 'weight_decay': 1.702821394879826e-05, 'batch_size': 32, 'num_transformer_blocks': 6, 'num_heads': 8}. Best is trial 24 with value: 0.45553976793185547.
Fold 5: Accuracy = 0.3434
Trial 36 mean accuracy: 0.4444
Trial 39 params: n_patches=14, embed_dim=128, lr=0.00013976664393249933, blocks=6, heads=8, batch_size=32
Divergence detected. Stopping training after 5 epochs.
Fold 3: Accuracy = 0.3333
Divergence detected. Stopping training after 5 epochs.
Fold 1: Accuracy = 0.4303
Divergence detected. Stopping training after 5 epochs.
Fold 4: Accuracy = 0.3333
Divergence detected. Stopping training after 5 epochs.
[I 2025-05-06 04:52:13,163] Trial 38 finished with value: 0.3333333333333333 and parameters: {'n_patches': 14, 'embed_dim': 128, 'learning_rate': 0.0009018906416065101, 'weight_decay': 2.3019592819369966e-05, 'batch_size': 32, 'num_transformer_blocks': 6, 'num_heads': 8}. Best is trial 24 with value: 0.45553976793185547.
Fold 5: Accuracy = 0.3333
Trial 38 mean accuracy: 0.3333
Trial 40 params: n_patches=28, embed_dim=256, lr=0.0006124949470605994, blocks=4, heads=4, batch_size=32
Divergence detected. Stopping training after 5 epochs.
Fold 2: Accuracy = 0.4609
Divergence detected. Stopping training after 5 epochs.
Fold 3: Accuracy = 0.4572
Divergence detected. Stopping training after 5 epochs.
Fold 4: Accuracy = 0.4074
Divergence detected. Stopping training after 5 epochs.
[I 2025-05-06 04:58:53,167] Trial 39 finished with value: 0.42439087321098673 and parameters: {'n_patches': 14, 'embed_dim': 128, 'learning_rate': 0.00013976664393249933, 'weight_decay': 5.634317648057783e-05, 'batch_size': 32, 'num_transformer_blocks': 6, 'num_heads': 8}. Best is trial 24 with value: 0.45553976793185547.
Fold 5: Accuracy = 0.3661
Trial 39 mean accuracy: 0.4244
Trial 41 params: n_patches=28, embed_dim=256, lr=0.000583566323078532, blocks=4, heads=4, batch_size=32
Divergence detected. Stopping training after 5 epochs.
Fold 1: Accuracy = 0.3333
Divergence detected. Stopping training after 5 epochs.
Fold 2: Accuracy = 0.3333
Divergence detected. Stopping training after 5 epochs.
Fold 1: Accuracy = 0.3333
Divergence detected. Stopping training after 5 epochs.
Fold 2: Accuracy = 0.3333
Divergence detected. Stopping training after 5 epochs.
Fold 3: Accuracy = 0.3333
Divergence detected. Stopping training after 5 epochs.
Fold 3: Accuracy = 0.3333
Divergence detected. Stopping training after 5 epochs.
Fold 4: Accuracy = 0.3333
Divergence detected. Stopping training after 5 epochs.
Fold 4: Accuracy = 0.3333
Divergence detected. Stopping training after 5 epochs.
[I 2025-05-06 05:22:09,931] Trial 40 finished with value: 0.3333333333333333 and parameters: {'n_patches': 28, 'embed_dim': 256, 'learning_rate': 0.0006124949470605994, 'weight_decay': 3.139250115001249e-05, 'batch_size': 32, 'num_transformer_blocks': 4, 'num_heads': 4}. Best is trial 24 with value: 0.45553976793185547.
Fold 5: Accuracy = 0.3333
Trial 40 mean accuracy: 0.3333
Trial 42 params: n_patches=28, embed_dim=128, lr=2.2158627890185578e-05, blocks=6, heads=8, batch_size=32
Divergence detected. Stopping training after 5 epochs.
[I 2025-05-06 05:23:44,193] Trial 41 finished with value: 0.3333333333333333 and parameters: {'n_patches': 28, 'embed_dim': 256, 'learning_rate': 0.000583566323078532, 'weight_decay': 3.054941325433209e-05, 'batch_size': 32, 'num_transformer_blocks': 4, 'num_heads': 4}. Best is trial 24 with value: 0.45553976793185547.
Fold 5: Accuracy = 0.3333
Trial 41 mean accuracy: 0.3333
Trial 43 params: n_patches=28, embed_dim=128, lr=2.0283059326266825e-05, blocks=6, heads=8, batch_size=32
Divergence detected. Stopping training after 5 epochs.
Fold 1: Accuracy = 0.4071
Divergence detected. Stopping training after 5 epochs.
Fold 1: Accuracy = 0.4067
Divergence detected. Stopping training after 5 epochs.
Fold 2: Accuracy = 0.4115
Divergence detected. Stopping training after 5 epochs.
Fold 3: Accuracy = 0.4104
Divergence detected. Stopping training after 5 epochs.
Fold 2: Accuracy = 0.5203
Divergence detected. Stopping training after 5 epochs.
Fold 3: Accuracy = 0.4169
Divergence detected. Stopping training after 5 epochs.
Fold 4: Accuracy = 0.4843
Divergence detected. Stopping training after 5 epochs.
Fold 4: Accuracy = 0.4687
Divergence detected. Stopping training after 5 epochs.
Divergence detected. Stopping training after 5 epochs.
[I 2025-05-06 06:33:07,444] Trial 43 finished with value: 0.43928027529648717 and parameters: {'n_patches': 28, 'embed_dim': 128, 'learning_rate': 2.0283059326266825e-05, 'weight_decay': 1.704275910515804e-05, 'batch_size': 32, 'num_transformer_blocks': 6, 'num_heads': 8}. Best is trial 24 with value: 0.45553976793185547.
Fold 5: Accuracy = 0.3839
Trial 43 mean accuracy: 0.4393
Trial 44 params: n_patches=28, embed_dim=128, lr=5.2314923481080154e-05, blocks=8, heads=8, batch_size=32
[I 2025-05-06 06:33:09,919] Trial 42 finished with value: 0.41910863115071406 and parameters: {'n_patches': 28, 'embed_dim': 128, 'learning_rate': 2.2158627890185578e-05, 'weight_decay': 1.2933244605507996e-05, 'batch_size': 32, 'num_transformer_blocks': 6, 'num_heads': 8}. Best is trial 24 with value: 0.45553976793185547.
Fold 5: Accuracy = 0.3822
Trial 42 mean accuracy: 0.4191
Trial 45 params: n_patches=28, embed_dim=128, lr=4.636674161201214e-05, blocks=8, heads=8, batch_size=32
Divergence detected. Stopping training after 5 epochs.
Fold 1: Accuracy = 0.3746
Divergence detected. Stopping training after 5 epochs.
Fold 1: Accuracy = 0.3626
Divergence detected. Stopping training after 5 epochs.
Fold 2: Accuracy = 0.4427
Divergence detected. Stopping training after 5 epochs.
Fold 2: Accuracy = 0.5037
Divergence detected. Stopping training after 5 epochs.
Fold 3: Accuracy = 0.3536
Divergence detected. Stopping training after 5 epochs.
Divergence detected. Stopping training after 5 epochs.
Fold 3: Accuracy = 0.4241
Fold 4: Accuracy = 0.4306
Divergence detected. Stopping training after 5 epochs.
Fold 4: Accuracy = 0.4800
Divergence detected. Stopping training after 5 epochs.
Fold 5: Accuracy = 0.3733
Trial 45 mean accuracy: 0.3926
[I 2025-05-06 08:30:30,835] Trial 45 finished with value: 0.392570218380225 and parameters: {'n_patches': 28, 'embed_dim': 128, 'learning_rate': 4.636674161201214e-05, 'weight_decay': 2.3113774776082667e-05, 'batch_size': 32, 'num_transformer_blocks': 8, 'num_heads': 8}. Best is trial 24 with value: 0.45553976793185547.
Trial 46 params: n_patches=28, embed_dim=128, lr=3.287507274975897e-05, blocks=6, heads=8, batch_size=16
Divergence detected. Stopping training after 5 epochs.
[I 2025-05-06 08:35:38,279] Trial 44 finished with value: 0.429114503816643 and parameters: {'n_patches': 28, 'embed_dim': 128, 'learning_rate': 5.2314923481080154e-05, 'weight_decay': 1.3341840842364643e-05, 'batch_size': 32, 'num_transformer_blocks': 8, 'num_heads': 8}. Best is trial 24 with value: 0.45553976793185547.
Fold 5: Accuracy = 0.3631
Trial 44 mean accuracy: 0.4291
Trial 47 params: n_patches=14, embed_dim=256, lr=3.149919687012669e-05, blocks=6, heads=4, batch_size=16
Divergence detected. Stopping training after 5 epochs.
Fold 1: Accuracy = 0.3844
Divergence detected. Stopping training after 5 epochs.
Fold 1: Accuracy = 0.4304
Divergence detected. Stopping training after 5 epochs.
Fold 2: Accuracy = 0.4023
Divergence detected. Stopping training after 5 epochs.
Fold 3: Accuracy = 0.4361
Divergence detected. Stopping training after 5 epochs.
Fold 4: Accuracy = 0.4556
Divergence detected. Stopping training after 5 epochs.
[I 2025-05-06 08:45:46,617] Trial 47 finished with value: 0.4103703502830086 and parameters: {'n_patches': 14, 'embed_dim': 256, 'learning_rate': 3.149919687012669e-05, 'weight_decay': 2.7248234934125557e-05, 'batch_size': 16, 'num_transformer_blocks': 6, 'num_heads': 4}. Best is trial 24 with value: 0.45553976793185547.
Fold 5: Accuracy = 0.3274
Trial 47 mean accuracy: 0.4104
Trial 48 params: n_patches=28, embed_dim=64, lr=7.228609166859384e-05, blocks=2, heads=8, batch_size=32
Divergence detected. Stopping training after 5 epochs.
Fold 2: Accuracy = 0.4085
Divergence detected. Stopping training after 5 epochs.
Fold 1: Accuracy = 0.4477
Divergence detected. Stopping training after 5 epochs.
Divergence detected. Stopping training after 5 epochs.
Fold 2: Accuracy = 0.4087
Fold 3: Accuracy = 0.4349
Divergence detected. Stopping training after 5 epochs.
Divergence detected. Stopping training after 5 epochs.
Fold 3: Accuracy = 0.4277
Fold 4: Accuracy = 0.4595
Divergence detected. Stopping training after 5 epochs.
[I 2025-05-06 09:09:54,439] Trial 46 finished with value: 0.4239180255452292 and parameters: {'n_patches': 28, 'embed_dim': 128, 'learning_rate': 3.287507274975897e-05, 'weight_decay': 1.1310795624044443e-05, 'batch_size': 16, 'num_transformer_blocks': 6, 'num_heads': 8}. Best is trial 24 with value: 0.45553976793185547.
Fold 5: Accuracy = 0.4323
Trial 46 mean accuracy: 0.4239
Trial 49 params: n_patches=14, embed_dim=64, lr=1.2819361607509736e-05, blocks=2, heads=4, batch_size=32
Divergence detected. Stopping training after 5 epochs.
Divergence detected. Stopping training after 5 epochs.
Fold 1: Accuracy = 0.4498
Fold 4: Accuracy = 0.4480
Divergence detected. Stopping training after 5 epochs.
Fold 2: Accuracy = 0.4970
Divergence detected. Stopping training after 5 epochs.
Fold 3: Accuracy = 0.4254
Divergence detected. Stopping training after 5 epochs.
[I 2025-05-06 09:15:24,977] Trial 48 finished with value: 0.4226649366054101 and parameters: {'n_patches': 28, 'embed_dim': 64, 'learning_rate': 7.228609166859384e-05, 'weight_decay': 1.8395401734416854e-05, 'batch_size': 32, 'num_transformer_blocks': 2, 'num_heads': 8}. Best is trial 24 with value: 0.45553976793185547.
Fold 5: Accuracy = 0.3812
Trial 48 mean accuracy: 0.4227
Trial 50 params: n_patches=14, embed_dim=256, lr=1.3364623240163822e-05, blocks=4, heads=4, batch_size=32
Divergence detected. Stopping training after 5 epochs.
Fold 1: Accuracy = 0.4573
Divergence detected. Stopping training after 5 epochs.
Fold 4: Accuracy = 0.4897
Divergence detected. Stopping training after 5 epochs.
Fold 2: Accuracy = 0.5143
Divergence detected. Stopping training after 5 epochs.
