c:\Users\Gabriel\anaconda3\envs\cudaenv\Lib\site-packages\tqdm\auto.py:21: TqdmWarning: IProgress not found. Please update jupyter and ipywidgets. See https://ipywidgets.readthedocs.io/en/stable/user_install.html
  from .autonotebook import tqdm as notebook_tqdm
[I 2025-05-05 12:28:14,669] A new study created in memory with name: no-name-b98b833d-82cb-4e84-b5e3-eda44cc0675b
Trial 0 params: n_patches=28, embed_dim=64, lr=0.00024109179122706715, blocks=2, heads=8, batch_size=16Trial 1 params: n_patches=28, embed_dim=256, lr=0.00022144681752434854, blocks=2, heads=4, batch_size=16

Divergence detected. Stopping training after 5 epochs.
Fold 1: Accuracy = 0.4406
Divergence detected. Stopping training after 5 epochs.
Fold 1: Accuracy = 0.3989
Divergence detected. Stopping training after 5 epochs.
Fold 2: Accuracy = 0.3612
Divergence detected. Stopping training after 5 epochs.
Fold 2: Accuracy = 0.4214
Divergence detected. Stopping training after 5 epochs.
Fold 3: Accuracy = 0.3734
Divergence detected. Stopping training after 5 epochs.
Fold 3: Accuracy = 0.4518
Divergence detected. Stopping training after 5 epochs.
Fold 4: Accuracy = 0.5052
Divergence detected. Stopping training after 5 epochs.
Fold 4: Accuracy = 0.4789
Divergence detected. Stopping training after 5 epochs.
[I 2025-05-05 13:01:17,532] Trial 0 finished with value: 0.4008513562255051 and parameters: {'n_patches': 28, 'embed_dim': 64, 'learning_rate': 0.00024109179122706715, 'weight_decay': 4.3079103399536544e-05, 'batch_size': 16, 'num_transformer_blocks': 2, 'num_heads': 8}. Best is trial 0 with value: 0.4008513562255051.
Fold 5: Accuracy = 0.3656
Trial 0 mean accuracy: 0.4009
Trial 2 params: n_patches=14, embed_dim=128, lr=3.202182339757166e-05, blocks=2, heads=8, batch_size=16
Divergence detected. Stopping training after 5 epochs.
Divergence detected. Stopping training after 5 epochs.
Fold 1: Accuracy = 0.4422
[I 2025-05-05 13:02:28,218] Trial 1 finished with value: 0.44684862621653665 and parameters: {'n_patches': 28, 'embed_dim': 256, 'learning_rate': 0.00022144681752434854, 'weight_decay': 2.76473698063652e-05, 'batch_size': 16, 'num_transformer_blocks': 2, 'num_heads': 4}. Best is trial 1 with value: 0.44684862621653665.
Fold 5: Accuracy = 0.4416
Trial 1 mean accuracy: 0.4468
Trial 3 params: n_patches=14, embed_dim=256, lr=2.5269851423659276e-05, blocks=4, heads=4, batch_size=32
Divergence detected. Stopping training after 5 epochs.
Fold 2: Accuracy = 0.4664
Divergence detected. Stopping training after 5 epochs.
Fold 1: Accuracy = 0.4504
Divergence detected. Stopping training after 5 epochs.
Fold 3: Accuracy = 0.4164
Divergence detected. Stopping training after 5 epochs.
Fold 2: Accuracy = 0.5201
Divergence detected. Stopping training after 5 epochs.
Fold 4: Accuracy = 0.4363
Divergence detected. Stopping training after 5 epochs.
[I 2025-05-05 13:08:12,691] Trial 2 finished with value: 0.4271525076783319 and parameters: {'n_patches': 14, 'embed_dim': 128, 'learning_rate': 3.202182339757166e-05, 'weight_decay': 5.933525357122377e-05, 'batch_size': 16, 'num_transformer_blocks': 2, 'num_heads': 8}. Best is trial 1 with value: 0.44684862621653665.
Fold 5: Accuracy = 0.3744
Trial 2 mean accuracy: 0.4272
Trial 4 params: n_patches=28, embed_dim=256, lr=8.869667926378683e-05, blocks=6, heads=8, batch_size=32
Divergence detected. Stopping training after 5 epochs.
Fold 3: Accuracy = 0.4517
Divergence detected. Stopping training after 5 epochs.
Fold 4: Accuracy = 0.4126
Divergence detected. Stopping training after 5 epochs.
[I 2025-05-05 13:11:53,922] Trial 3 finished with value: 0.44546074422859877 and parameters: {'n_patches': 14, 'embed_dim': 256, 'learning_rate': 2.5269851423659276e-05, 'weight_decay': 2.6208063952869493e-05, 'batch_size': 32, 'num_transformer_blocks': 4, 'num_heads': 4}. Best is trial 1 with value: 0.44684862621653665.
Fold 5: Accuracy = 0.3924
Trial 3 mean accuracy: 0.4455
Trial 5 params: n_patches=28, embed_dim=128, lr=6.93245435067876e-05, blocks=8, heads=4, batch_size=32
Divergence detected. Stopping training after 5 epochs.
Fold 1: Accuracy = 0.4272
Divergence detected. Stopping training after 5 epochs.
Fold 1: Accuracy = 0.3516
Divergence detected. Stopping training after 5 epochs.
Fold 2: Accuracy = 0.4596
Divergence detected. Stopping training after 5 epochs.
Fold 3: Accuracy = 0.4253
Divergence detected. Stopping training after 5 epochs.
Fold 2: Accuracy = 0.4361
Divergence detected. Stopping training after 5 epochs.
Fold 3: Accuracy = 0.3616
Divergence detected. Stopping training after 5 epochs.
Fold 4: Accuracy = 0.4875
Divergence detected. Stopping training after 5 epochs.
Fold 4: Accuracy = 0.4748
Divergence detected. Stopping training after 5 epochs.
[I 2025-05-05 14:51:19,382] Trial 4 finished with value: 0.42887252195871345 and parameters: {'n_patches': 28, 'embed_dim': 256, 'learning_rate': 8.869667926378683e-05, 'weight_decay': 4.9636234557183494e-05, 'batch_size': 32, 'num_transformer_blocks': 6, 'num_heads': 8}. Best is trial 1 with value: 0.44684862621653665.
Fold 5: Accuracy = 0.3447
Trial 4 mean accuracy: 0.4289
Trial 6 params: n_patches=14, embed_dim=128, lr=0.0004877503680721462, blocks=4, heads=8, batch_size=32
Divergence detected. Stopping training after 5 epochs.
Fold 1: Accuracy = 0.3333
Divergence detected. Stopping training after 5 epochs.
Fold 2: Accuracy = 0.3333
Divergence detected. Stopping training after 5 epochs.
Fold 3: Accuracy = 0.3333
Divergence detected. Stopping training after 5 epochs.
Fold 4: Accuracy = 0.3333
Divergence detected. Stopping training after 5 epochs.
[I 2025-05-05 14:57:12,351] Trial 5 finished with value: 0.3971261604432675 and parameters: {'n_patches': 28, 'embed_dim': 128, 'learning_rate': 6.93245435067876e-05, 'weight_decay': 1.3523989089531245e-05, 'batch_size': 32, 'num_transformer_blocks': 8, 'num_heads': 4}. Best is trial 1 with value: 0.44684862621653665.
Fold 5: Accuracy = 0.3616
Trial 5 mean accuracy: 0.3971
Trial 7 params: n_patches=28, embed_dim=64, lr=1.8463820327522466e-05, blocks=2, heads=4, batch_size=32
Divergence detected. Stopping training after 5 epochs.
[I 2025-05-05 14:59:15,468] Trial 6 finished with value: 0.3333333333333333 and parameters: {'n_patches': 14, 'embed_dim': 128, 'learning_rate': 0.0004877503680721462, 'weight_decay': 7.686651064402699e-05, 'batch_size': 32, 'num_transformer_blocks': 4, 'num_heads': 8}. Best is trial 1 with value: 0.44684862621653665.
Fold 5: Accuracy = 0.3333
Trial 6 mean accuracy: 0.3333
Trial 8 params: n_patches=28, embed_dim=64, lr=0.0008870756392423518, blocks=2, heads=8, batch_size=32
Divergence detected. Stopping training after 5 epochs.
Fold 1: Accuracy = 0.3877
Divergence detected. Stopping training after 5 epochs.
Fold 2: Accuracy = 0.3657
Divergence detected. Stopping training after 5 epochs.
Fold 1: Accuracy = 0.4269
Divergence detected. Stopping training after 5 epochs.
Fold 3: Accuracy = 0.3970
Divergence detected. Stopping training after 5 epochs.
Fold 2: Accuracy = 0.4868
Divergence detected. Stopping training after 5 epochs.
Fold 3: Accuracy = 0.3333
Divergence detected. Stopping training after 5 epochs.
Fold 4: Accuracy = 0.4242
Divergence detected. Stopping training after 5 epochs.
[I 2025-05-05 15:23:02,410] Trial 7 finished with value: 0.3877131111111907 and parameters: {'n_patches': 28, 'embed_dim': 64, 'learning_rate': 1.8463820327522466e-05, 'weight_decay': 8.210210062883992e-05, 'batch_size': 32, 'num_transformer_blocks': 2, 'num_heads': 4}. Best is trial 1 with value: 0.44684862621653665.
Fold 5: Accuracy = 0.3640
Trial 7 mean accuracy: 0.3877
Trial 9 params: n_patches=28, embed_dim=128, lr=1.8274907806358672e-05, blocks=6, heads=8, batch_size=32
Divergence detected. Stopping training after 5 epochs.
Fold 4: Accuracy = 0.4913
Divergence detected. Stopping training after 5 epochs.
[I 2025-05-05 15:29:22,681] Trial 8 finished with value: 0.4188487946649597 and parameters: {'n_patches': 28, 'embed_dim': 64, 'learning_rate': 0.0008870756392423518, 'weight_decay': 2.6348139711753836e-05, 'batch_size': 32, 'num_transformer_blocks': 2, 'num_heads': 8}. Best is trial 1 with value: 0.44684862621653665.
Fold 5: Accuracy = 0.3558
Trial 8 mean accuracy: 0.4188
Trial 10 params: n_patches=28, embed_dim=64, lr=2.542467583545316e-05, blocks=4, heads=4, batch_size=32
Divergence detected. Stopping training after 5 epochs.
Fold 1: Accuracy = 0.4374
Divergence detected. Stopping training after 5 epochs.
Fold 2: Accuracy = 0.4294
Divergence detected. Stopping training after 5 epochs.
Fold 1: Accuracy = 0.4429
Divergence detected. Stopping training after 5 epochs.
Fold 3: Accuracy = 0.4149
Divergence detected. Stopping training after 5 epochs.
Fold 2: Accuracy = 0.4926
Divergence detected. Stopping training after 5 epochs.
Fold 4: Accuracy = 0.5111
Divergence detected. Stopping training after 5 epochs.
[I 2025-05-05 16:00:09,291] Trial 9 finished with value: 0.43947956338504435 and parameters: {'n_patches': 28, 'embed_dim': 128, 'learning_rate': 1.8274907806358672e-05, 'weight_decay': 1.5604708337155503e-05, 'batch_size': 32, 'num_transformer_blocks': 6, 'num_heads': 8}. Best is trial 1 with value: 0.44684862621653665.
Fold 5: Accuracy = 0.4045
Trial 9 mean accuracy: 0.4395
Trial 11 params: n_patches=14, embed_dim=256, lr=0.00021684724873318164, blocks=4, heads=4, batch_size=16
Divergence detected. Stopping training after 5 epochs.
Fold 3: Accuracy = 0.4300
Divergence detected. Stopping training after 5 epochs.
Fold 1: Accuracy = 0.3333
Divergence detected. Stopping training after 5 epochs.
Fold 2: Accuracy = 0.4829
Divergence detected. Stopping training after 5 epochs.
Divergence detected. Stopping training after 5 epochs.
Fold 3: Accuracy = 0.3218
Fold 4: Accuracy = 0.4251
Divergence detected. Stopping training after 5 epochs.
Fold 4: Accuracy = 0.4754
Divergence detected. Stopping training after 5 epochs.
[I 2025-05-05 16:09:29,969] Trial 11 finished with value: 0.4063104462464918 and parameters: {'n_patches': 14, 'embed_dim': 256, 'learning_rate': 0.00021684724873318164, 'weight_decay': 2.0129063254539478e-05, 'batch_size': 16, 'num_transformer_blocks': 4, 'num_heads': 4}. Best is trial 1 with value: 0.44684862621653665.
Fold 5: Accuracy = 0.4181
Trial 11 mean accuracy: 0.4063
Trial 12 params: n_patches=14, embed_dim=256, lr=1.0212468114329766e-05, blocks=4, heads=4, batch_size=16
Divergence detected. Stopping training after 5 epochs.
Fold 1: Accuracy = 0.4167
Divergence detected. Stopping training after 5 epochs.
Fold 2: Accuracy = 0.4231
Divergence detected. Stopping training after 5 epochs.
Fold 3: Accuracy = 0.4002
Divergence detected. Stopping training after 5 epochs.
[I 2025-05-05 16:15:46,805] Trial 10 finished with value: 0.4331928279803191 and parameters: {'n_patches': 28, 'embed_dim': 64, 'learning_rate': 2.542467583545316e-05, 'weight_decay': 1.0603121888544891e-05, 'batch_size': 32, 'num_transformer_blocks': 4, 'num_heads': 4}. Best is trial 1 with value: 0.44684862621653665.
Fold 5: Accuracy = 0.3753
Trial 10 mean accuracy: 0.4332
Trial 13 params: n_patches=14, embed_dim=256, lr=4.592243576200923e-05, blocks=4, heads=4, batch_size=16
Divergence detected. Stopping training after 5 epochs.
Fold 4: Accuracy = 0.4739
Divergence detected. Stopping training after 5 epochs.
Fold 1: Accuracy = 0.4672
Divergence detected. Stopping training after 5 epochs.
[I 2025-05-05 16:18:49,024] Trial 12 finished with value: 0.40762186673666106 and parameters: {'n_patches': 14, 'embed_dim': 256, 'learning_rate': 1.0212468114329766e-05, 'weight_decay': 2.7858958472776776e-05, 'batch_size': 16, 'num_transformer_blocks': 4, 'num_heads': 4}. Best is trial 1 with value: 0.44684862621653665.
Fold 5: Accuracy = 0.3242
Trial 12 mean accuracy: 0.4076
Trial 14 params: n_patches=14, embed_dim=256, lr=0.00019807138512665097, blocks=6, heads=4, batch_size=16
Divergence detected. Stopping training after 5 epochs.
Fold 1: Accuracy = 0.3333
Divergence detected. Stopping training after 5 epochs.
Fold 2: Accuracy = 0.4396
Divergence detected. Stopping training after 5 epochs.
Fold 2: Accuracy = 0.3333
Divergence detected. Stopping training after 5 epochs.
Fold 3: Accuracy = 0.4025
Divergence detected. Stopping training after 5 epochs.
Fold 4: Accuracy = 0.3450
Divergence detected. Stopping training after 5 epochs.
Fold 3: Accuracy = 0.3333
Divergence detected. Stopping training after 5 epochs.
[I 2025-05-05 16:26:32,552] Trial 13 finished with value: 0.40125285216965 and parameters: {'n_patches': 14, 'embed_dim': 256, 'learning_rate': 4.592243576200923e-05, 'weight_decay': 3.1218862555649e-05, 'batch_size': 16, 'num_transformer_blocks': 4, 'num_heads': 4}. Best is trial 1 with value: 0.44684862621653665.
Fold 5: Accuracy = 0.3519
Trial 13 mean accuracy: 0.4013
Trial 15 params: n_patches=14, embed_dim=256, lr=0.00016025004619930455, blocks=6, heads=4, batch_size=16
Divergence detected. Stopping training after 5 epochs.
Fold 4: Accuracy = 0.3333
Divergence detected. Stopping training after 5 epochs.
Fold 1: Accuracy = 0.3333
Divergence detected. Stopping training after 5 epochs.
[I 2025-05-05 16:28:15,945] Trial 14 finished with value: 0.3333333333333333 and parameters: {'n_patches': 14, 'embed_dim': 256, 'learning_rate': 0.00019807138512665097, 'weight_decay': 3.3307601766854234e-05, 'batch_size': 16, 'num_transformer_blocks': 6, 'num_heads': 4}. Best is trial 1 with value: 0.44684862621653665.
Fold 5: Accuracy = 0.3333
Trial 14 mean accuracy: 0.3333
Trial 16 params: n_patches=14, embed_dim=256, lr=0.00015743496906896523, blocks=2, heads=4, batch_size=16
Divergence detected. Stopping training after 5 epochs.
Fold 1: Accuracy = 0.3521
Divergence detected. Stopping training after 5 epochs.
Fold 2: Accuracy = 0.3491
Divergence detected. Stopping training after 5 epochs.
Fold 3: Accuracy = 0.3322
Divergence detected. Stopping training after 5 epochs.
Fold 2: Accuracy = 0.4086
Divergence detected. Stopping training after 5 epochs.
Fold 4: Accuracy = 0.4048
Divergence detected. Stopping training after 5 epochs.
Fold 3: Accuracy = 0.4380
Divergence detected. Stopping training after 5 epochs.
[I 2025-05-05 16:34:49,374] Trial 15 finished with value: 0.3505635402347601 and parameters: {'n_patches': 14, 'embed_dim': 256, 'learning_rate': 0.00016025004619930455, 'weight_decay': 2.0340263147660334e-05, 'batch_size': 16, 'num_transformer_blocks': 6, 'num_heads': 4}. Best is trial 1 with value: 0.44684862621653665.
Fold 5: Accuracy = 0.3333
Trial 15 mean accuracy: 0.3506
Trial 17 params: n_patches=28, embed_dim=256, lr=0.0004360437852050326, blocks=2, heads=4, batch_size=32
Divergence detected. Stopping training after 5 epochs.
Fold 4: Accuracy = 0.4056
Divergence detected. Stopping training after 5 epochs.
[I 2025-05-05 16:36:07,495] Trial 16 finished with value: 0.38517650505713036 and parameters: {'n_patches': 14, 'embed_dim': 256, 'learning_rate': 0.00015743496906896523, 'weight_decay': 1.9905706685682127e-05, 'batch_size': 16, 'num_transformer_blocks': 2, 'num_heads': 4}. Best is trial 1 with value: 0.44684862621653665.
Fold 5: Accuracy = 0.3216
Trial 16 mean accuracy: 0.3852
Trial 18 params: n_patches=28, embed_dim=256, lr=0.0003866929190541784, blocks=8, heads=4, batch_size=32
Divergence detected. Stopping training after 5 epochs.
Fold 1: Accuracy = 0.4166
Divergence detected. Stopping training after 5 epochs.
Fold 1: Accuracy = 0.3333
Divergence detected. Stopping training after 5 epochs.
Fold 2: Accuracy = 0.4310
Divergence detected. Stopping training after 5 epochs.
Fold 2: Accuracy = 0.3333
Divergence detected. Stopping training after 5 epochs.
Fold 3: Accuracy = 0.3333
Divergence detected. Stopping training after 5 epochs.
Fold 3: Accuracy = 0.4135
Divergence detected. Stopping training after 5 epochs.
Fold 4: Accuracy = 0.3333
Divergence detected. Stopping training after 5 epochs.
[I 2025-05-05 17:50:59,602] Trial 18 finished with value: 0.3333333333333333 and parameters: {'n_patches': 28, 'embed_dim': 256, 'learning_rate': 0.0003866929190541784, 'weight_decay': 3.91721156103235e-05, 'batch_size': 32, 'num_transformer_blocks': 8, 'num_heads': 4}. Best is trial 1 with value: 0.44684862621653665.
Fold 5: Accuracy = 0.3333
Trial 18 mean accuracy: 0.3333
Trial 19 params: n_patches=14, embed_dim=256, lr=5.2531420677629344e-05, blocks=2, heads=4, batch_size=16
Divergence detected. Stopping training after 5 epochs.
Fold 4: Accuracy = 0.4440
Divergence detected. Stopping training after 5 epochs.
Fold 1: Accuracy = 0.4080
Divergence detected. Stopping training after 5 epochs.
Fold 2: Accuracy = 0.4425
Divergence detected. Stopping training after 5 epochs.
Divergence detected. Stopping training after 5 epochs.
[I 2025-05-05 17:56:35,367] Trial 17 finished with value: 0.4137599192554572 and parameters: {'n_patches': 28, 'embed_dim': 256, 'learning_rate': 0.0004360437852050326, 'weight_decay': 2.082117285554542e-05, 'batch_size': 32, 'num_transformer_blocks': 2, 'num_heads': 4}. Best is trial 1 with value: 0.44684862621653665.
Fold 5: Accuracy = 0.3638
Trial 17 mean accuracy: 0.4138
Trial 20 params: n_patches=14, embed_dim=256, lr=6.210720531291553e-05, blocks=4, heads=4, batch_size=16
Fold 3: Accuracy = 0.4499
Divergence detected. Stopping training after 5 epochs.
Fold 4: Accuracy = 0.4765
Divergence detected. Stopping training after 5 epochs.
Fold 1: Accuracy = 0.3902
Divergence detected. Stopping training after 5 epochs.
[I 2025-05-05 17:59:56,570] Trial 19 finished with value: 0.4352313371023889 and parameters: {'n_patches': 14, 'embed_dim': 256, 'learning_rate': 5.2531420677629344e-05, 'weight_decay': 2.44952111040067e-05, 'batch_size': 16, 'num_transformer_blocks': 2, 'num_heads': 4}. Best is trial 1 with value: 0.44684862621653665.
Fold 5: Accuracy = 0.3992
Trial 19 mean accuracy: 0.4352
Trial 21 params: n_patches=14, embed_dim=256, lr=1.040136412492255e-05, blocks=4, heads=4, batch_size=16
Divergence detected. Stopping training after 5 epochs.
Fold 2: Accuracy = 0.4281
Divergence detected. Stopping training after 5 epochs.
Fold 1: Accuracy = 0.4154
Divergence detected. Stopping training after 5 epochs.
Fold 2: Accuracy = 0.4855
Divergence detected. Stopping training after 5 epochs.
Fold 3: Accuracy = 0.3629
Divergence detected. Stopping training after 5 epochs.
Fold 3: Accuracy = 0.3830
Divergence detected. Stopping training after 5 epochs.
Fold 4: Accuracy = 0.4548
Divergence detected. Stopping training after 5 epochs.
Fold 4: Accuracy = 0.4661
Divergence detected. Stopping training after 5 epochs.
[I 2025-05-05 18:07:18,566] Trial 20 finished with value: 0.39436906840554464 and parameters: {'n_patches': 14, 'embed_dim': 256, 'learning_rate': 6.210720531291553e-05, 'weight_decay': 5.98899033680429e-05, 'batch_size': 16, 'num_transformer_blocks': 4, 'num_heads': 4}. Best is trial 1 with value: 0.44684862621653665.
Fold 5: Accuracy = 0.3359
Trial 20 mean accuracy: 0.3944
Trial 22 params: n_patches=28, embed_dim=128, lr=1.355037027011047e-05, blocks=6, heads=8, batch_size=32
Divergence detected. Stopping training after 5 epochs.
[I 2025-05-05 18:07:57,524] Trial 21 finished with value: 0.4166446680652263 and parameters: {'n_patches': 14, 'embed_dim': 256, 'learning_rate': 1.040136412492255e-05, 'weight_decay': 1.4539062956569944e-05, 'batch_size': 16, 'num_transformer_blocks': 4, 'num_heads': 4}. Best is trial 1 with value: 0.44684862621653665.
Fold 5: Accuracy = 0.3332
Trial 21 mean accuracy: 0.4166
Trial 23 params: n_patches=28, embed_dim=128, lr=1.7090443742384093e-05, blocks=6, heads=8, batch_size=32
Divergence detected. Stopping training after 5 epochs.
Fold 1: Accuracy = 0.4222
Divergence detected. Stopping training after 5 epochs.
Fold 1: Accuracy = 0.4306
Divergence detected. Stopping training after 5 epochs.
Fold 2: Accuracy = 0.4542
Divergence detected. Stopping training after 5 epochs.
Fold 2: Accuracy = 0.5096
Divergence detected. Stopping training after 5 epochs.
Divergence detected. Stopping training after 5 epochs.
Fold 3: Accuracy = 0.3810
Fold 3: Accuracy = 0.4095
Divergence detected. Stopping training after 5 epochs.
Fold 4: Accuracy = 0.4183
Divergence detected. Stopping training after 5 epochs.
Fold 4: Accuracy = 0.3589
Divergence detected. Stopping training after 5 epochs.
[I 2025-05-05 19:58:07,632] Trial 23 finished with value: 0.41458542849720725 and parameters: {'n_patches': 28, 'embed_dim': 128, 'learning_rate': 1.7090443742384093e-05, 'weight_decay': 1.5226309120810825e-05, 'batch_size': 32, 'num_transformer_blocks': 6, 'num_heads': 8}. Best is trial 1 with value: 0.44684862621653665.
Fold 5: Accuracy = 0.3687
Trial 23 mean accuracy: 0.4146
Trial 24 params: n_patches=28, embed_dim=128, lr=3.6467910524712975e-05, blocks=6, heads=8, batch_size=32
Divergence detected. Stopping training after 5 epochs.
[I 2025-05-05 20:00:25,164] Trial 22 finished with value: 0.414544668580575 and parameters: {'n_patches': 28, 'embed_dim': 128, 'learning_rate': 1.355037027011047e-05, 'weight_decay': 1.4531755897919487e-05, 'batch_size': 32, 'num_transformer_blocks': 6, 'num_heads': 8}. Best is trial 1 with value: 0.44684862621653665.
Fold 5: Accuracy = 0.3926
Trial 22 mean accuracy: 0.4145
Trial 25 params: n_patches=28, embed_dim=128, lr=3.7252386854440865e-05, blocks=8, heads=8, batch_size=32
Divergence detected. Stopping training after 5 epochs.
Fold 1: Accuracy = 0.3765
Divergence detected. Stopping training after 5 epochs.
Fold 2: Accuracy = 0.4842
Fold 1: Accuracy = 0.4474
Divergence detected. Stopping training after 5 epochs.
Fold 3: Accuracy = 0.3893
Divergence detected. Stopping training after 5 epochs.
Fold 2: Accuracy = 0.5076
Divergence detected. Stopping training after 5 epochs.
Fold 4: Accuracy = 0.3957
Divergence detected. Stopping training after 5 epochs.
Fold 3: Accuracy = 0.4423
Divergence detected. Stopping training after 5 epochs.
