[I 2025-05-06 09:18:37,460] Trial 49 finished with value: 0.4449421930179822 and parameters: {'n_patches': 14, 'embed_dim': 64, 'learning_rate': 1.2819361607509736e-05, 'weight_decay': 1.868601265552523e-05, 'batch_size': 32, 'num_transformer_blocks': 2, 'num_heads': 4}. Best is trial 24 with value: 0.45553976793185547.
Fold 5: Accuracy = 0.3628
Trial 49 mean accuracy: 0.4449
Trial 51 params: n_patches=14, embed_dim=64, lr=1.303548468658277e-05, blocks=2, heads=4, batch_size=32
Divergence detected. Stopping training after 5 epochs.
Fold 1: Accuracy = 0.4480
Divergence detected. Stopping training after 5 epochs.
Fold 3: Accuracy = 0.4210
Divergence detected. Stopping training after 5 epochs.
Fold 4: Accuracy = 0.4654
Divergence detected. Stopping training after 5 epochs.
Fold 2: Accuracy = 0.4962
Divergence detected. Stopping training after 5 epochs.
[I 2025-05-06 09:22:40,459] Trial 50 finished with value: 0.4489900370453522 and parameters: {'n_patches': 14, 'embed_dim': 256, 'learning_rate': 1.3364623240163822e-05, 'weight_decay': 2.2322296514555606e-05, 'batch_size': 32, 'num_transformer_blocks': 4, 'num_heads': 4}. Best is trial 24 with value: 0.45553976793185547.
Fold 5: Accuracy = 0.3869
Trial 50 mean accuracy: 0.4490
Trial 52 params: n_patches=14, embed_dim=64, lr=1.315380674560353e-05, blocks=2, heads=4, batch_size=32
Divergence detected. Stopping training after 5 epochs.
Fold 3: Accuracy = 0.4320
Divergence detected. Stopping training after 5 epochs.
Fold 1: Accuracy = 0.4497
Divergence detected. Stopping training after 5 epochs.
Fold 4: Accuracy = 0.4637
Divergence detected. Stopping training after 5 epochs.
Fold 2: Accuracy = 0.4876
Divergence detected. Stopping training after 5 epochs.
[I 2025-05-06 09:25:21,186] Trial 51 finished with value: 0.4496852814334737 and parameters: {'n_patches': 14, 'embed_dim': 64, 'learning_rate': 1.303548468658277e-05, 'weight_decay': 2.2203605523088946e-05, 'batch_size': 32, 'num_transformer_blocks': 2, 'num_heads': 4}. Best is trial 24 with value: 0.45553976793185547.
Fold 5: Accuracy = 0.4085
Trial 51 mean accuracy: 0.4497
Trial 53 params: n_patches=14, embed_dim=64, lr=1.2905866035370015e-05, blocks=2, heads=4, batch_size=32
Divergence detected. Stopping training after 5 epochs.
Fold 3: Accuracy = 0.3938
Divergence detected. Stopping training after 5 epochs.
Fold 1: Accuracy = 0.4365
Divergence detected. Stopping training after 5 epochs.
Fold 2: Accuracy = 0.3275
Divergence detected. Stopping training after 5 epochs.
Fold 4: Accuracy = 0.4589
Divergence detected. Stopping training after 5 epochs.
[I 2025-05-06 09:28:24,426] Trial 52 finished with value: 0.4290078629350055 and parameters: {'n_patches': 14, 'embed_dim': 64, 'learning_rate': 1.315380674560353e-05, 'weight_decay': 2.1618812843625652e-05, 'batch_size': 32, 'num_transformer_blocks': 2, 'num_heads': 4}. Best is trial 24 with value: 0.45553976793185547.
Fold 5: Accuracy = 0.3551
Trial 52 mean accuracy: 0.4290
Trial 54 params: n_patches=14, embed_dim=64, lr=1.2920325750626868e-05, blocks=2, heads=4, batch_size=32
Divergence detected. Stopping training after 5 epochs.
Fold 3: Accuracy = 0.4290
Divergence detected. Stopping training after 5 epochs.
Fold 1: Accuracy = 0.4483
Divergence detected. Stopping training after 5 epochs.
Fold 4: Accuracy = 0.4860
Divergence detected. Stopping training after 5 epochs.
Fold 2: Accuracy = 0.5025
Divergence detected. Stopping training after 5 epochs.
[I 2025-05-06 09:32:23,598] Trial 53 finished with value: 0.3987453633559967 and parameters: {'n_patches': 14, 'embed_dim': 64, 'learning_rate': 1.2905866035370015e-05, 'weight_decay': 2.1972172233231623e-05, 'batch_size': 32, 'num_transformer_blocks': 2, 'num_heads': 4}. Best is trial 24 with value: 0.45553976793185547.
Fold 5: Accuracy = 0.3147
Trial 53 mean accuracy: 0.3987
Trial 55 params: n_patches=14, embed_dim=64, lr=1.0552207115981524e-05, blocks=2, heads=4, batch_size=32
Divergence detected. Stopping training after 5 epochs.
Fold 3: Accuracy = 0.4063
Divergence detected. Stopping training after 5 epochs.
Fold 1: Accuracy = 0.4200
Divergence detected. Stopping training after 5 epochs.
Fold 4: Accuracy = 0.4722
Divergence detected. Stopping training after 5 epochs.
Fold 2: Accuracy = 0.5021
Divergence detected. Stopping training after 5 epochs.
[I 2025-05-06 09:36:15,011] Trial 54 finished with value: 0.447120938127539 and parameters: {'n_patches': 14, 'embed_dim': 64, 'learning_rate': 1.2920325750626868e-05, 'weight_decay': 2.2583332026858028e-05, 'batch_size': 32, 'num_transformer_blocks': 2, 'num_heads': 4}. Best is trial 24 with value: 0.45553976793185547.
Fold 5: Accuracy = 0.4063
Trial 54 mean accuracy: 0.4471
Trial 56 params: n_patches=14, embed_dim=64, lr=1.445757242286123e-05, blocks=2, heads=4, batch_size=16
Divergence detected. Stopping training after 5 epochs.
Fold 3: Accuracy = 0.3087
Divergence detected. Stopping training after 5 epochs.
Fold 1: Accuracy = 0.4206
Divergence detected. Stopping training after 5 epochs.
Fold 4: Accuracy = 0.4210
Divergence detected. Stopping training after 5 epochs.
Fold 2: Accuracy = 0.5197
Divergence detected. Stopping training after 5 epochs.
[I 2025-05-06 09:39:36,915] Trial 55 finished with value: 0.41273263486112854 and parameters: {'n_patches': 14, 'embed_dim': 64, 'learning_rate': 1.0552207115981524e-05, 'weight_decay': 2.9085929151857237e-05, 'batch_size': 32, 'num_transformer_blocks': 2, 'num_heads': 4}. Best is trial 24 with value: 0.45553976793185547.
Fold 5: Accuracy = 0.4118
Trial 55 mean accuracy: 0.4127
Trial 57 params: n_patches=14, embed_dim=256, lr=1.935509203166336e-05, blocks=2, heads=4, batch_size=16
Divergence detected. Stopping training after 5 epochs.
Fold 1: Accuracy = 0.4393
Divergence detected. Stopping training after 5 epochs.
Fold 3: Accuracy = 0.4327
Divergence detected. Stopping training after 5 epochs.
Fold 2: Accuracy = 0.4932
Divergence detected. Stopping training after 5 epochs.
Fold 4: Accuracy = 0.4585
Divergence detected. Stopping training after 5 epochs.
Fold 3: Accuracy = 0.4120
Divergence detected. Stopping training after 5 epochs.
[I 2025-05-06 09:43:14,568] Trial 56 finished with value: 0.4434578382829111 and parameters: {'n_patches': 14, 'embed_dim': 64, 'learning_rate': 1.445757242286123e-05, 'weight_decay': 2.9748640939719576e-05, 'batch_size': 16, 'num_transformer_blocks': 2, 'num_heads': 4}. Best is trial 24 with value: 0.45553976793185547.
Fold 5: Accuracy = 0.3857
Trial 56 mean accuracy: 0.4435
Trial 58 params: n_patches=14, embed_dim=256, lr=1.985109159020941e-05, blocks=4, heads=4, batch_size=32
Divergence detected. Stopping training after 5 epochs.
Fold 4: Accuracy = 0.4535
Divergence detected. Stopping training after 5 epochs.
Fold 1: Accuracy = 0.4608
Divergence detected. Stopping training after 5 epochs.
Fold 2: Accuracy = 0.4635
Divergence detected. Stopping training after 5 epochs.
[I 2025-05-06 09:45:38,555] Trial 57 finished with value: 0.4356433441200799 and parameters: {'n_patches': 14, 'embed_dim': 256, 'learning_rate': 1.935509203166336e-05, 'weight_decay': 3.530732830478272e-05, 'batch_size': 16, 'num_transformer_blocks': 2, 'num_heads': 4}. Best is trial 24 with value: 0.45553976793185547.
Fold 5: Accuracy = 0.3802
Trial 57 mean accuracy: 0.4356
Trial 59 params: n_patches=14, embed_dim=256, lr=2.745743387362987e-05, blocks=4, heads=4, batch_size=32
Divergence detected. Stopping training after 5 epochs.
Fold 1: Accuracy = 0.4555
Divergence detected. Stopping training after 5 epochs.
Fold 2: Accuracy = 0.4814
Divergence detected. Stopping training after 5 epochs.
Fold 3: Accuracy = 0.3880
Divergence detected. Stopping training after 5 epochs.
Fold 3: Accuracy = 0.4240
Divergence detected. Stopping training after 5 epochs.
Fold 4: Accuracy = 0.4571
Divergence detected. Stopping training after 5 epochs.
Fold 4: Accuracy = 0.4931
Divergence detected. Stopping training after 5 epochs.
[I 2025-05-06 09:51:49,842] Trial 58 finished with value: 0.4379538480923064 and parameters: {'n_patches': 14, 'embed_dim': 256, 'learning_rate': 1.985109159020941e-05, 'weight_decay': 3.75312718314791e-05, 'batch_size': 32, 'num_transformer_blocks': 4, 'num_heads': 4}. Best is trial 24 with value: 0.45553976793185547.
Fold 5: Accuracy = 0.4204
Trial 58 mean accuracy: 0.4380
Trial 60 params: n_patches=14, embed_dim=256, lr=1.144307900301085e-05, blocks=4, heads=4, batch_size=32
Divergence detected. Stopping training after 5 epochs.
[I 2025-05-06 09:53:19,396] Trial 59 finished with value: 0.44616322103840494 and parameters: {'n_patches': 14, 'embed_dim': 256, 'learning_rate': 2.745743387362987e-05, 'weight_decay': 2.5826876972597843e-05, 'batch_size': 32, 'num_transformer_blocks': 4, 'num_heads': 4}. Best is trial 24 with value: 0.45553976793185547.
Fold 5: Accuracy = 0.3768
Trial 59 mean accuracy: 0.4462
Trial 61 params: n_patches=14, embed_dim=256, lr=1.123989416689388e-05, blocks=4, heads=4, batch_size=32
Divergence detected. Stopping training after 5 epochs.
Fold 1: Accuracy = 0.4357
Divergence detected. Stopping training after 5 epochs.
Divergence detected. Stopping training after 5 epochs.
Fold 1: Accuracy = 0.4181
Fold 2: Accuracy = 0.5169
Divergence detected. Stopping training after 5 epochs.
Fold 2: Accuracy = 0.4710
Divergence detected. Stopping training after 5 epochs.
Fold 3: Accuracy = 0.4215
Divergence detected. Stopping training after 5 epochs.
Fold 3: Accuracy = 0.4230
Divergence detected. Stopping training after 5 epochs.
Fold 4: Accuracy = 0.4008
Divergence detected. Stopping training after 5 epochs.
Divergence detected. Stopping training after 5 epochs.
Fold 4: Accuracy = 0.4750
[I 2025-05-06 10:01:13,162] Trial 60 finished with value: 0.43741748369696776 and parameters: {'n_patches': 14, 'embed_dim': 256, 'learning_rate': 1.144307900301085e-05, 'weight_decay': 2.686520532883228e-05, 'batch_size': 32, 'num_transformer_blocks': 4, 'num_heads': 4}. Best is trial 24 with value: 0.45553976793185547.
Fold 5: Accuracy = 0.4122
Trial 60 mean accuracy: 0.4374
Trial 62 params: n_patches=14, embed_dim=256, lr=2.5647497039169402e-05, blocks=4, heads=4, batch_size=32
Divergence detected. Stopping training after 5 epochs.
[I 2025-05-06 10:02:29,977] Trial 61 finished with value: 0.4356228717862246 and parameters: {'n_patches': 14, 'embed_dim': 256, 'learning_rate': 1.123989416689388e-05, 'weight_decay': 2.4323095627359883e-05, 'batch_size': 32, 'num_transformer_blocks': 4, 'num_heads': 4}. Best is trial 24 with value: 0.45553976793185547.
Fold 5: Accuracy = 0.3910
Trial 61 mean accuracy: 0.4356
Trial 63 params: n_patches=14, embed_dim=256, lr=2.5893793649076787e-05, blocks=4, heads=4, batch_size=32
Divergence detected. Stopping training after 5 epochs.
Fold 1: Accuracy = 0.4692
Divergence detected. Stopping training after 5 epochs.
Fold 1: Accuracy = 0.4467
Divergence detected. Stopping training after 5 epochs.
Fold 2: Accuracy = 0.4401
Divergence detected. Stopping training after 5 epochs.
Fold 2: Accuracy = 0.5130
Divergence detected. Stopping training after 5 epochs.
Fold 3: Accuracy = 0.3355
Divergence detected. Stopping training after 5 epochs.
Fold 3: Accuracy = 0.4545
Divergence detected. Stopping training after 5 epochs.
Fold 4: Accuracy = 0.4439
Divergence detected. Stopping training after 5 epochs.
Fold 4: Accuracy = 0.4522
Divergence detected. Stopping training after 5 epochs.
[I 2025-05-06 10:08:49,660] Trial 62 finished with value: 0.42508145122613594 and parameters: {'n_patches': 14, 'embed_dim': 256, 'learning_rate': 2.5647497039169402e-05, 'weight_decay': 2.353327668095525e-05, 'batch_size': 32, 'num_transformer_blocks': 4, 'num_heads': 4}. Best is trial 24 with value: 0.45553976793185547.
Fold 5: Accuracy = 0.4367
Trial 62 mean accuracy: 0.4251
Trial 64 params: n_patches=14, embed_dim=256, lr=1.54489217598524e-05, blocks=2, heads=4, batch_size=32
Divergence detected. Stopping training after 5 epochs.
[I 2025-05-06 10:09:41,857] Trial 63 finished with value: 0.44979478888749835 and parameters: {'n_patches': 14, 'embed_dim': 256, 'learning_rate': 2.5893793649076787e-05, 'weight_decay': 3.284975130996957e-05, 'batch_size': 32, 'num_transformer_blocks': 4, 'num_heads': 4}. Best is trial 24 with value: 0.45553976793185547.
Fold 5: Accuracy = 0.3826
Trial 63 mean accuracy: 0.4498
Trial 65 params: n_patches=14, embed_dim=256, lr=1.466222083124545e-05, blocks=2, heads=4, batch_size=32
Divergence detected. Stopping training after 5 epochs.
Fold 1: Accuracy = 0.4233
Divergence detected. Stopping training after 5 epochs.
Fold 2: Accuracy = 0.4799
Divergence detected. Stopping training after 5 epochs.
Fold 1: Accuracy = 0.4780
Divergence detected. Stopping training after 5 epochs.
Fold 2: Accuracy = 0.5023
Divergence detected. Stopping training after 5 epochs.
Fold 3: Accuracy = 0.4558
Divergence detected. Stopping training after 5 epochs.
Fold 3: Accuracy = 0.4270
Divergence detected. Stopping training after 5 epochs.
Fold 4: Accuracy = 0.4683
Divergence detected. Stopping training after 5 epochs.
Fold 4: Accuracy = 0.3947
Divergence detected. Stopping training after 5 epochs.
[I 2025-05-06 10:16:29,174] Trial 64 finished with value: 0.4377789691683106 and parameters: {'n_patches': 14, 'embed_dim': 256, 'learning_rate': 1.54489217598524e-05, 'weight_decay': 2.552340399320031e-05, 'batch_size': 32, 'num_transformer_blocks': 2, 'num_heads': 4}. Best is trial 24 with value: 0.45553976793185547.
Fold 5: Accuracy = 0.3616
Trial 64 mean accuracy: 0.4378
Trial 66 params: n_patches=14, embed_dim=256, lr=2.847031288887643e-05, blocks=4, heads=4, batch_size=32
Divergence detected. Stopping training after 5 epochs.
[I 2025-05-06 10:17:42,017] Trial 65 finished with value: 0.43266054832838413 and parameters: {'n_patches': 14, 'embed_dim': 256, 'learning_rate': 1.466222083124545e-05, 'weight_decay': 3.4896825506718036e-05, 'batch_size': 32, 'num_transformer_blocks': 2, 'num_heads': 4}. Best is trial 24 with value: 0.45553976793185547.
Fold 5: Accuracy = 0.3612
Trial 65 mean accuracy: 0.4327
Trial 67 params: n_patches=14, embed_dim=64, lr=2.837953676897551e-05, blocks=4, heads=4, batch_size=16
Divergence detected. Stopping training after 5 epochs.
Fold 1: Accuracy = 0.4600
Divergence detected. Stopping training after 5 epochs.
Fold 1: Accuracy = 0.4200
Divergence detected. Stopping training after 5 epochs.
Fold 2: Accuracy = 0.4854
Divergence detected. Stopping training after 5 epochs.
Fold 2: Accuracy = 0.4674
Divergence detected. Stopping training after 5 epochs.
Fold 3: Accuracy = 0.4144
Divergence detected. Stopping training after 5 epochs.
Fold 3: Accuracy = 0.3649
Divergence detected. Stopping training after 5 epochs.
Fold 4: Accuracy = 0.4700
Divergence detected. Stopping training after 5 epochs.
Fold 4: Accuracy = 0.4550
Divergence detected. Stopping training after 5 epochs.
Divergence detected. Stopping training after 5 epochs.
[I 2025-05-06 10:25:17,713] Trial 66 finished with value: 0.43835964472661537 and parameters: {'n_patches': 14, 'embed_dim': 256, 'learning_rate': 2.847031288887643e-05, 'weight_decay': 3.378226964473561e-05, 'batch_size': 32, 'num_transformer_blocks': 4, 'num_heads': 4}. Best is trial 24 with value: 0.45553976793185547.
Fold 5: Accuracy = 0.4265
Trial 66 mean accuracy: 0.4384
Trial 68 params: n_patches=14, embed_dim=64, lr=3.669445763792138e-05, blocks=4, heads=4, batch_size=16
[I 2025-05-06 10:25:18,565] Trial 67 finished with value: 0.4454917899886116 and parameters: {'n_patches': 14, 'embed_dim': 64, 'learning_rate': 2.837953676897551e-05, 'weight_decay': 4.093898664502236e-05, 'batch_size': 16, 'num_transformer_blocks': 4, 'num_heads': 4}. Best is trial 24 with value: 0.45553976793185547.
Fold 5: Accuracy = 0.4556
Trial 67 mean accuracy: 0.4455
Trial 69 params: n_patches=14, embed_dim=256, lr=3.8817595650035085e-05, blocks=2, heads=4, batch_size=32
Divergence detected. Stopping training after 5 epochs.
Fold 1: Accuracy = 0.4339
Divergence detected. Stopping training after 5 epochs.
Fold 1: Accuracy = 0.4343
Divergence detected. Stopping training after 5 epochs.
Fold 2: Accuracy = 0.3980
Divergence detected. Stopping training after 5 epochs.
Fold 2: Accuracy = 0.4923
Divergence detected. Stopping training after 5 epochs.
Divergence detected. Stopping training after 5 epochs.
Fold 3: Accuracy = 0.3434
Fold 3: Accuracy = 0.3665
Divergence detected. Stopping training after 5 epochs.
Fold 4: Accuracy = 0.4141
Divergence detected. Stopping training after 5 epochs.
Fold 4: Accuracy = 0.5048
Divergence detected. Stopping training after 5 epochs.
[I 2025-05-06 10:30:30,563] Trial 69 finished with value: 0.4082622385743019 and parameters: {'n_patches': 14, 'embed_dim': 256, 'learning_rate': 3.8817595650035085e-05, 'weight_decay': 2.0031446672412794e-05, 'batch_size': 32, 'num_transformer_blocks': 2, 'num_heads': 4}. Best is trial 24 with value: 0.45553976793185547.
Fold 5: Accuracy = 0.3572
Trial 69 mean accuracy: 0.4083
Trial 70 params: n_patches=14, embed_dim=64, lr=2.2586635735092052e-05, blocks=4, heads=4, batch_size=32
Divergence detected. Stopping training after 5 epochs.
[I 2025-05-06 10:31:37,112] Trial 68 finished with value: 0.41539590720613306 and parameters: {'n_patches': 14, 'embed_dim': 64, 'learning_rate': 3.669445763792138e-05, 'weight_decay': 1.9665239923610353e-05, 'batch_size': 16, 'num_transformer_blocks': 4, 'num_heads': 4}. Best is trial 24 with value: 0.45553976793185547.
Fold 5: Accuracy = 0.3738
Trial 68 mean accuracy: 0.4154
Trial 71 params: n_patches=14, embed_dim=256, lr=0.00025447292860775834, blocks=2, heads=4, batch_size=32
Divergence detected. Stopping training after 5 epochs.
Fold 1: Accuracy = 0.4359
Divergence detected. Stopping training after 5 epochs.
Fold 1: Accuracy = 0.4275
Divergence detected. Stopping training after 5 epochs.
Fold 2: Accuracy = 0.4154
Divergence detected. Stopping training after 5 epochs.
Fold 3: Accuracy = 0.4262
Divergence detected. Stopping training after 5 epochs.
Fold 2: Accuracy = 0.3924
Divergence detected. Stopping training after 5 epochs.
Fold 4: Accuracy = 0.4217
Divergence detected. Stopping training after 5 epochs.
Fold 3: Accuracy = 0.3993
Divergence detected. Stopping training after 5 epochs.
[I 2025-05-06 10:37:50,192] Trial 70 finished with value: 0.4226344696082339 and parameters: {'n_patches': 14, 'embed_dim': 64, 'learning_rate': 2.2586635735092052e-05, 'weight_decay': 3.20760148787362e-05, 'batch_size': 32, 'num_transformer_blocks': 4, 'num_heads': 4}. Best is trial 24 with value: 0.45553976793185547.
Fold 5: Accuracy = 0.4141
Trial 70 mean accuracy: 0.4226
Trial 72 params: n_patches=14, embed_dim=64, lr=1.8001486702930443e-05, blocks=4, heads=4, batch_size=16
Divergence detected. Stopping training after 5 epochs.
Fold 4: Accuracy = 0.4531
Divergence detected. Stopping training after 5 epochs.
[I 2025-05-06 10:39:10,025] Trial 71 finished with value: 0.4112634825426902 and parameters: {'n_patches': 14, 'embed_dim': 256, 'learning_rate': 0.00025447292860775834, 'weight_decay': 2.8159632097514385e-05, 'batch_size': 32, 'num_transformer_blocks': 2, 'num_heads': 4}. Best is trial 24 with value: 0.45553976793185547.
Fold 5: Accuracy = 0.3840
Trial 71 mean accuracy: 0.4113
Trial 73 params: n_patches=14, embed_dim=64, lr=1.8028708062457314e-05, blocks=4, heads=4, batch_size=16
Divergence detected. Stopping training after 5 epochs.
Fold 1: Accuracy = 0.4235
Divergence detected. Stopping training after 5 epochs.
Fold 1: Accuracy = 0.4200
Divergence detected. Stopping training after 5 epochs.
Fold 2: Accuracy = 0.4361
Divergence detected. Stopping training after 5 epochs.
Fold 2: Accuracy = 0.5043
Divergence detected. Stopping training after 5 epochs.
Fold 3: Accuracy = 0.3486
Divergence detected. Stopping training after 5 epochs.
Fold 3: Accuracy = 0.4276
Divergence detected. Stopping training after 5 epochs.
Fold 4: Accuracy = 0.4750
Divergence detected. Stopping training after 5 epochs.
Divergence detected. Stopping training after 5 epochs.
[I 2025-05-06 10:46:43,564] Trial 72 finished with value: 0.4123509924527621 and parameters: {'n_patches': 14, 'embed_dim': 64, 'learning_rate': 1.8001486702930443e-05, 'weight_decay': 4.10353724345227e-05, 'batch_size': 16, 'num_transformer_blocks': 4, 'num_heads': 4}. Best is trial 24 with value: 0.45553976793185547.
Fold 5: Accuracy = 0.3785
Trial 72 mean accuracy: 0.4124
Trial 74 params: n_patches=14, embed_dim=64, lr=4.277019672310624e-05, blocks=4, heads=4, batch_size=16
Fold 4: Accuracy = 0.4562
Divergence detected. Stopping training after 5 epochs.
[I 2025-05-06 10:48:10,895] Trial 73 finished with value: 0.43983952636272183 and parameters: {'n_patches': 14, 'embed_dim': 64, 'learning_rate': 1.8028708062457314e-05, 'weight_decay': 4.1285196537544494e-05, 'batch_size': 16, 'num_transformer_blocks': 4, 'num_heads': 4}. Best is trial 24 with value: 0.45553976793185547.
Fold 5: Accuracy = 0.3911
Trial 73 mean accuracy: 0.4398
Trial 75 params: n_patches=14, embed_dim=64, lr=2.783956730840186e-05, blocks=4, heads=4, batch_size=16
Divergence detected. Stopping training after 5 epochs.
Divergence detected. Stopping training after 5 epochs.
Fold 1: Accuracy = 0.4261
Fold 1: Accuracy = 0.4355
Divergence detected. Stopping training after 5 epochs.
Fold 2: Accuracy = 0.4508
Divergence detected. Stopping training after 5 epochs.
Fold 3: Accuracy = 0.3458
Divergence detected. Stopping training after 5 epochs.
Fold 4: Accuracy = 0.4104
Fold 2: Accuracy = 0.4736
Divergence detected. Stopping training after 5 epochs.
