[I 2025-05-05 11:40:49,217] Trial 92 finished with value: 0.3920712355616675 and parameters: {'n_patches': 14, 'embed_dim': 64, 'learning_rate': 1.6181509371684205e-05, 'weight_decay': 3.5658998282186214e-05, 'batch_size': 32, 'num_transformer_blocks': 4, 'num_heads': 8}. Best is trial 74 with value: 0.4339657674596612.
Fold 5: Accuracy = 0.4445
Trial 92 mean accuracy: 0.3921
Trial 94 params: n_patches=14, embed_dim=64, lr=1.8706175040097387e-05, blocks=4, heads=8, batch_size=32
Divergence detected. Stopping training after 5 epochs.
Fold 1: Accuracy = 0.3251
Divergence detected. Stopping training after 5 epochs.
Fold 1: Accuracy = 0.3280
Divergence detected. Stopping training after 5 epochs.
Fold 2: Accuracy = 0.4068
Divergence detected. Stopping training after 5 epochs.
Fold 2: Accuracy = 0.3522
Divergence detected. Stopping training after 5 epochs.
Fold 3: Accuracy = 0.3861
Divergence detected. Stopping training after 5 epochs.
Fold 3: Accuracy = 0.3779
Divergence detected. Stopping training after 5 epochs.
Fold 4: Accuracy = 0.5012
Divergence detected. Stopping training after 5 epochs.
Fold 4: Accuracy = 0.5159
Divergence detected. Stopping training after 5 epochs.
[I 2025-05-05 11:44:07,143] Trial 93 finished with value: 0.401793960139795 and parameters: {'n_patches': 14, 'embed_dim': 64, 'learning_rate': 1.8370750933198062e-05, 'weight_decay': 1.0179894705546082e-05, 'batch_size': 32, 'num_transformer_blocks': 4, 'num_heads': 8}. Best is trial 74 with value: 0.4339657674596612.
Fold 5: Accuracy = 0.3899
Trial 93 mean accuracy: 0.4018
Trial 95 params: n_patches=14, embed_dim=64, lr=6.940528071571648e-05, blocks=4, heads=8, batch_size=32
Divergence detected. Stopping training after 5 epochs.
Fold 1: Accuracy = 0.3078
Divergence detected. Stopping training after 5 epochs.
Fold 2: Accuracy = 0.3976
Divergence detected. Stopping training after 5 epochs.
[I 2025-05-05 11:45:39,319] Trial 94 finished with value: 0.4018913602252999 and parameters: {'n_patches': 14, 'embed_dim': 64, 'learning_rate': 1.8706175040097387e-05, 'weight_decay': 1.0672122389980273e-05, 'batch_size': 32, 'num_transformer_blocks': 4, 'num_heads': 8}. Best is trial 74 with value: 0.4339657674596612.
Fold 5: Accuracy = 0.4353
Trial 94 mean accuracy: 0.4019
Trial 96 params: n_patches=14, embed_dim=64, lr=5.249760849367228e-05, blocks=6, heads=8, batch_size=32
Divergence detected. Stopping training after 5 epochs.
Fold 1: Accuracy = 0.2873
Divergence detected. Stopping training after 5 epochs.
Fold 2: Accuracy = 0.3436
Divergence detected. Stopping training after 5 epochs.
Fold 3: Accuracy = 0.4751
Divergence detected. Stopping training after 5 epochs.
Fold 3: Accuracy = 0.2920
Divergence detected. Stopping training after 5 epochs.
Fold 4: Accuracy = 0.4713
Divergence detected. Stopping training after 5 epochs.
Fold 4: Accuracy = 0.4500
Divergence detected. Stopping training after 5 epochs.
[I 2025-05-05 11:52:27,972] Trial 95 finished with value: 0.4109300579869717 and parameters: {'n_patches': 14, 'embed_dim': 64, 'learning_rate': 6.940528071571648e-05, 'weight_decay': 1.3116124981214943e-05, 'batch_size': 32, 'num_transformer_blocks': 4, 'num_heads': 8}. Best is trial 74 with value: 0.4339657674596612.
Fold 5: Accuracy = 0.4029
Trial 95 mean accuracy: 0.4109
Trial 97 params: n_patches=14, embed_dim=64, lr=1.3401405071919073e-05, blocks=6, heads=8, batch_size=16
Divergence detected. Stopping training after 5 epochs.
[I 2025-05-05 11:52:41,937] Trial 96 finished with value: 0.36183884347100526 and parameters: {'n_patches': 14, 'embed_dim': 64, 'learning_rate': 5.249760849367228e-05, 'weight_decay': 1.3109559927999307e-05, 'batch_size': 32, 'num_transformer_blocks': 6, 'num_heads': 8}. Best is trial 74 with value: 0.4339657674596612.
Fold 5: Accuracy = 0.4363
Trial 96 mean accuracy: 0.3618
Trial 98 params: n_patches=14, embed_dim=64, lr=0.00018754594073935283, blocks=2, heads=4, batch_size=16
Divergence detected. Stopping training after 5 epochs.
Fold 1: Accuracy = 0.3113
Divergence detected. Stopping training after 5 epochs.
Fold 1: Accuracy = 0.3279
Divergence detected. Stopping training after 5 epochs.
Fold 2: Accuracy = 0.3285
Divergence detected. Stopping training after 5 epochs.
Fold 2: Accuracy = 0.3792
Divergence detected. Stopping training after 5 epochs.
Fold 3: Accuracy = 0.3871
Divergence detected. Stopping training after 5 epochs.
Fold 3: Accuracy = 0.3819
Divergence detected. Stopping training after 5 epochs.
Fold 4: Accuracy = 0.3984
Divergence detected. Stopping training after 5 epochs.
Fold 4: Accuracy = 0.4927
Divergence detected. Stopping training after 5 epochs.
[I 2025-05-05 11:58:43,755] Trial 98 finished with value: 0.375493920463967 and parameters: {'n_patches': 14, 'embed_dim': 64, 'learning_rate': 0.00018754594073935283, 'weight_decay': 5.62329182881202e-05, 'batch_size': 16, 'num_transformer_blocks': 2, 'num_heads': 4}. Best is trial 74 with value: 0.4339657674596612.
Fold 5: Accuracy = 0.3848
Trial 98 mean accuracy: 0.3755
Trial 99 params: n_patches=14, embed_dim=64, lr=1.2342942482714458e-05, blocks=4, heads=8, batch_size=32
Divergence detected. Stopping training after 5 epochs.
Fold 1: Accuracy = 0.3038
Divergence detected. Stopping training after 5 epochs.
[I 2025-05-05 12:00:06,601] Trial 97 finished with value: 0.3813560293846473 and parameters: {'n_patches': 14, 'embed_dim': 64, 'learning_rate': 1.3401405071919073e-05, 'weight_decay': 5.700083076772603e-05, 'batch_size': 16, 'num_transformer_blocks': 6, 'num_heads': 8}. Best is trial 74 with value: 0.4339657674596612.
Fold 5: Accuracy = 0.3925
Trial 97 mean accuracy: 0.3814
Divergence detected. Stopping training after 5 epochs.
Fold 2: Accuracy = 0.4459
Divergence detected. Stopping training after 5 epochs.
Fold 3: Accuracy = 0.3605
Divergence detected. Stopping training after 5 epochs.
Fold 4: Accuracy = 0.5069
Divergence detected. Stopping training after 5 epochs.
[I 2025-05-05 12:02:33,777] Trial 99 finished with value: 0.4139751453665611 and parameters: {'n_patches': 14, 'embed_dim': 64, 'learning_rate': 1.2342942482714458e-05, 'weight_decay': 2.3932751754652317e-05, 'batch_size': 32, 'num_transformer_blocks': 4, 'num_heads': 8}. Best is trial 74 with value: 0.4339657674596612.
Fold 5: Accuracy = 0.4528
Trial 99 mean accuracy: 0.4140
Best hyperparameters: {'n_patches': 14, 'embed_dim': 64, 'learning_rate': 4.791527211534685e-05, 'weight_decay': 2.723389186594195e-05, 'batch_size': 32, 'num_transformer_blocks': 6, 'num_heads': 8}
Best accuracy: 0.4340