c:\Users\Gabriel\anaconda3\envs\cudaenv\Lib\site-packages\tqdm\auto.py:21: TqdmWarning: IProgress not found. Please update jupyter and ipywidgets. See https://ipywidgets.readthedocs.io/en/stable/user_install.html
  from .autonotebook import tqdm as notebook_tqdm
[I 2025-06-03 22:18:57,504] A new study created in memory with name: no-name-caa4473a-a634-4667-b7c7-156fed3d9ff1
trial:0 hidden_size: 32, num_layers: 2, learning_rate: 0.0017072686796075181, optimizer_name: Adam, weight_decay: 6.591950956140822e-06, batch_size: 10, label_smoothing: 0.3, factor: 1trial:1 hidden_size: 32, num_layers: 4, learning_rate: 5.4790368880734364e-06, optimizer_name: Adam, weight_decay: 0.00018226544397252048, batch_size: 16, label_smoothing: 0.3, factor: 1
trial:2 hidden_size: 64, num_layers: 4, learning_rate: 1.6372142086864276e-05, optimizer_name: Adam, weight_decay: 8.975823001977633e-06, batch_size: 16, label_smoothing: 0.3, factor: 1

[I 2025-06-03 22:20:41,517] Trial 2 finished with value: 0.5974108961779273 and parameters: {'hidden_size': 64, 'num_layers': 4, 'dropout': 0.1, 'learning_rate': 1.6372142086864276e-05, 'weight_decay': 8.975823001977633e-06, 'batch_size': 16}. Best is trial 2 with value: 0.5974108961779273.
Trial 2: Test Accuracy = 0.5974
trial:3 hidden_size: 1024, num_layers: 2, learning_rate: 7.877736275948196e-08, optimizer_name: Adam, weight_decay: 0.0005039381270787882, batch_size: 10, label_smoothing: 0.3, factor: 1
[I 2025-06-03 22:20:43,043] Trial 1 finished with value: 0.3347701149425288 and parameters: {'hidden_size': 32, 'num_layers': 4, 'dropout': 0.2, 'learning_rate': 5.4790368880734364e-06, 'weight_decay': 0.00018226544397252048, 'batch_size': 16}. Best is trial 2 with value: 0.5974108961779273.
Trial 1: Test Accuracy = 0.3348
trial:4 hidden_size: 1024, num_layers: 2, learning_rate: 0.0003497535077250173, optimizer_name: Adam, weight_decay: 5.434835805727326e-05, batch_size: 32, label_smoothing: 0.3, factor: 1
Trial 0: Test Accuracy = 0.6312
[I 2025-06-03 22:20:43,632] Trial 0 finished with value: 0.6311725072423138 and parameters: {'hidden_size': 32, 'num_layers': 2, 'dropout': 0.30000000000000004, 'learning_rate': 0.0017072686796075181, 'weight_decay': 6.591950956140822e-06, 'batch_size': 10}. Best is trial 0 with value: 0.6311725072423138.
trial:5 hidden_size: 1024, num_layers: 2, learning_rate: 8.213520243623387e-08, optimizer_name: Adam, weight_decay: 5.2045909155153546e-05, batch_size: 16, label_smoothing: 0.3, factor: 1
Divergence detected. Stopping training after 10 epochs.
Early stopping at epoch 21
Trial 4: Test Accuracy = 0.5577
[I 2025-06-03 22:33:20,744] Trial 4 finished with value: 0.557734323894963 and parameters: {'hidden_size': 1024, 'num_layers': 2, 'dropout': 0.4, 'learning_rate': 0.0003497535077250173, 'weight_decay': 5.434835805727326e-05, 'batch_size': 32}. Best is trial 0 with value: 0.6311725072423138.
trial:6 hidden_size: 1024, num_layers: 2, learning_rate: 0.00029289886801258936, optimizer_name: Adam, weight_decay: 0.0003187968756902681, batch_size: 16, label_smoothing: 0.3, factor: 1
Trial 5: Test Accuracy = 0.5580
[I 2025-06-03 22:40:44,702] Trial 5 finished with value: 0.5579581347537613 and parameters: {'hidden_size': 1024, 'num_layers': 2, 'dropout': 0.2, 'learning_rate': 8.213520243623387e-08, 'weight_decay': 5.2045909155153546e-05, 'batch_size': 16}. Best is trial 0 with value: 0.6311725072423138.
trial:7 hidden_size: 64, num_layers: 3, learning_rate: 7.3306597323752085e-06, optimizer_name: Adam, weight_decay: 7.131675617972682e-05, batch_size: 32, label_smoothing: 0.3, factor: 1
Divergence detected. Stopping training after 10 epochs.
Early stopping at epoch 17
[I 2025-06-03 22:44:01,636] Trial 6 finished with value: 0.3620689655172414 and parameters: {'hidden_size': 1024, 'num_layers': 2, 'dropout': 0.1, 'learning_rate': 0.00029289886801258936, 'weight_decay': 0.0003187968756902681, 'batch_size': 16}. Best is trial 0 with value: 0.6311725072423138.
Trial 6: Test Accuracy = 0.3621
trial:8 hidden_size: 32, num_layers: 2, learning_rate: 1.0276360828245037e-06, optimizer_name: Adam, weight_decay: 1.7720921233414066e-06, batch_size: 16, label_smoothing: 0.3, factor: 1
Trial 7: Test Accuracy = 0.5561
[I 2025-06-03 22:45:02,267] Trial 7 finished with value: 0.5560825156527428 and parameters: {'hidden_size': 64, 'num_layers': 3, 'dropout': 0.1, 'learning_rate': 7.3306597323752085e-06, 'weight_decay': 7.131675617972682e-05, 'batch_size': 32}. Best is trial 0 with value: 0.6311725072423138.
trial:9 hidden_size: 1024, num_layers: 2, learning_rate: 3.7965881546261205e-08, optimizer_name: Adam, weight_decay: 0.00033685005010156453, batch_size: 10, label_smoothing: 0.3, factor: 1
Trial 3: Test Accuracy = 0.4956
[I 2025-06-03 22:46:34,655] Trial 3 finished with value: 0.49561274647229236 and parameters: {'hidden_size': 1024, 'num_layers': 2, 'dropout': 0.5, 'learning_rate': 7.877736275948196e-08, 'weight_decay': 0.0005039381270787882, 'batch_size': 10}. Best is trial 0 with value: 0.6311725072423138.
trial:10 hidden_size: 64, num_layers: 2, learning_rate: 0.004436348192582233, optimizer_name: Adam, weight_decay: 1.5654196641684777e-05, batch_size: 10, label_smoothing: 0.3, factor: 1
Trial 8: Test Accuracy = 0.3801
[I 2025-06-03 22:49:17,344] Trial 8 finished with value: 0.3801291468087095 and parameters: {'hidden_size': 32, 'num_layers': 2, 'dropout': 0.1, 'learning_rate': 1.0276360828245037e-06, 'weight_decay': 1.7720921233414066e-06, 'batch_size': 16}. Best is trial 0 with value: 0.6311725072423138.
trial:11 hidden_size: 32, num_layers: 1, learning_rate: 2.3019712555802252e-08, optimizer_name: Adam, weight_decay: 0.00022286709425447954, batch_size: 10, label_smoothing: 0.3, factor: 1
Divergence detected. Stopping training after 10 epochs.
Early stopping at epoch 12
[I 2025-06-03 22:50:25,852] Trial 9 finished with value: 0.3589691617605831 and parameters: {'hidden_size': 1024, 'num_layers': 2, 'dropout': 0.2, 'learning_rate': 3.7965881546261205e-08, 'weight_decay': 0.00033685005010156453, 'batch_size': 10}. Best is trial 0 with value: 0.6311725072423138.
Trial 9: Test Accuracy = 0.3590
trial:12 hidden_size: 256, num_layers: 1, learning_rate: 0.005734124955062117, optimizer_name: Adam, weight_decay: 7.552829453839455e-06, batch_size: 10, label_smoothing: 0.3, factor: 1
Divergence detected. Stopping training after 10 epochs.
Early stopping at epoch 17
[I 2025-06-03 22:50:30,921] Trial 10 finished with value: 0.3333333333333333 and parameters: {'hidden_size': 64, 'num_layers': 2, 'dropout': 0.1, 'learning_rate': 0.004436348192582233, 'weight_decay': 1.5654196641684777e-05, 'batch_size': 10}. Best is trial 0 with value: 0.6311725072423138.
Trial 10: Test Accuracy = 0.3333
trial:13 hidden_size: 128, num_layers: 4, learning_rate: 0.00017081272204490827, optimizer_name: Adam, weight_decay: 6.023247749022524e-06, batch_size: 10, label_smoothing: 0.3, factor: 1
Divergence detected. Stopping training after 10 epochs.
Early stopping at epoch 10
[I 2025-06-03 22:50:52,889] Trial 11 finished with value: 0.37589159891598917 and parameters: {'hidden_size': 32, 'num_layers': 1, 'dropout': 0.5, 'learning_rate': 2.3019712555802252e-08, 'weight_decay': 0.00022286709425447954, 'batch_size': 10}. Best is trial 0 with value: 0.6311725072423138.
Trial 11: Test Accuracy = 0.3759
trial:14 hidden_size: 128, num_layers: 4, learning_rate: 0.00013608058235917592, optimizer_name: Adam, weight_decay: 6.1159054231276394e-06, batch_size: 16, label_smoothing: 0.3, factor: 1
Divergence detected. Stopping training after 10 epochs.
Early stopping at epoch 18
[I 2025-06-03 22:51:59,515] Trial 13 finished with value: 0.6149367348845902 and parameters: {'hidden_size': 128, 'num_layers': 4, 'dropout': 0.30000000000000004, 'learning_rate': 0.00017081272204490827, 'weight_decay': 6.023247749022524e-06, 'batch_size': 10}. Best is trial 0 with value: 0.6311725072423138.
Trial 13: Test Accuracy = 0.6149
trial:15 hidden_size: 128, num_layers: 4, learning_rate: 0.006848254614045695, optimizer_name: Adam, weight_decay: 3.6140455830985797e-06, batch_size: 10, label_smoothing: 0.3, factor: 1
Divergence detected. Stopping training after 10 epochs.
Early stopping at epoch 18
[I 2025-06-03 22:52:14,523] Trial 14 finished with value: 0.6472549294458462 and parameters: {'hidden_size': 128, 'num_layers': 4, 'dropout': 0.30000000000000004, 'learning_rate': 0.00013608058235917592, 'weight_decay': 6.1159054231276394e-06, 'batch_size': 16}. Best is trial 14 with value: 0.6472549294458462.
Trial 14: Test Accuracy = 0.6473
trial:16 hidden_size: 512, num_layers: 3, learning_rate: 0.005451774791408278, optimizer_name: Adam, weight_decay: 2.045305679521162e-06, batch_size: 32, label_smoothing: 0.3, factor: 1
Divergence detected. Stopping training after 10 epochs.
Early stopping at epoch 22
[I 2025-06-03 22:52:29,549] Trial 12 finished with value: 0.3333333333333333 and parameters: {'hidden_size': 256, 'num_layers': 1, 'dropout': 0.4, 'learning_rate': 0.005734124955062117, 'weight_decay': 7.552829453839455e-06, 'batch_size': 10}. Best is trial 14 with value: 0.6472549294458462.
Trial 12: Test Accuracy = 0.3333
trial:17 hidden_size: 128, num_layers: 3, learning_rate: 0.0010369495774251026, optimizer_name: Adam, weight_decay: 1.9057043042034715e-06, batch_size: 32, label_smoothing: 0.3, factor: 1
Divergence detected. Stopping training after 10 epochs.
Early stopping at epoch 10
Trial 15: Test Accuracy = 0.3333
[I 2025-06-03 22:53:07,924] Trial 15 finished with value: 0.3333333333333333 and parameters: {'hidden_size': 128, 'num_layers': 4, 'dropout': 0.30000000000000004, 'learning_rate': 0.006848254614045695, 'weight_decay': 3.6140455830985797e-06, 'batch_size': 10}. Best is trial 14 with value: 0.6472549294458462.
trial:18 hidden_size: 512, num_layers: 3, learning_rate: 0.0008942489216756236, optimizer_name: Adam, weight_decay: 1.0054356811101351e-06, batch_size: 32, label_smoothing: 0.3, factor: 1
Divergence detected. Stopping training after 10 epochs.
Early stopping at epoch 14
[I 2025-06-03 22:54:16,339] Trial 16 finished with value: 0.3333333333333333 and parameters: {'hidden_size': 512, 'num_layers': 3, 'dropout': 0.30000000000000004, 'learning_rate': 0.005451774791408278, 'weight_decay': 2.045305679521162e-06, 'batch_size': 32}. Best is trial 14 with value: 0.6472549294458462.
Trial 16: Test Accuracy = 0.3333
trial:19 hidden_size: 128, num_layers: 4, learning_rate: 8.74686518971228e-05, optimizer_name: Adam, weight_decay: 2.1740839232801422e-05, batch_size: 16, label_smoothing: 0.3, factor: 1
Divergence detected. Stopping training after 10 epochs.
Early stopping at epoch 27
[I 2025-06-03 22:54:45,603] Trial 17 finished with value: 0.6063612746472292 and parameters: {'hidden_size': 128, 'num_layers': 3, 'dropout': 0.30000000000000004, 'learning_rate': 0.0010369495774251026, 'weight_decay': 1.9057043042034715e-06, 'batch_size': 32}. Best is trial 14 with value: 0.6472549294458462.
Trial 17: Test Accuracy = 0.6064
trial:20 hidden_size: 512, num_layers: 4, learning_rate: 5.471751337544971e-05, optimizer_name: Adam, weight_decay: 1.632681027443046e-05, batch_size: 16, label_smoothing: 0.3, factor: 1
Divergence detected. Stopping training after 10 epochs.
Early stopping at epoch 26
[I 2025-06-03 22:56:44,776] Trial 18 finished with value: 0.5586998411363424 and parameters: {'hidden_size': 512, 'num_layers': 3, 'dropout': 0.4, 'learning_rate': 0.0008942489216756236, 'weight_decay': 1.0054356811101351e-06, 'batch_size': 32}. Best is trial 14 with value: 0.6472549294458462.
Trial 18: Test Accuracy = 0.5587
trial:21 hidden_size: 256, num_layers: 4, learning_rate: 7.026846742741612e-05, optimizer_name: Adam, weight_decay: 1.4178574522182125e-05, batch_size: 16, label_smoothing: 0.3, factor: 1
Divergence detected. Stopping training after 10 epochs.
Early stopping at epoch 22
Trial 19: Test Accuracy = 0.6487
[I 2025-06-03 22:57:40,377] Trial 19 finished with value: 0.6486876927389964 and parameters: {'hidden_size': 128, 'num_layers': 4, 'dropout': 0.4, 'learning_rate': 8.74686518971228e-05, 'weight_decay': 2.1740839232801422e-05, 'batch_size': 16}. Best is trial 19 with value: 0.6486876927389964.
trial:22 hidden_size: 128, num_layers: 4, learning_rate: 4.279999024805935e-05, optimizer_name: Adam, weight_decay: 2.1183319942342697e-05, batch_size: 16, label_smoothing: 0.3, factor: 1
Divergence detected. Stopping training after 10 epochs.
Early stopping at epoch 22
[I 2025-06-03 22:59:14,300] Trial 20 finished with value: 0.45741379310344826 and parameters: {'hidden_size': 512, 'num_layers': 4, 'dropout': 0.4, 'learning_rate': 5.471751337544971e-05, 'weight_decay': 1.632681027443046e-05, 'batch_size': 16}. Best is trial 19 with value: 0.6486876927389964.
Trial 20: Test Accuracy = 0.4574
trial:23 hidden_size: 128, num_layers: 4, learning_rate: 8.699852332987201e-05, optimizer_name: Adam, weight_decay: 2.396729840831087e-05, batch_size: 16, label_smoothing: 0.3, factor: 1
Divergence detected. Stopping training after 10 epochs.
Early stopping at epoch 16
[I 2025-06-03 22:59:45,057] Trial 21 finished with value: 0.6244436034015513 and parameters: {'hidden_size': 256, 'num_layers': 4, 'dropout': 0.4, 'learning_rate': 7.026846742741612e-05, 'weight_decay': 1.4178574522182125e-05, 'batch_size': 16}. Best is trial 19 with value: 0.6486876927389964.
Trial 21: Test Accuracy = 0.6244
trial:24 hidden_size: 128, num_layers: 4, learning_rate: 0.00129532492481726, optimizer_name: Adam, weight_decay: 2.82326352319412e-05, batch_size: 16, label_smoothing: 0.3, factor: 1
Divergence detected. Stopping training after 10 epochs.
Early stopping at epoch 17
[I 2025-06-03 22:59:59,319] Trial 22 finished with value: 0.6149805625642464 and parameters: {'hidden_size': 128, 'num_layers': 4, 'dropout': 0.4, 'learning_rate': 4.279999024805935e-05, 'weight_decay': 2.1183319942342697e-05, 'batch_size': 16}. Best is trial 19 with value: 0.6486876927389964.
Trial 22: Test Accuracy = 0.6150
trial:25 hidden_size: 128, num_layers: 4, learning_rate: 1.7154608566633323e-06, optimizer_name: Adam, weight_decay: 4.292635913555638e-06, batch_size: 16, label_smoothing: 0.3, factor: 1
Divergence detected. Stopping training after 10 epochs.
Early stopping at epoch 12
Divergence detected. Stopping training after 10 epochs.
Early stopping at epoch 19
[I 2025-06-03 23:00:34,752] Trial 24 finished with value: 0.3333333333333333 and parameters: {'hidden_size': 128, 'num_layers': 4, 'dropout': 0.2, 'learning_rate': 0.00129532492481726, 'weight_decay': 2.82326352319412e-05, 'batch_size': 16}. Best is trial 19 with value: 0.6486876927389964.
Trial 24: Test Accuracy = 0.3333
trial:26 hidden_size: 32, num_layers: 1, learning_rate: 1.0965686121081143e-06, optimizer_name: Adam, weight_decay: 4.730693728328771e-06, batch_size: 16, label_smoothing: 0.3, factor: 1
[I 2025-06-03 23:00:35,449] Trial 23 finished with value: 0.6407112419400057 and parameters: {'hidden_size': 128, 'num_layers': 4, 'dropout': 0.4, 'learning_rate': 8.699852332987201e-05, 'weight_decay': 2.396729840831087e-05, 'batch_size': 16}. Best is trial 19 with value: 0.6486876927389964.
Trial 23: Test Accuracy = 0.6407
trial:27 hidden_size: 128, num_layers: 4, learning_rate: 2.1959731410702454e-06, optimizer_name: Adam, weight_decay: 0.00011225660852951338, batch_size: 16, label_smoothing: 0.3, factor: 1
Divergence detected. Stopping training after 10 epochs.
Early stopping at epoch 11
[I 2025-06-03 23:00:45,645] Trial 25 finished with value: 0.3333333333333333 and parameters: {'hidden_size': 128, 'num_layers': 4, 'dropout': 0.2, 'learning_rate': 1.7154608566633323e-06, 'weight_decay': 4.292635913555638e-06, 'batch_size': 16}. Best is trial 19 with value: 0.6486876927389964.
Trial 25: Test Accuracy = 0.3333
trial:28 hidden_size: 128, num_layers: 4, learning_rate: 2.120896824382109e-05, optimizer_name: Adam, weight_decay: 0.00011862321356098623, batch_size: 16, label_smoothing: 0.3, factor: 1
Divergence detected. Stopping training after 10 epochs.
Early stopping at epoch 10
Trial 26: Test Accuracy = 0.3072
[I 2025-06-03 23:01:16,188] Trial 26 finished with value: 0.3072421269040277 and parameters: {'hidden_size': 32, 'num_layers': 1, 'dropout': 0.30000000000000004, 'learning_rate': 1.0965686121081143e-06, 'weight_decay': 4.730693728328771e-06, 'batch_size': 16}. Best is trial 19 with value: 0.6486876927389964.
trial:29 hidden_size: 128, num_layers: 4, learning_rate: 2.314766740516948e-05, optimizer_name: Adam, weight_decay: 0.00010839810392912045, batch_size: 16, label_smoothing: 0.3, factor: 1
[I 2025-06-03 23:02:25,320] Trial 27 finished with value: 0.3400266330249509 and parameters: {'hidden_size': 128, 'num_layers': 4, 'dropout': 0.5, 'learning_rate': 2.1959731410702454e-06, 'weight_decay': 0.00011225660852951338, 'batch_size': 16}. Best is trial 19 with value: 0.6486876927389964.
Trial 27: Test Accuracy = 0.3400
trial:30 hidden_size: 128, num_layers: 4, learning_rate: 1.6575369527510296e-05, optimizer_name: Adam, weight_decay: 3.559133551982077e-05, batch_size: 16, label_smoothing: 0.3, factor: 1
[I 2025-06-03 23:02:35,490] Trial 28 finished with value: 0.5697380618633773 and parameters: {'hidden_size': 128, 'num_layers': 4, 'dropout': 0.5, 'learning_rate': 2.120896824382109e-05, 'weight_decay': 0.00011862321356098623, 'batch_size': 16}. Best is trial 19 with value: 0.6486876927389964.
Trial 28: Test Accuracy = 0.5697
trial:31 hidden_size: 128, num_layers: 4, learning_rate: 0.0001517848713006729, optimizer_name: Adam, weight_decay: 3.4389777830053566e-05, batch_size: 16, label_smoothing: 0.3, factor: 1
Divergence detected. Stopping training after 10 epochs.
Early stopping at epoch 23
[I 2025-06-03 23:02:43,972] Trial 29 finished with value: 0.6128489860760676 and parameters: {'hidden_size': 128, 'num_layers': 4, 'dropout': 0.5, 'learning_rate': 2.314766740516948e-05, 'weight_decay': 0.00010839810392912045, 'batch_size': 16}. Best is trial 19 with value: 0.6486876927389964.
Trial 29: Test Accuracy = 0.6128
trial:32 hidden_size: 128, num_layers: 4, learning_rate: 0.0001406884513893709, optimizer_name: Adam, weight_decay: 4.075266539637184e-05, batch_size: 16, label_smoothing: 0.3, factor: 1
Divergence detected. Stopping training after 10 epochs.
Early stopping at epoch 16
[I 2025-06-03 23:03:46,911] Trial 32 finished with value: 0.5133122138117933 and parameters: {'hidden_size': 128, 'num_layers': 4, 'dropout': 0.4, 'learning_rate': 0.0001406884513893709, 'weight_decay': 4.075266539637184e-05, 'batch_size': 16}. Best is trial 19 with value: 0.6486876927389964.
Trial 32: Test Accuracy = 0.5133
trial:33 hidden_size: 32, num_layers: 4, learning_rate: 0.001992365308528003, optimizer_name: Adam, weight_decay: 9.888591045538583e-06, batch_size: 16, label_smoothing: 0.3, factor: 1
Divergence detected. Stopping training after 10 epochs.
Early stopping at epoch 21
[I 2025-06-03 23:03:56,625] Trial 31 finished with value: 0.6408431922250256 and parameters: {'hidden_size': 128, 'num_layers': 4, 'dropout': 0.4, 'learning_rate': 0.0001517848713006729, 'weight_decay': 3.4389777830053566e-05, 'batch_size': 16}. Best is trial 19 with value: 0.6486876927389964.
Trial 31: Test Accuracy = 0.6408
trial:34 hidden_size: 128, num_layers: 4, learning_rate: 0.0005093398405987803, optimizer_name: Adam, weight_decay: 2.873745696147729e-05, batch_size: 16, label_smoothing: 0.3, factor: 1
[I 2025-06-03 23:04:15,970] Trial 30 finished with value: 0.5957484347257266 and parameters: {'hidden_size': 128, 'num_layers': 4, 'dropout': 0.5, 'learning_rate': 1.6575369527510296e-05, 'weight_decay': 3.559133551982077e-05, 'batch_size': 16}. Best is trial 19 with value: 0.6486876927389964.
Trial 30: Test Accuracy = 0.5957
trial:35 hidden_size: 128, num_layers: 4, learning_rate: 0.0003858427029795065, optimizer_name: Adam, weight_decay: 9.46488385293209e-06, batch_size: 16, label_smoothing: 0.3, factor: 1
Divergence detected. Stopping training after 10 epochs.
Early stopping at epoch 11
[I 2025-06-03 23:04:32,229] Trial 33 finished with value: 0.49403485655546203 and parameters: {'hidden_size': 32, 'num_layers': 4, 'dropout': 0.30000000000000004, 'learning_rate': 0.001992365308528003, 'weight_decay': 9.888591045538583e-06, 'batch_size': 16}. Best is trial 19 with value: 0.6486876927389964.
Trial 33: Test Accuracy = 0.4940
trial:36 hidden_size: 128, num_layers: 4, learning_rate: 0.000354951777715869, optimizer_name: Adam, weight_decay: 2.4595061196631547e-05, batch_size: 16, label_smoothing: 0.3, factor: 1
Divergence detected. Stopping training after 10 epochs.
Early stopping at epoch 17
[I 2025-06-03 23:05:05,809] Trial 34 finished with value: 0.47845126623680034 and parameters: {'hidden_size': 128, 'num_layers': 4, 'dropout': 0.4, 'learning_rate': 0.0005093398405987803, 'weight_decay': 2.873745696147729e-05, 'batch_size': 16}. Best is trial 19 with value: 0.6486876927389964.
Trial 34: Test Accuracy = 0.4785
trial:37 hidden_size: 128, num_layers: 4, learning_rate: 0.00011534340069248928, optimizer_name: Adam, weight_decay: 1.1095997399483528e-05, batch_size: 16, label_smoothing: 0.3, factor: 1
Divergence detected. Stopping training after 10 epochs.
Early stopping at epoch 18
[I 2025-06-03 23:05:42,356] Trial 36 finished with value: 0.6796114381833473 and parameters: {'hidden_size': 128, 'num_layers': 4, 'dropout': 0.4, 'learning_rate': 0.000354951777715869, 'weight_decay': 2.4595061196631547e-05, 'batch_size': 16}. Best is trial 36 with value: 0.6796114381833473.
Trial 36: Test Accuracy = 0.6796
trial:38 hidden_size: 128, num_layers: 4, learning_rate: 0.0002129058627688505, optimizer_name: Adam, weight_decay: 1.0780595134109433e-05, batch_size: 16, label_smoothing: 0.3, factor: 1
