[I 2025-06-04 02:40:35,082] Trial 147 finished with value: 0.5844941594243528 and parameters: {'hidden_size': 128, 'num_layers': 4, 'dropout': 0.2, 'learning_rate': 0.0004684767908538044, 'weight_decay': 2.1481519564033313e-05, 'batch_size': 16}. Best is trial 112 with value: 0.7098714138865526.
Trial 147: Test Accuracy = 0.5845
trial:150 hidden_size: 64, num_layers: 2, learning_rate: 8.467916996380154e-05, optimizer_name: Adam, weight_decay: 6.633143164612221e-06, batch_size: 10, label_smoothing: 0.3, factor: 1
Divergence detected. Stopping training after 10 epochs.
Early stopping at epoch 26
[I 2025-06-04 02:41:36,299] Trial 148 finished with value: 0.5260400897112419 and parameters: {'hidden_size': 128, 'num_layers': 4, 'dropout': 0.2, 'learning_rate': 0.00024371260757646637, 'weight_decay': 7.0096470264131885e-06, 'batch_size': 16}. Best is trial 112 with value: 0.7098714138865526.
Trial 148: Test Accuracy = 0.5260
trial:151 hidden_size: 64, num_layers: 2, learning_rate: 8.506386998584825e-05, optimizer_name: Adam, weight_decay: 1.0352057304460575e-05, batch_size: 10, label_smoothing: 0.3, factor: 1
Divergence detected. Stopping training after 10 epochs.
Early stopping at epoch 28
[I 2025-06-04 02:41:46,004] Trial 149 finished with value: 0.6067836650780302 and parameters: {'hidden_size': 128, 'num_layers': 4, 'dropout': 0.2, 'learning_rate': 8.547224659701097e-05, 'weight_decay': 6.611441629271758e-06, 'batch_size': 10}. Best is trial 112 with value: 0.7098714138865526.
Trial 149: Test Accuracy = 0.6068
trial:152 hidden_size: 64, num_layers: 2, learning_rate: 0.0016546252083639433, optimizer_name: Adam, weight_decay: 8.631543247486604e-06, batch_size: 32, label_smoothing: 0.3, factor: 1
Divergence detected. Stopping training after 10 epochs.
Early stopping at epoch 26
[I 2025-06-04 02:42:17,515] Trial 150 finished with value: 0.6281892346509672 and parameters: {'hidden_size': 64, 'num_layers': 2, 'dropout': 0.30000000000000004, 'learning_rate': 8.467916996380154e-05, 'weight_decay': 6.633143164612221e-06, 'batch_size': 10}. Best is trial 112 with value: 0.7098714138865526.
Trial 150: Test Accuracy = 0.6282
trial:153 hidden_size: 128, num_layers: 2, learning_rate: 5.0520176600967734e-05, optimizer_name: Adam, weight_decay: 3.2594468126672177e-06, batch_size: 10, label_smoothing: 0.3, factor: 1
Divergence detected. Stopping training after 10 epochs.
Early stopping at epoch 23
[I 2025-06-04 02:43:03,464] Trial 151 finished with value: 0.6130128025418186 and parameters: {'hidden_size': 64, 'num_layers': 2, 'dropout': 0.30000000000000004, 'learning_rate': 8.506386998584825e-05, 'weight_decay': 1.0352057304460575e-05, 'batch_size': 10}. Best is trial 112 with value: 0.7098714138865526.
Trial 151: Test Accuracy = 0.6130
trial:154 hidden_size: 128, num_layers: 2, learning_rate: 5.627741914981839e-05, optimizer_name: Adam, weight_decay: 4.036440416694313e-06, batch_size: 10, label_smoothing: 0.3, factor: 1
Divergence detected. Stopping training after 10 epochs.
Early stopping at epoch 23
[I 2025-06-04 02:43:10,487] Trial 152 finished with value: 0.45815811606391926 and parameters: {'hidden_size': 64, 'num_layers': 2, 'dropout': 0.30000000000000004, 'learning_rate': 0.0016546252083639433, 'weight_decay': 8.631543247486604e-06, 'batch_size': 32}. Best is trial 112 with value: 0.7098714138865526.
Trial 152: Test Accuracy = 0.4582
trial:155 hidden_size: 128, num_layers: 2, learning_rate: 5.720518132059333e-05, optimizer_name: Adam, weight_decay: 3.713724390369218e-06, batch_size: 10, label_smoothing: 0.3, factor: 1
Divergence detected. Stopping training after 10 epochs.
Early stopping at epoch 19
[I 2025-06-04 02:43:30,008] Trial 153 finished with value: 0.6510281282123166 and parameters: {'hidden_size': 128, 'num_layers': 2, 'dropout': 0.30000000000000004, 'learning_rate': 5.0520176600967734e-05, 'weight_decay': 3.2594468126672177e-06, 'batch_size': 10}. Best is trial 112 with value: 0.7098714138865526.
Trial 153: Test Accuracy = 0.6510
trial:156 hidden_size: 128, num_layers: 2, learning_rate: 0.00018692392239468534, optimizer_name: Adam, weight_decay: 0.0004612617415145854, batch_size: 10, label_smoothing: 0.3, factor: 1
Divergence detected. Stopping training after 10 epochs.
Early stopping at epoch 15
[I 2025-06-04 02:44:09,665] Trial 155 finished with value: 0.6116506868516961 and parameters: {'hidden_size': 128, 'num_layers': 2, 'dropout': 0.30000000000000004, 'learning_rate': 5.720518132059333e-05, 'weight_decay': 3.713724390369218e-06, 'batch_size': 10}. Best is trial 112 with value: 0.7098714138865526.
Trial 155: Test Accuracy = 0.6117
trial:157 hidden_size: 128, num_layers: 2, learning_rate: 4.762344869374359e-05, optimizer_name: Adam, weight_decay: 4.489199765564085e-06, batch_size: 10, label_smoothing: 0.3, factor: 1
Divergence detected. Stopping training after 10 epochs.
Early stopping at epoch 21
[I 2025-06-04 02:44:23,203] Trial 154 finished with value: 0.5716322773572563 and parameters: {'hidden_size': 128, 'num_layers': 2, 'dropout': 0.30000000000000004, 'learning_rate': 5.627741914981839e-05, 'weight_decay': 4.036440416694313e-06, 'batch_size': 10}. Best is trial 112 with value: 0.7098714138865526.
Trial 154: Test Accuracy = 0.5716
trial:158 hidden_size: 256, num_layers: 3, learning_rate: 2.9291166023986908e-05, optimizer_name: Adam, weight_decay: 2.7317547155969414e-06, batch_size: 10, label_smoothing: 0.3, factor: 1
Divergence detected. Stopping training after 10 epochs.
Early stopping at epoch 25
[I 2025-06-04 02:45:13,513] Trial 156 finished with value: 0.5914407064760302 and parameters: {'hidden_size': 128, 'num_layers': 2, 'dropout': 0.30000000000000004, 'learning_rate': 0.00018692392239468534, 'weight_decay': 0.0004612617415145854, 'batch_size': 10}. Best is trial 112 with value: 0.7098714138865526.
Trial 156: Test Accuracy = 0.5914
trial:159 hidden_size: 256, num_layers: 3, learning_rate: 0.0005093449403741882, optimizer_name: Adam, weight_decay: 2.869435697294634e-06, batch_size: 32, label_smoothing: 0.3, factor: 1
[I 2025-06-04 02:46:33,922] Trial 157 finished with value: 0.6230938230071955 and parameters: {'hidden_size': 128, 'num_layers': 2, 'dropout': 0.30000000000000004, 'learning_rate': 4.762344869374359e-05, 'weight_decay': 4.489199765564085e-06, 'batch_size': 10}. Best is trial 112 with value: 0.7098714138865526.
Trial 157: Test Accuracy = 0.6231
trial:160 hidden_size: 256, num_layers: 3, learning_rate: 0.0005196531156436982, optimizer_name: Adam, weight_decay: 3.331417366122165e-06, batch_size: 32, label_smoothing: 0.3, factor: 1
Divergence detected. Stopping training after 10 epochs.
Early stopping at epoch 26
[I 2025-06-04 02:47:48,565] Trial 159 finished with value: 0.6280633585646201 and parameters: {'hidden_size': 256, 'num_layers': 3, 'dropout': 0.30000000000000004, 'learning_rate': 0.0005093449403741882, 'weight_decay': 2.869435697294634e-06, 'batch_size': 32}. Best is trial 112 with value: 0.7098714138865526.
Trial 159: Test Accuracy = 0.6281
trial:161 hidden_size: 256, num_layers: 4, learning_rate: 0.0001284001024148961, optimizer_name: Adam, weight_decay: 7.881660918613084e-06, batch_size: 32, label_smoothing: 0.3, factor: 1
Divergence detected. Stopping training after 10 epochs.
Early stopping at epoch 25
Trial 158: Test Accuracy = 0.5912
[I 2025-06-04 02:49:16,802] Trial 158 finished with value: 0.5911894215493879 and parameters: {'hidden_size': 256, 'num_layers': 3, 'dropout': 0.30000000000000004, 'learning_rate': 2.9291166023986908e-05, 'weight_decay': 2.7317547155969414e-06, 'batch_size': 10}. Best is trial 112 with value: 0.7098714138865526.
trial:162 hidden_size: 256, num_layers: 4, learning_rate: 0.00012971095776544272, optimizer_name: Adam, weight_decay: 7.716343627901369e-06, batch_size: 32, label_smoothing: 0.3, factor: 1
[I 2025-06-04 02:49:18,112] Trial 160 finished with value: 0.4612084851883002 and parameters: {'hidden_size': 256, 'num_layers': 3, 'dropout': 0.30000000000000004, 'learning_rate': 0.0005196531156436982, 'weight_decay': 3.331417366122165e-06, 'batch_size': 32}. Best is trial 112 with value: 0.7098714138865526.
Trial 160: Test Accuracy = 0.4612
trial:163 hidden_size: 128, num_layers: 2, learning_rate: 1.5801121035056337e-05, optimizer_name: Adam, weight_decay: 5.071237661830387e-06, batch_size: 10, label_smoothing: 0.3, factor: 1
Divergence detected. Stopping training after 10 epochs.
Early stopping at epoch 24
[I 2025-06-04 02:50:25,566] Trial 161 finished with value: 0.6198508550602747 and parameters: {'hidden_size': 256, 'num_layers': 4, 'dropout': 0.30000000000000004, 'learning_rate': 0.0001284001024148961, 'weight_decay': 7.881660918613084e-06, 'batch_size': 32}. Best is trial 112 with value: 0.7098714138865526.
Trial 161: Test Accuracy = 0.6199
trial:164 hidden_size: 128, num_layers: 2, learning_rate: 1.618559321389867e-05, optimizer_name: Adam, weight_decay: 4.8304838228821955e-06, batch_size: 10, label_smoothing: 0.3, factor: 1
Divergence detected. Stopping training after 10 epochs.
Early stopping at epoch 17
Trial 162: Test Accuracy = 0.6709
[I 2025-06-04 02:51:01,525] Trial 162 finished with value: 0.6709294458461826 and parameters: {'hidden_size': 256, 'num_layers': 4, 'dropout': 0.2, 'learning_rate': 0.00012971095776544272, 'weight_decay': 7.716343627901369e-06, 'batch_size': 32}. Best is trial 112 with value: 0.7098714138865526.
trial:165 hidden_size: 256, num_layers: 4, learning_rate: 0.00035088460153111575, optimizer_name: Adam, weight_decay: 1.2897269066092996e-05, batch_size: 32, label_smoothing: 0.3, factor: 1
Divergence detected. Stopping training after 10 epochs.
Early stopping at epoch 25
[I 2025-06-04 02:51:26,966] Trial 163 finished with value: 0.5667734791141015 and parameters: {'hidden_size': 128, 'num_layers': 2, 'dropout': 0.30000000000000004, 'learning_rate': 1.5801121035056337e-05, 'weight_decay': 5.071237661830387e-06, 'batch_size': 10}. Best is trial 112 with value: 0.7098714138865526.
Trial 163: Test Accuracy = 0.5668
trial:166 hidden_size: 256, num_layers: 4, learning_rate: 0.0003437580275747499, optimizer_name: Adam, weight_decay: 9.22786000068556e-06, batch_size: 32, label_smoothing: 0.3, factor: 1
Divergence detected. Stopping training after 10 epochs.
Early stopping at epoch 29
[I 2025-06-04 02:52:57,531] Trial 164 finished with value: 0.5816576020932623 and parameters: {'hidden_size': 128, 'num_layers': 2, 'dropout': 0.30000000000000004, 'learning_rate': 1.618559321389867e-05, 'weight_decay': 4.8304838228821955e-06, 'batch_size': 10}. Best is trial 112 with value: 0.7098714138865526.
Trial 164: Test Accuracy = 0.5817
trial:167 hidden_size: 256, num_layers: 4, learning_rate: 0.0003026958069228865, optimizer_name: Adam, weight_decay: 9.235996705856926e-06, batch_size: 32, label_smoothing: 0.3, factor: 1
[I 2025-06-04 02:54:00,465] Trial 165 finished with value: 0.458811326044295 and parameters: {'hidden_size': 256, 'num_layers': 4, 'dropout': 0.2, 'learning_rate': 0.00035088460153111575, 'weight_decay': 1.2897269066092996e-05, 'batch_size': 32}. Best is trial 112 with value: 0.7098714138865526.
Trial 165: Test Accuracy = 0.4588
trial:168 hidden_size: 256, num_layers: 4, learning_rate: 0.00016976985603598006, optimizer_name: Adam, weight_decay: 1.438151090975599e-06, batch_size: 32, label_smoothing: 0.3, factor: 1
[I 2025-06-04 02:54:29,928] Trial 166 finished with value: 0.6306550789645827 and parameters: {'hidden_size': 256, 'num_layers': 4, 'dropout': 0.2, 'learning_rate': 0.0003437580275747499, 'weight_decay': 9.22786000068556e-06, 'batch_size': 32}. Best is trial 112 with value: 0.7098714138865526.
Trial 166: Test Accuracy = 0.6307
trial:169 hidden_size: 256, num_layers: 4, learning_rate: 0.0002575771081656913, optimizer_name: Adam, weight_decay: 1.5285570738537358e-06, batch_size: 32, label_smoothing: 0.3, factor: 1
Divergence detected. Stopping training after 10 epochs.
Early stopping at epoch 18
[I 2025-06-04 02:55:11,609] Trial 167 finished with value: 0.6500773759461733 and parameters: {'hidden_size': 256, 'num_layers': 4, 'dropout': 0.2, 'learning_rate': 0.0003026958069228865, 'weight_decay': 9.235996705856926e-06, 'batch_size': 32}. Best is trial 112 with value: 0.7098714138865526.
Trial 167: Test Accuracy = 0.6501
trial:170 hidden_size: 256, num_layers: 4, learning_rate: 0.0002512608376031214, optimizer_name: Adam, weight_decay: 1.405257750384442e-06, batch_size: 32, label_smoothing: 0.3, factor: 1
Divergence detected. Stopping training after 10 epochs.
Early stopping at epoch 15
[I 2025-06-04 02:56:04,776] Trial 168 finished with value: 0.610388374918232 and parameters: {'hidden_size': 256, 'num_layers': 4, 'dropout': 0.2, 'learning_rate': 0.00016976985603598006, 'weight_decay': 1.438151090975599e-06, 'batch_size': 32}. Best is trial 112 with value: 0.7098714138865526.
Trial 168: Test Accuracy = 0.6104
trial:171 hidden_size: 256, num_layers: 4, learning_rate: 0.0002532230615844724, optimizer_name: Adam, weight_decay: 6.043635735461535e-06, batch_size: 32, label_smoothing: 0.3, factor: 1
Divergence detected. Stopping training after 10 epochs.
Early stopping at epoch 15
[I 2025-06-04 02:56:22,773] Trial 169 finished with value: 0.583600504625736 and parameters: {'hidden_size': 256, 'num_layers': 4, 'dropout': 0.2, 'learning_rate': 0.0002575771081656913, 'weight_decay': 1.5285570738537358e-06, 'batch_size': 32}. Best is trial 112 with value: 0.7098714138865526.
Trial 169: Test Accuracy = 0.5836
trial:172 hidden_size: 256, num_layers: 4, learning_rate: 0.0006923370574787187, optimizer_name: Adam, weight_decay: 8.046460881442933e-06, batch_size: 32, label_smoothing: 0.3, factor: 1
Divergence detected. Stopping training after 10 epochs.
Early stopping at epoch 26
[I 2025-06-04 02:58:23,715] Trial 170 finished with value: 0.5817888047845996 and parameters: {'hidden_size': 256, 'num_layers': 4, 'dropout': 0.2, 'learning_rate': 0.0002512608376031214, 'weight_decay': 1.405257750384442e-06, 'batch_size': 32}. Best is trial 112 with value: 0.7098714138865526.
Trial 170: Test Accuracy = 0.5818
trial:173 hidden_size: 256, num_layers: 4, learning_rate: 0.0006613266204299749, optimizer_name: Adam, weight_decay: 7.816654621857207e-06, batch_size: 32, label_smoothing: 0.3, factor: 1
Divergence detected. Stopping training after 10 epochs.
Early stopping at epoch 21
[I 2025-06-04 02:58:38,790] Trial 171 finished with value: 0.5458470236426501 and parameters: {'hidden_size': 256, 'num_layers': 4, 'dropout': 0.2, 'learning_rate': 0.0002532230615844724, 'weight_decay': 6.043635735461535e-06, 'batch_size': 32}. Best is trial 112 with value: 0.7098714138865526.
Trial 171: Test Accuracy = 0.5458
trial:174 hidden_size: 256, num_layers: 4, learning_rate: 0.00010881956338415986, optimizer_name: Adam, weight_decay: 7.962304579713443e-06, batch_size: 32, label_smoothing: 0.3, factor: 1
[I 2025-06-04 02:59:57,840] Trial 172 finished with value: 0.6574853751985796 and parameters: {'hidden_size': 256, 'num_layers': 4, 'dropout': 0.2, 'learning_rate': 0.0006923370574787187, 'weight_decay': 8.046460881442933e-06, 'batch_size': 32}. Best is trial 112 with value: 0.7098714138865526.
Trial 172: Test Accuracy = 0.6575
trial:175 hidden_size: 256, num_layers: 4, learning_rate: 0.00039141933922970997, optimizer_name: Adam, weight_decay: 7.769019144445857e-06, batch_size: 32, label_smoothing: 0.3, factor: 1
Divergence detected. Stopping training after 10 epochs.
Early stopping at epoch 22
[I 2025-06-04 03:01:08,093] Trial 173 finished with value: 0.5488354359405663 and parameters: {'hidden_size': 256, 'num_layers': 4, 'dropout': 0.2, 'learning_rate': 0.0006613266204299749, 'weight_decay': 7.816654621857207e-06, 'batch_size': 32}. Best is trial 112 with value: 0.7098714138865526.
Trial 173: Test Accuracy = 0.5488
trial:176 hidden_size: 256, num_layers: 4, learning_rate: 0.0004254463208258696, optimizer_name: Adam, weight_decay: 9.252706367217385e-06, batch_size: 32, label_smoothing: 0.3, factor: 1
[I 2025-06-04 03:02:15,803] Trial 174 finished with value: 0.684320063545463 and parameters: {'hidden_size': 256, 'num_layers': 4, 'dropout': 0.2, 'learning_rate': 0.00010881956338415986, 'weight_decay': 7.962304579713443e-06, 'batch_size': 32}. Best is trial 112 with value: 0.7098714138865526.
Trial 174: Test Accuracy = 0.6843
trial:177 hidden_size: 256, num_layers: 4, learning_rate: 0.0007214313611970147, optimizer_name: Adam, weight_decay: 1.0148407978335689e-05, batch_size: 32, label_smoothing: 0.3, factor: 1
Divergence detected. Stopping training after 10 epochs.
Early stopping at epoch 27
[I 2025-06-04 03:03:19,663] Trial 175 finished with value: 0.5491500794318288 and parameters: {'hidden_size': 256, 'num_layers': 4, 'dropout': 0.2, 'learning_rate': 0.00039141933922970997, 'weight_decay': 7.769019144445857e-06, 'batch_size': 32}. Best is trial 112 with value: 0.7098714138865526.
Trial 175: Test Accuracy = 0.5492
trial:178 hidden_size: 256, num_layers: 4, learning_rate: 0.0009237125819884835, optimizer_name: Adam, weight_decay: 9.881354145563013e-06, batch_size: 32, label_smoothing: 0.3, factor: 1
Divergence detected. Stopping training after 10 epochs.
Early stopping at epoch 23
[I 2025-06-04 03:04:01,286] Trial 176 finished with value: 0.5457265676105038 and parameters: {'hidden_size': 256, 'num_layers': 4, 'dropout': 0.2, 'learning_rate': 0.0004254463208258696, 'weight_decay': 9.252706367217385e-06, 'batch_size': 32}. Best is trial 112 with value: 0.7098714138865526.
Trial 176: Test Accuracy = 0.5457
trial:179 hidden_size: 256, num_layers: 4, learning_rate: 0.001032538608446601, optimizer_name: Adam, weight_decay: 1.0327432128610668e-05, batch_size: 32, label_smoothing: 0.3, factor: 1
Divergence detected. Stopping training after 10 epochs.
Early stopping at epoch 14
[I 2025-06-04 03:05:50,537] Trial 179 finished with value: 0.3333333333333333 and parameters: {'hidden_size': 256, 'num_layers': 4, 'dropout': 0.2, 'learning_rate': 0.001032538608446601, 'weight_decay': 1.0327432128610668e-05, 'batch_size': 32}. Best is trial 112 with value: 0.7098714138865526.
Trial 179: Test Accuracy = 0.3333
trial:180 hidden_size: 512, num_layers: 4, learning_rate: 0.0006692398099178771, optimizer_name: Adam, weight_decay: 6.4111529363805305e-06, batch_size: 32, label_smoothing: 0.3, factor: 1
[I 2025-06-04 03:05:51,932] Trial 177 finished with value: 0.4041034482758621 and parameters: {'hidden_size': 256, 'num_layers': 4, 'dropout': 0.2, 'learning_rate': 0.0007214313611970147, 'weight_decay': 1.0148407978335689e-05, 'batch_size': 32}. Best is trial 112 with value: 0.7098714138865526.
Trial 177: Test Accuracy = 0.4041
trial:181 hidden_size: 64, num_layers: 4, learning_rate: 0.00012078118884596367, optimizer_name: Adam, weight_decay: 6.0541978182063625e-06, batch_size: 32, label_smoothing: 0.3, factor: 1
Trial 178: Test Accuracy = 0.5193
[I 2025-06-04 03:07:02,522] Trial 178 finished with value: 0.519300252312868 and parameters: {'hidden_size': 256, 'num_layers': 4, 'dropout': 0.2, 'learning_rate': 0.0009237125819884835, 'weight_decay': 9.881354145563013e-06, 'batch_size': 32}. Best is trial 112 with value: 0.7098714138865526.
trial:182 hidden_size: 512, num_layers: 4, learning_rate: 0.00014877060366767612, optimizer_name: Adam, weight_decay: 6.540678687533801e-06, batch_size: 32, label_smoothing: 0.3, factor: 1
Divergence detected. Stopping training after 10 epochs.
Early stopping at epoch 12
[I 2025-06-04 03:09:01,978] Trial 182 finished with value: 0.6010354172507242 and parameters: {'hidden_size': 512, 'num_layers': 4, 'dropout': 0.2, 'learning_rate': 0.00014877060366767612, 'weight_decay': 6.540678687533801e-06, 'batch_size': 32}. Best is trial 112 with value: 0.7098714138865526.
Trial 182: Test Accuracy = 0.6010
trial:183 hidden_size: 256, num_layers: 4, learning_rate: 0.00019746247153352197, optimizer_name: Adam, weight_decay: 1.1857264817531319e-05, batch_size: 32, label_smoothing: 0.3, factor: 1
Divergence detected. Stopping training after 10 epochs.
Early stopping at epoch 25
[I 2025-06-04 03:09:14,534] Trial 181 finished with value: 0.6164693019343986 and parameters: {'hidden_size': 64, 'num_layers': 4, 'dropout': 0.2, 'learning_rate': 0.00012078118884596367, 'weight_decay': 6.0541978182063625e-06, 'batch_size': 32}. Best is trial 112 with value: 0.7098714138865526.
Trial 181: Test Accuracy = 0.6165
trial:184 hidden_size: 256, num_layers: 4, learning_rate: 0.00020007408631579895, optimizer_name: Adam, weight_decay: 1.1603383593157988e-05, batch_size: 32, label_smoothing: 0.3, factor: 1
Divergence detected. Stopping training after 10 epochs.
Early stopping at epoch 25
[I 2025-06-04 03:09:43,211] Trial 180 finished with value: 0.5855135034108961 and parameters: {'hidden_size': 512, 'num_layers': 4, 'dropout': 0.2, 'learning_rate': 0.0006692398099178771, 'weight_decay': 6.4111529363805305e-06, 'batch_size': 32}. Best is trial 112 with value: 0.7098714138865526.
Trial 180: Test Accuracy = 0.5855
trial:185 hidden_size: 256, num_layers: 4, learning_rate: 0.0003064738497994963, optimizer_name: Adam, weight_decay: 1.4971291090685274e-05, batch_size: 32, label_smoothing: 0.3, factor: 1
Divergence detected. Stopping training after 10 epochs.
Early stopping at epoch 13
[I 2025-06-04 03:11:22,585] Trial 185 finished with value: 0.3333333333333333 and parameters: {'hidden_size': 256, 'num_layers': 4, 'dropout': 0.2, 'learning_rate': 0.0003064738497994963, 'weight_decay': 1.4971291090685274e-05, 'batch_size': 32}. Best is trial 112 with value: 0.7098714138865526.
Trial 185: Test Accuracy = 0.3333
trial:186 hidden_size: 256, num_layers: 4, learning_rate: 0.00020907979257938004, optimizer_name: Adam, weight_decay: 7.955938214397676e-06, batch_size: 32, label_smoothing: 0.3, factor: 1
Divergence detected. Stopping training after 10 epochs.
Early stopping at epoch 21
