[I 2025-06-04 03:33:26,459] Trial 219 finished with value: 0.5322157742267078 and parameters: {'hidden_size': 256, 'num_layers': 4, 'dropout': 0.2, 'learning_rate': 0.00037462625058095277, 'weight_decay': 2.4413422304732774e-05, 'batch_size': 32}. Best is trial 112 with value: 0.7098714138865526.
Trial 219: Test Accuracy = 0.5322
trial:224 hidden_size: 1024, num_layers: 4, learning_rate: 0.0006047748158398073, optimizer_name: Adam, weight_decay: 9.57526096340571e-06, batch_size: 32, label_smoothing: 0.3, factor: 1
Divergence detected. Stopping training after 10 epochs.
Early stopping at epoch 14
Trial 222: Test Accuracy = 0.6146
[I 2025-06-04 03:34:59,932] Trial 222 finished with value: 0.6145647135781703 and parameters: {'hidden_size': 64, 'num_layers': 4, 'dropout': 0.2, 'learning_rate': 0.0006231760909383639, 'weight_decay': 9.860683207268065e-06, 'batch_size': 32}. Best is trial 112 with value: 0.7098714138865526.
trial:225 hidden_size: 64, num_layers: 4, learning_rate: 4.547542973132529e-08, optimizer_name: Adam, weight_decay: 1.786808111760631e-05, batch_size: 32, label_smoothing: 0.3, factor: 1
Divergence detected. Stopping training after 10 epochs.
Early stopping at epoch 10
Divergence detected. Stopping training after 10 epochs.
Early stopping at epoch 24
[I 2025-06-04 03:37:11,042] Trial 224 finished with value: 0.3333333333333333 and parameters: {'hidden_size': 1024, 'num_layers': 4, 'dropout': 0.2, 'learning_rate': 0.0006047748158398073, 'weight_decay': 9.57526096340571e-06, 'batch_size': 32}. Best is trial 112 with value: 0.7098714138865526.
Trial 224: Test Accuracy = 0.3333
trial:226 hidden_size: 64, num_layers: 4, learning_rate: 0.00028967561991107113, optimizer_name: Adam, weight_decay: 1.754318053631827e-05, batch_size: 32, label_smoothing: 0.3, factor: 1
[I 2025-06-04 03:37:12,371] Trial 223 finished with value: 0.5937072236239603 and parameters: {'hidden_size': 64, 'num_layers': 4, 'dropout': 0.2, 'learning_rate': 0.00031172520057371297, 'weight_decay': 1.7815563445947744e-05, 'batch_size': 32}. Best is trial 112 with value: 0.7098714138865526.
Trial 223: Test Accuracy = 0.5937
trial:227 hidden_size: 256, num_layers: 4, learning_rate: 8.041798335428069e-08, optimizer_name: Adam, weight_decay: 1.3792940566877644e-05, batch_size: 32, label_smoothing: 0.3, factor: 1
Divergence detected. Stopping training after 10 epochs.
Early stopping at epoch 13
[I 2025-06-04 03:38:02,675] Trial 226 finished with value: 0.6106608728156248 and parameters: {'hidden_size': 64, 'num_layers': 4, 'dropout': 0.2, 'learning_rate': 0.00028967561991107113, 'weight_decay': 1.754318053631827e-05, 'batch_size': 32}. Best is trial 112 with value: 0.7098714138865526.
Trial 226: Test Accuracy = 0.6107
trial:228 hidden_size: 256, num_layers: 4, learning_rate: 0.00020663642520347267, optimizer_name: Adam, weight_decay: 2.1911514382055888e-05, batch_size: 32, label_smoothing: 0.3, factor: 1
[I 2025-06-04 03:38:11,878] Trial 225 finished with value: 0.3333333333333333 and parameters: {'hidden_size': 64, 'num_layers': 4, 'dropout': 0.2, 'learning_rate': 4.547542973132529e-08, 'weight_decay': 1.786808111760631e-05, 'batch_size': 32}. Best is trial 112 with value: 0.7098714138865526.
Trial 225: Test Accuracy = 0.3333
trial:229 hidden_size: 256, num_layers: 4, learning_rate: 0.00020601678097967096, optimizer_name: Adam, weight_decay: 1.4147278204236746e-05, batch_size: 32, label_smoothing: 0.3, factor: 1
Divergence detected. Stopping training after 10 epochs.
Early stopping at epoch 13
Trial 228: Test Accuracy = 0.6240
[I 2025-06-04 03:39:38,152] Trial 228 finished with value: 0.6240217736660125 and parameters: {'hidden_size': 256, 'num_layers': 4, 'dropout': 0.2, 'learning_rate': 0.00020663642520347267, 'weight_decay': 2.1911514382055888e-05, 'batch_size': 32}. Best is trial 112 with value: 0.7098714138865526.
trial:230 hidden_size: 256, num_layers: 4, learning_rate: 0.0004601812872228043, optimizer_name: Adam, weight_decay: 1.4695487252572575e-05, batch_size: 32, label_smoothing: 0.3, factor: 1
Divergence detected. Stopping training after 10 epochs.
Early stopping at epoch 13
[I 2025-06-04 03:39:52,307] Trial 229 finished with value: 0.7085526586300346 and parameters: {'hidden_size': 256, 'num_layers': 4, 'dropout': 0.2, 'learning_rate': 0.00020601678097967096, 'weight_decay': 1.4147278204236746e-05, 'batch_size': 32}. Best is trial 112 with value: 0.7098714138865526.
Trial 229: Test Accuracy = 0.7086
trial:231 hidden_size: 256, num_layers: 4, learning_rate: 0.00019524193425196035, optimizer_name: Adam, weight_decay: 1.3408593125167805e-05, batch_size: 32, label_smoothing: 0.3, factor: 1
[I 2025-06-04 03:40:26,137] Trial 227 finished with value: 0.3333333333333333 and parameters: {'hidden_size': 256, 'num_layers': 4, 'dropout': 0.2, 'learning_rate': 8.041798335428069e-08, 'weight_decay': 1.3792940566877644e-05, 'batch_size': 32}. Best is trial 112 with value: 0.7098714138865526.
Trial 227: Test Accuracy = 0.3333
trial:232 hidden_size: 256, num_layers: 4, learning_rate: 0.00012785050738249864, optimizer_name: Adam, weight_decay: 1.2322589303952058e-05, batch_size: 32, label_smoothing: 0.3, factor: 1
Divergence detected. Stopping training after 10 epochs.
Early stopping at epoch 12
[I 2025-06-04 03:41:28,915] Trial 231 finished with value: 0.5952262405382674 and parameters: {'hidden_size': 256, 'num_layers': 4, 'dropout': 0.2, 'learning_rate': 0.00019524193425196035, 'weight_decay': 1.3408593125167805e-05, 'batch_size': 32}. Best is trial 112 with value: 0.7098714138865526.
Trial 231: Test Accuracy = 0.5952
trial:233 hidden_size: 256, num_layers: 4, learning_rate: 0.00012468865059007243, optimizer_name: Adam, weight_decay: 1.5908673740596646e-05, batch_size: 32, label_smoothing: 0.3, factor: 1
Divergence detected. Stopping training after 10 epochs.
Early stopping at epoch 19
Trial 230: Test Accuracy = 0.6113
[I 2025-06-04 03:42:03,309] Trial 230 finished with value: 0.6113324922904401 and parameters: {'hidden_size': 256, 'num_layers': 4, 'dropout': 0.2, 'learning_rate': 0.0004601812872228043, 'weight_decay': 1.4695487252572575e-05, 'batch_size': 32}. Best is trial 112 with value: 0.7098714138865526.
trial:234 hidden_size: 256, num_layers: 4, learning_rate: 0.00026353808825014836, optimizer_name: Adam, weight_decay: 1.2029263972933979e-05, batch_size: 32, label_smoothing: 0.3, factor: 1
Divergence detected. Stopping training after 10 epochs.
Early stopping at epoch 21
[I 2025-06-04 03:43:02,907] Trial 232 finished with value: 0.6209137463788431 and parameters: {'hidden_size': 256, 'num_layers': 4, 'dropout': 0.2, 'learning_rate': 0.00012785050738249864, 'weight_decay': 1.2322589303952058e-05, 'batch_size': 32}. Best is trial 112 with value: 0.7098714138865526.
Trial 232: Test Accuracy = 0.6209
trial:235 hidden_size: 256, num_layers: 4, learning_rate: 0.0002621558553398917, optimizer_name: Adam, weight_decay: 8.682650243188786e-06, batch_size: 32, label_smoothing: 0.3, factor: 1
Divergence detected. Stopping training after 10 epochs.
Early stopping at epoch 14
[I 2025-06-04 03:43:16,768] Trial 233 finished with value: 0.5989428090832633 and parameters: {'hidden_size': 256, 'num_layers': 4, 'dropout': 0.2, 'learning_rate': 0.00012468865059007243, 'weight_decay': 1.5908673740596646e-05, 'batch_size': 32}. Best is trial 112 with value: 0.7098714138865526.
Trial 233: Test Accuracy = 0.5989
trial:236 hidden_size: 256, num_layers: 4, learning_rate: 0.00025504470908496306, optimizer_name: Adam, weight_decay: 1.106027997869576e-05, batch_size: 32, label_smoothing: 0.3, factor: 1
Divergence detected. Stopping training after 10 epochs.
Early stopping at epoch 15
[I 2025-06-04 03:43:57,959] Trial 234 finished with value: 0.4817092795065882 and parameters: {'hidden_size': 256, 'num_layers': 4, 'dropout': 0.2, 'learning_rate': 0.00026353808825014836, 'weight_decay': 1.2029263972933979e-05, 'batch_size': 32}. Best is trial 112 with value: 0.7098714138865526.
Trial 234: Test Accuracy = 0.4817
trial:237 hidden_size: 128, num_layers: 4, learning_rate: 0.00034544272100613983, optimizer_name: Adam, weight_decay: 8.928235364239545e-06, batch_size: 32, label_smoothing: 0.3, factor: 1
Divergence detected. Stopping training after 10 epochs.
Early stopping at epoch 14
[I 2025-06-04 03:45:21,955] Trial 237 finished with value: 0.38881646575086437 and parameters: {'hidden_size': 128, 'num_layers': 4, 'dropout': 0.2, 'learning_rate': 0.00034544272100613983, 'weight_decay': 8.928235364239545e-06, 'batch_size': 32}. Best is trial 112 with value: 0.7098714138865526.
Trial 237: Test Accuracy = 0.3888
trial:238 hidden_size: 256, num_layers: 4, learning_rate: 0.00020574554404062206, optimizer_name: Adam, weight_decay: 1.0702252109250146e-05, batch_size: 32, label_smoothing: 0.3, factor: 1
Divergence detected. Stopping training after 10 epochs.
Early stopping at epoch 18
[I 2025-06-04 03:45:28,927] Trial 236 finished with value: 0.665757779646762 and parameters: {'hidden_size': 256, 'num_layers': 4, 'dropout': 0.2, 'learning_rate': 0.00025504470908496306, 'weight_decay': 1.106027997869576e-05, 'batch_size': 32}. Best is trial 112 with value: 0.7098714138865526.
Trial 236: Test Accuracy = 0.6658
trial:239 hidden_size: 256, num_layers: 4, learning_rate: 0.00017697378877676314, optimizer_name: Adam, weight_decay: 1.020462169951967e-05, batch_size: 32, label_smoothing: 0.3, factor: 1
Divergence detected. Stopping training after 10 epochs.
Early stopping at epoch 25
[I 2025-06-04 03:46:07,284] Trial 235 finished with value: 0.5082848331931595 and parameters: {'hidden_size': 256, 'num_layers': 4, 'dropout': 0.2, 'learning_rate': 0.0002621558553398917, 'weight_decay': 8.682650243188786e-06, 'batch_size': 32}. Best is trial 112 with value: 0.7098714138865526.
Trial 235: Test Accuracy = 0.5083
trial:240 hidden_size: 256, num_layers: 4, learning_rate: 0.00019638129878126815, optimizer_name: Adam, weight_decay: 1.0551120015756339e-05, batch_size: 32, label_smoothing: 0.3, factor: 1
Divergence detected. Stopping training after 10 epochs.
Early stopping at epoch 18
[I 2025-06-04 03:47:37,733] Trial 238 finished with value: 0.5615649004765909 and parameters: {'hidden_size': 256, 'num_layers': 4, 'dropout': 0.2, 'learning_rate': 0.00020574554404062206, 'weight_decay': 1.0702252109250146e-05, 'batch_size': 32}. Best is trial 112 with value: 0.7098714138865526.
Trial 238: Test Accuracy = 0.5616
trial:241 hidden_size: 256, num_layers: 4, learning_rate: 0.0001487472833487665, optimizer_name: Adam, weight_decay: 6.971365852353821e-06, batch_size: 32, label_smoothing: 0.3, factor: 1
Divergence detected. Stopping training after 10 epochs.
Early stopping at epoch 13
[I 2025-06-04 03:47:45,443] Trial 240 finished with value: 0.6390809270161667 and parameters: {'hidden_size': 256, 'num_layers': 4, 'dropout': 0.2, 'learning_rate': 0.00019638129878126815, 'weight_decay': 1.0551120015756339e-05, 'batch_size': 32}. Best is trial 112 with value: 0.7098714138865526.
Trial 240: Test Accuracy = 0.6391
trial:242 hidden_size: 256, num_layers: 4, learning_rate: 0.0001667453140535747, optimizer_name: Adam, weight_decay: 1.0022271626546467e-05, batch_size: 32, label_smoothing: 0.3, factor: 1
Divergence detected. Stopping training after 10 epochs.
Early stopping at epoch 24
[I 2025-06-04 03:48:25,984] Trial 239 finished with value: 0.4776673208111391 and parameters: {'hidden_size': 256, 'num_layers': 4, 'dropout': 0.2, 'learning_rate': 0.00017697378877676314, 'weight_decay': 1.020462169951967e-05, 'batch_size': 32}. Best is trial 112 with value: 0.7098714138865526.
Trial 239: Test Accuracy = 0.4777
trial:243 hidden_size: 256, num_layers: 4, learning_rate: 0.00044462266768218264, optimizer_name: Adam, weight_decay: 6.945553815231691e-06, batch_size: 32, label_smoothing: 0.3, factor: 1
Divergence detected. Stopping training after 10 epochs.
Early stopping at epoch 12
[I 2025-06-04 03:49:17,886] Trial 242 finished with value: 0.6813972525932156 and parameters: {'hidden_size': 256, 'num_layers': 4, 'dropout': 0.2, 'learning_rate': 0.0001667453140535747, 'weight_decay': 1.0022271626546467e-05, 'batch_size': 32}. Best is trial 112 with value: 0.7098714138865526.
Trial 242: Test Accuracy = 0.6814
trial:244 hidden_size: 256, num_layers: 4, learning_rate: 0.00014695413784839478, optimizer_name: Adam, weight_decay: 7.222971316759224e-06, batch_size: 32, label_smoothing: 0.3, factor: 1
Divergence detected. Stopping training after 10 epochs.
Early stopping at epoch 18
Trial 241: Test Accuracy = 0.5610
[I 2025-06-04 03:49:53,004] Trial 241 finished with value: 0.5609666386319035 and parameters: {'hidden_size': 256, 'num_layers': 4, 'dropout': 0.2, 'learning_rate': 0.0001487472833487665, 'weight_decay': 6.971365852353821e-06, 'batch_size': 32}. Best is trial 112 with value: 0.7098714138865526.
trial:245 hidden_size: 256, num_layers: 4, learning_rate: 0.00025310846441665844, optimizer_name: Adam, weight_decay: 8.170094070799219e-06, batch_size: 32, label_smoothing: 0.3, factor: 1
Divergence detected. Stopping training after 10 epochs.
Early stopping at epoch 17
[I 2025-06-04 03:51:33,826] Trial 244 finished with value: 0.5198599196336792 and parameters: {'hidden_size': 256, 'num_layers': 4, 'dropout': 0.2, 'learning_rate': 0.00014695413784839478, 'weight_decay': 7.222971316759224e-06, 'batch_size': 32}. Best is trial 112 with value: 0.7098714138865526.
Trial 244: Test Accuracy = 0.5199
trial:246 hidden_size: 256, num_layers: 4, learning_rate: 0.0002489691051911659, optimizer_name: Adam, weight_decay: 8.057072935055647e-06, batch_size: 32, label_smoothing: 0.3, factor: 1
Divergence detected. Stopping training after 10 epochs.
Early stopping at epoch 15
[I 2025-06-04 03:51:47,478] Trial 245 finished with value: 0.6466246145220073 and parameters: {'hidden_size': 256, 'num_layers': 4, 'dropout': 0.2, 'learning_rate': 0.00025310846441665844, 'weight_decay': 8.170094070799219e-06, 'batch_size': 32}. Best is trial 112 with value: 0.7098714138865526.
Trial 245: Test Accuracy = 0.6466
trial:247 hidden_size: 256, num_layers: 4, learning_rate: 0.00046405380899392016, optimizer_name: Adam, weight_decay: 1.1725229656353009e-05, batch_size: 32, label_smoothing: 0.3, factor: 1
[I 2025-06-04 03:51:54,117] Trial 243 finished with value: 0.6107289038407625 and parameters: {'hidden_size': 256, 'num_layers': 4, 'dropout': 0.2, 'learning_rate': 0.00044462266768218264, 'weight_decay': 6.945553815231691e-06, 'batch_size': 32}. Best is trial 112 with value: 0.7098714138865526.
Trial 243: Test Accuracy = 0.6107
trial:248 hidden_size: 256, num_layers: 4, learning_rate: 0.0003284305334655996, optimizer_name: Adam, weight_decay: 0.0001325142084226051, batch_size: 32, label_smoothing: 0.3, factor: 1
Divergence detected. Stopping training after 10 epochs.
Early stopping at epoch 17
[I 2025-06-04 03:53:54,068] Trial 247 finished with value: 0.6576317166619942 and parameters: {'hidden_size': 256, 'num_layers': 4, 'dropout': 0.2, 'learning_rate': 0.00046405380899392016, 'weight_decay': 1.1725229656353009e-05, 'batch_size': 32}. Best is trial 112 with value: 0.7098714138865526.
Trial 247: Test Accuracy = 0.6576
trial:249 hidden_size: 256, num_layers: 4, learning_rate: 0.0007115314613551308, optimizer_name: Adam, weight_decay: 0.0001401517888707313, batch_size: 32, label_smoothing: 0.3, factor: 1
Divergence detected. Stopping training after 10 epochs.
Early stopping at epoch 19
[I 2025-06-04 03:54:14,355] Trial 248 finished with value: 0.6063342678254369 and parameters: {'hidden_size': 256, 'num_layers': 4, 'dropout': 0.2, 'learning_rate': 0.0003284305334655996, 'weight_decay': 0.0001325142084226051, 'batch_size': 32}. Best is trial 112 with value: 0.7098714138865526.
Trial 248: Test Accuracy = 0.6063
trial:250 hidden_size: 256, num_layers: 4, learning_rate: 0.0006670084107232444, optimizer_name: Adam, weight_decay: 1.2056254609424631e-05, batch_size: 32, label_smoothing: 0.3, factor: 1
[I 2025-06-04 03:55:06,135] Trial 246 finished with value: 0.6584735071488647 and parameters: {'hidden_size': 256, 'num_layers': 4, 'dropout': 0.2, 'learning_rate': 0.0002489691051911659, 'weight_decay': 8.057072935055647e-06, 'batch_size': 32}. Best is trial 112 with value: 0.7098714138865526.
Trial 246: Test Accuracy = 0.6585
trial:251 hidden_size: 256, num_layers: 4, learning_rate: 0.0007293715878398611, optimizer_name: Adam, weight_decay: 9.17112270655457e-06, batch_size: 32, label_smoothing: 0.3, factor: 1
Divergence detected. Stopping training after 10 epochs.
Early stopping at epoch 20