[I 2025-06-04 01:21:53,876] Trial 110 finished with value: 0.6354459396318102 and parameters: {'hidden_size': 256, 'num_layers': 1, 'dropout': 0.30000000000000004, 'learning_rate': 0.00033228302203093535, 'weight_decay': 5.865336440862533e-06, 'batch_size': 32}. Best is trial 90 with value: 0.701987851602654.
Trial 110: Test Accuracy = 0.6354
trial:113 hidden_size: 256, num_layers: 1, learning_rate: 0.0002309401175013937, optimizer_name: Adam, weight_decay: 1.2281051767630243e-05, batch_size: 32, label_smoothing: 0.3, factor: 1
Divergence detected. Stopping training after 10 epochs.
Early stopping at epoch 23
[I 2025-06-04 01:22:36,783] Trial 111 finished with value: 0.49818876740491547 and parameters: {'hidden_size': 64, 'num_layers': 3, 'dropout': 0.30000000000000004, 'learning_rate': 0.0005864257037135362, 'weight_decay': 6.028870777283253e-06, 'batch_size': 32}. Best is trial 90 with value: 0.701987851602654.
Trial 111: Test Accuracy = 0.4982
trial:114 hidden_size: 256, num_layers: 1, learning_rate: 0.000230920767160593, optimizer_name: Adam, weight_decay: 1.2381186671143899e-05, batch_size: 32, label_smoothing: 0.3, factor: 1
Trial 112: Test Accuracy = 0.7099
[I 2025-06-04 01:23:17,974] Trial 112 finished with value: 0.7098714138865526 and parameters: {'hidden_size': 64, 'num_layers': 4, 'dropout': 0.30000000000000004, 'learning_rate': 0.0003457860039763819, 'weight_decay': 5.944172232271371e-06, 'batch_size': 32}. Best is trial 112 with value: 0.7098714138865526.
trial:115 hidden_size: 64, num_layers: 4, learning_rate: 0.0003588941466744135, optimizer_name: Adam, weight_decay: 1.711482320445152e-05, batch_size: 32, label_smoothing: 0.3, factor: 1
Divergence detected. Stopping training after 10 epochs.
Early stopping at epoch 29
[I 2025-06-04 01:23:51,641] Trial 113 finished with value: 0.6076752639940192 and parameters: {'hidden_size': 256, 'num_layers': 1, 'dropout': 0.30000000000000004, 'learning_rate': 0.0002309401175013937, 'weight_decay': 1.2281051767630243e-05, 'batch_size': 32}. Best is trial 112 with value: 0.7098714138865526.
Trial 113: Test Accuracy = 0.6077
trial:116 hidden_size: 64, num_layers: 4, learning_rate: 0.0008960376658882922, optimizer_name: Adam, weight_decay: 1.710399302940881e-05, batch_size: 32, label_smoothing: 0.3, factor: 1
Divergence detected. Stopping training after 10 epochs.
Early stopping at epoch 19
[I 2025-06-04 01:23:56,997] Trial 114 finished with value: 0.6146091019530885 and parameters: {'hidden_size': 256, 'num_layers': 1, 'dropout': 0.30000000000000004, 'learning_rate': 0.000230920767160593, 'weight_decay': 1.2381186671143899e-05, 'batch_size': 32}. Best is trial 112 with value: 0.7098714138865526.
Trial 114: Test Accuracy = 0.6146
trial:117 hidden_size: 64, num_layers: 4, learning_rate: 0.000869453350035131, optimizer_name: Adam, weight_decay: 8.42054734328323e-06, batch_size: 32, label_smoothing: 0.3, factor: 1
Divergence detected. Stopping training after 10 epochs.
Early stopping at epoch 13
[I 2025-06-04 01:24:38,245] Trial 116 finished with value: 0.6184336977852537 and parameters: {'hidden_size': 64, 'num_layers': 4, 'dropout': 0.30000000000000004, 'learning_rate': 0.0008960376658882922, 'weight_decay': 1.710399302940881e-05, 'batch_size': 32}. Best is trial 112 with value: 0.7098714138865526.
Trial 116: Test Accuracy = 0.6184
trial:118 hidden_size: 64, num_layers: 4, learning_rate: 0.0003729428183885341, optimizer_name: Adam, weight_decay: 8.198629660539195e-06, batch_size: 32, label_smoothing: 0.3, factor: 1
[I 2025-06-04 01:24:59,046] Trial 115 finished with value: 0.6155547145126624 and parameters: {'hidden_size': 64, 'num_layers': 4, 'dropout': 0.30000000000000004, 'learning_rate': 0.0003588941466744135, 'weight_decay': 1.711482320445152e-05, 'batch_size': 32}. Best is trial 112 with value: 0.7098714138865526.
Trial 115: Test Accuracy = 0.6156
trial:119 hidden_size: 64, num_layers: 4, learning_rate: 0.0005121235615705117, optimizer_name: Adam, weight_decay: 2.4863699229235828e-05, batch_size: 32, label_smoothing: 0.3, factor: 1
Divergence detected. Stopping training after 10 epochs.
Early stopping at epoch 21
[I 2025-06-04 01:25:10,185] Trial 117 finished with value: 0.4470155125689188 and parameters: {'hidden_size': 64, 'num_layers': 4, 'dropout': 0.30000000000000004, 'learning_rate': 0.000869453350035131, 'weight_decay': 8.42054734328323e-06, 'batch_size': 32}. Best is trial 112 with value: 0.7098714138865526.
Trial 117: Test Accuracy = 0.4470
trial:120 hidden_size: 64, num_layers: 4, learning_rate: 0.0005193770067657897, optimizer_name: Adam, weight_decay: 2.111592616639242e-05, batch_size: 32, label_smoothing: 0.3, factor: 1
Divergence detected. Stopping training after 10 epochs.
Early stopping at epoch 15
[I 2025-06-04 01:25:52,783] Trial 119 finished with value: 0.5798070273806187 and parameters: {'hidden_size': 64, 'num_layers': 4, 'dropout': 0.2, 'learning_rate': 0.0005121235615705117, 'weight_decay': 2.4863699229235828e-05, 'batch_size': 32}. Best is trial 112 with value: 0.7098714138865526.
Trial 119: Test Accuracy = 0.5798
trial:121 hidden_size: 512, num_layers: 4, learning_rate: 0.00010319496984675702, optimizer_name: Adam, weight_decay: 2.102581682942791e-05, batch_size: 16, label_smoothing: 0.3, factor: 1
[I 2025-06-04 01:26:24,478] Trial 118 finished with value: 0.5687627324549107 and parameters: {'hidden_size': 64, 'num_layers': 4, 'dropout': 0.2, 'learning_rate': 0.0003729428183885341, 'weight_decay': 8.198629660539195e-06, 'batch_size': 32}. Best is trial 112 with value: 0.7098714138865526.
Trial 118: Test Accuracy = 0.5688
trial:122 hidden_size: 512, num_layers: 3, learning_rate: 9.92858961086148e-05, optimizer_name: Adam, weight_decay: 4.56480097276672e-06, batch_size: 16, label_smoothing: 0.3, factor: 1
[I 2025-06-04 01:27:15,157] Trial 120 finished with value: 0.692112419400056 and parameters: {'hidden_size': 64, 'num_layers': 4, 'dropout': 0.2, 'learning_rate': 0.0005193770067657897, 'weight_decay': 2.111592616639242e-05, 'batch_size': 32}. Best is trial 112 with value: 0.7098714138865526.
Trial 120: Test Accuracy = 0.6921
trial:123 hidden_size: 64, num_layers: 4, learning_rate: 0.0001651058599423372, optimizer_name: Adam, weight_decay: 2.1550720833014445e-05, batch_size: 32, label_smoothing: 0.3, factor: 1
Divergence detected. Stopping training after 10 epochs.
Early stopping at epoch 19
[I 2025-06-04 01:28:54,153] Trial 123 finished with value: 0.6464629473880946 and parameters: {'hidden_size': 64, 'num_layers': 4, 'dropout': 0.2, 'learning_rate': 0.0001651058599423372, 'weight_decay': 2.1550720833014445e-05, 'batch_size': 32}. Best is trial 112 with value: 0.7098714138865526.
Trial 123: Test Accuracy = 0.6465
trial:124 hidden_size: 64, num_layers: 4, learning_rate: 0.0005739772228596213, optimizer_name: Adam, weight_decay: 2.7759520678330583e-05, batch_size: 32, label_smoothing: 0.3, factor: 1
Divergence detected. Stopping training after 10 epochs.
Early stopping at epoch 18
[I 2025-06-04 01:30:11,889] Trial 122 finished with value: 0.6232744603308102 and parameters: {'hidden_size': 512, 'num_layers': 3, 'dropout': 0.30000000000000004, 'learning_rate': 9.92858961086148e-05, 'weight_decay': 4.56480097276672e-06, 'batch_size': 16}. Best is trial 112 with value: 0.7098714138865526.
Trial 122: Test Accuracy = 0.6233
trial:125 hidden_size: 64, num_layers: 4, learning_rate: 0.0005979720861181709, optimizer_name: Adam, weight_decay: 1.3810656574972015e-05, batch_size: 32, label_smoothing: 0.3, factor: 1
Divergence detected. Stopping training after 10 epochs.
Early stopping at epoch 22
[I 2025-06-04 01:30:20,502] Trial 121 finished with value: 0.4012327819829922 and parameters: {'hidden_size': 512, 'num_layers': 4, 'dropout': 0.2, 'learning_rate': 0.00010319496984675702, 'weight_decay': 2.102581682942791e-05, 'batch_size': 16}. Best is trial 112 with value: 0.7098714138865526.
Trial 121: Test Accuracy = 0.4012
trial:126 hidden_size: 64, num_layers: 4, learning_rate: 0.0006048585323471839, optimizer_name: Adam, weight_decay: 2.918873135304649e-05, batch_size: 32, label_smoothing: 0.3, factor: 1
Divergence detected. Stopping training after 10 epochs.
Early stopping at epoch 23
[I 2025-06-04 01:30:42,743] Trial 124 finished with value: 0.6354317353518363 and parameters: {'hidden_size': 64, 'num_layers': 4, 'dropout': 0.2, 'learning_rate': 0.0005739772228596213, 'weight_decay': 2.7759520678330583e-05, 'batch_size': 32}. Best is trial 112 with value: 0.7098714138865526.
Trial 124: Test Accuracy = 0.6354
trial:127 hidden_size: 1024, num_layers: 4, learning_rate: 0.0002634656340841159, optimizer_name: Adam, weight_decay: 1.3828560237622399e-05, batch_size: 10, label_smoothing: 0.3, factor: 1
Divergence detected. Stopping training after 10 epochs.
Early stopping at epoch 17
Trial 126: Test Accuracy = 0.5981
[I 2025-06-04 01:32:22,129] Trial 126 finished with value: 0.5981423231473695 and parameters: {'hidden_size': 64, 'num_layers': 4, 'dropout': 0.2, 'learning_rate': 0.0006048585323471839, 'weight_decay': 2.918873135304649e-05, 'batch_size': 32}. Best is trial 112 with value: 0.7098714138865526.
trial:128 hidden_size: 128, num_layers: 4, learning_rate: 0.00029474602752875513, optimizer_name: Adam, weight_decay: 1.4509653916169768e-05, batch_size: 10, label_smoothing: 0.3, factor: 1
Divergence detected. Stopping training after 10 epochs.
Early stopping at epoch 19
Trial 125: Test Accuracy = 0.6107
[I 2025-06-04 01:32:28,927] Trial 125 finished with value: 0.6106999345855528 and parameters: {'hidden_size': 64, 'num_layers': 4, 'dropout': 0.2, 'learning_rate': 0.0005979720861181709, 'weight_decay': 1.3810656574972015e-05, 'batch_size': 32}. Best is trial 112 with value: 0.7098714138865526.
trial:129 hidden_size: 1024, num_layers: 4, learning_rate: 0.0002861422021554633, optimizer_name: Adam, weight_decay: 3.470131276901892e-05, batch_size: 10, label_smoothing: 0.3, factor: 1
Divergence detected. Stopping training after 10 epochs.
Early stopping at epoch 15
Trial 128: Test Accuracy = 0.6314
[I 2025-06-04 01:58:37,895] Trial 128 finished with value: 0.6314091206429305 and parameters: {'hidden_size': 128, 'num_layers': 4, 'dropout': 0.1, 'learning_rate': 0.00029474602752875513, 'weight_decay': 1.4509653916169768e-05, 'batch_size': 10}. Best is trial 112 with value: 0.7098714138865526.
trial:130 hidden_size: 1024, num_layers: 4, learning_rate: 0.00043452834042363324, optimizer_name: Adam, weight_decay: 3.5942726264404846e-05, batch_size: 10, label_smoothing: 0.3, factor: 1
Divergence detected. Stopping training after 10 epochs.
Early stopping at epoch 11
Trial 129: Test Accuracy = 0.3333
[I 2025-06-04 02:11:41,290] Trial 129 finished with value: 0.3333333333333333 and parameters: {'hidden_size': 1024, 'num_layers': 4, 'dropout': 0.30000000000000004, 'learning_rate': 0.0002861422021554633, 'weight_decay': 3.470131276901892e-05, 'batch_size': 10}. Best is trial 112 with value: 0.7098714138865526.
trial:131 hidden_size: 128, num_layers: 3, learning_rate: 0.0004158609968358037, optimizer_name: Adam, weight_decay: 1.1315185890789674e-05, batch_size: 10, label_smoothing: 0.3, factor: 1
Divergence detected. Stopping training after 10 epochs.
Early stopping at epoch 18
Trial 127: Test Accuracy = 0.5579
[I 2025-06-04 02:26:55,659] Trial 127 finished with value: 0.5578871133538922 and parameters: {'hidden_size': 1024, 'num_layers': 4, 'dropout': 0.2, 'learning_rate': 0.0002634656340841159, 'weight_decay': 1.3828560237622399e-05, 'batch_size': 10}. Best is trial 112 with value: 0.7098714138865526.
trial:132 hidden_size: 128, num_layers: 3, learning_rate: 0.0004089489659155133, optimizer_name: Adam, weight_decay: 1.053381357200178e-05, batch_size: 32, label_smoothing: 0.3, factor: 1
Divergence detected. Stopping training after 10 epochs.
Early stopping at epoch 11
Trial 132: Test Accuracy = 0.5135
[I 2025-06-04 02:28:47,403] Trial 132 finished with value: 0.5135491075600411 and parameters: {'hidden_size': 128, 'num_layers': 3, 'dropout': 0.30000000000000004, 'learning_rate': 0.0004089489659155133, 'weight_decay': 1.053381357200178e-05, 'batch_size': 32}. Best is trial 112 with value: 0.7098714138865526.
trial:133 hidden_size: 256, num_layers: 1, learning_rate: 0.00015291342971087094, optimizer_name: Adam, weight_decay: 9.072025770386671e-06, batch_size: 32, label_smoothing: 0.3, factor: 1
Divergence detected. Stopping training after 10 epochs.
Early stopping at epoch 11
Trial 130: Test Accuracy = 0.4510
[I 2025-06-04 02:31:45,556] Trial 130 finished with value: 0.45097420801794225 and parameters: {'hidden_size': 1024, 'num_layers': 4, 'dropout': 0.30000000000000004, 'learning_rate': 0.00043452834042363324, 'weight_decay': 3.5942726264404846e-05, 'batch_size': 10}. Best is trial 112 with value: 0.7098714138865526.
trial:134 hidden_size: 256, num_layers: 1, learning_rate: 0.00018156865673393243, optimizer_name: Adam, weight_decay: 1.1498444933970403e-05, batch_size: 32, label_smoothing: 0.3, factor: 1
Divergence detected. Stopping training after 10 epochs.
Early stopping at epoch 20
[I 2025-06-04 02:31:58,423] Trial 131 finished with value: 0.517723483786562 and parameters: {'hidden_size': 128, 'num_layers': 3, 'dropout': 0.2, 'learning_rate': 0.0004158609968358037, 'weight_decay': 1.1315185890789674e-05, 'batch_size': 10}. Best is trial 112 with value: 0.7098714138865526.
Trial 131: Test Accuracy = 0.5177
trial:135 hidden_size: 256, num_layers: 1, learning_rate: 0.00019240791050939974, optimizer_name: Adam, weight_decay: 9.255224471595166e-06, batch_size: 32, label_smoothing: 0.3, factor: 1
Divergence detected. Stopping training after 10 epochs.
Early stopping at epoch 21
[I 2025-06-04 02:32:05,336] Trial 133 finished with value: 0.604451453135221 and parameters: {'hidden_size': 256, 'num_layers': 1, 'dropout': 0.30000000000000004, 'learning_rate': 0.00015291342971087094, 'weight_decay': 9.072025770386671e-06, 'batch_size': 32}. Best is trial 112 with value: 0.7098714138865526.
Trial 133: Test Accuracy = 0.6045
trial:136 hidden_size: 32, num_layers: 1, learning_rate: 0.00020664395482728414, optimizer_name: Adam, weight_decay: 1.9137037352499786e-05, batch_size: 32, label_smoothing: 0.3, factor: 1
Divergence detected. Stopping training after 10 epochs.
Early stopping at epoch 17
[I 2025-06-04 02:32:57,531] Trial 134 finished with value: 0.5314614522007289 and parameters: {'hidden_size': 256, 'num_layers': 1, 'dropout': 0.30000000000000004, 'learning_rate': 0.00018156865673393243, 'weight_decay': 1.1498444933970403e-05, 'batch_size': 32}. Best is trial 112 with value: 0.7098714138865526.
Trial 134: Test Accuracy = 0.5315
trial:137 hidden_size: 32, num_layers: 4, learning_rate: 3.8171352324735847e-07, optimizer_name: Adam, weight_decay: 1.7750085490647335e-05, batch_size: 32, label_smoothing: 0.3, factor: 1
Divergence detected. Stopping training after 10 epochs.
Early stopping at epoch 16
[I 2025-06-04 02:33:06,949] Trial 135 finished with value: 0.516993645453696 and parameters: {'hidden_size': 256, 'num_layers': 1, 'dropout': 0.30000000000000004, 'learning_rate': 0.00019240791050939974, 'weight_decay': 9.255224471595166e-06, 'batch_size': 32}. Best is trial 112 with value: 0.7098714138865526.
Trial 135: Test Accuracy = 0.5170
trial:138 hidden_size: 32, num_layers: 4, learning_rate: 7.282086201837421e-05, optimizer_name: Adam, weight_decay: 6.857898701569615e-06, batch_size: 32, label_smoothing: 0.3, factor: 1
Divergence detected. Stopping training after 10 epochs.
Early stopping at epoch 10
[I 2025-06-04 02:33:45,154] Trial 138 finished with value: 0.5737074105223812 and parameters: {'hidden_size': 32, 'num_layers': 4, 'dropout': 0.30000000000000004, 'learning_rate': 7.282086201837421e-05, 'weight_decay': 6.857898701569615e-06, 'batch_size': 32}. Best is trial 112 with value: 0.7098714138865526.
Trial 138: Test Accuracy = 0.5737
trial:139 hidden_size: 128, num_layers: 4, learning_rate: 0.001108768542426481, optimizer_name: Adam, weight_decay: 1.7411673785235637e-05, batch_size: 16, label_smoothing: 0.3, factor: 1
[I 2025-06-04 02:33:48,656] Trial 136 finished with value: 0.6058302027847865 and parameters: {'hidden_size': 32, 'num_layers': 1, 'dropout': 0.30000000000000004, 'learning_rate': 0.00020664395482728414, 'weight_decay': 1.9137037352499786e-05, 'batch_size': 32}. Best is trial 112 with value: 0.7098714138865526.
Trial 136: Test Accuracy = 0.6058
trial:140 hidden_size: 128, num_layers: 4, learning_rate: 0.0008286130518926572, optimizer_name: Adam, weight_decay: 1.5922264324395706e-05, batch_size: 16, label_smoothing: 0.3, factor: 1
Divergence detected. Stopping training after 10 epochs.
Early stopping at epoch 14
[I 2025-06-04 02:34:41,245] Trial 139 finished with value: 0.3333333333333333 and parameters: {'hidden_size': 128, 'num_layers': 4, 'dropout': 0.30000000000000004, 'learning_rate': 0.001108768542426481, 'weight_decay': 1.7411673785235637e-05, 'batch_size': 16}. Best is trial 112 with value: 0.7098714138865526.
Trial 139: Test Accuracy = 0.3333
trial:141 hidden_size: 256, num_layers: 4, learning_rate: 0.000798830462657578, optimizer_name: Adam, weight_decay: 0.00021887924892756642, batch_size: 32, label_smoothing: 0.3, factor: 1
[I 2025-06-04 02:34:43,240] Trial 137 finished with value: 0.3333333333333333 and parameters: {'hidden_size': 32, 'num_layers': 4, 'dropout': 0.30000000000000004, 'learning_rate': 3.8171352324735847e-07, 'weight_decay': 1.7750085490647335e-05, 'batch_size': 32}. Best is trial 112 with value: 0.7098714138865526.
Trial 137: Test Accuracy = 0.3333
trial:142 hidden_size: 256, num_layers: 4, learning_rate: 0.00013475415119803074, optimizer_name: Adam, weight_decay: 5.358696986273993e-06, batch_size: 10, label_smoothing: 0.3, factor: 1
[I 2025-06-04 02:36:21,849] Trial 140 finished with value: 0.6100756004111765 and parameters: {'hidden_size': 128, 'num_layers': 4, 'dropout': 0.4, 'learning_rate': 0.0008286130518926572, 'weight_decay': 1.5922264324395706e-05, 'batch_size': 16}. Best is trial 112 with value: 0.7098714138865526.
Trial 140: Test Accuracy = 0.6101
trial:143 hidden_size: 128, num_layers: 4, learning_rate: 0.0003265438587698336, optimizer_name: Adam, weight_decay: 2.597925402816427e-05, batch_size: 16, label_smoothing: 0.3, factor: 1
Divergence detected. Stopping training after 10 epochs.
Early stopping at epoch 19
[I 2025-06-04 02:36:55,163] Trial 141 finished with value: 0.6255637790860668 and parameters: {'hidden_size': 256, 'num_layers': 4, 'dropout': 0.4, 'learning_rate': 0.000798830462657578, 'weight_decay': 0.00021887924892756642, 'batch_size': 32}. Best is trial 112 with value: 0.7098714138865526.
Trial 141: Test Accuracy = 0.6256
trial:144 hidden_size: 128, num_layers: 4, learning_rate: 0.00012967306146142969, optimizer_name: Adam, weight_decay: 2.3472798806653953e-05, batch_size: 16, label_smoothing: 0.3, factor: 1
Divergence detected. Stopping training after 10 epochs.
Early stopping at epoch 18
[I 2025-06-04 02:38:32,639] Trial 144 finished with value: 0.6358158116063919 and parameters: {'hidden_size': 128, 'num_layers': 4, 'dropout': 0.5, 'learning_rate': 0.00012967306146142969, 'weight_decay': 2.3472798806653953e-05, 'batch_size': 16}. Best is trial 112 with value: 0.7098714138865526.
Trial 144: Test Accuracy = 0.6358
trial:145 hidden_size: 128, num_layers: 4, learning_rate: 0.00033972399352784176, optimizer_name: Adam, weight_decay: 1.2589392717843103e-05, batch_size: 16, label_smoothing: 0.3, factor: 1
Trial 143: Test Accuracy = 0.6198
[I 2025-06-04 02:38:50,581] Trial 143 finished with value: 0.6198278665545276 and parameters: {'hidden_size': 128, 'num_layers': 4, 'dropout': 0.5, 'learning_rate': 0.0003265438587698336, 'weight_decay': 2.597925402816427e-05, 'batch_size': 16}. Best is trial 112 with value: 0.7098714138865526.
trial:146 hidden_size: 128, num_layers: 4, learning_rate: 0.0002360758082659926, optimizer_name: Adam, weight_decay: 5.61582596613326e-06, batch_size: 16, label_smoothing: 0.3, factor: 1
Divergence detected. Stopping training after 10 epochs.
Early stopping at epoch 12
[I 2025-06-04 02:39:38,350] Trial 145 finished with value: 0.5482717503037099 and parameters: {'hidden_size': 128, 'num_layers': 4, 'dropout': 0.4, 'learning_rate': 0.00033972399352784176, 'weight_decay': 1.2589392717843103e-05, 'batch_size': 16}. Best is trial 112 with value: 0.7098714138865526.
Trial 145: Test Accuracy = 0.5483
trial:147 hidden_size: 128, num_layers: 4, learning_rate: 0.0004684767908538044, optimizer_name: Adam, weight_decay: 2.1481519564033313e-05, batch_size: 16, label_smoothing: 0.3, factor: 1
[I 2025-06-04 02:39:50,883] Trial 142 finished with value: 0.5578386132137184 and parameters: {'hidden_size': 256, 'num_layers': 4, 'dropout': 0.5, 'learning_rate': 0.00013475415119803074, 'weight_decay': 5.358696986273993e-06, 'batch_size': 10}. Best is trial 112 with value: 0.7098714138865526.
Trial 142: Test Accuracy = 0.5578
Divergence detected. Stopping training after 10 epochs.
Early stopping at epoch 12
trial:148 hidden_size: 128, num_layers: 4, learning_rate: 0.00024371260757646637, optimizer_name: Adam, weight_decay: 7.0096470264131885e-06, batch_size: 16, label_smoothing: 0.3, factor: 1
[I 2025-06-04 02:39:52,678] Trial 146 finished with value: 0.627108961779273 and parameters: {'hidden_size': 128, 'num_layers': 4, 'dropout': 0.4, 'learning_rate': 0.0002360758082659926, 'weight_decay': 5.61582596613326e-06, 'batch_size': 16}. Best is trial 112 with value: 0.7098714138865526.
Trial 146: Test Accuracy = 0.6271
trial:149 hidden_size: 128, num_layers: 4, learning_rate: 8.547224659701097e-05, optimizer_name: Adam, weight_decay: 6.611441629271758e-06, batch_size: 10, label_smoothing: 0.3, factor: 1
Divergence detected. Stopping training after 10 epochs.
Early stopping at epoch 13
