[I 2025-06-04 03:11:43,078] Trial 183 finished with value: 0.6643209980375665 and parameters: {'hidden_size': 256, 'num_layers': 4, 'dropout': 0.2, 'learning_rate': 0.00019746247153352197, 'weight_decay': 1.1857264817531319e-05, 'batch_size': 32}. Best is trial 112 with value: 0.7098714138865526.
Trial 183: Test Accuracy = 0.6643
trial:187 hidden_size: 256, num_layers: 4, learning_rate: 0.0001747177573936671, optimizer_name: Adam, weight_decay: 8.53717607648044e-06, batch_size: 32, label_smoothing: 0.3, factor: 1
Divergence detected. Stopping training after 10 epochs.
Early stopping at epoch 23
[I 2025-06-04 03:12:14,514] Trial 184 finished with value: 0.5823660405569573 and parameters: {'hidden_size': 256, 'num_layers': 4, 'dropout': 0.2, 'learning_rate': 0.00020007408631579895, 'weight_decay': 1.1603383593157988e-05, 'batch_size': 32}. Best is trial 112 with value: 0.7098714138865526.
Trial 184: Test Accuracy = 0.5824
trial:188 hidden_size: 32, num_layers: 4, learning_rate: 0.0004973930339291032, optimizer_name: Adam, weight_decay: 8.343205804723457e-06, batch_size: 32, label_smoothing: 0.3, factor: 1
Divergence detected. Stopping training after 10 epochs.
Early stopping at epoch 21
[I 2025-06-04 03:13:47,871] Trial 186 finished with value: 0.6606840482197925 and parameters: {'hidden_size': 256, 'num_layers': 4, 'dropout': 0.2, 'learning_rate': 0.00020907979257938004, 'weight_decay': 7.955938214397676e-06, 'batch_size': 32}. Best is trial 112 with value: 0.7098714138865526.
Trial 186: Test Accuracy = 0.6607
trial:189 hidden_size: 32, num_layers: 4, learning_rate: 0.00047419783996810835, optimizer_name: Adam, weight_decay: 7.776067611185591e-06, batch_size: 32, label_smoothing: 0.3, factor: 1
Divergence detected. Stopping training after 10 epochs.
Early stopping at epoch 21
[I 2025-06-04 03:14:03,743] Trial 187 finished with value: 0.5432250256985328 and parameters: {'hidden_size': 256, 'num_layers': 4, 'dropout': 0.2, 'learning_rate': 0.0001747177573936671, 'weight_decay': 8.53717607648044e-06, 'batch_size': 32}. Best is trial 112 with value: 0.7098714138865526.
Trial 187: Test Accuracy = 0.5432
trial:190 hidden_size: 32, num_layers: 4, learning_rate: 0.0005409137004964183, optimizer_name: Adam, weight_decay: 7.626100879992443e-06, batch_size: 10, label_smoothing: 0.3, factor: 1
Divergence detected. Stopping training after 10 epochs.
Early stopping at epoch 20
[I 2025-06-04 03:14:09,961] Trial 188 finished with value: 0.5724202410989627 and parameters: {'hidden_size': 32, 'num_layers': 4, 'dropout': 0.2, 'learning_rate': 0.0004973930339291032, 'weight_decay': 8.343205804723457e-06, 'batch_size': 32}. Best is trial 112 with value: 0.7098714138865526.
Trial 188: Test Accuracy = 0.5724
trial:191 hidden_size: 64, num_layers: 4, learning_rate: 0.00012502329044342128, optimizer_name: Adam, weight_decay: 7.684298320926852e-06, batch_size: 10, label_smoothing: 0.3, factor: 1
Divergence detected. Stopping training after 10 epochs.
Early stopping at epoch 23
[I 2025-06-04 03:15:25,266] Trial 190 finished with value: 0.4610597140454163 and parameters: {'hidden_size': 32, 'num_layers': 4, 'dropout': 0.2, 'learning_rate': 0.0005409137004964183, 'weight_decay': 7.626100879992443e-06, 'batch_size': 10}. Best is trial 112 with value: 0.7098714138865526.
Trial 190: Test Accuracy = 0.4611
trial:192 hidden_size: 64, num_layers: 4, learning_rate: 0.00011531135355295594, optimizer_name: Adam, weight_decay: 7.269950435966323e-06, batch_size: 32, label_smoothing: 0.3, factor: 1
[I 2025-06-04 03:15:28,145] Trial 189 finished with value: 0.5809694421082142 and parameters: {'hidden_size': 32, 'num_layers': 4, 'dropout': 0.2, 'learning_rate': 0.00047419783996810835, 'weight_decay': 7.776067611185591e-06, 'batch_size': 32}. Best is trial 112 with value: 0.7098714138865526.
Trial 189: Test Accuracy = 0.5810
trial:193 hidden_size: 256, num_layers: 4, learning_rate: 0.00030304674344200876, optimizer_name: Adam, weight_decay: 5.577356271784109e-06, batch_size: 32, label_smoothing: 0.3, factor: 1
Divergence detected. Stopping training after 10 epochs.
Early stopping at epoch 27
[I 2025-06-04 03:15:51,221] Trial 191 finished with value: 0.6758374918231942 and parameters: {'hidden_size': 64, 'num_layers': 4, 'dropout': 0.2, 'learning_rate': 0.00012502329044342128, 'weight_decay': 7.684298320926852e-06, 'batch_size': 10}. Best is trial 112 with value: 0.7098714138865526.
Trial 191: Test Accuracy = 0.6758
trial:194 hidden_size: 64, num_layers: 4, learning_rate: 0.0001276978092069076, optimizer_name: Adam, weight_decay: 7.208969417729386e-06, batch_size: 10, label_smoothing: 0.3, factor: 1
Divergence detected. Stopping training after 10 epochs.
Early stopping at epoch 26
[I 2025-06-04 03:17:01,576] Trial 192 finished with value: 0.5984380898981403 and parameters: {'hidden_size': 64, 'num_layers': 4, 'dropout': 0.2, 'learning_rate': 0.00011531135355295594, 'weight_decay': 7.269950435966323e-06, 'batch_size': 32}. Best is trial 112 with value: 0.7098714138865526.
Trial 192: Test Accuracy = 0.5984
trial:195 hidden_size: 64, num_layers: 4, learning_rate: 9.963510912819165e-05, optimizer_name: Adam, weight_decay: 5.583922276158966e-06, batch_size: 10, label_smoothing: 0.3, factor: 1
Divergence detected. Stopping training after 10 epochs.
Early stopping at epoch 14
[I 2025-06-04 03:17:09,645] Trial 194 finished with value: 0.6477603027754416 and parameters: {'hidden_size': 64, 'num_layers': 4, 'dropout': 0.2, 'learning_rate': 0.0001276978092069076, 'weight_decay': 7.208969417729386e-06, 'batch_size': 10}. Best is trial 112 with value: 0.7098714138865526.
Trial 194: Test Accuracy = 0.6478
trial:196 hidden_size: 64, num_layers: 4, learning_rate: 9.710446199015396e-05, optimizer_name: Adam, weight_decay: 5.299781972494979e-06, batch_size: 10, label_smoothing: 0.3, factor: 1
Divergence detected. Stopping training after 10 epochs.
Early stopping at epoch 15
[I 2025-06-04 03:18:06,785] Trial 193 finished with value: 0.6477442295112606 and parameters: {'hidden_size': 256, 'num_layers': 4, 'dropout': 0.2, 'learning_rate': 0.00030304674344200876, 'weight_decay': 5.577356271784109e-06, 'batch_size': 32}. Best is trial 112 with value: 0.7098714138865526.
Trial 193: Test Accuracy = 0.6477
Trial 195: Test Accuracy = 0.5978
[I 2025-06-04 03:18:06,932] Trial 195 finished with value: 0.5978422577329221 and parameters: {'hidden_size': 64, 'num_layers': 4, 'dropout': 0.2, 'learning_rate': 9.963510912819165e-05, 'weight_decay': 5.583922276158966e-06, 'batch_size': 10}. Best is trial 112 with value: 0.7098714138865526.
trial:197 hidden_size: 64, num_layers: 4, learning_rate: 0.00010056190591801957, optimizer_name: Adam, weight_decay: 1.9125198209735857e-05, batch_size: 10, label_smoothing: 0.3, factor: 1
trial:198 hidden_size: 64, num_layers: 4, learning_rate: 0.0001748608016718541, optimizer_name: Adam, weight_decay: 1.1546801592312658e-05, batch_size: 10, label_smoothing: 0.3, factor: 1
Divergence detected. Stopping training after 10 epochs.
Early stopping at epoch 28
[I 2025-06-04 03:19:00,583] Trial 196 finished with value: 0.6064744416409682 and parameters: {'hidden_size': 64, 'num_layers': 4, 'dropout': 0.2, 'learning_rate': 9.710446199015396e-05, 'weight_decay': 5.299781972494979e-06, 'batch_size': 10}. Best is trial 112 with value: 0.7098714138865526.
Trial 196: Test Accuracy = 0.6065
trial:199 hidden_size: 64, num_layers: 4, learning_rate: 0.000200831139711622, optimizer_name: Adam, weight_decay: 1.1278786995839947e-05, batch_size: 10, label_smoothing: 0.3, factor: 1
Divergence detected. Stopping training after 10 epochs.
Early stopping at epoch 18
[I 2025-06-04 03:19:11,641] Trial 198 finished with value: 0.6532095131296142 and parameters: {'hidden_size': 64, 'num_layers': 4, 'dropout': 0.2, 'learning_rate': 0.0001748608016718541, 'weight_decay': 1.1546801592312658e-05, 'batch_size': 10}. Best is trial 112 with value: 0.7098714138865526.
Trial 198: Test Accuracy = 0.6532
trial:200 hidden_size: 64, num_layers: 4, learning_rate: 4.63807188518904e-06, optimizer_name: Adam, weight_decay: 1.1159136727423253e-05, batch_size: 10, label_smoothing: 0.3, factor: 1
Divergence detected. Stopping training after 10 epochs.
Early stopping at epoch 27
[I 2025-06-04 03:19:40,858] Trial 197 finished with value: 0.6119384169703767 and parameters: {'hidden_size': 64, 'num_layers': 4, 'dropout': 0.2, 'learning_rate': 0.00010056190591801957, 'weight_decay': 1.9125198209735857e-05, 'batch_size': 10}. Best is trial 112 with value: 0.7098714138865526.
Trial 197: Test Accuracy = 0.6119
trial:201 hidden_size: 64, num_layers: 4, learning_rate: 0.00021703060258844664, optimizer_name: Adam, weight_decay: 1.1205519839952851e-05, batch_size: 10, label_smoothing: 0.3, factor: 1
Divergence detected. Stopping training after 10 epochs.
Early stopping at epoch 18
Trial 199: Test Accuracy = 0.5566
[I 2025-06-04 03:20:45,620] Trial 199 finished with value: 0.5565797589010374 and parameters: {'hidden_size': 64, 'num_layers': 4, 'dropout': 0.2, 'learning_rate': 0.000200831139711622, 'weight_decay': 1.1278786995839947e-05, 'batch_size': 10}. Best is trial 112 with value: 0.7098714138865526.
trial:202 hidden_size: 64, num_layers: 4, learning_rate: 0.0003729455115097726, optimizer_name: Adam, weight_decay: 1.6057706079680742e-05, batch_size: 10, label_smoothing: 0.3, factor: 1
[I 2025-06-04 03:20:47,129] Trial 201 finished with value: 0.6080857863751051 and parameters: {'hidden_size': 64, 'num_layers': 4, 'dropout': 0.2, 'learning_rate': 0.00021703060258844664, 'weight_decay': 1.1205519839952851e-05, 'batch_size': 10}. Best is trial 112 with value: 0.7098714138865526.
Trial 201: Test Accuracy = 0.6081
trial:203 hidden_size: 64, num_layers: 4, learning_rate: 0.00015665077046483482, optimizer_name: Adam, weight_decay: 8.62741334164287e-06, batch_size: 10, label_smoothing: 0.3, factor: 1
[I 2025-06-04 03:20:55,043] Trial 200 finished with value: 0.5393537987104009 and parameters: {'hidden_size': 64, 'num_layers': 4, 'dropout': 0.2, 'learning_rate': 4.63807188518904e-06, 'weight_decay': 1.1159136727423253e-05, 'batch_size': 10}. Best is trial 112 with value: 0.7098714138865526.
Trial 200: Test Accuracy = 0.5394
trial:204 hidden_size: 64, num_layers: 4, learning_rate: 0.00015444315847810289, optimizer_name: Adam, weight_decay: 1.4144394103494034e-05, batch_size: 10, label_smoothing: 0.3, factor: 1
Divergence detected. Stopping training after 10 epochs.
Early stopping at epoch 21
[I 2025-06-04 03:22:02,012] Trial 203 finished with value: 0.5266455471451267 and parameters: {'hidden_size': 64, 'num_layers': 4, 'dropout': 0.2, 'learning_rate': 0.00015665077046483482, 'weight_decay': 8.62741334164287e-06, 'batch_size': 10}. Best is trial 112 with value: 0.7098714138865526.
Trial 203: Test Accuracy = 0.5266
trial:205 hidden_size: 256, num_layers: 4, learning_rate: 0.0003579555001287795, optimizer_name: Adam, weight_decay: 1.574261506052437e-05, batch_size: 10, label_smoothing: 0.3, factor: 1
Divergence detected. Stopping training after 10 epochs.
Early stopping at epoch 26
[I 2025-06-04 03:22:23,498] Trial 202 finished with value: 0.49531735351836276 and parameters: {'hidden_size': 64, 'num_layers': 4, 'dropout': 0.2, 'learning_rate': 0.0003729455115097726, 'weight_decay': 1.6057706079680742e-05, 'batch_size': 10}. Best is trial 112 with value: 0.7098714138865526.
Trial 202: Test Accuracy = 0.4953
trial:206 hidden_size: 256, num_layers: 4, learning_rate: 7.669898158245952e-05, optimizer_name: Adam, weight_decay: 1.307952957951259e-05, batch_size: 10, label_smoothing: 0.3, factor: 1
[I 2025-06-04 03:22:54,354] Trial 204 finished with value: 0.669376787216148 and parameters: {'hidden_size': 64, 'num_layers': 4, 'dropout': 0.2, 'learning_rate': 0.00015444315847810289, 'weight_decay': 1.4144394103494034e-05, 'batch_size': 10}. Best is trial 112 with value: 0.7098714138865526.
Trial 204: Test Accuracy = 0.6694
trial:207 hidden_size: 64, num_layers: 4, learning_rate: 0.00026030362647079297, optimizer_name: Adam, weight_decay: 1.3732911887453741e-05, batch_size: 10, label_smoothing: 0.3, factor: 1
Divergence detected. Stopping training after 10 epochs.
Early stopping at epoch 21
[I 2025-06-04 03:25:04,066] Trial 207 finished with value: 0.3974189328100177 and parameters: {'hidden_size': 64, 'num_layers': 4, 'dropout': 0.2, 'learning_rate': 0.00026030362647079297, 'weight_decay': 1.3732911887453741e-05, 'batch_size': 10}. Best is trial 112 with value: 0.7098714138865526.
Trial 207: Test Accuracy = 0.3974
trial:208 hidden_size: 64, num_layers: 4, learning_rate: 0.0001574605956672458, optimizer_name: Adam, weight_decay: 1.346049472481873e-05, batch_size: 10, label_smoothing: 0.3, factor: 1
Divergence detected. Stopping training after 10 epochs.
Early stopping at epoch 15
[I 2025-06-04 03:25:23,099] Trial 206 finished with value: 0.6205368657134848 and parameters: {'hidden_size': 256, 'num_layers': 4, 'dropout': 0.2, 'learning_rate': 7.669898158245952e-05, 'weight_decay': 1.307952957951259e-05, 'batch_size': 10}. Best is trial 112 with value: 0.7098714138865526.
Trial 206: Test Accuracy = 0.6205
trial:209 hidden_size: 64, num_layers: 4, learning_rate: 0.00016256371130010192, optimizer_name: Adam, weight_decay: 1.491695135812618e-05, batch_size: 32, label_smoothing: 0.3, factor: 1
Divergence detected. Stopping training after 10 epochs.
Early stopping at epoch 21
[I 2025-06-04 03:26:42,476] Trial 209 finished with value: 0.656696290066349 and parameters: {'hidden_size': 64, 'num_layers': 4, 'dropout': 0.2, 'learning_rate': 0.00016256371130010192, 'weight_decay': 1.491695135812618e-05, 'batch_size': 32}. Best is trial 112 with value: 0.7098714138865526.
Trial 209: Test Accuracy = 0.6567
trial:210 hidden_size: 64, num_layers: 4, learning_rate: 0.00015280981745527538, optimizer_name: Adam, weight_decay: 1.4927111301608868e-05, batch_size: 32, label_smoothing: 0.3, factor: 1
[I 2025-06-04 03:26:49,789] Trial 205 finished with value: 0.35049789739276704 and parameters: {'hidden_size': 256, 'num_layers': 4, 'dropout': 0.2, 'learning_rate': 0.0003579555001287795, 'weight_decay': 1.574261506052437e-05, 'batch_size': 10}. Best is trial 112 with value: 0.7098714138865526.
Trial 205: Test Accuracy = 0.3505
trial:211 hidden_size: 64, num_layers: 4, learning_rate: 0.00017189820098842924, optimizer_name: Adam, weight_decay: 1.9000663756056396e-05, batch_size: 32, label_smoothing: 0.3, factor: 1
[I 2025-06-04 03:27:12,785] Trial 208 finished with value: 0.6560217736660126 and parameters: {'hidden_size': 64, 'num_layers': 4, 'dropout': 0.2, 'learning_rate': 0.0001574605956672458, 'weight_decay': 1.346049472481873e-05, 'batch_size': 10}. Best is trial 112 with value: 0.7098714138865526.
Trial 208: Test Accuracy = 0.6560
trial:212 hidden_size: 64, num_layers: 4, learning_rate: 0.0002502441313560748, optimizer_name: Adam, weight_decay: 1.9560896806094337e-05, batch_size: 32, label_smoothing: 0.3, factor: 1
[I 2025-06-04 03:28:20,001] Trial 210 finished with value: 0.6723627698345949 and parameters: {'hidden_size': 64, 'num_layers': 4, 'dropout': 0.2, 'learning_rate': 0.00015280981745527538, 'weight_decay': 1.4927111301608868e-05, 'batch_size': 32}. Best is trial 112 with value: 0.7098714138865526.
Trial 210: Test Accuracy = 0.6724
trial:213 hidden_size: 64, num_layers: 4, learning_rate: 0.00014394209797737186, optimizer_name: Adam, weight_decay: 2.0568340588825145e-05, batch_size: 32, label_smoothing: 0.3, factor: 1
[I 2025-06-04 03:28:27,867] Trial 211 finished with value: 0.5945037846930193 and parameters: {'hidden_size': 64, 'num_layers': 4, 'dropout': 0.2, 'learning_rate': 0.00017189820098842924, 'weight_decay': 1.9000663756056396e-05, 'batch_size': 32}. Best is trial 112 with value: 0.7098714138865526.
Trial 211: Test Accuracy = 0.5945
trial:214 hidden_size: 64, num_layers: 4, learning_rate: 0.00024012495116516644, optimizer_name: Adam, weight_decay: 1.4001824316874762e-05, batch_size: 32, label_smoothing: 0.3, factor: 1
Divergence detected. Stopping training after 10 epochs.
Early stopping at epoch 26
[I 2025-06-04 03:28:40,469] Trial 212 finished with value: 0.5822640874684609 and parameters: {'hidden_size': 64, 'num_layers': 4, 'dropout': 0.2, 'learning_rate': 0.0002502441313560748, 'weight_decay': 1.9560896806094337e-05, 'batch_size': 32}. Best is trial 112 with value: 0.7098714138865526.
Trial 212: Test Accuracy = 0.5823
trial:215 hidden_size: 64, num_layers: 4, learning_rate: 0.00030346216231679987, optimizer_name: Adam, weight_decay: 1.4464039939827794e-05, batch_size: 32, label_smoothing: 0.3, factor: 1
Divergence detected. Stopping training after 10 epochs.
Early stopping at epoch 23
[I 2025-06-04 03:29:39,269] Trial 213 finished with value: 0.6155035977945987 and parameters: {'hidden_size': 64, 'num_layers': 4, 'dropout': 0.2, 'learning_rate': 0.00014394209797737186, 'weight_decay': 2.0568340588825145e-05, 'batch_size': 32}. Best is trial 112 with value: 0.7098714138865526.
Trial 213: Test Accuracy = 0.6155
trial:216 hidden_size: 64, num_layers: 4, learning_rate: 0.0002198792249524077, optimizer_name: Adam, weight_decay: 1.463658199499404e-05, batch_size: 32, label_smoothing: 0.3, factor: 1
Divergence detected. Stopping training after 10 epochs.
Early stopping at epoch 24
[I 2025-06-04 03:29:51,413] Trial 214 finished with value: 0.6681407345107934 and parameters: {'hidden_size': 64, 'num_layers': 4, 'dropout': 0.2, 'learning_rate': 0.00024012495116516644, 'weight_decay': 1.4001824316874762e-05, 'batch_size': 32}. Best is trial 112 with value: 0.7098714138865526.
Trial 214: Test Accuracy = 0.6681
trial:217 hidden_size: 64, num_layers: 4, learning_rate: 0.00033486220052791557, optimizer_name: Adam, weight_decay: 1.4410538731625438e-05, batch_size: 32, label_smoothing: 0.3, factor: 1
Divergence detected. Stopping training after 10 epochs.
Early stopping at epoch 22
[I 2025-06-04 03:29:56,227] Trial 215 finished with value: 0.591381553125876 and parameters: {'hidden_size': 64, 'num_layers': 4, 'dropout': 0.2, 'learning_rate': 0.00030346216231679987, 'weight_decay': 1.4464039939827794e-05, 'batch_size': 32}. Best is trial 112 with value: 0.7098714138865526.
Trial 215: Test Accuracy = 0.5914
trial:218 hidden_size: 256, num_layers: 4, learning_rate: 0.00024169417457968839, optimizer_name: Adam, weight_decay: 1.615135808274757e-05, batch_size: 32, label_smoothing: 0.3, factor: 1
Divergence detected. Stopping training after 10 epochs.
Early stopping at epoch 22
[I 2025-06-04 03:31:07,203] Trial 216 finished with value: 0.5786325577048874 and parameters: {'hidden_size': 64, 'num_layers': 4, 'dropout': 0.2, 'learning_rate': 0.0002198792249524077, 'weight_decay': 1.463658199499404e-05, 'batch_size': 32}. Best is trial 112 with value: 0.7098714138865526.
Trial 216: Test Accuracy = 0.5786
trial:219 hidden_size: 256, num_layers: 4, learning_rate: 0.00037462625058095277, optimizer_name: Adam, weight_decay: 2.4413422304732774e-05, batch_size: 32, label_smoothing: 0.3, factor: 1
Divergence detected. Stopping training after 10 epochs.
Early stopping at epoch 20
[I 2025-06-04 03:31:16,118] Trial 217 finished with value: 0.65991028875806 and parameters: {'hidden_size': 64, 'num_layers': 4, 'dropout': 0.2, 'learning_rate': 0.00033486220052791557, 'weight_decay': 1.4410538731625438e-05, 'batch_size': 32}. Best is trial 112 with value: 0.7098714138865526.
Trial 217: Test Accuracy = 0.6599
trial:220 hidden_size: 64, num_layers: 4, learning_rate: 0.0003898063573706531, optimizer_name: Adam, weight_decay: 1.6719108738307435e-05, batch_size: 32, label_smoothing: 0.3, factor: 1
Divergence detected. Stopping training after 10 epochs.
Early stopping at epoch 20
[I 2025-06-04 03:31:48,869] Trial 218 finished with value: 0.614506868516961 and parameters: {'hidden_size': 256, 'num_layers': 4, 'dropout': 0.2, 'learning_rate': 0.00024169417457968839, 'weight_decay': 1.615135808274757e-05, 'batch_size': 32}. Best is trial 112 with value: 0.7098714138865526.
Trial 218: Test Accuracy = 0.6145
trial:221 hidden_size: 64, num_layers: 4, learning_rate: 0.0004349278189850381, optimizer_name: Adam, weight_decay: 1.2500315634307332e-05, batch_size: 32, label_smoothing: 0.3, factor: 1
Divergence detected. Stopping training after 10 epochs.
Early stopping at epoch 22
[I 2025-06-04 03:33:13,163] Trial 221 finished with value: 0.6426218110456966 and parameters: {'hidden_size': 64, 'num_layers': 4, 'dropout': 0.2, 'learning_rate': 0.0004349278189850381, 'weight_decay': 1.2500315634307332e-05, 'batch_size': 32}. Best is trial 112 with value: 0.7098714138865526.
Trial 221: Test Accuracy = 0.6426
trial:222 hidden_size: 64, num_layers: 4, learning_rate: 0.0006231760909383639, optimizer_name: Adam, weight_decay: 9.860683207268065e-06, batch_size: 32, label_smoothing: 0.3, factor: 1
[I 2025-06-04 03:33:18,274] Trial 220 finished with value: 0.5003541725072423 and parameters: {'hidden_size': 64, 'num_layers': 4, 'dropout': 0.2, 'learning_rate': 0.0003898063573706531, 'weight_decay': 1.6719108738307435e-05, 'batch_size': 32}. Best is trial 112 with value: 0.7098714138865526.
Trial 220: Test Accuracy = 0.5004
trial:223 hidden_size: 64, num_layers: 4, learning_rate: 0.00031172520057371297, optimizer_name: Adam, weight_decay: 1.7815563445947744e-05, batch_size: 32, label_smoothing: 0.3, factor: 1
Divergence detected. Stopping training after 10 epochs.
Early stopping at epoch 25
