[I 2025-06-03 23:06:07,052] Trial 35 finished with value: 0.6129343986543314 and parameters: {'hidden_size': 128, 'num_layers': 4, 'dropout': 0.4, 'learning_rate': 0.0003858427029795065, 'weight_decay': 9.46488385293209e-06, 'batch_size': 16}. Best is trial 36 with value: 0.6796114381833473.
Trial 35: Test Accuracy = 0.6129
trial:39 hidden_size: 256, num_layers: 1, learning_rate: 0.00016909154465204545, optimizer_name: Adam, weight_decay: 6.455375561117768e-05, batch_size: 16, label_smoothing: 0.3, factor: 1
Divergence detected. Stopping training after 10 epochs.
Early stopping at epoch 13
[I 2025-06-03 23:06:39,789] Trial 38 finished with value: 0.6343399682272685 and parameters: {'hidden_size': 128, 'num_layers': 4, 'dropout': 0.4, 'learning_rate': 0.0002129058627688505, 'weight_decay': 1.0780595134109433e-05, 'batch_size': 16}. Best is trial 36 with value: 0.6796114381833473.
Trial 38: Test Accuracy = 0.6343
trial:40 hidden_size: 256, num_layers: 1, learning_rate: 0.00011260226090835876, optimizer_name: Adam, weight_decay: 5.314591226090502e-05, batch_size: 16, label_smoothing: 0.3, factor: 1
[I 2025-06-03 23:07:05,907] Trial 37 finished with value: 0.5826200355107 and parameters: {'hidden_size': 128, 'num_layers': 4, 'dropout': 0.4, 'learning_rate': 0.00011534340069248928, 'weight_decay': 1.1095997399483528e-05, 'batch_size': 16}. Best is trial 36 with value: 0.6796114381833473.
Trial 37: Test Accuracy = 0.5826
trial:41 hidden_size: 256, num_layers: 1, learning_rate: 6.341925781038549e-06, optimizer_name: Adam, weight_decay: 7.525881382743296e-05, batch_size: 16, label_smoothing: 0.3, factor: 1
Divergence detected. Stopping training after 10 epochs.
Early stopping at epoch 24
[I 2025-06-03 23:08:07,836] Trial 39 finished with value: 0.6341068124474348 and parameters: {'hidden_size': 256, 'num_layers': 1, 'dropout': 0.30000000000000004, 'learning_rate': 0.00016909154465204545, 'weight_decay': 6.455375561117768e-05, 'batch_size': 16}. Best is trial 36 with value: 0.6796114381833473.
Trial 39: Test Accuracy = 0.6341
trial:42 hidden_size: 64, num_layers: 4, learning_rate: 0.002556047049614634, optimizer_name: Adam, weight_decay: 4.707524826308565e-05, batch_size: 32, label_smoothing: 0.3, factor: 1
Divergence detected. Stopping training after 10 epochs.
Early stopping at epoch 11
[I 2025-06-03 23:08:52,336] Trial 42 finished with value: 0.5087258200168209 and parameters: {'hidden_size': 64, 'num_layers': 4, 'dropout': 0.5, 'learning_rate': 0.002556047049614634, 'weight_decay': 4.707524826308565e-05, 'batch_size': 32}. Best is trial 36 with value: 0.6796114381833473.
Trial 42: Test Accuracy = 0.5087
trial:43 hidden_size: 128, num_layers: 4, learning_rate: 4.0278992379495585e-05, optimizer_name: Adam, weight_decay: 2.250388223971871e-05, batch_size: 16, label_smoothing: 0.3, factor: 1
[I 2025-06-03 23:09:02,844] Trial 40 finished with value: 0.5215183627698345 and parameters: {'hidden_size': 256, 'num_layers': 1, 'dropout': 0.30000000000000004, 'learning_rate': 0.00011260226090835876, 'weight_decay': 5.314591226090502e-05, 'batch_size': 16}. Best is trial 36 with value: 0.6796114381833473.
Trial 40: Test Accuracy = 0.5215
trial:44 hidden_size: 128, num_layers: 4, learning_rate: 3.874200201587248e-05, optimizer_name: Adam, weight_decay: 2.2056393843305567e-05, batch_size: 16, label_smoothing: 0.3, factor: 1
[I 2025-06-03 23:09:31,925] Trial 41 finished with value: 0.6177294645360247 and parameters: {'hidden_size': 256, 'num_layers': 1, 'dropout': 0.30000000000000004, 'learning_rate': 6.341925781038549e-06, 'weight_decay': 7.525881382743296e-05, 'batch_size': 16}. Best is trial 36 with value: 0.6796114381833473.
Trial 41: Test Accuracy = 0.6177
trial:45 hidden_size: 128, num_layers: 4, learning_rate: 3.6477264637030093e-05, optimizer_name: Adam, weight_decay: 3.034847128196134e-05, batch_size: 16, label_smoothing: 0.3, factor: 1
Divergence detected. Stopping training after 10 epochs.
Early stopping at epoch 17
[I 2025-06-03 23:10:11,637] Trial 44 finished with value: 0.5644552845528455 and parameters: {'hidden_size': 128, 'num_layers': 4, 'dropout': 0.4, 'learning_rate': 3.874200201587248e-05, 'weight_decay': 2.2056393843305567e-05, 'batch_size': 16}. Best is trial 36 with value: 0.6796114381833473.
Trial 44: Test Accuracy = 0.5645
trial:46 hidden_size: 1024, num_layers: 4, learning_rate: 0.0006413474196361755, optimizer_name: Adam, weight_decay: 2.4271508514003003e-05, batch_size: 16, label_smoothing: 0.3, factor: 1
Divergence detected. Stopping training after 10 epochs.
Early stopping at epoch 21
Trial 43: Test Accuracy = 0.5870
[I 2025-06-03 23:10:40,615] Trial 43 finished with value: 0.586965984487431 and parameters: {'hidden_size': 128, 'num_layers': 4, 'dropout': 0.4, 'learning_rate': 4.0278992379495585e-05, 'weight_decay': 2.250388223971871e-05, 'batch_size': 16}. Best is trial 36 with value: 0.6796114381833473.
trial:47 hidden_size: 1024, num_layers: 4, learning_rate: 0.0005497693495712762, optimizer_name: Adam, weight_decay: 3.263815347962499e-05, batch_size: 16, label_smoothing: 0.3, factor: 1
Divergence detected. Stopping training after 10 epochs.
Early stopping at epoch 22
[I 2025-06-03 23:26:21,807] Trial 45 finished with value: 0.575082328754322 and parameters: {'hidden_size': 128, 'num_layers': 4, 'dropout': 0.4, 'learning_rate': 3.6477264637030093e-05, 'weight_decay': 3.034847128196134e-05, 'batch_size': 16}. Best is trial 36 with value: 0.6796114381833473.
Trial 45: Test Accuracy = 0.5751
trial:48 hidden_size: 1024, num_layers: 2, learning_rate: 0.0004737409542207513, optimizer_name: Adam, weight_decay: 0.0008553931756326743, batch_size: 16, label_smoothing: 0.3, factor: 1
Divergence detected. Stopping training after 10 epochs.
Early stopping at epoch 14
Trial 46: Test Accuracy = 0.3333
[I 2025-06-04 00:22:46,047] Trial 46 finished with value: 0.3333333333333333 and parameters: {'hidden_size': 1024, 'num_layers': 4, 'dropout': 0.4, 'learning_rate': 0.0006413474196361755, 'weight_decay': 2.4271508514003003e-05, 'batch_size': 16}. Best is trial 36 with value: 0.6796114381833473.
trial:49 hidden_size: 128, num_layers: 2, learning_rate: 0.0003313593754777599, optimizer_name: Adam, weight_decay: 3.028512004676242e-06, batch_size: 16, label_smoothing: 0.3, factor: 1
Divergence detected. Stopping training after 10 epochs.
Early stopping at epoch 12
Trial 48: Test Accuracy = 0.5256
[I 2025-06-04 00:32:47,688] Trial 48 finished with value: 0.5255942435286421 and parameters: {'hidden_size': 1024, 'num_layers': 2, 'dropout': 0.2, 'learning_rate': 0.0004737409542207513, 'weight_decay': 0.0008553931756326743, 'batch_size': 16}. Best is trial 36 with value: 0.6796114381833473.
trial:50 hidden_size: 64, num_layers: 3, learning_rate: 7.625612708009202e-05, optimizer_name: Adam, weight_decay: 6.359843766195179e-06, batch_size: 10, label_smoothing: 0.3, factor: 1
Divergence detected. Stopping training after 10 epochs.
Early stopping at epoch 18
Trial 49: Test Accuracy = 0.6318
[I 2025-06-04 00:34:38,382] Trial 49 finished with value: 0.6318095505092982 and parameters: {'hidden_size': 128, 'num_layers': 2, 'dropout': 0.2, 'learning_rate': 0.0003313593754777599, 'weight_decay': 3.028512004676242e-06, 'batch_size': 16}. Best is trial 36 with value: 0.6796114381833473.
trial:51 hidden_size: 64, num_layers: 3, learning_rate: 2.937547596475475e-07, optimizer_name: Adam, weight_decay: 6.647064767130685e-06, batch_size: 10, label_smoothing: 0.3, factor: 1
Divergence detected. Stopping training after 10 epochs.
Early stopping at epoch 28
[I 2025-06-04 00:37:08,980] Trial 47 finished with value: 0.3333333333333333 and parameters: {'hidden_size': 1024, 'num_layers': 4, 'dropout': 0.4, 'learning_rate': 0.0005497693495712762, 'weight_decay': 3.263815347962499e-05, 'batch_size': 16}. Best is trial 36 with value: 0.6796114381833473.
Trial 47: Test Accuracy = 0.3333
trial:52 hidden_size: 64, num_layers: 3, learning_rate: 8.645228330675134e-05, optimizer_name: Adam, weight_decay: 6.464239371082903e-06, batch_size: 10, label_smoothing: 0.3, factor: 1
Divergence detected. Stopping training after 10 epochs.
Early stopping at epoch 28
Divergence detected. Stopping training after 10 epochs.
Early stopping at epoch 19
[I 2025-06-04 00:38:18,707] Trial 50 finished with value: 0.5814552845528455 and parameters: {'hidden_size': 64, 'num_layers': 3, 'dropout': 0.5, 'learning_rate': 7.625612708009202e-05, 'weight_decay': 6.359843766195179e-06, 'batch_size': 10}. Best is trial 36 with value: 0.6796114381833473.
Trial 50: Test Accuracy = 0.5815
Trial 52: Test Accuracy = 0.6523
trial:53 hidden_size: 128, num_layers: 4, learning_rate: 0.00020747854579194954, optimizer_name: Adam, weight_decay: 1.3160039433125654e-05, batch_size: 16, label_smoothing: 0.3, factor: 1
[I 2025-06-04 00:38:18,750] Trial 52 finished with value: 0.652276235865807 and parameters: {'hidden_size': 64, 'num_layers': 3, 'dropout': 0.5, 'learning_rate': 8.645228330675134e-05, 'weight_decay': 6.464239371082903e-06, 'batch_size': 10}. Best is trial 36 with value: 0.6796114381833473.
trial:54 hidden_size: 64, num_layers: 3, learning_rate: 8.590834459471299e-05, optimizer_name: Adam, weight_decay: 1.5388111459032937e-05, batch_size: 10, label_smoothing: 0.3, factor: 1
[I 2025-06-04 00:38:19,508] Trial 51 finished with value: 0.3333333333333333 and parameters: {'hidden_size': 64, 'num_layers': 3, 'dropout': 0.4, 'learning_rate': 2.937547596475475e-07, 'weight_decay': 6.647064767130685e-06, 'batch_size': 10}. Best is trial 36 with value: 0.6796114381833473.
Trial 51: Test Accuracy = 0.3333
trial:55 hidden_size: 64, num_layers: 3, learning_rate: 0.0002371304682733857, optimizer_name: Adam, weight_decay: 1.7368586223581065e-05, batch_size: 10, label_smoothing: 0.3, factor: 1
Divergence detected. Stopping training after 10 epochs.
Early stopping at epoch 15
[I 2025-06-04 00:39:17,998] Trial 55 finished with value: 0.5262580132697878 and parameters: {'hidden_size': 64, 'num_layers': 3, 'dropout': 0.5, 'learning_rate': 0.0002371304682733857, 'weight_decay': 1.7368586223581065e-05, 'batch_size': 10}. Best is trial 36 with value: 0.6796114381833473.
Trial 55: Test Accuracy = 0.5263
trial:56 hidden_size: 64, num_layers: 3, learning_rate: 9.689467181109014e-06, optimizer_name: Adam, weight_decay: 2.989123734812484e-06, batch_size: 10, label_smoothing: 0.3, factor: 1
Divergence detected. Stopping training after 10 epochs.
Early stopping at epoch 20
[I 2025-06-04 00:39:35,959] Trial 54 finished with value: 0.6060828894495841 and parameters: {'hidden_size': 64, 'num_layers': 3, 'dropout': 0.5, 'learning_rate': 8.590834459471299e-05, 'weight_decay': 1.5388111459032937e-05, 'batch_size': 10}. Best is trial 36 with value: 0.6796114381833473.
Trial 54: Test Accuracy = 0.6061
trial:57 hidden_size: 512, num_layers: 3, learning_rate: 1.0795319176202706e-05, optimizer_name: Adam, weight_decay: 2.842406134253264e-06, batch_size: 32, label_smoothing: 0.3, factor: 1
Divergence detected. Stopping training after 10 epochs.
Early stopping at epoch 27
Trial 53: Test Accuracy = 0.6465
[I 2025-06-04 00:40:19,008] Trial 53 finished with value: 0.6464961218577703 and parameters: {'hidden_size': 128, 'num_layers': 4, 'dropout': 0.4, 'learning_rate': 0.00020747854579194954, 'weight_decay': 1.3160039433125654e-05, 'batch_size': 16}. Best is trial 36 with value: 0.6796114381833473.
trial:58 hidden_size: 512, num_layers: 3, learning_rate: 1.3253140617916108e-05, optimizer_name: Adam, weight_decay: 1.2743781829747891e-05, batch_size: 32, label_smoothing: 0.3, factor: 1
Divergence detected. Stopping training after 10 epochs.
Early stopping at epoch 23
[I 2025-06-04 00:42:39,540] Trial 57 finished with value: 0.6275032239977572 and parameters: {'hidden_size': 512, 'num_layers': 3, 'dropout': 0.5, 'learning_rate': 1.0795319176202706e-05, 'weight_decay': 2.842406134253264e-06, 'batch_size': 32}. Best is trial 36 with value: 0.6796114381833473.
Trial 57: Test Accuracy = 0.6275
trial:59 hidden_size: 128, num_layers: 3, learning_rate: 3.617062856582286e-06, optimizer_name: Adam, weight_decay: 1.2144991829701403e-05, batch_size: 10, label_smoothing: 0.3, factor: 1
[I 2025-06-04 00:42:41,998] Trial 56 finished with value: 0.5578319783197833 and parameters: {'hidden_size': 64, 'num_layers': 3, 'dropout': 0.5, 'learning_rate': 9.689467181109014e-06, 'weight_decay': 2.989123734812484e-06, 'batch_size': 10}. Best is trial 36 with value: 0.6796114381833473.
Trial 56: Test Accuracy = 0.5578
trial:60 hidden_size: 128, num_layers: 4, learning_rate: 0.0027042000706698826, optimizer_name: Adam, weight_decay: 4.72364905842374e-06, batch_size: 10, label_smoothing: 0.3, factor: 1
Divergence detected. Stopping training after 10 epochs.
Early stopping at epoch 20
Trial 58: Test Accuracy = 0.6330
[I 2025-06-04 00:43:03,852] Trial 58 finished with value: 0.6330292496028408 and parameters: {'hidden_size': 512, 'num_layers': 3, 'dropout': 0.5, 'learning_rate': 1.3253140617916108e-05, 'weight_decay': 1.2743781829747891e-05, 'batch_size': 32}. Best is trial 36 with value: 0.6796114381833473.
trial:61 hidden_size: 128, num_layers: 4, learning_rate: 0.0002715922701969456, optimizer_name: Adam, weight_decay: 7.611109323564164e-06, batch_size: 10, label_smoothing: 0.3, factor: 1
Divergence detected. Stopping training after 10 epochs.
Early stopping at epoch 10
[I 2025-06-04 00:43:33,924] Trial 60 finished with value: 0.3333333333333333 and parameters: {'hidden_size': 128, 'num_layers': 4, 'dropout': 0.30000000000000004, 'learning_rate': 0.0027042000706698826, 'weight_decay': 4.72364905842374e-06, 'batch_size': 10}. Best is trial 36 with value: 0.6796114381833473.
Trial 60: Test Accuracy = 0.3333
trial:62 hidden_size: 32, num_layers: 4, learning_rate: 0.0002209120475675084, optimizer_name: Adam, weight_decay: 7.145779838973686e-06, batch_size: 10, label_smoothing: 0.3, factor: 1
Divergence detected. Stopping training after 10 epochs.
Early stopping at epoch 21
[I 2025-06-04 00:44:30,023] Trial 61 finished with value: 0.6778531912905336 and parameters: {'hidden_size': 128, 'num_layers': 4, 'dropout': 0.30000000000000004, 'learning_rate': 0.0002715922701969456, 'weight_decay': 7.611109323564164e-06, 'batch_size': 10}. Best is trial 36 with value: 0.6796114381833473.
Trial 61: Test Accuracy = 0.6779
trial:63 hidden_size: 128, num_layers: 4, learning_rate: 0.0009296370768553465, optimizer_name: Adam, weight_decay: 6.79639808205762e-06, batch_size: 10, label_smoothing: 0.3, factor: 1
[I 2025-06-04 00:44:44,541] Trial 59 finished with value: 0.5406256424633212 and parameters: {'hidden_size': 128, 'num_layers': 3, 'dropout': 0.30000000000000004, 'learning_rate': 3.617062856582286e-06, 'weight_decay': 1.2144991829701403e-05, 'batch_size': 10}. Best is trial 36 with value: 0.6796114381833473.
Trial 59: Test Accuracy = 0.5406
trial:64 hidden_size: 128, num_layers: 4, learning_rate: 0.0010474039391791833, optimizer_name: Adam, weight_decay: 8.150671924379531e-06, batch_size: 10, label_smoothing: 0.3, factor: 1
Divergence detected. Stopping training after 10 epochs.
Early stopping at epoch 21
Trial 62: Test Accuracy = 0.5090
[I 2025-06-04 00:44:59,307] Trial 62 finished with value: 0.508962807214279 and parameters: {'hidden_size': 32, 'num_layers': 4, 'dropout': 0.4, 'learning_rate': 0.0002209120475675084, 'weight_decay': 7.145779838973686e-06, 'batch_size': 10}. Best is trial 36 with value: 0.6796114381833473.
trial:65 hidden_size: 128, num_layers: 4, learning_rate: 0.0009863404712525277, optimizer_name: Adam, weight_decay: 8.080180719462717e-06, batch_size: 10, label_smoothing: 0.3, factor: 1
Divergence detected. Stopping training after 10 epochs.
Early stopping at epoch 14
[I 2025-06-04 00:45:37,076] Trial 63 finished with value: 0.3333333333333333 and parameters: {'hidden_size': 128, 'num_layers': 4, 'dropout': 0.30000000000000004, 'learning_rate': 0.0009296370768553465, 'weight_decay': 6.79639808205762e-06, 'batch_size': 10}. Best is trial 36 with value: 0.6796114381833473.
Trial 63: Test Accuracy = 0.3333
trial:66 hidden_size: 128, num_layers: 4, learning_rate: 0.0002661835077894434, optimizer_name: Adam, weight_decay: 8.462079148381886e-06, batch_size: 10, label_smoothing: 0.3, factor: 1
Divergence detected. Stopping training after 10 epochs.
Early stopping at epoch 13
[I 2025-06-04 00:45:58,705] Trial 65 finished with value: 0.3333333333333333 and parameters: {'hidden_size': 128, 'num_layers': 4, 'dropout': 0.30000000000000004, 'learning_rate': 0.0009863404712525277, 'weight_decay': 8.080180719462717e-06, 'batch_size': 10}. Best is trial 36 with value: 0.6796114381833473.
Trial 65: Test Accuracy = 0.3333
trial:67 hidden_size: 128, num_layers: 4, learning_rate: 0.00029203559715016005, optimizer_name: Adam, weight_decay: 1.823867186586222e-05, batch_size: 10, label_smoothing: 0.3, factor: 1
Divergence detected. Stopping training after 10 epochs.
Early stopping at epoch 18
Trial 64: Test Accuracy = 0.3333
[I 2025-06-04 00:46:05,618] Trial 64 finished with value: 0.3333333333333333 and parameters: {'hidden_size': 128, 'num_layers': 4, 'dropout': 0.30000000000000004, 'learning_rate': 0.0010474039391791833, 'weight_decay': 8.150671924379531e-06, 'batch_size': 10}. Best is trial 36 with value: 0.6796114381833473.
trial:68 hidden_size: 128, num_layers: 4, learning_rate: 0.00032668469966269355, optimizer_name: Adam, weight_decay: 1.8510190598732588e-05, batch_size: 16, label_smoothing: 0.3, factor: 1
Divergence detected. Stopping training after 10 epochs.
Early stopping at epoch 18
[I 2025-06-04 00:46:51,901] Trial 66 finished with value: 0.6634806092888516 and parameters: {'hidden_size': 128, 'num_layers': 4, 'dropout': 0.30000000000000004, 'learning_rate': 0.0002661835077894434, 'weight_decay': 8.462079148381886e-06, 'batch_size': 10}. Best is trial 36 with value: 0.6796114381833473.
Trial 66: Test Accuracy = 0.6635
trial:69 hidden_size: 128, num_layers: 2, learning_rate: 0.00031894779289627986, optimizer_name: Adam, weight_decay: 5.579947602322342e-06, batch_size: 10, label_smoothing: 0.3, factor: 1
Divergence detected. Stopping training after 10 epochs.
Early stopping at epoch 20
[I 2025-06-04 00:47:21,448] Trial 67 finished with value: 0.5530203719278572 and parameters: {'hidden_size': 128, 'num_layers': 4, 'dropout': 0.2, 'learning_rate': 0.00029203559715016005, 'weight_decay': 1.823867186586222e-05, 'batch_size': 10}. Best is trial 36 with value: 0.6796114381833473.
Trial 67: Test Accuracy = 0.5530
trial:70 hidden_size: 128, num_layers: 2, learning_rate: 2.2486867216824943e-05, optimizer_name: Adam, weight_decay: 5.244080623471741e-06, batch_size: 10, label_smoothing: 0.3, factor: 1
Divergence detected. Stopping training after 10 epochs.
Early stopping at epoch 22
Trial 68: Test Accuracy = 0.6564
[I 2025-06-04 00:47:35,069] Trial 68 finished with value: 0.6564093075413512 and parameters: {'hidden_size': 128, 'num_layers': 4, 'dropout': 0.2, 'learning_rate': 0.00032668469966269355, 'weight_decay': 1.8510190598732588e-05, 'batch_size': 16}. Best is trial 36 with value: 0.6796114381833473.
trial:71 hidden_size: 128, num_layers: 4, learning_rate: 0.0007389672905383629, optimizer_name: Adam, weight_decay: 5.142580740319233e-06, batch_size: 10, label_smoothing: 0.3, factor: 1
Divergence detected. Stopping training after 10 epochs.
Early stopping at epoch 26
[I 2025-06-04 00:48:40,431] Trial 69 finished with value: 0.6599081394262218 and parameters: {'hidden_size': 128, 'num_layers': 2, 'dropout': 0.2, 'learning_rate': 0.00031894779289627986, 'weight_decay': 5.579947602322342e-06, 'batch_size': 10}. Best is trial 36 with value: 0.6796114381833473.
Trial 69: Test Accuracy = 0.6599
trial:72 hidden_size: 128, num_layers: 2, learning_rate: 1.1461771992496524e-08, optimizer_name: Adam, weight_decay: 5.10196636724772e-06, batch_size: 10, label_smoothing: 0.3, factor: 1
Trial 70: Test Accuracy = 0.6479
[I 2025-06-04 00:49:21,053] Trial 70 finished with value: 0.647899168302028 and parameters: {'hidden_size': 128, 'num_layers': 2, 'dropout': 0.30000000000000004, 'learning_rate': 2.2486867216824943e-05, 'weight_decay': 5.244080623471741e-06, 'batch_size': 10}. Best is trial 36 with value: 0.6796114381833473.
trial:73 hidden_size: 128, num_layers: 2, learning_rate: 2.8104181744528112e-05, optimizer_name: Adam, weight_decay: 5.194616770424561e-06, batch_size: 10, label_smoothing: 0.3, factor: 1
Divergence detected. Stopping training after 10 epochs.
Early stopping at epoch 27
[I 2025-06-04 00:49:27,938] Trial 71 finished with value: 0.4880611157835717 and parameters: {'hidden_size': 128, 'num_layers': 4, 'dropout': 0.1, 'learning_rate': 0.0007389672905383629, 'weight_decay': 5.142580740319233e-06, 'batch_size': 10}. Best is trial 36 with value: 0.6796114381833473.
Trial 71: Test Accuracy = 0.4881
trial:74 hidden_size: 128, num_layers: 2, learning_rate: 5.304321425150978e-05, optimizer_name: Adam, weight_decay: 3.575414396504256e-06, batch_size: 10, label_smoothing: 0.3, factor: 1
[I 2025-06-04 00:50:31,150] Trial 72 finished with value: 0.34146341463414637 and parameters: {'hidden_size': 128, 'num_layers': 2, 'dropout': 0.1, 'learning_rate': 1.1461771992496524e-08, 'weight_decay': 5.10196636724772e-06, 'batch_size': 10}. Best is trial 36 with value: 0.6796114381833473.
Trial 72: Test Accuracy = 0.3415
trial:75 hidden_size: 128, num_layers: 2, learning_rate: 2.4966462420956674e-05, optimizer_name: Adam, weight_decay: 3.939293365535001e-06, batch_size: 10, label_smoothing: 0.3, factor: 1
Divergence detected. Stopping training after 10 epochs.
Early stopping at epoch 25
