[I 2025-06-04 00:50:52,029] Trial 73 finished with value: 0.5834589290720493 and parameters: {'hidden_size': 128, 'num_layers': 2, 'dropout': 0.1, 'learning_rate': 2.8104181744528112e-05, 'weight_decay': 5.194616770424561e-06, 'batch_size': 10}. Best is trial 36 with value: 0.6796114381833473.
Trial 73: Test Accuracy = 0.5835
trial:76 hidden_size: 128, num_layers: 2, learning_rate: 5.2466721439902334e-05, optimizer_name: Adam, weight_decay: 3.6344297328961843e-06, batch_size: 10, label_smoothing: 0.3, factor: 1
[I 2025-06-04 00:51:12,859] Trial 74 finished with value: 0.5518550602747406 and parameters: {'hidden_size': 128, 'num_layers': 2, 'dropout': 0.2, 'learning_rate': 5.304321425150978e-05, 'weight_decay': 3.575414396504256e-06, 'batch_size': 10}. Best is trial 36 with value: 0.6796114381833473.
Trial 74: Test Accuracy = 0.5519
trial:77 hidden_size: 32, num_layers: 2, learning_rate: 0.009927307071241013, optimizer_name: Adam, weight_decay: 4.051255844898238e-06, batch_size: 10, label_smoothing: 0.3, factor: 1
Divergence detected. Stopping training after 10 epochs.
Early stopping at epoch 21
[I 2025-06-04 00:51:46,824] Trial 75 finished with value: 0.5876501261564341 and parameters: {'hidden_size': 128, 'num_layers': 2, 'dropout': 0.2, 'learning_rate': 2.4966462420956674e-05, 'weight_decay': 3.939293365535001e-06, 'batch_size': 10}. Best is trial 36 with value: 0.6796114381833473.
Trial 75: Test Accuracy = 0.5877
trial:78 hidden_size: 64, num_layers: 2, learning_rate: 6.554335439396766e-05, optimizer_name: Adam, weight_decay: 9.774010404355803e-06, batch_size: 10, label_smoothing: 0.3, factor: 1
Divergence detected. Stopping training after 10 epochs.
Early stopping at epoch 18
[I 2025-06-04 00:51:57,669] Trial 76 finished with value: 0.6032430613961312 and parameters: {'hidden_size': 128, 'num_layers': 2, 'dropout': 0.2, 'learning_rate': 5.2466721439902334e-05, 'weight_decay': 3.6344297328961843e-06, 'batch_size': 10}. Best is trial 36 with value: 0.6796114381833473.
Trial 76: Test Accuracy = 0.6032
trial:79 hidden_size: 32, num_layers: 2, learning_rate: 0.0003417982009391599, optimizer_name: Adam, weight_decay: 1.4101591428992848e-06, batch_size: 10, label_smoothing: 0.3, factor: 1
Divergence detected. Stopping training after 10 epochs.
Early stopping at epoch 15
[I 2025-06-04 00:52:09,946] Trial 77 finished with value: 0.3333333333333333 and parameters: {'hidden_size': 32, 'num_layers': 2, 'dropout': 0.2, 'learning_rate': 0.009927307071241013, 'weight_decay': 4.051255844898238e-06, 'batch_size': 10}. Best is trial 36 with value: 0.6796114381833473.
Trial 77: Test Accuracy = 0.3333
trial:80 hidden_size: 64, num_layers: 2, learning_rate: 0.0004029463523841323, optimizer_name: Adam, weight_decay: 2.436140993364733e-06, batch_size: 10, label_smoothing: 0.3, factor: 1
Divergence detected. Stopping training after 10 epochs.
Early stopping at epoch 23
[I 2025-06-04 00:53:07,186] Trial 78 finished with value: 0.6231449397252593 and parameters: {'hidden_size': 64, 'num_layers': 2, 'dropout': 0.2, 'learning_rate': 6.554335439396766e-05, 'weight_decay': 9.774010404355803e-06, 'batch_size': 10}. Best is trial 36 with value: 0.6796114381833473.
Trial 78: Test Accuracy = 0.6231
trial:81 hidden_size: 128, num_layers: 2, learning_rate: 0.00011846058950483967, optimizer_name: Adam, weight_decay: 1.453386893523596e-06, batch_size: 10, label_smoothing: 0.3, factor: 1
Divergence detected. Stopping training after 10 epochs.
Early stopping at epoch 17
[I 2025-06-04 00:53:09,947] Trial 80 finished with value: 0.5267433884683674 and parameters: {'hidden_size': 64, 'num_layers': 2, 'dropout': 0.30000000000000004, 'learning_rate': 0.0004029463523841323, 'weight_decay': 2.436140993364733e-06, 'batch_size': 10}. Best is trial 36 with value: 0.6796114381833473.
Trial 80: Test Accuracy = 0.5267
trial:82 hidden_size: 128, num_layers: 1, learning_rate: 0.00010419466663730092, optimizer_name: Adam, weight_decay: 1.9302677301039966e-05, batch_size: 10, label_smoothing: 0.3, factor: 1
[I 2025-06-04 00:53:38,558] Trial 79 finished with value: 0.6616610597140454 and parameters: {'hidden_size': 32, 'num_layers': 2, 'dropout': 0.2, 'learning_rate': 0.0003417982009391599, 'weight_decay': 1.4101591428992848e-06, 'batch_size': 10}. Best is trial 36 with value: 0.6796114381833473.
Trial 79: Test Accuracy = 0.6617
trial:83 hidden_size: 32, num_layers: 2, learning_rate: 0.0001221291742744143, optimizer_name: Adam, weight_decay: 1.1899511884528965e-06, batch_size: 10, label_smoothing: 0.3, factor: 1
Divergence detected. Stopping training after 10 epochs.
Early stopping at epoch 14
[I 2025-06-04 00:54:01,387] Trial 82 finished with value: 0.5137460984954677 and parameters: {'hidden_size': 128, 'num_layers': 1, 'dropout': 0.30000000000000004, 'learning_rate': 0.00010419466663730092, 'weight_decay': 1.9302677301039966e-05, 'batch_size': 10}. Best is trial 36 with value: 0.6796114381833473.
Trial 82: Test Accuracy = 0.5137
trial:84 hidden_size: 32, num_layers: 2, learning_rate: 0.0016024583443545134, optimizer_name: Adam, weight_decay: 1.6503428431524911e-06, batch_size: 10, label_smoothing: 0.3, factor: 1
Divergence detected. Stopping training after 10 epochs.
Early stopping at epoch 19
[I 2025-06-04 00:54:16,543] Trial 81 finished with value: 0.6226867582468928 and parameters: {'hidden_size': 128, 'num_layers': 2, 'dropout': 0.30000000000000004, 'learning_rate': 0.00011846058950483967, 'weight_decay': 1.453386893523596e-06, 'batch_size': 10}. Best is trial 36 with value: 0.6796114381833473.
Trial 81: Test Accuracy = 0.6227
trial:85 hidden_size: 32, num_layers: 2, learning_rate: 0.00030349657846052964, optimizer_name: Adam, weight_decay: 1.1152773593222e-06, batch_size: 10, label_smoothing: 0.3, factor: 1
[I 2025-06-04 00:55:21,332] Trial 83 finished with value: 0.5914819175777964 and parameters: {'hidden_size': 32, 'num_layers': 2, 'dropout': 0.2, 'learning_rate': 0.0001221291742744143, 'weight_decay': 1.1899511884528965e-06, 'batch_size': 10}. Best is trial 36 with value: 0.6796114381833473.
Trial 83: Test Accuracy = 0.5915
trial:86 hidden_size: 32, num_layers: 2, learning_rate: 0.001361701396541454, optimizer_name: Adam, weight_decay: 1.7018422491774877e-06, batch_size: 10, label_smoothing: 0.3, factor: 1
Divergence detected. Stopping training after 10 epochs.
Early stopping at epoch 23
[I 2025-06-04 00:55:38,222] Trial 85 finished with value: 0.5691409214092141 and parameters: {'hidden_size': 32, 'num_layers': 2, 'dropout': 0.2, 'learning_rate': 0.00030349657846052964, 'weight_decay': 1.1152773593222e-06, 'batch_size': 10}. Best is trial 36 with value: 0.6796114381833473.
Trial 85: Test Accuracy = 0.5691
trial:87 hidden_size: 32, num_layers: 2, learning_rate: 0.0001735652718241561, optimizer_name: Adam, weight_decay: 1.8895833513715605e-06, batch_size: 10, label_smoothing: 0.3, factor: 1
[I 2025-06-04 00:55:42,993] Trial 84 finished with value: 0.3794471544715447 and parameters: {'hidden_size': 32, 'num_layers': 2, 'dropout': 0.2, 'learning_rate': 0.0016024583443545134, 'weight_decay': 1.6503428431524911e-06, 'batch_size': 10}. Best is trial 36 with value: 0.6796114381833473.
Trial 84: Test Accuracy = 0.3794
trial:88 hidden_size: 512, num_layers: 2, learning_rate: 0.0006531534272798274, optimizer_name: Adam, weight_decay: 4.199403527522837e-05, batch_size: 32, label_smoothing: 0.3, factor: 1
Divergence detected. Stopping training after 10 epochs.
Early stopping at epoch 22
[I 2025-06-04 00:57:07,367] Trial 86 finished with value: 0.5312024109896272 and parameters: {'hidden_size': 32, 'num_layers': 2, 'dropout': 0.2, 'learning_rate': 0.001361701396541454, 'weight_decay': 1.7018422491774877e-06, 'batch_size': 10}. Best is trial 36 with value: 0.6796114381833473.
Trial 86: Test Accuracy = 0.5312
trial:89 hidden_size: 256, num_layers: 4, learning_rate: 0.00016853301773692766, optimizer_name: Adam, weight_decay: 8.700525705795718e-06, batch_size: 32, label_smoothing: 0.3, factor: 1
[I 2025-06-04 00:58:13,563] Trial 87 finished with value: 0.624159891598916 and parameters: {'hidden_size': 32, 'num_layers': 2, 'dropout': 0.2, 'learning_rate': 0.0001735652718241561, 'weight_decay': 1.8895833513715605e-06, 'batch_size': 10}. Best is trial 36 with value: 0.6796114381833473.
Trial 87: Test Accuracy = 0.6242
trial:90 hidden_size: 256, num_layers: 4, learning_rate: 0.00046037658937661427, optimizer_name: Adam, weight_decay: 8.389509863697752e-06, batch_size: 32, label_smoothing: 0.3, factor: 1
[I 2025-06-04 00:58:33,468] Trial 88 finished with value: 0.5003333333333333 and parameters: {'hidden_size': 512, 'num_layers': 2, 'dropout': 0.30000000000000004, 'learning_rate': 0.0006531534272798274, 'weight_decay': 4.199403527522837e-05, 'batch_size': 32}. Best is trial 36 with value: 0.6796114381833473.
Trial 88: Test Accuracy = 0.5003
trial:91 hidden_size: 256, num_layers: 4, learning_rate: 0.00044691827447890486, optimizer_name: Adam, weight_decay: 2.3045643935975854e-06, batch_size: 10, label_smoothing: 0.3, factor: 1
Divergence detected. Stopping training after 10 epochs.
Early stopping at epoch 15
[I 2025-06-04 00:58:46,409] Trial 89 finished with value: 0.6209555181758715 and parameters: {'hidden_size': 256, 'num_layers': 4, 'dropout': 0.30000000000000004, 'learning_rate': 0.00016853301773692766, 'weight_decay': 8.700525705795718e-06, 'batch_size': 32}. Best is trial 36 with value: 0.6796114381833473.
Trial 89: Test Accuracy = 0.6210
trial:92 hidden_size: 1024, num_layers: 4, learning_rate: 0.00044287928751262387, optimizer_name: Adam, weight_decay: 2.3355332615991396e-06, batch_size: 10, label_smoothing: 0.3, factor: 1
Trial 90: Test Accuracy = 0.7020
[I 2025-06-04 01:05:09,865] Trial 90 finished with value: 0.701987851602654 and parameters: {'hidden_size': 256, 'num_layers': 4, 'dropout': 0.30000000000000004, 'learning_rate': 0.00046037658937661427, 'weight_decay': 8.389509863697752e-06, 'batch_size': 32}. Best is trial 90 with value: 0.701987851602654.
trial:93 hidden_size: 256, num_layers: 4, learning_rate: 0.00040277461374661815, optimizer_name: Adam, weight_decay: 1.4619148708845327e-05, batch_size: 32, label_smoothing: 0.3, factor: 1
Divergence detected. Stopping training after 10 epochs.
Early stopping at epoch 10
[I 2025-06-04 01:07:56,749] Trial 93 finished with value: 0.6710398093636109 and parameters: {'hidden_size': 256, 'num_layers': 4, 'dropout': 0.30000000000000004, 'learning_rate': 0.00040277461374661815, 'weight_decay': 1.4619148708845327e-05, 'batch_size': 32}. Best is trial 90 with value: 0.701987851602654.
Trial 93: Test Accuracy = 0.6710
trial:94 hidden_size: 256, num_layers: 4, learning_rate: 0.0004091601507842009, optimizer_name: Adam, weight_decay: 2.602106516288841e-05, batch_size: 32, label_smoothing: 0.3, factor: 1
Divergence detected. Stopping training after 10 epochs.
Early stopping at epoch 13
[I 2025-06-04 01:08:56,531] Trial 92 finished with value: 0.3333333333333333 and parameters: {'hidden_size': 1024, 'num_layers': 4, 'dropout': 0.30000000000000004, 'learning_rate': 0.00044287928751262387, 'weight_decay': 2.3355332615991396e-06, 'batch_size': 10}. Best is trial 90 with value: 0.701987851602654.
Trial 92: Test Accuracy = 0.3333
trial:95 hidden_size: 256, num_layers: 4, learning_rate: 0.00029209932200393945, optimizer_name: Adam, weight_decay: 1.561712256735164e-05, batch_size: 32, label_smoothing: 0.3, factor: 1
Divergence detected. Stopping training after 10 epochs.
Early stopping at epoch 14
[I 2025-06-04 01:10:12,746] Trial 94 finished with value: 0.4865678908513223 and parameters: {'hidden_size': 256, 'num_layers': 4, 'dropout': 0.30000000000000004, 'learning_rate': 0.0004091601507842009, 'weight_decay': 2.602106516288841e-05, 'batch_size': 32}. Best is trial 90 with value: 0.701987851602654.
Trial 94: Test Accuracy = 0.4866
trial:96 hidden_size: 256, num_layers: 4, learning_rate: 0.000279097820707761, optimizer_name: Adam, weight_decay: 1.1170324107115096e-05, batch_size: 32, label_smoothing: 0.3, factor: 1
[I 2025-06-04 01:11:46,323] Trial 91 finished with value: 0.6082651154097748 and parameters: {'hidden_size': 256, 'num_layers': 4, 'dropout': 0.30000000000000004, 'learning_rate': 0.00044691827447890486, 'weight_decay': 2.3045643935975854e-06, 'batch_size': 10}. Best is trial 90 with value: 0.701987851602654.
Trial 91: Test Accuracy = 0.6083
trial:97 hidden_size: 256, num_layers: 4, learning_rate: 0.00024308920862881156, optimizer_name: Adam, weight_decay: 1.5290844247008258e-05, batch_size: 32, label_smoothing: 0.3, factor: 1
Divergence detected. Stopping training after 10 epochs.
Early stopping at epoch 27
[I 2025-06-04 01:12:06,760] Trial 95 finished with value: 0.5872767965610691 and parameters: {'hidden_size': 256, 'num_layers': 4, 'dropout': 0.30000000000000004, 'learning_rate': 0.00029209932200393945, 'weight_decay': 1.561712256735164e-05, 'batch_size': 32}. Best is trial 90 with value: 0.701987851602654.
Trial 95: Test Accuracy = 0.5873
trial:98 hidden_size: 256, num_layers: 4, learning_rate: 0.0007466650276013064, optimizer_name: Adam, weight_decay: 1.0669151599621761e-05, batch_size: 32, label_smoothing: 0.3, factor: 1
Divergence detected. Stopping training after 10 epochs.
Early stopping at epoch 18
[I 2025-06-04 01:12:28,663] Trial 96 finished with value: 0.6383282870759742 and parameters: {'hidden_size': 256, 'num_layers': 4, 'dropout': 0.30000000000000004, 'learning_rate': 0.000279097820707761, 'weight_decay': 1.1170324107115096e-05, 'batch_size': 32}. Best is trial 90 with value: 0.701987851602654.
Trial 96: Test Accuracy = 0.6383
trial:99 hidden_size: 256, num_layers: 4, learning_rate: 0.0007442262849524252, optimizer_name: Adam, weight_decay: 1.4181013683117141e-05, batch_size: 32, label_smoothing: 0.3, factor: 1
Divergence detected. Stopping training after 10 epochs.
Early stopping at epoch 13
[I 2025-06-04 01:13:28,805] Trial 97 finished with value: 0.6570993365106065 and parameters: {'hidden_size': 256, 'num_layers': 4, 'dropout': 0.30000000000000004, 'learning_rate': 0.00024308920862881156, 'weight_decay': 1.5290844247008258e-05, 'batch_size': 32}. Best is trial 90 with value: 0.701987851602654.
Trial 97: Test Accuracy = 0.6571
trial:100 hidden_size: 256, num_layers: 4, learning_rate: 0.0006928568797312765, optimizer_name: Adam, weight_decay: 1.490193095995181e-05, batch_size: 32, label_smoothing: 0.3, factor: 1
Divergence detected. Stopping training after 10 epochs.
Early stopping at epoch 17
[I 2025-06-04 01:14:34,872] Trial 99 finished with value: 0.5900328941220446 and parameters: {'hidden_size': 256, 'num_layers': 4, 'dropout': 0.2, 'learning_rate': 0.0007442262849524252, 'weight_decay': 1.4181013683117141e-05, 'batch_size': 32}. Best is trial 90 with value: 0.701987851602654.
Trial 99: Test Accuracy = 0.5900
trial:101 hidden_size: 256, num_layers: 4, learning_rate: 0.003293478172854135, optimizer_name: Adam, weight_decay: 1.9599795041855508e-05, batch_size: 32, label_smoothing: 0.3, factor: 1
[I 2025-06-04 01:15:32,041] Trial 98 finished with value: 0.6738729090739183 and parameters: {'hidden_size': 256, 'num_layers': 4, 'dropout': 0.2, 'learning_rate': 0.0007466650276013064, 'weight_decay': 1.0669151599621761e-05, 'batch_size': 32}. Best is trial 90 with value: 0.701987851602654.
Trial 98: Test Accuracy = 0.6739
trial:102 hidden_size: 256, num_layers: 4, learning_rate: 0.004034711686121966, optimizer_name: Adam, weight_decay: 9.922616844968636e-06, batch_size: 32, label_smoothing: 0.3, factor: 1
Divergence detected. Stopping training after 10 epochs.
Early stopping at epoch 11
[I 2025-06-04 01:15:59,086] Trial 101 finished with value: 0.3333333333333333 and parameters: {'hidden_size': 256, 'num_layers': 4, 'dropout': 0.30000000000000004, 'learning_rate': 0.003293478172854135, 'weight_decay': 1.9599795041855508e-05, 'batch_size': 32}. Best is trial 90 with value: 0.701987851602654.
Trial 101: Test Accuracy = 0.3333
trial:103 hidden_size: 256, num_layers: 4, learning_rate: 0.0012312324924573929, optimizer_name: Adam, weight_decay: 9.548064106312426e-06, batch_size: 32, label_smoothing: 0.3, factor: 1
Divergence detected. Stopping training after 10 epochs.
Early stopping at epoch 24
[I 2025-06-04 01:16:33,217] Trial 100 finished with value: 0.34878544061302685 and parameters: {'hidden_size': 256, 'num_layers': 4, 'dropout': 0.30000000000000004, 'learning_rate': 0.0006928568797312765, 'weight_decay': 1.490193095995181e-05, 'batch_size': 32}. Best is trial 90 with value: 0.701987851602654.
Trial 100: Test Accuracy = 0.3488
trial:104 hidden_size: 256, num_layers: 4, learning_rate: 0.0019604835375104787, optimizer_name: Adam, weight_decay: 1.0642324466728681e-05, batch_size: 32, label_smoothing: 0.3, factor: 1
Divergence detected. Stopping training after 10 epochs.
Early stopping at epoch 10
[I 2025-06-04 01:16:45,807] Trial 102 finished with value: 0.3333333333333333 and parameters: {'hidden_size': 256, 'num_layers': 4, 'dropout': 0.2, 'learning_rate': 0.004034711686121966, 'weight_decay': 9.922616844968636e-06, 'batch_size': 32}. Best is trial 90 with value: 0.701987851602654.
Trial 102: Test Accuracy = 0.3333
trial:105 hidden_size: 256, num_layers: 4, learning_rate: 0.0005366857251641594, optimizer_name: Adam, weight_decay: 5.960779937159357e-06, batch_size: 32, label_smoothing: 0.3, factor: 1
Divergence detected. Stopping training after 10 epochs.
Early stopping at epoch 15
Trial 105: Test Accuracy = 0.3396
[I 2025-06-04 01:18:36,110] Trial 105 finished with value: 0.33955555555555555 and parameters: {'hidden_size': 256, 'num_layers': 4, 'dropout': 0.2, 'learning_rate': 0.0005366857251641594, 'weight_decay': 5.960779937159357e-06, 'batch_size': 32}. Best is trial 90 with value: 0.701987851602654.
trial:106 hidden_size: 256, num_layers: 4, learning_rate: 0.0013078557400629056, optimizer_name: Adam, weight_decay: 7.702681577385865e-06, batch_size: 32, label_smoothing: 0.3, factor: 1
Divergence detected. Stopping training after 10 epochs.
Early stopping at epoch 17
[I 2025-06-04 01:18:43,609] Trial 104 finished with value: 0.3333333333333333 and parameters: {'hidden_size': 256, 'num_layers': 4, 'dropout': 0.2, 'learning_rate': 0.0019604835375104787, 'weight_decay': 1.0642324466728681e-05, 'batch_size': 32}. Best is trial 90 with value: 0.701987851602654.
Trial 104: Test Accuracy = 0.3333
trial:107 hidden_size: 256, num_layers: 4, learning_rate: 0.00022415279484077954, optimizer_name: Adam, weight_decay: 7.402239952307714e-06, batch_size: 32, label_smoothing: 0.3, factor: 1
[I 2025-06-04 01:19:30,061] Trial 103 finished with value: 0.5495979814970563 and parameters: {'hidden_size': 256, 'num_layers': 4, 'dropout': 0.2, 'learning_rate': 0.0012312324924573929, 'weight_decay': 9.548064106312426e-06, 'batch_size': 32}. Best is trial 90 with value: 0.701987851602654.
Trial 103: Test Accuracy = 0.5496
trial:108 hidden_size: 256, num_layers: 1, learning_rate: 0.00015278626990715617, optimizer_name: Adam, weight_decay: 7.302829410895338e-06, batch_size: 32, label_smoothing: 0.3, factor: 1
Divergence detected. Stopping training after 10 epochs.
Early stopping at epoch 12
Divergence detected. Stopping training after 10 epochs.
Early stopping at epoch 11
[I 2025-06-04 01:20:04,250] Trial 106 finished with value: 0.3333333333333333 and parameters: {'hidden_size': 256, 'num_layers': 4, 'dropout': 0.2, 'learning_rate': 0.0013078557400629056, 'weight_decay': 7.702681577385865e-06, 'batch_size': 32}. Best is trial 90 with value: 0.701987851602654.
Trial 106: Test Accuracy = 0.3333
trial:109 hidden_size: 256, num_layers: 1, learning_rate: 0.0002117972919789069, optimizer_name: Adam, weight_decay: 1.2602727542017043e-05, batch_size: 32, label_smoothing: 0.3, factor: 1
[I 2025-06-04 01:20:04,679] Trial 107 finished with value: 0.5189549574806093 and parameters: {'hidden_size': 256, 'num_layers': 4, 'dropout': 0.1, 'learning_rate': 0.00022415279484077954, 'weight_decay': 7.402239952307714e-06, 'batch_size': 32}. Best is trial 90 with value: 0.701987851602654.
Trial 107: Test Accuracy = 0.5190
trial:110 hidden_size: 256, num_layers: 1, learning_rate: 0.00033228302203093535, optimizer_name: Adam, weight_decay: 5.865336440862533e-06, batch_size: 32, label_smoothing: 0.3, factor: 1
Divergence detected. Stopping training after 10 epochs.
Early stopping at epoch 18
[I 2025-06-04 01:21:16,186] Trial 109 finished with value: 0.6493635174282777 and parameters: {'hidden_size': 256, 'num_layers': 1, 'dropout': 0.30000000000000004, 'learning_rate': 0.0002117972919789069, 'weight_decay': 1.2602727542017043e-05, 'batch_size': 32}. Best is trial 90 with value: 0.701987851602654.
Trial 109: Test Accuracy = 0.6494
trial:111 hidden_size: 64, num_layers: 3, learning_rate: 0.0005864257037135362, optimizer_name: Adam, weight_decay: 6.028870777283253e-06, batch_size: 32, label_smoothing: 0.3, factor: 1
[I 2025-06-04 01:21:35,861] Trial 108 finished with value: 0.5690527988038502 and parameters: {'hidden_size': 256, 'num_layers': 1, 'dropout': 0.30000000000000004, 'learning_rate': 0.00015278626990715617, 'weight_decay': 7.302829410895338e-06, 'batch_size': 32}. Best is trial 90 with value: 0.701987851602654.
Trial 108: Test Accuracy = 0.5691
trial:112 hidden_size: 64, num_layers: 4, learning_rate: 0.0003457860039763819, optimizer_name: Adam, weight_decay: 5.944172232271371e-06, batch_size: 32, label_smoothing: 0.3, factor: 1
Divergence detected. Stopping training after 10 epochs.
Early stopping at epoch 28
