[I 2025-06-06 16:54:15,413] Trial 54 finished with value: 0.3333333333333333 and parameters: {'embed_dim': 128, 'depths': [2, 2, 6, 2], 'num_heads': [4, 8, 16, 32], 'window_size': 14, 'mlp_ratio': 2.7272342251984054, 'drop_rate': 0.25871204592747804, 'attn_drop_rate': 0.04575191962146284, 'drop_path_rate': 0.10961316919945124, 'learning_rate': 0.00012022724045719432, 'weight_decay': 1.6146254891869876e-05}. Best is trial 33 with value: 0.4964517917701759.
c:\Users\Gabriel\anaconda3\envs\cudaenv\Lib\site-packages\optuna\distributions.py:515: UserWarning: Choices for a categorical distribution should be a tuple of None, bool, int, float and str for persistent storage but contains [2, 2, 6, 2] which is of type list.
  warnings.warn(message)
c:\Users\Gabriel\anaconda3\envs\cudaenv\Lib\site-packages\optuna\distributions.py:515: UserWarning: Choices for a categorical distribution should be a tuple of None, bool, int, float and str for persistent storage but contains [2, 2, 18, 2] which is of type list.
  warnings.warn(message)
c:\Users\Gabriel\anaconda3\envs\cudaenv\Lib\site-packages\optuna\distributions.py:515: UserWarning: Choices for a categorical distribution should be a tuple of None, bool, int, float and str for persistent storage but contains [3, 6, 12, 24] which is of type list.
  warnings.warn(message)
c:\Users\Gabriel\anaconda3\envs\cudaenv\Lib\site-packages\optuna\distributions.py:515: UserWarning: Choices for a categorical distribution should be a tuple of None, bool, int, float and str for persistent storage but contains [4, 8, 16, 32] which is of type list.
  warnings.warn(message)
Trial 57 hyperparameters:
embed_dim: 96
depths: [2, 2, 18, 2]
num_heads: [4, 8, 16, 32]
window_size: 14
mlp_ratio: 2.83192092274233
drop_rate: 0.3437464150608318
attn_drop_rate: 0.3392729360942469
drop_path_rate: 0.07763500776699002
learning_rate: 5.476685477857763e-05
weight_decay: 2.8759703561433017e-05
batch_size: 16
optimizer: Adam
label_smoothing: 0.2
factor: 1
EarlyStopping counter: 1 out of 10
EarlyStopping counter: 1 out of 10
EarlyStopping counter: 1 out of 10
EarlyStopping counter: 2 out of 10
EarlyStopping counter: 3 out of 10
EarlyStopping counter: 4 out of 10
EarlyStopping counter: 1 out of 10
EarlyStopping counter: 5 out of 10
EarlyStopping counter: 2 out of 10
EarlyStopping counter: 6 out of 10
EarlyStopping counter: 3 out of 10
EarlyStopping counter: 7 out of 10
EarlyStopping counter: 4 out of 10
EarlyStopping counter: 8 out of 10
EarlyStopping counter: 5 out of 10
EarlyStopping counter: 9 out of 10
EarlyStopping counter: 6 out of 10
EarlyStopping counter: 10 out of 10
Early stopping at epoch 22
Trial 56: Test Accuracy = 0.3726
[I 2025-06-06 17:49:34,869] Trial 56 finished with value: 0.3725892959032295 and parameters: {'embed_dim': 128, 'depths': [2, 2, 18, 2], 'num_heads': [4, 8, 16, 32], 'window_size': 14, 'mlp_ratio': 3.9743830983106045, 'drop_rate': 0.34336417044828577, 'attn_drop_rate': 0.14595579820228424, 'drop_path_rate': 0.21518327662320316, 'learning_rate': 5.402953358008067e-05, 'weight_decay': 9.479623672692854e-06}. Best is trial 33 with value: 0.4964517917701759.
c:\Users\Gabriel\anaconda3\envs\cudaenv\Lib\site-packages\optuna\distributions.py:515: UserWarning: Choices for a categorical distribution should be a tuple of None, bool, int, float and str for persistent storage but contains [2, 2, 6, 2] which is of type list.
  warnings.warn(message)
c:\Users\Gabriel\anaconda3\envs\cudaenv\Lib\site-packages\optuna\distributions.py:515: UserWarning: Choices for a categorical distribution should be a tuple of None, bool, int, float and str for persistent storage but contains [2, 2, 18, 2] which is of type list.
  warnings.warn(message)
c:\Users\Gabriel\anaconda3\envs\cudaenv\Lib\site-packages\optuna\distributions.py:515: UserWarning: Choices for a categorical distribution should be a tuple of None, bool, int, float and str for persistent storage but contains [3, 6, 12, 24] which is of type list.
  warnings.warn(message)
c:\Users\Gabriel\anaconda3\envs\cudaenv\Lib\site-packages\optuna\distributions.py:515: UserWarning: Choices for a categorical distribution should be a tuple of None, bool, int, float and str for persistent storage but contains [4, 8, 16, 32] which is of type list.
  warnings.warn(message)
Trial 58 hyperparameters:
embed_dim: 96
depths: [2, 2, 18, 2]
num_heads: [4, 8, 16, 32]
window_size: 14
mlp_ratio: 2.80607503238143
drop_rate: 0.4998887083375034
attn_drop_rate: 0.3367488339393794
drop_path_rate: 0.3121904438927141
learning_rate: 2.70495268243236e-05
weight_decay: 2.7221120731829698e-05
batch_size: 16
optimizer: Adam
label_smoothing: 0.2
factor: 1
EarlyStopping counter: 1 out of 10
EarlyStopping counter: 2 out of 10
EarlyStopping counter: 3 out of 10
EarlyStopping counter: 4 out of 10
EarlyStopping counter: 1 out of 10
EarlyStopping counter: 5 out of 10
EarlyStopping counter: 2 out of 10
EarlyStopping counter: 6 out of 10
EarlyStopping counter: 3 out of 10
EarlyStopping counter: 4 out of 10
EarlyStopping counter: 5 out of 10
EarlyStopping counter: 6 out of 10
EarlyStopping counter: 1 out of 10
EarlyStopping counter: 7 out of 10
EarlyStopping counter: 2 out of 10
EarlyStopping counter: 8 out of 10
EarlyStopping counter: 3 out of 10
EarlyStopping counter: 9 out of 10
EarlyStopping counter: 10 out of 10
Early stopping at epoch 12
EarlyStopping counter: 4 out of 10
Trial 58: Test Accuracy = 0.3747
[I 2025-06-06 18:46:07,031] Trial 58 finished with value: 0.37472129319955405 and parameters: {'embed_dim': 96, 'depths': [2, 2, 18, 2], 'num_heads': [4, 8, 16, 32], 'window_size': 14, 'mlp_ratio': 2.80607503238143, 'drop_rate': 0.4998887083375034, 'attn_drop_rate': 0.3367488339393794, 'drop_path_rate': 0.3121904438927141, 'learning_rate': 2.70495268243236e-05, 'weight_decay': 2.7221120731829698e-05}. Best is trial 33 with value: 0.4964517917701759.
c:\Users\Gabriel\anaconda3\envs\cudaenv\Lib\site-packages\optuna\distributions.py:515: UserWarning: Choices for a categorical distribution should be a tuple of None, bool, int, float and str for persistent storage but contains [2, 2, 6, 2] which is of type list.
  warnings.warn(message)
c:\Users\Gabriel\anaconda3\envs\cudaenv\Lib\site-packages\optuna\distributions.py:515: UserWarning: Choices for a categorical distribution should be a tuple of None, bool, int, float and str for persistent storage but contains [2, 2, 18, 2] which is of type list.
  warnings.warn(message)
c:\Users\Gabriel\anaconda3\envs\cudaenv\Lib\site-packages\optuna\distributions.py:515: UserWarning: Choices for a categorical distribution should be a tuple of None, bool, int, float and str for persistent storage but contains [3, 6, 12, 24] which is of type list.
  warnings.warn(message)
c:\Users\Gabriel\anaconda3\envs\cudaenv\Lib\site-packages\optuna\distributions.py:515: UserWarning: Choices for a categorical distribution should be a tuple of None, bool, int, float and str for persistent storage but contains [4, 8, 16, 32] which is of type list.
  warnings.warn(message)
Trial 59 hyperparameters:
embed_dim: 96
depths: [2, 2, 18, 2]
num_heads: [3, 6, 12, 24]
window_size: 14
mlp_ratio: 3.159731528516945
drop_rate: 0.2929950446669149
attn_drop_rate: 0.383351999544023
drop_path_rate: 0.07876715641298604
learning_rate: 3.95999390061298e-05
weight_decay: 5.1459665938517814e-05
batch_size: 16
optimizer: Adam
label_smoothing: 0.2
factor: 1
EarlyStopping counter: 5 out of 10
EarlyStopping counter: 6 out of 10
EarlyStopping counter: 1 out of 10
EarlyStopping counter: 1 out of 10
EarlyStopping counter: 2 out of 10
EarlyStopping counter: 2 out of 10
EarlyStopping counter: 3 out of 10
EarlyStopping counter: 3 out of 10
EarlyStopping counter: 4 out of 10
EarlyStopping counter: 4 out of 10
EarlyStopping counter: 5 out of 10
EarlyStopping counter: 5 out of 10
EarlyStopping counter: 6 out of 10
EarlyStopping counter: 1 out of 10
EarlyStopping counter: 7 out of 10
EarlyStopping counter: 8 out of 10
EarlyStopping counter: 1 out of 10
EarlyStopping counter: 9 out of 10
EarlyStopping counter: 2 out of 10
EarlyStopping counter: 10 out of 10
Early stopping at epoch 37
Trial 57: Test Accuracy = 0.4415
[I 2025-06-06 19:18:22,576] Trial 57 finished with value: 0.44147376644809033 and parameters: {'embed_dim': 96, 'depths': [2, 2, 18, 2], 'num_heads': [4, 8, 16, 32], 'window_size': 14, 'mlp_ratio': 2.83192092274233, 'drop_rate': 0.3437464150608318, 'attn_drop_rate': 0.3392729360942469, 'drop_path_rate': 0.07763500776699002, 'learning_rate': 5.476685477857763e-05, 'weight_decay': 2.8759703561433017e-05}. Best is trial 33 with value: 0.4964517917701759.
c:\Users\Gabriel\anaconda3\envs\cudaenv\Lib\site-packages\optuna\distributions.py:515: UserWarning: Choices for a categorical distribution should be a tuple of None, bool, int, float and str for persistent storage but contains [2, 2, 6, 2] which is of type list.
  warnings.warn(message)
c:\Users\Gabriel\anaconda3\envs\cudaenv\Lib\site-packages\optuna\distributions.py:515: UserWarning: Choices for a categorical distribution should be a tuple of None, bool, int, float and str for persistent storage but contains [2, 2, 18, 2] which is of type list.
  warnings.warn(message)
c:\Users\Gabriel\anaconda3\envs\cudaenv\Lib\site-packages\optuna\distributions.py:515: UserWarning: Choices for a categorical distribution should be a tuple of None, bool, int, float and str for persistent storage but contains [3, 6, 12, 24] which is of type list.
  warnings.warn(message)
c:\Users\Gabriel\anaconda3\envs\cudaenv\Lib\site-packages\optuna\distributions.py:515: UserWarning: Choices for a categorical distribution should be a tuple of None, bool, int, float and str for persistent storage but contains [4, 8, 16, 32] which is of type list.
  warnings.warn(message)
Trial 60 hyperparameters:
embed_dim: 96
depths: [2, 2, 18, 2]
num_heads: [3, 6, 12, 24]
window_size: 14
mlp_ratio: 3.137013405247577
drop_rate: 0.30093290603784567
attn_drop_rate: 0.3761388504319039
drop_path_rate: 0.4065903983467871
learning_rate: 3.7110385234002754e-05
weight_decay: 4.897805083879679e-05
batch_size: 16
optimizer: Adam
label_smoothing: 0.2
factor: 1
EarlyStopping counter: 3 out of 10
EarlyStopping counter: 4 out of 10
EarlyStopping counter: 1 out of 10
EarlyStopping counter: 1 out of 10
EarlyStopping counter: 2 out of 10
EarlyStopping counter: 1 out of 10
EarlyStopping counter: 3 out of 10
EarlyStopping counter: 2 out of 10
EarlyStopping counter: 4 out of 10
EarlyStopping counter: 5 out of 10
EarlyStopping counter: 3 out of 10
EarlyStopping counter: 6 out of 10
EarlyStopping counter: 4 out of 10
EarlyStopping counter: 7 out of 10
EarlyStopping counter: 5 out of 10
EarlyStopping counter: 8 out of 10
EarlyStopping counter: 6 out of 10
EarlyStopping counter: 9 out of 10
EarlyStopping counter: 10 out of 10
Early stopping at epoch 25
EarlyStopping counter: 7 out of 10
Trial 59: Test Accuracy = 0.4325
[I 2025-06-06 20:00:45,538] Trial 59 finished with value: 0.4325449076390535 and parameters: {'embed_dim': 96, 'depths': [2, 2, 18, 2], 'num_heads': [3, 6, 12, 24], 'window_size': 14, 'mlp_ratio': 3.159731528516945, 'drop_rate': 0.2929950446669149, 'attn_drop_rate': 0.383351999544023, 'drop_path_rate': 0.07876715641298604, 'learning_rate': 3.95999390061298e-05, 'weight_decay': 5.1459665938517814e-05}. Best is trial 33 with value: 0.4964517917701759.
c:\Users\Gabriel\anaconda3\envs\cudaenv\Lib\site-packages\optuna\distributions.py:515: UserWarning: Choices for a categorical distribution should be a tuple of None, bool, int, float and str for persistent storage but contains [2, 2, 6, 2] which is of type list.
  warnings.warn(message)
c:\Users\Gabriel\anaconda3\envs\cudaenv\Lib\site-packages\optuna\distributions.py:515: UserWarning: Choices for a categorical distribution should be a tuple of None, bool, int, float and str for persistent storage but contains [2, 2, 18, 2] which is of type list.
  warnings.warn(message)
c:\Users\Gabriel\anaconda3\envs\cudaenv\Lib\site-packages\optuna\distributions.py:515: UserWarning: Choices for a categorical distribution should be a tuple of None, bool, int, float and str for persistent storage but contains [3, 6, 12, 24] which is of type list.
  warnings.warn(message)
c:\Users\Gabriel\anaconda3\envs\cudaenv\Lib\site-packages\optuna\distributions.py:515: UserWarning: Choices for a categorical distribution should be a tuple of None, bool, int, float and str for persistent storage but contains [4, 8, 16, 32] which is of type list.
  warnings.warn(message)
Trial 61 hyperparameters:
embed_dim: 128
depths: [2, 2, 18, 2]
num_heads: [4, 8, 16, 32]
window_size: 14
mlp_ratio: 2.9190772196591745
drop_rate: 0.1069303755006987
attn_drop_rate: 0.2878544746803423
drop_path_rate: 0.046290403143993186
learning_rate: 3.638427807289155e-05
weight_decay: 0.00024343243624688833
batch_size: 16
optimizer: Adam
label_smoothing: 0.2
factor: 1
EarlyStopping counter: 8 out of 10
EarlyStopping counter: 9 out of 10
EarlyStopping counter: 10 out of 10
Early stopping at epoch 13
Trial 60: Test Accuracy = 0.4853
[I 2025-06-06 20:09:33,843] Trial 60 finished with value: 0.4852665782997861 and parameters: {'embed_dim': 96, 'depths': [2, 2, 18, 2], 'num_heads': [3, 6, 12, 24], 'window_size': 14, 'mlp_ratio': 3.137013405247577, 'drop_rate': 0.30093290603784567, 'attn_drop_rate': 0.3761388504319039, 'drop_path_rate': 0.4065903983467871, 'learning_rate': 3.7110385234002754e-05, 'weight_decay': 4.897805083879679e-05}. Best is trial 33 with value: 0.4964517917701759.
c:\Users\Gabriel\anaconda3\envs\cudaenv\Lib\site-packages\optuna\distributions.py:515: UserWarning: Choices for a categorical distribution should be a tuple of None, bool, int, float and str for persistent storage but contains [2, 2, 6, 2] which is of type list.
  warnings.warn(message)
c:\Users\Gabriel\anaconda3\envs\cudaenv\Lib\site-packages\optuna\distributions.py:515: UserWarning: Choices for a categorical distribution should be a tuple of None, bool, int, float and str for persistent storage but contains [2, 2, 18, 2] which is of type list.
  warnings.warn(message)
c:\Users\Gabriel\anaconda3\envs\cudaenv\Lib\site-packages\optuna\distributions.py:515: UserWarning: Choices for a categorical distribution should be a tuple of None, bool, int, float and str for persistent storage but contains [3, 6, 12, 24] which is of type list.
  warnings.warn(message)
c:\Users\Gabriel\anaconda3\envs\cudaenv\Lib\site-packages\optuna\distributions.py:515: UserWarning: Choices for a categorical distribution should be a tuple of None, bool, int, float and str for persistent storage but contains [4, 8, 16, 32] which is of type list.
  warnings.warn(message)
Trial 62 hyperparameters:
embed_dim: 96
depths: [2, 2, 18, 2]
num_heads: [3, 6, 12, 24]
window_size: 14
mlp_ratio: 3.1242309874097938
drop_rate: 0.23416989487754894
attn_drop_rate: 0.42878279131229
drop_path_rate: 0.42142663278874193
learning_rate: 2.5066096207835085e-05
weight_decay: 6.034138596187644e-05
batch_size: 16
optimizer: Adam
label_smoothing: 0.2
factor: 1
EarlyStopping counter: 1 out of 10
EarlyStopping counter: 2 out of 10
EarlyStopping counter: 1 out of 10
EarlyStopping counter: 2 out of 10
EarlyStopping counter: 3 out of 10
EarlyStopping counter: 1 out of 10
EarlyStopping counter: 4 out of 10
EarlyStopping counter: 2 out of 10
EarlyStopping counter: 5 out of 10
EarlyStopping counter: 1 out of 10
EarlyStopping counter: 6 out of 10
EarlyStopping counter: 2 out of 10
EarlyStopping counter: 7 out of 10
EarlyStopping counter: 3 out of 10
EarlyStopping counter: 8 out of 10
EarlyStopping counter: 4 out of 10
EarlyStopping counter: 1 out of 10
EarlyStopping counter: 1 out of 10
EarlyStopping counter: 2 out of 10
EarlyStopping counter: 2 out of 10
EarlyStopping counter: 3 out of 10
EarlyStopping counter: 3 out of 10
EarlyStopping counter: 4 out of 10
EarlyStopping counter: 4 out of 10
EarlyStopping counter: 5 out of 10
EarlyStopping counter: 6 out of 10
EarlyStopping counter: 5 out of 10
EarlyStopping counter: 7 out of 10
EarlyStopping counter: 6 out of 10
EarlyStopping counter: 8 out of 10
EarlyStopping counter: 7 out of 10
EarlyStopping counter: 9 out of 10
EarlyStopping counter: 8 out of 10
EarlyStopping counter: 10 out of 10
Early stopping at epoch 24
Trial 61: Test Accuracy = 0.4322
[I 2025-06-06 22:02:31,879] Trial 61 finished with value: 0.43222487030258344 and parameters: {'embed_dim': 128, 'depths': [2, 2, 18, 2], 'num_heads': [4, 8, 16, 32], 'window_size': 14, 'mlp_ratio': 2.9190772196591745, 'drop_rate': 0.1069303755006987, 'attn_drop_rate': 0.2878544746803423, 'drop_path_rate': 0.046290403143993186, 'learning_rate': 3.638427807289155e-05, 'weight_decay': 0.00024343243624688833}. Best is trial 33 with value: 0.4964517917701759.
c:\Users\Gabriel\anaconda3\envs\cudaenv\Lib\site-packages\optuna\distributions.py:515: UserWarning: Choices for a categorical distribution should be a tuple of None, bool, int, float and str for persistent storage but contains [2, 2, 6, 2] which is of type list.
  warnings.warn(message)
c:\Users\Gabriel\anaconda3\envs\cudaenv\Lib\site-packages\optuna\distributions.py:515: UserWarning: Choices for a categorical distribution should be a tuple of None, bool, int, float and str for persistent storage but contains [2, 2, 18, 2] which is of type list.
  warnings.warn(message)
c:\Users\Gabriel\anaconda3\envs\cudaenv\Lib\site-packages\optuna\distributions.py:515: UserWarning: Choices for a categorical distribution should be a tuple of None, bool, int, float and str for persistent storage but contains [3, 6, 12, 24] which is of type list.
  warnings.warn(message)
c:\Users\Gabriel\anaconda3\envs\cudaenv\Lib\site-packages\optuna\distributions.py:515: UserWarning: Choices for a categorical distribution should be a tuple of None, bool, int, float and str for persistent storage but contains [4, 8, 16, 32] which is of type list.
  warnings.warn(message)
Trial 63 hyperparameters:
embed_dim: 96
depths: [2, 2, 18, 2]
num_heads: [3, 6, 12, 24]
window_size: 14
mlp_ratio: 3.0657683373348217
drop_rate: 0.24271188599760468
attn_drop_rate: 0.24610681885141744
drop_path_rate: 0.4260809449101193
learning_rate: 4.5905675800834505e-05
weight_decay: 8.355374326216226e-05
batch_size: 16
optimizer: Adam
label_smoothing: 0.2
factor: 1
EarlyStopping counter: 9 out of 10
EarlyStopping counter: 10 out of 10
Early stopping at epoch 19
Trial 62: Test Accuracy = 0.4137
[I 2025-06-06 22:04:11,285] Trial 62 finished with value: 0.41374097677589633 and parameters: {'embed_dim': 96, 'depths': [2, 2, 18, 2], 'num_heads': [3, 6, 12, 24], 'window_size': 14, 'mlp_ratio': 3.1242309874097938, 'drop_rate': 0.23416989487754894, 'attn_drop_rate': 0.42878279131229, 'drop_path_rate': 0.42142663278874193, 'learning_rate': 2.5066096207835085e-05, 'weight_decay': 6.034138596187644e-05}. Best is trial 33 with value: 0.4964517917701759.
c:\Users\Gabriel\anaconda3\envs\cudaenv\Lib\site-packages\optuna\distributions.py:515: UserWarning: Choices for a categorical distribution should be a tuple of None, bool, int, float and str for persistent storage but contains [2, 2, 6, 2] which is of type list.
  warnings.warn(message)
c:\Users\Gabriel\anaconda3\envs\cudaenv\Lib\site-packages\optuna\distributions.py:515: UserWarning: Choices for a categorical distribution should be a tuple of None, bool, int, float and str for persistent storage but contains [2, 2, 18, 2] which is of type list.
  warnings.warn(message)
c:\Users\Gabriel\anaconda3\envs\cudaenv\Lib\site-packages\optuna\distributions.py:515: UserWarning: Choices for a categorical distribution should be a tuple of None, bool, int, float and str for persistent storage but contains [3, 6, 12, 24] which is of type list.
  warnings.warn(message)
c:\Users\Gabriel\anaconda3\envs\cudaenv\Lib\site-packages\optuna\distributions.py:515: UserWarning: Choices for a categorical distribution should be a tuple of None, bool, int, float and str for persistent storage but contains [4, 8, 16, 32] which is of type list.
  warnings.warn(message)
Trial 64 hyperparameters:
embed_dim: 96
depths: [2, 2, 18, 2]
num_heads: [3, 6, 12, 24]
window_size: 14
mlp_ratio: 3.0769707211385446
drop_rate: 0.3057069285959832
attn_drop_rate: 0.25940714806031423
drop_path_rate: 0.41046288036805006
learning_rate: 4.924125110814876e-05
weight_decay: 9.511897151395309e-05
batch_size: 16
optimizer: Adam
label_smoothing: 0.2
factor: 1
EarlyStopping counter: 1 out of 10
EarlyStopping counter: 2 out of 10
EarlyStopping counter: 1 out of 10
EarlyStopping counter: 3 out of 10
EarlyStopping counter: 2 out of 10
EarlyStopping counter: 4 out of 10
EarlyStopping counter: 3 out of 10
EarlyStopping counter: 4 out of 10
EarlyStopping counter: 1 out of 10
EarlyStopping counter: 5 out of 10
EarlyStopping counter: 2 out of 10
EarlyStopping counter: 6 out of 10
EarlyStopping counter: 3 out of 10
EarlyStopping counter: 7 out of 10
EarlyStopping counter: 4 out of 10
EarlyStopping counter: 8 out of 10
EarlyStopping counter: 5 out of 10
EarlyStopping counter: 9 out of 10
EarlyStopping counter: 6 out of 10
EarlyStopping counter: 10 out of 10
Early stopping at epoch 10
Trial 64: Test Accuracy = 0.4509
