[I 2025-06-05 11:19:17,755] Trial 86 finished with value: 0.3333333333333333 and parameters: {'embed_dim': 96, 'depths': [2, 2, 6, 2], 'num_heads': [4, 8, 16, 32], 'window_size': 7, 'mlp_ratio': 3.7202093314394182, 'drop_rate': 0.18615425869627833, 'attn_drop_rate': 0.19914536496326418, 'drop_path_rate': 0.2234895319015834, 'learning_rate': 0.0002349985717569841, 'weight_decay': 4.944045781592883e-05}. Best is trial 45 with value: 0.6049740885091787.
Trial 86: Test Accuracy = 0.3333
Trial 88 hyperparameters:
embed_dim: 96
depths: [2, 2, 18, 2]
num_heads: [3, 6, 12, 24]
window_size: 7
mlp_ratio: 2.0064105579386546
drop_rate: 0.2576288898549031
attn_drop_rate: 0.16245068577988145
drop_path_rate: 0.1845274623731029
learning_rate: 0.00033473110617880463
weight_decay: 8.55636275491219e-06
batch_size: 16
optimizer: Adam
label_smoothing: 0.2
factor: 1
c:\Users\Gabriel\anaconda3\envs\cudaenv\Lib\site-packages\optuna\distributions.py:515: UserWarning: Choices for a categorical distribution should be a tuple of None, bool, int, float and str for persistent storage but contains [2, 2, 6, 2] which is of type list.
  warnings.warn(message)
c:\Users\Gabriel\anaconda3\envs\cudaenv\Lib\site-packages\optuna\distributions.py:515: UserWarning: Choices for a categorical distribution should be a tuple of None, bool, int, float and str for persistent storage but contains [2, 2, 18, 2] which is of type list.
  warnings.warn(message)
c:\Users\Gabriel\anaconda3\envs\cudaenv\Lib\site-packages\optuna\distributions.py:515: UserWarning: Choices for a categorical distribution should be a tuple of None, bool, int, float and str for persistent storage but contains [3, 6, 12, 24] which is of type list.
  warnings.warn(message)
c:\Users\Gabriel\anaconda3\envs\cudaenv\Lib\site-packages\optuna\distributions.py:515: UserWarning: Choices for a categorical distribution should be a tuple of None, bool, int, float and str for persistent storage but contains [4, 8, 16, 32] which is of type list.
  warnings.warn(message)
EarlyStopping counter: 3 out of 10
EarlyStopping counter: 4 out of 10
EarlyStopping counter: 5 out of 10
EarlyStopping counter: 1 out of 10
EarlyStopping counter: 6 out of 10
EarlyStopping counter: 2 out of 10
EarlyStopping counter: 7 out of 10
EarlyStopping counter: 3 out of 10
EarlyStopping counter: 8 out of 10
EarlyStopping counter: 4 out of 10
EarlyStopping counter: 9 out of 10
EarlyStopping counter: 5 out of 10
EarlyStopping counter: 10 out of 10
Early stopping at epoch 14
[I 2025-06-05 11:20:56,133] Trial 87 finished with value: 0.3317829457364341 and parameters: {'embed_dim': 96, 'depths': [2, 2, 18, 2], 'num_heads': [4, 8, 16, 32], 'window_size': 7, 'mlp_ratio': 2.0030165098457484, 'drop_rate': 0.258468713139656, 'attn_drop_rate': 0.1633237203867971, 'drop_path_rate': 0.22130680955586135, 'learning_rate': 0.00017599744269809983, 'weight_decay': 7.609123502508294e-06}. Best is trial 45 with value: 0.6049740885091787.
Trial 87: Test Accuracy = 0.3318
Trial 89 hyperparameters:
embed_dim: 96
depths: [2, 2, 6, 2]
num_heads: [3, 6, 12, 24]
window_size: 7
mlp_ratio: 3.162328469942392
drop_rate: 0.23575646867013142
attn_drop_rate: 0.24830057336976508
drop_path_rate: 0.18608717667986463
learning_rate: 9.476406306208468e-05
weight_decay: 9.26547250023856e-05
batch_size: 16
optimizer: Adam
label_smoothing: 0.2
factor: 1
c:\Users\Gabriel\anaconda3\envs\cudaenv\Lib\site-packages\optuna\distributions.py:515: UserWarning: Choices for a categorical distribution should be a tuple of None, bool, int, float and str for persistent storage but contains [2, 2, 6, 2] which is of type list.
  warnings.warn(message)
c:\Users\Gabriel\anaconda3\envs\cudaenv\Lib\site-packages\optuna\distributions.py:515: UserWarning: Choices for a categorical distribution should be a tuple of None, bool, int, float and str for persistent storage but contains [2, 2, 18, 2] which is of type list.
  warnings.warn(message)
c:\Users\Gabriel\anaconda3\envs\cudaenv\Lib\site-packages\optuna\distributions.py:515: UserWarning: Choices for a categorical distribution should be a tuple of None, bool, int, float and str for persistent storage but contains [3, 6, 12, 24] which is of type list.
  warnings.warn(message)
c:\Users\Gabriel\anaconda3\envs\cudaenv\Lib\site-packages\optuna\distributions.py:515: UserWarning: Choices for a categorical distribution should be a tuple of None, bool, int, float and str for persistent storage but contains [4, 8, 16, 32] which is of type list.
  warnings.warn(message)
EarlyStopping counter: 6 out of 10
EarlyStopping counter: 7 out of 10
EarlyStopping counter: 1 out of 10
EarlyStopping counter: 8 out of 10
EarlyStopping counter: 2 out of 10
EarlyStopping counter: 9 out of 10
EarlyStopping counter: 10 out of 10
Early stopping at epoch 11
EarlyStopping counter: 1 out of 10
[I 2025-06-05 11:21:48,233] Trial 88 finished with value: 0.3333333333333333 and parameters: {'embed_dim': 96, 'depths': [2, 2, 18, 2], 'num_heads': [3, 6, 12, 24], 'window_size': 7, 'mlp_ratio': 2.0064105579386546, 'drop_rate': 0.2576288898549031, 'attn_drop_rate': 0.16245068577988145, 'drop_path_rate': 0.1845274623731029, 'learning_rate': 0.00033473110617880463, 'weight_decay': 8.55636275491219e-06}. Best is trial 45 with value: 0.6049740885091787.
Trial 88: Test Accuracy = 0.3333
Trial 90 hyperparameters:
embed_dim: 128
depths: [2, 2, 6, 2]
num_heads: [4, 8, 16, 32]
window_size: 14
mlp_ratio: 2.502677855123098
drop_rate: 0.23302520903512153
attn_drop_rate: 0.1386221828981738
drop_path_rate: 0.2844188888826803
learning_rate: 8.049131718687148e-05
weight_decay: 1.552217007903198e-06
batch_size: 16
optimizer: Adam
label_smoothing: 0.2
factor: 1
c:\Users\Gabriel\anaconda3\envs\cudaenv\Lib\site-packages\optuna\distributions.py:515: UserWarning: Choices for a categorical distribution should be a tuple of None, bool, int, float and str for persistent storage but contains [2, 2, 6, 2] which is of type list.
  warnings.warn(message)
c:\Users\Gabriel\anaconda3\envs\cudaenv\Lib\site-packages\optuna\distributions.py:515: UserWarning: Choices for a categorical distribution should be a tuple of None, bool, int, float and str for persistent storage but contains [2, 2, 18, 2] which is of type list.
  warnings.warn(message)
c:\Users\Gabriel\anaconda3\envs\cudaenv\Lib\site-packages\optuna\distributions.py:515: UserWarning: Choices for a categorical distribution should be a tuple of None, bool, int, float and str for persistent storage but contains [3, 6, 12, 24] which is of type list.
  warnings.warn(message)
c:\Users\Gabriel\anaconda3\envs\cudaenv\Lib\site-packages\optuna\distributions.py:515: UserWarning: Choices for a categorical distribution should be a tuple of None, bool, int, float and str for persistent storage but contains [4, 8, 16, 32] which is of type list.
  warnings.warn(message)
EarlyStopping counter: 1 out of 10
EarlyStopping counter: 1 out of 10
EarlyStopping counter: 2 out of 10
EarlyStopping counter: 2 out of 10
EarlyStopping counter: 3 out of 10
EarlyStopping counter: 1 out of 10
EarlyStopping counter: 4 out of 10
EarlyStopping counter: 2 out of 10
EarlyStopping counter: 5 out of 10
EarlyStopping counter: 3 out of 10
EarlyStopping counter: 6 out of 10
EarlyStopping counter: 4 out of 10
EarlyStopping counter: 7 out of 10
EarlyStopping counter: 5 out of 10
EarlyStopping counter: 8 out of 10
EarlyStopping counter: 6 out of 10
EarlyStopping counter: 9 out of 10
EarlyStopping counter: 7 out of 10
EarlyStopping counter: 10 out of 10
Early stopping at epoch 10
EarlyStopping counter: 8 out of 10
[I 2025-06-05 11:24:11,948] Trial 90 finished with value: 0.4928104575163399 and parameters: {'embed_dim': 128, 'depths': [2, 2, 6, 2], 'num_heads': [4, 8, 16, 32], 'window_size': 14, 'mlp_ratio': 2.502677855123098, 'drop_rate': 0.23302520903512153, 'attn_drop_rate': 0.1386221828981738, 'drop_path_rate': 0.2844188888826803, 'learning_rate': 8.049131718687148e-05, 'weight_decay': 1.552217007903198e-06}. Best is trial 45 with value: 0.6049740885091787.
Trial 90: Test Accuracy = 0.4928
Trial 91 hyperparameters:
embed_dim: 96
depths: [2, 2, 6, 2]
num_heads: [3, 6, 12, 24]
window_size: 7
mlp_ratio: 3.9322336878455073
drop_rate: 0.2752921331032437
attn_drop_rate: 0.2483129245620859
drop_path_rate: 0.1664502293398118
learning_rate: 0.00012389411399635016
weight_decay: 0.00013442206790528747
batch_size: 16
optimizer: Adam
label_smoothing: 0.2
factor: 1
c:\Users\Gabriel\anaconda3\envs\cudaenv\Lib\site-packages\optuna\distributions.py:515: UserWarning: Choices for a categorical distribution should be a tuple of None, bool, int, float and str for persistent storage but contains [2, 2, 6, 2] which is of type list.
  warnings.warn(message)
c:\Users\Gabriel\anaconda3\envs\cudaenv\Lib\site-packages\optuna\distributions.py:515: UserWarning: Choices for a categorical distribution should be a tuple of None, bool, int, float and str for persistent storage but contains [2, 2, 18, 2] which is of type list.
  warnings.warn(message)
c:\Users\Gabriel\anaconda3\envs\cudaenv\Lib\site-packages\optuna\distributions.py:515: UserWarning: Choices for a categorical distribution should be a tuple of None, bool, int, float and str for persistent storage but contains [3, 6, 12, 24] which is of type list.
  warnings.warn(message)
c:\Users\Gabriel\anaconda3\envs\cudaenv\Lib\site-packages\optuna\distributions.py:515: UserWarning: Choices for a categorical distribution should be a tuple of None, bool, int, float and str for persistent storage but contains [4, 8, 16, 32] which is of type list.
  warnings.warn(message)
EarlyStopping counter: 9 out of 10
EarlyStopping counter: 10 out of 10
Early stopping at epoch 18
[I 2025-06-05 11:24:30,348] Trial 89 finished with value: 0.5663956499668757 and parameters: {'embed_dim': 96, 'depths': [2, 2, 6, 2], 'num_heads': [3, 6, 12, 24], 'window_size': 7, 'mlp_ratio': 3.162328469942392, 'drop_rate': 0.23575646867013142, 'attn_drop_rate': 0.24830057336976508, 'drop_path_rate': 0.18608717667986463, 'learning_rate': 9.476406306208468e-05, 'weight_decay': 9.26547250023856e-05}. Best is trial 45 with value: 0.6049740885091787.
Trial 89: Test Accuracy = 0.5664
Trial 92 hyperparameters:
embed_dim: 128
depths: [2, 2, 18, 2]
num_heads: [3, 6, 12, 24]
window_size: 7
mlp_ratio: 3.8431580899320488
drop_rate: 0.421807565705335
attn_drop_rate: 0.21234951688432832
drop_path_rate: 0.34393707008145935
learning_rate: 1.5007468803221131e-05
weight_decay: 1.5664510786533226e-05
batch_size: 16
optimizer: Adam
label_smoothing: 0.2
factor: 1
c:\Users\Gabriel\anaconda3\envs\cudaenv\Lib\site-packages\optuna\distributions.py:515: UserWarning: Choices for a categorical distribution should be a tuple of None, bool, int, float and str for persistent storage but contains [2, 2, 6, 2] which is of type list.
  warnings.warn(message)
c:\Users\Gabriel\anaconda3\envs\cudaenv\Lib\site-packages\optuna\distributions.py:515: UserWarning: Choices for a categorical distribution should be a tuple of None, bool, int, float and str for persistent storage but contains [2, 2, 18, 2] which is of type list.
  warnings.warn(message)
c:\Users\Gabriel\anaconda3\envs\cudaenv\Lib\site-packages\optuna\distributions.py:515: UserWarning: Choices for a categorical distribution should be a tuple of None, bool, int, float and str for persistent storage but contains [3, 6, 12, 24] which is of type list.
  warnings.warn(message)
c:\Users\Gabriel\anaconda3\envs\cudaenv\Lib\site-packages\optuna\distributions.py:515: UserWarning: Choices for a categorical distribution should be a tuple of None, bool, int, float and str for persistent storage but contains [4, 8, 16, 32] which is of type list.
  warnings.warn(message)
EarlyStopping counter: 1 out of 10
EarlyStopping counter: 2 out of 10
EarlyStopping counter: 1 out of 10
EarlyStopping counter: 1 out of 10
EarlyStopping counter: 2 out of 10
EarlyStopping counter: 2 out of 10
EarlyStopping counter: 3 out of 10
EarlyStopping counter: 4 out of 10
EarlyStopping counter: 1 out of 10
EarlyStopping counter: 5 out of 10
EarlyStopping counter: 2 out of 10
EarlyStopping counter: 6 out of 10
EarlyStopping counter: 7 out of 10
EarlyStopping counter: 3 out of 10
EarlyStopping counter: 8 out of 10
EarlyStopping counter: 4 out of 10
EarlyStopping counter: 9 out of 10
EarlyStopping counter: 10 out of 10
Early stopping at epoch 14
[I 2025-06-05 11:27:19,919] Trial 91 finished with value: 0.3333333333333333 and parameters: {'embed_dim': 96, 'depths': [2, 2, 6, 2], 'num_heads': [3, 6, 12, 24], 'window_size': 7, 'mlp_ratio': 3.9322336878455073, 'drop_rate': 0.2752921331032437, 'attn_drop_rate': 0.2483129245620859, 'drop_path_rate': 0.1664502293398118, 'learning_rate': 0.00012389411399635016, 'weight_decay': 0.00013442206790528747}. Best is trial 45 with value: 0.6049740885091787.
Trial 91: Test Accuracy = 0.3333
Trial 93 hyperparameters:
embed_dim: 128
depths: [2, 2, 18, 2]
num_heads: [3, 6, 12, 24]
window_size: 7
mlp_ratio: 3.841113578647213
drop_rate: 0.4355424811996022
attn_drop_rate: 0.45493489623242167
drop_path_rate: 0.33651439001439365
learning_rate: 1.2076249440324521e-05
weight_decay: 1.3261520130204676e-05
batch_size: 16
optimizer: Adam
label_smoothing: 0.2
factor: 1
c:\Users\Gabriel\anaconda3\envs\cudaenv\Lib\site-packages\optuna\distributions.py:515: UserWarning: Choices for a categorical distribution should be a tuple of None, bool, int, float and str for persistent storage but contains [2, 2, 6, 2] which is of type list.
  warnings.warn(message)
c:\Users\Gabriel\anaconda3\envs\cudaenv\Lib\site-packages\optuna\distributions.py:515: UserWarning: Choices for a categorical distribution should be a tuple of None, bool, int, float and str for persistent storage but contains [2, 2, 18, 2] which is of type list.
  warnings.warn(message)
c:\Users\Gabriel\anaconda3\envs\cudaenv\Lib\site-packages\optuna\distributions.py:515: UserWarning: Choices for a categorical distribution should be a tuple of None, bool, int, float and str for persistent storage but contains [3, 6, 12, 24] which is of type list.
  warnings.warn(message)
c:\Users\Gabriel\anaconda3\envs\cudaenv\Lib\site-packages\optuna\distributions.py:515: UserWarning: Choices for a categorical distribution should be a tuple of None, bool, int, float and str for persistent storage but contains [4, 8, 16, 32] which is of type list.
  warnings.warn(message)
EarlyStopping counter: 5 out of 10
EarlyStopping counter: 6 out of 10
EarlyStopping counter: 7 out of 10
EarlyStopping counter: 1 out of 10
EarlyStopping counter: 8 out of 10
EarlyStopping counter: 2 out of 10
EarlyStopping counter: 9 out of 10
EarlyStopping counter: 10 out of 10
Early stopping at epoch 13
EarlyStopping counter: 1 out of 10
Trial 92: Test Accuracy = 0.4632
[I 2025-06-05 11:36:46,018] Trial 92 finished with value: 0.46317012105412586 and parameters: {'embed_dim': 128, 'depths': [2, 2, 18, 2], 'num_heads': [3, 6, 12, 24], 'window_size': 7, 'mlp_ratio': 3.8431580899320488, 'drop_rate': 0.421807565705335, 'attn_drop_rate': 0.21234951688432832, 'drop_path_rate': 0.34393707008145935, 'learning_rate': 1.5007468803221131e-05, 'weight_decay': 1.5664510786533226e-05}. Best is trial 45 with value: 0.6049740885091787.
c:\Users\Gabriel\anaconda3\envs\cudaenv\Lib\site-packages\optuna\distributions.py:515: UserWarning: Choices for a categorical distribution should be a tuple of None, bool, int, float and str for persistent storage but contains [2, 2, 6, 2] which is of type list.
  warnings.warn(message)
c:\Users\Gabriel\anaconda3\envs\cudaenv\Lib\site-packages\optuna\distributions.py:515: UserWarning: Choices for a categorical distribution should be a tuple of None, bool, int, float and str for persistent storage but contains [2, 2, 18, 2] which is of type list.
  warnings.warn(message)
c:\Users\Gabriel\anaconda3\envs\cudaenv\Lib\site-packages\optuna\distributions.py:515: UserWarning: Choices for a categorical distribution should be a tuple of None, bool, int, float and str for persistent storage but contains [3, 6, 12, 24] which is of type list.
  warnings.warn(message)
c:\Users\Gabriel\anaconda3\envs\cudaenv\Lib\site-packages\optuna\distributions.py:515: UserWarning: Choices for a categorical distribution should be a tuple of None, bool, int, float and str for persistent storage but contains [4, 8, 16, 32] which is of type list.
  warnings.warn(message)
Trial 94 hyperparameters:
embed_dim: 128
depths: [2, 2, 18, 2]
num_heads: [3, 6, 12, 24]
window_size: 7
mlp_ratio: 3.8704415127087906
drop_rate: 0.4545595864536073
attn_drop_rate: 0.4566411829781626
drop_path_rate: 0.3171517329229257
learning_rate: 1.2136206927559726e-05
weight_decay: 1.3343690999979262e-05
batch_size: 16
optimizer: Adam
label_smoothing: 0.2
factor: 1
EarlyStopping counter: 2 out of 10
EarlyStopping counter: 3 out of 10
EarlyStopping counter: 1 out of 10
EarlyStopping counter: 4 out of 10
EarlyStopping counter: 5 out of 10
EarlyStopping counter: 1 out of 10
EarlyStopping counter: 6 out of 10
EarlyStopping counter: 2 out of 10
EarlyStopping counter: 7 out of 10
EarlyStopping counter: 3 out of 10
EarlyStopping counter: 1 out of 10
EarlyStopping counter: 4 out of 10
EarlyStopping counter: 2 out of 10
EarlyStopping counter: 5 out of 10
EarlyStopping counter: 3 out of 10
EarlyStopping counter: 4 out of 10
EarlyStopping counter: 6 out of 10
EarlyStopping counter: 5 out of 10
EarlyStopping counter: 7 out of 10
EarlyStopping counter: 6 out of 10
EarlyStopping counter: 8 out of 10
EarlyStopping counter: 9 out of 10
EarlyStopping counter: 1 out of 10
EarlyStopping counter: 10 out of 10
Early stopping at epoch 12
Trial 94: Test Accuracy = 0.3657
EarlyStopping counter: 2 out of 10
[I 2025-06-05 12:06:47,644] Trial 94 finished with value: 0.3657062064258203 and parameters: {'embed_dim': 128, 'depths': [2, 2, 18, 2], 'num_heads': [3, 6, 12, 24], 'window_size': 7, 'mlp_ratio': 3.8704415127087906, 'drop_rate': 0.4545595864536073, 'attn_drop_rate': 0.4566411829781626, 'drop_path_rate': 0.3171517329229257, 'learning_rate': 1.2136206927559726e-05, 'weight_decay': 1.3343690999979262e-05}. Best is trial 45 with value: 0.6049740885091787.
c:\Users\Gabriel\anaconda3\envs\cudaenv\Lib\site-packages\optuna\distributions.py:515: UserWarning: Choices for a categorical distribution should be a tuple of None, bool, int, float and str for persistent storage but contains [2, 2, 6, 2] which is of type list.
  warnings.warn(message)
c:\Users\Gabriel\anaconda3\envs\cudaenv\Lib\site-packages\optuna\distributions.py:515: UserWarning: Choices for a categorical distribution should be a tuple of None, bool, int, float and str for persistent storage but contains [2, 2, 18, 2] which is of type list.
  warnings.warn(message)
c:\Users\Gabriel\anaconda3\envs\cudaenv\Lib\site-packages\optuna\distributions.py:515: UserWarning: Choices for a categorical distribution should be a tuple of None, bool, int, float and str for persistent storage but contains [3, 6, 12, 24] which is of type list.
  warnings.warn(message)
c:\Users\Gabriel\anaconda3\envs\cudaenv\Lib\site-packages\optuna\distributions.py:515: UserWarning: Choices for a categorical distribution should be a tuple of None, bool, int, float and str for persistent storage but contains [4, 8, 16, 32] which is of type list.
  warnings.warn(message)
Trial 95 hyperparameters:
embed_dim: 128
depths: [2, 2, 18, 2]
num_heads: [3, 6, 12, 24]
window_size: 7
mlp_ratio: 3.0079506330082046
drop_rate: 0.14990399567452586
attn_drop_rate: 0.2077783421778936
drop_path_rate: 0.3826614496342332
learning_rate: 2.3788240453646526e-05
weight_decay: 1.1838072932950614e-05
batch_size: 16
optimizer: Adam
label_smoothing: 0.2
factor: 1
EarlyStopping counter: 3 out of 10
EarlyStopping counter: 4 out of 10
EarlyStopping counter: 5 out of 10
EarlyStopping counter: 6 out of 10
EarlyStopping counter: 1 out of 10
EarlyStopping counter: 7 out of 10
EarlyStopping counter: 2 out of 10
EarlyStopping counter: 8 out of 10
EarlyStopping counter: 9 out of 10
EarlyStopping counter: 1 out of 10
EarlyStopping counter: 10 out of 10
Early stopping at epoch 29
EarlyStopping counter: 2 out of 10
Trial 93: Test Accuracy = 0.5265
