c:\Users\Gabriel\anaconda3\envs\cudaenv\Lib\site-packages\tqdm\auto.py:21: TqdmWarning: IProgress not found. Please update jupyter and ipywidgets. See https://ipywidgets.readthedocs.io/en/stable/user_install.html
  from .autonotebook import tqdm as notebook_tqdm
c:\Users\Gabriel\anaconda3\envs\cudaenv\Lib\site-packages\torch\functional.py:539: UserWarning: torch.meshgrid: in an upcoming release, it will be required to pass the indexing argument. (Triggered internally at C:\actions-runner\_work\pytorch\pytorch\pytorch\aten\src\ATen\native\TensorShape.cpp:4312.)
  return _VF.meshgrid(tensors, **kwargs)  # type: ignore[attr-defined]
torch.Size([1, 3])
====================================================================================================
Layer (type:depth-idx)                             Output Shape              Param #
====================================================================================================
SwinTransformer                                    [1, 3]                    --
├─PatchEmbed: 1-1                                  [1, 3136, 96]             --
│    └─Conv2d: 2-1                                 [1, 96, 56, 56]           4,704
│    └─LayerNorm: 2-2                              [1, 3136, 96]             192
├─Dropout: 1-2                                     [1, 3136, 96]             --
├─ModuleList: 1-3                                  --                        --
│    └─BasicLayer: 2-3                             [1, 784, 192]             --
│    │    └─ModuleList: 3-1                        --                        224,694
│    │    └─PatchMerging: 3-2                      [1, 784, 192]             74,496
│    └─BasicLayer: 2-4                             [1, 196, 384]             --
│    │    └─ModuleList: 3-3                        --                        891,756
│    │    └─PatchMerging: 3-4                      [1, 196, 384]             296,448
│    └─BasicLayer: 2-5                             [1, 49, 768]              --
│    │    └─ModuleList: 3-5                        --                        10,658,952
│    │    └─PatchMerging: 3-6                      [1, 49, 768]              1,182,720
│    └─BasicLayer: 2-6                             [1, 49, 768]              --
│    │    └─ModuleList: 3-7                        --                        14,183,856
├─LayerNorm: 1-4                                   [1, 49, 768]              1,536
├─AdaptiveAvgPool1d: 1-5                           [1, 768, 1]               --
├─Linear: 1-6                                      [1, 3]                    2,307
====================================================================================================
Total params: 27,521,661
Trainable params: 27,521,661
Non-trainable params: 0
Total mult-adds (Units.MEGABYTES): 62.03
====================================================================================================
Input size (MB): 0.60
Forward/backward pass size (MB): 137.28
Params size (MB): 109.99
Estimated Total Size (MB): 247.88
====================================================================================================
[I 2025-06-05 15:09:45,272] A new study created in memory with name: no-name-af1b186c-e616-40dd-997a-b4787f762bd9
c:\Users\Gabriel\anaconda3\envs\cudaenv\Lib\site-packages\optuna\distributions.py:515: UserWarning: Choices for a categorical distribution should be a tuple of None, bool, int, float and str for persistent storage but contains [2, 2, 6, 2] which is of type list.
  warnings.warn(message)
c:\Users\Gabriel\anaconda3\envs\cudaenv\Lib\site-packages\optuna\distributions.py:515: UserWarning: Choices for a categorical distribution should be a tuple of None, bool, int, float and str for persistent storage but contains [3, 6, 12, 24] which is of type list.
  warnings.warn(message)
c:\Users\Gabriel\anaconda3\envs\cudaenv\Lib\site-packages\optuna\distributions.py:515: UserWarning: Choices for a categorical distribution should be a tuple of None, bool, int, float and str for persistent storage but contains [4, 8, 16, 32] which is of type list.
  warnings.warn(message)
c:\Users\Gabriel\anaconda3\envs\cudaenv\Lib\site-packages\optuna\distributions.py:515: UserWarning: Choices for a categorical distribution should be a tuple of None, bool, int, float and str for persistent storage but contains [2, 2, 18, 2] which is of type list.
  warnings.warn(message)
Trial 0 hyperparameters:
embed_dim: 128
depths: [2, 2, 18, 2]
num_heads: [3, 6, 12, 24]
window_size: 7
mlp_ratio: 2.5156573737491286
drop_rate: 0.010042719572262104
attn_drop_rate: 0.09347501839949418
drop_path_rate: 0.04226957061855535
learning_rate: 0.0001340753387763386
weight_decay: 5.398090821616318e-06
batch_size: 16
optimizer: Adam
label_smoothing: 0.2
factor: 1
Trial 1 hyperparameters:
embed_dim: 128
depths: [2, 2, 6, 2]
num_heads: [3, 6, 12, 24]
window_size: 7
mlp_ratio: 2.3670579821756395
drop_rate: 0.40342928270498907
attn_drop_rate: 0.4444342636420845
drop_path_rate: 0.2520016706276389
learning_rate: 7.580251752121877e-05
weight_decay: 2.7596404079456254e-06
batch_size: 16
optimizer: Adam
label_smoothing: 0.2
factor: 1
EarlyStopping counter: 1 out of 10
EarlyStopping counter: 2 out of 10
EarlyStopping counter: 1 out of 10
EarlyStopping counter: 1 out of 10
EarlyStopping counter: 1 out of 10
EarlyStopping counter: 2 out of 10
EarlyStopping counter: 3 out of 10
EarlyStopping counter: 1 out of 10
EarlyStopping counter: 4 out of 10
EarlyStopping counter: 2 out of 10
EarlyStopping counter: 3 out of 10
EarlyStopping counter: 1 out of 10
EarlyStopping counter: 4 out of 10
EarlyStopping counter: 2 out of 10
EarlyStopping counter: 5 out of 10
EarlyStopping counter: 3 out of 10
EarlyStopping counter: 6 out of 10
EarlyStopping counter: 4 out of 10
EarlyStopping counter: 7 out of 10
EarlyStopping counter: 5 out of 10
EarlyStopping counter: 8 out of 10
EarlyStopping counter: 6 out of 10
EarlyStopping counter: 9 out of 10
EarlyStopping counter: 10 out of 10
Early stopping at epoch 17
EarlyStopping counter: 7 out of 10
Trial 1: Test Accuracy = 0.3833
[I 2025-06-05 15:18:16,852] Trial 1 finished with value: 0.3832800059691535 and parameters: {'embed_dim': 128, 'depths': [2, 2, 6, 2], 'num_heads': [3, 6, 12, 24], 'window_size': 7, 'mlp_ratio': 2.3670579821756395, 'drop_rate': 0.40342928270498907, 'attn_drop_rate': 0.4444342636420845, 'drop_path_rate': 0.2520016706276389, 'learning_rate': 7.580251752121877e-05, 'weight_decay': 2.7596404079456254e-06}. Best is trial 1 with value: 0.3832800059691535.
c:\Users\Gabriel\anaconda3\envs\cudaenv\Lib\site-packages\optuna\distributions.py:515: UserWarning: Choices for a categorical distribution should be a tuple of None, bool, int, float and str for persistent storage but contains [2, 2, 6, 2] which is of type list.
  warnings.warn(message)
c:\Users\Gabriel\anaconda3\envs\cudaenv\Lib\site-packages\optuna\distributions.py:515: UserWarning: Choices for a categorical distribution should be a tuple of None, bool, int, float and str for persistent storage but contains [2, 2, 18, 2] which is of type list.
  warnings.warn(message)
c:\Users\Gabriel\anaconda3\envs\cudaenv\Lib\site-packages\optuna\distributions.py:515: UserWarning: Choices for a categorical distribution should be a tuple of None, bool, int, float and str for persistent storage but contains [3, 6, 12, 24] which is of type list.
  warnings.warn(message)
c:\Users\Gabriel\anaconda3\envs\cudaenv\Lib\site-packages\optuna\distributions.py:515: UserWarning: Choices for a categorical distribution should be a tuple of None, bool, int, float and str for persistent storage but contains [4, 8, 16, 32] which is of type list.
  warnings.warn(message)
Trial 2 hyperparameters:
embed_dim: 96
depths: [2, 2, 18, 2]
num_heads: [3, 6, 12, 24]
window_size: 14
mlp_ratio: 2.047654354956415
drop_rate: 0.03256644460108571
attn_drop_rate: 0.09033575360014423
drop_path_rate: 0.23866933189957834
learning_rate: 7.040862978670885e-05
weight_decay: 0.0001763202916647278
batch_size: 16
optimizer: Adam
label_smoothing: 0.2
factor: 1
EarlyStopping counter: 8 out of 10
EarlyStopping counter: 1 out of 10
EarlyStopping counter: 1 out of 10
EarlyStopping counter: 2 out of 10
EarlyStopping counter: 3 out of 10
EarlyStopping counter: 1 out of 10
EarlyStopping counter: 4 out of 10
EarlyStopping counter: 2 out of 10
EarlyStopping counter: 5 out of 10
EarlyStopping counter: 3 out of 10
EarlyStopping counter: 6 out of 10
EarlyStopping counter: 4 out of 10
EarlyStopping counter: 7 out of 10
EarlyStopping counter: 5 out of 10
EarlyStopping counter: 8 out of 10
EarlyStopping counter: 6 out of 10
EarlyStopping counter: 9 out of 10
EarlyStopping counter: 7 out of 10
EarlyStopping counter: 10 out of 10
Early stopping at epoch 27
Trial 0: Test Accuracy = 0.3925
[I 2025-06-05 15:29:33,517] Trial 0 finished with value: 0.3925139060794658 and parameters: {'embed_dim': 128, 'depths': [2, 2, 18, 2], 'num_heads': [3, 6, 12, 24], 'window_size': 7, 'mlp_ratio': 2.5156573737491286, 'drop_rate': 0.010042719572262104, 'attn_drop_rate': 0.09347501839949418, 'drop_path_rate': 0.04226957061855535, 'learning_rate': 0.0001340753387763386, 'weight_decay': 5.398090821616318e-06}. Best is trial 0 with value: 0.3925139060794658.
c:\Users\Gabriel\anaconda3\envs\cudaenv\Lib\site-packages\optuna\distributions.py:515: UserWarning: Choices for a categorical distribution should be a tuple of None, bool, int, float and str for persistent storage but contains [2, 2, 6, 2] which is of type list.
  warnings.warn(message)
c:\Users\Gabriel\anaconda3\envs\cudaenv\Lib\site-packages\optuna\distributions.py:515: UserWarning: Choices for a categorical distribution should be a tuple of None, bool, int, float and str for persistent storage but contains [2, 2, 18, 2] which is of type list.
  warnings.warn(message)
c:\Users\Gabriel\anaconda3\envs\cudaenv\Lib\site-packages\optuna\distributions.py:515: UserWarning: Choices for a categorical distribution should be a tuple of None, bool, int, float and str for persistent storage but contains [3, 6, 12, 24] which is of type list.
  warnings.warn(message)
c:\Users\Gabriel\anaconda3\envs\cudaenv\Lib\site-packages\optuna\distributions.py:515: UserWarning: Choices for a categorical distribution should be a tuple of None, bool, int, float and str for persistent storage but contains [4, 8, 16, 32] which is of type list.
  warnings.warn(message)
Trial 3 hyperparameters:
embed_dim: 96
depths: [2, 2, 6, 2]
num_heads: [3, 6, 12, 24]
window_size: 7
mlp_ratio: 2.2708879547369163
drop_rate: 0.3742610804286547
attn_drop_rate: 0.3986098112779992
drop_path_rate: 0.3826163673342998
learning_rate: 1.5180719211901538e-05
weight_decay: 0.0009106951665242401
batch_size: 16
optimizer: Adam
label_smoothing: 0.2
factor: 1
EarlyStopping counter: 8 out of 10
EarlyStopping counter: 9 out of 10
EarlyStopping counter: 1 out of 10
EarlyStopping counter: 10 out of 10
Early stopping at epoch 13
EarlyStopping counter: 2 out of 10
[I 2025-06-05 15:30:39,518] Trial 2 finished with value: 0.4104886659234485 and parameters: {'embed_dim': 96, 'depths': [2, 2, 18, 2], 'num_heads': [3, 6, 12, 24], 'window_size': 14, 'mlp_ratio': 2.047654354956415, 'drop_rate': 0.03256644460108571, 'attn_drop_rate': 0.09033575360014423, 'drop_path_rate': 0.23866933189957834, 'learning_rate': 7.040862978670885e-05, 'weight_decay': 0.0001763202916647278}. Best is trial 2 with value: 0.4104886659234485.
Trial 2: Test Accuracy = 0.4105
Trial 4 hyperparameters:
embed_dim: 128
depths: [2, 2, 18, 2]
num_heads: [4, 8, 16, 32]
window_size: 14
mlp_ratio: 2.9443053552165397
drop_rate: 0.44743097081543626
attn_drop_rate: 0.36713746038071654
drop_path_rate: 0.29374596874247405
learning_rate: 7.973936076447017e-05
weight_decay: 0.0007596531553132425
batch_size: 16
optimizer: Adam
label_smoothing: 0.2
factor: 1
c:\Users\Gabriel\anaconda3\envs\cudaenv\Lib\site-packages\optuna\distributions.py:515: UserWarning: Choices for a categorical distribution should be a tuple of None, bool, int, float and str for persistent storage but contains [2, 2, 6, 2] which is of type list.
  warnings.warn(message)
c:\Users\Gabriel\anaconda3\envs\cudaenv\Lib\site-packages\optuna\distributions.py:515: UserWarning: Choices for a categorical distribution should be a tuple of None, bool, int, float and str for persistent storage but contains [2, 2, 18, 2] which is of type list.
  warnings.warn(message)
c:\Users\Gabriel\anaconda3\envs\cudaenv\Lib\site-packages\optuna\distributions.py:515: UserWarning: Choices for a categorical distribution should be a tuple of None, bool, int, float and str for persistent storage but contains [3, 6, 12, 24] which is of type list.
  warnings.warn(message)
c:\Users\Gabriel\anaconda3\envs\cudaenv\Lib\site-packages\optuna\distributions.py:515: UserWarning: Choices for a categorical distribution should be a tuple of None, bool, int, float and str for persistent storage but contains [4, 8, 16, 32] which is of type list.
  warnings.warn(message)
EarlyStopping counter: 3 out of 10
EarlyStopping counter: 4 out of 10
EarlyStopping counter: 5 out of 10
EarlyStopping counter: 1 out of 10
EarlyStopping counter: 6 out of 10
EarlyStopping counter: 7 out of 10
EarlyStopping counter: 2 out of 10
EarlyStopping counter: 8 out of 10
EarlyStopping counter: 9 out of 10
EarlyStopping counter: 3 out of 10
EarlyStopping counter: 10 out of 10
Early stopping at epoch 11
Trial 3: Test Accuracy = 0.3387
[I 2025-06-05 15:36:36,050] Trial 3 finished with value: 0.33867521367521364 and parameters: {'embed_dim': 96, 'depths': [2, 2, 6, 2], 'num_heads': [3, 6, 12, 24], 'window_size': 7, 'mlp_ratio': 2.2708879547369163, 'drop_rate': 0.3742610804286547, 'attn_drop_rate': 0.3986098112779992, 'drop_path_rate': 0.3826163673342998, 'learning_rate': 1.5180719211901538e-05, 'weight_decay': 0.0009106951665242401}. Best is trial 2 with value: 0.4104886659234485.
c:\Users\Gabriel\anaconda3\envs\cudaenv\Lib\site-packages\optuna\distributions.py:515: UserWarning: Choices for a categorical distribution should be a tuple of None, bool, int, float and str for persistent storage but contains [2, 2, 6, 2] which is of type list.
  warnings.warn(message)
c:\Users\Gabriel\anaconda3\envs\cudaenv\Lib\site-packages\optuna\distributions.py:515: UserWarning: Choices for a categorical distribution should be a tuple of None, bool, int, float and str for persistent storage but contains [2, 2, 18, 2] which is of type list.
  warnings.warn(message)
c:\Users\Gabriel\anaconda3\envs\cudaenv\Lib\site-packages\optuna\distributions.py:515: UserWarning: Choices for a categorical distribution should be a tuple of None, bool, int, float and str for persistent storage but contains [3, 6, 12, 24] which is of type list.
  warnings.warn(message)
c:\Users\Gabriel\anaconda3\envs\cudaenv\Lib\site-packages\optuna\distributions.py:515: UserWarning: Choices for a categorical distribution should be a tuple of None, bool, int, float and str for persistent storage but contains [4, 8, 16, 32] which is of type list.
  warnings.warn(message)
Trial 5 hyperparameters:
embed_dim: 128
depths: [2, 2, 6, 2]
num_heads: [3, 6, 12, 24]
window_size: 7
mlp_ratio: 2.5103229644819596
drop_rate: 0.4033981133292982
attn_drop_rate: 0.2406659932683315
drop_path_rate: 0.057524747011528765
learning_rate: 0.0006562958417743841
weight_decay: 1.0403312904710142e-05
batch_size: 16
optimizer: Adam
label_smoothing: 0.2
factor: 1
EarlyStopping counter: 4 out of 10
EarlyStopping counter: 1 out of 10
EarlyStopping counter: 1 out of 10
EarlyStopping counter: 2 out of 10
EarlyStopping counter: 3 out of 10
EarlyStopping counter: 2 out of 10
EarlyStopping counter: 4 out of 10
EarlyStopping counter: 3 out of 10
EarlyStopping counter: 5 out of 10
EarlyStopping counter: 6 out of 10
EarlyStopping counter: 4 out of 10
EarlyStopping counter: 7 out of 10
EarlyStopping counter: 8 out of 10
EarlyStopping counter: 5 out of 10
EarlyStopping counter: 9 out of 10
EarlyStopping counter: 6 out of 10
EarlyStopping counter: 10 out of 10
Early stopping at epoch 11
Trial 5: Test Accuracy = 0.3333
[I 2025-06-05 15:58:57,168] Trial 5 finished with value: 0.3333333333333333 and parameters: {'embed_dim': 128, 'depths': [2, 2, 6, 2], 'num_heads': [3, 6, 12, 24], 'window_size': 7, 'mlp_ratio': 2.5103229644819596, 'drop_rate': 0.4033981133292982, 'attn_drop_rate': 0.2406659932683315, 'drop_path_rate': 0.057524747011528765, 'learning_rate': 0.0006562958417743841, 'weight_decay': 1.0403312904710142e-05}. Best is trial 2 with value: 0.4104886659234485.
c:\Users\Gabriel\anaconda3\envs\cudaenv\Lib\site-packages\optuna\distributions.py:515: UserWarning: Choices for a categorical distribution should be a tuple of None, bool, int, float and str for persistent storage but contains [2, 2, 6, 2] which is of type list.
  warnings.warn(message)
c:\Users\Gabriel\anaconda3\envs\cudaenv\Lib\site-packages\optuna\distributions.py:515: UserWarning: Choices for a categorical distribution should be a tuple of None, bool, int, float and str for persistent storage but contains [2, 2, 18, 2] which is of type list.
  warnings.warn(message)
c:\Users\Gabriel\anaconda3\envs\cudaenv\Lib\site-packages\optuna\distributions.py:515: UserWarning: Choices for a categorical distribution should be a tuple of None, bool, int, float and str for persistent storage but contains [3, 6, 12, 24] which is of type list.
  warnings.warn(message)
c:\Users\Gabriel\anaconda3\envs\cudaenv\Lib\site-packages\optuna\distributions.py:515: UserWarning: Choices for a categorical distribution should be a tuple of None, bool, int, float and str for persistent storage but contains [4, 8, 16, 32] which is of type list.
  warnings.warn(message)
Trial 6 hyperparameters:
embed_dim: 128
depths: [2, 2, 18, 2]
num_heads: [3, 6, 12, 24]
window_size: 7
mlp_ratio: 2.531168744779977
drop_rate: 0.46060412854786204
attn_drop_rate: 0.39416461854043183
drop_path_rate: 0.10300910813073733
learning_rate: 0.0004913133132647819
weight_decay: 2.0339691584532745e-06
batch_size: 16
optimizer: Adam
label_smoothing: 0.2
factor: 1
EarlyStopping counter: 7 out of 10
EarlyStopping counter: 8 out of 10
EarlyStopping counter: 1 out of 10
EarlyStopping counter: 9 out of 10
EarlyStopping counter: 2 out of 10
EarlyStopping counter: 10 out of 10
Early stopping at epoch 15
Trial 4: Test Accuracy = 0.4813
[I 2025-06-05 16:07:42,426] Trial 4 finished with value: 0.48134200616227324 and parameters: {'embed_dim': 128, 'depths': [2, 2, 18, 2], 'num_heads': [4, 8, 16, 32], 'window_size': 14, 'mlp_ratio': 2.9443053552165397, 'drop_rate': 0.44743097081543626, 'attn_drop_rate': 0.36713746038071654, 'drop_path_rate': 0.29374596874247405, 'learning_rate': 7.973936076447017e-05, 'weight_decay': 0.0007596531553132425}. Best is trial 4 with value: 0.48134200616227324.
c:\Users\Gabriel\anaconda3\envs\cudaenv\Lib\site-packages\optuna\distributions.py:515: UserWarning: Choices for a categorical distribution should be a tuple of None, bool, int, float and str for persistent storage but contains [2, 2, 6, 2] which is of type list.
  warnings.warn(message)
c:\Users\Gabriel\anaconda3\envs\cudaenv\Lib\site-packages\optuna\distributions.py:515: UserWarning: Choices for a categorical distribution should be a tuple of None, bool, int, float and str for persistent storage but contains [2, 2, 18, 2] which is of type list.
  warnings.warn(message)
c:\Users\Gabriel\anaconda3\envs\cudaenv\Lib\site-packages\optuna\distributions.py:515: UserWarning: Choices for a categorical distribution should be a tuple of None, bool, int, float and str for persistent storage but contains [3, 6, 12, 24] which is of type list.
  warnings.warn(message)
c:\Users\Gabriel\anaconda3\envs\cudaenv\Lib\site-packages\optuna\distributions.py:515: UserWarning: Choices for a categorical distribution should be a tuple of None, bool, int, float and str for persistent storage but contains [4, 8, 16, 32] which is of type list.
  warnings.warn(message)
Trial 7 hyperparameters:
embed_dim: 96
depths: [2, 2, 18, 2]
num_heads: [4, 8, 16, 32]
window_size: 14
mlp_ratio: 2.571887808317523
drop_rate: 0.3306498941372074
attn_drop_rate: 0.18974438521696946
drop_path_rate: 0.09850596623410618
learning_rate: 0.0007467223978160597
weight_decay: 7.316277097010863e-06
batch_size: 16
optimizer: Adam
label_smoothing: 0.2
factor: 1
EarlyStopping counter: 3 out of 10
EarlyStopping counter: 4 out of 10
EarlyStopping counter: 5 out of 10
EarlyStopping counter: 1 out of 10
EarlyStopping counter: 1 out of 10
EarlyStopping counter: 2 out of 10
EarlyStopping counter: 2 out of 10
EarlyStopping counter: 3 out of 10
EarlyStopping counter: 3 out of 10
EarlyStopping counter: 4 out of 10
EarlyStopping counter: 1 out of 10
EarlyStopping counter: 5 out of 10
EarlyStopping counter: 2 out of 10
EarlyStopping counter: 6 out of 10
EarlyStopping counter: 3 out of 10
EarlyStopping counter: 7 out of 10
EarlyStopping counter: 4 out of 10
EarlyStopping counter: 1 out of 10
EarlyStopping counter: 1 out of 10
EarlyStopping counter: 2 out of 10
EarlyStopping counter: 2 out of 10
EarlyStopping counter: 3 out of 10
EarlyStopping counter: 3 out of 10
EarlyStopping counter: 4 out of 10
EarlyStopping counter: 5 out of 10
EarlyStopping counter: 4 out of 10
EarlyStopping counter: 6 out of 10
EarlyStopping counter: 5 out of 10
EarlyStopping counter: 7 out of 10
EarlyStopping counter: 6 out of 10
EarlyStopping counter: 8 out of 10
EarlyStopping counter: 7 out of 10
EarlyStopping counter: 9 out of 10
EarlyStopping counter: 8 out of 10
EarlyStopping counter: 10 out of 10
Early stopping at epoch 24
Trial 6: Test Accuracy = 0.3333
