[I 2025-06-05 07:03:05,582] Trial 46 finished with value: 0.4030319455557563 and parameters: {'embed_dim': 96, 'depths': [2, 2, 6, 2], 'num_heads': [4, 8, 16, 32], 'window_size': 7, 'mlp_ratio': 2.9654582206447264, 'drop_rate': 0.20489760271969257, 'attn_drop_rate': 0.12347581579041086, 'drop_path_rate': 0.16819684821192787, 'learning_rate': 1.712664544701327e-05, 'weight_decay': 6.1040288100033284e-06}. Best is trial 45 with value: 0.6049740885091787.
Trial 46: Test Accuracy = 0.4030
Trial 48 hyperparameters:
embed_dim: 128
depths: [2, 2, 6, 2]
num_heads: [3, 6, 12, 24]
window_size: 7
mlp_ratio: 2.2198622887127923
drop_rate: 0.15561984217115873
attn_drop_rate: 0.4317974464042778
drop_path_rate: 0.3354770879096804
learning_rate: 2.598797602447637e-05
weight_decay: 1.5733724493954987e-06
batch_size: 16
optimizer: Adam
label_smoothing: 0.2
factor: 1
c:\Users\Gabriel\anaconda3\envs\cudaenv\Lib\site-packages\optuna\distributions.py:515: UserWarning: Choices for a categorical distribution should be a tuple of None, bool, int, float and str for persistent storage but contains [2, 2, 6, 2] which is of type list.
  warnings.warn(message)
c:\Users\Gabriel\anaconda3\envs\cudaenv\Lib\site-packages\optuna\distributions.py:515: UserWarning: Choices for a categorical distribution should be a tuple of None, bool, int, float and str for persistent storage but contains [2, 2, 18, 2] which is of type list.
  warnings.warn(message)
c:\Users\Gabriel\anaconda3\envs\cudaenv\Lib\site-packages\optuna\distributions.py:515: UserWarning: Choices for a categorical distribution should be a tuple of None, bool, int, float and str for persistent storage but contains [3, 6, 12, 24] which is of type list.
  warnings.warn(message)
c:\Users\Gabriel\anaconda3\envs\cudaenv\Lib\site-packages\optuna\distributions.py:515: UserWarning: Choices for a categorical distribution should be a tuple of None, bool, int, float and str for persistent storage but contains [4, 8, 16, 32] which is of type list.
  warnings.warn(message)
EarlyStopping counter: 10 out of 10
Early stopping at epoch 12
[I 2025-06-05 07:03:14,394] Trial 47 finished with value: 0.4514358149285749 and parameters: {'embed_dim': 96, 'depths': [2, 2, 6, 2], 'num_heads': [4, 8, 16, 32], 'window_size': 7, 'mlp_ratio': 2.235822513644123, 'drop_rate': 0.21036040633622205, 'attn_drop_rate': 0.4134754779141787, 'drop_path_rate': 0.29151569130154503, 'learning_rate': 2.581771208881737e-05, 'weight_decay': 6.79475920412189e-06}. Best is trial 45 with value: 0.6049740885091787.
Trial 47: Test Accuracy = 0.4514
Trial 49 hyperparameters:
embed_dim: 128
depths: [2, 2, 18, 2]
num_heads: [3, 6, 12, 24]
window_size: 7
mlp_ratio: 3.8542760373229834
drop_rate: 0.4448501512109087
attn_drop_rate: 0.21123584057825195
drop_path_rate: 0.33227569336603613
learning_rate: 1.350247474633488e-05
weight_decay: 1.3429740320614909e-05
batch_size: 16
optimizer: Adam
label_smoothing: 0.2
factor: 1
c:\Users\Gabriel\anaconda3\envs\cudaenv\Lib\site-packages\optuna\distributions.py:515: UserWarning: Choices for a categorical distribution should be a tuple of None, bool, int, float and str for persistent storage but contains [2, 2, 6, 2] which is of type list.
  warnings.warn(message)
c:\Users\Gabriel\anaconda3\envs\cudaenv\Lib\site-packages\optuna\distributions.py:515: UserWarning: Choices for a categorical distribution should be a tuple of None, bool, int, float and str for persistent storage but contains [2, 2, 18, 2] which is of type list.
  warnings.warn(message)
c:\Users\Gabriel\anaconda3\envs\cudaenv\Lib\site-packages\optuna\distributions.py:515: UserWarning: Choices for a categorical distribution should be a tuple of None, bool, int, float and str for persistent storage but contains [3, 6, 12, 24] which is of type list.
  warnings.warn(message)
c:\Users\Gabriel\anaconda3\envs\cudaenv\Lib\site-packages\optuna\distributions.py:515: UserWarning: Choices for a categorical distribution should be a tuple of None, bool, int, float and str for persistent storage but contains [4, 8, 16, 32] which is of type list.
  warnings.warn(message)
EarlyStopping counter: 1 out of 10
EarlyStopping counter: 2 out of 10
EarlyStopping counter: 1 out of 10
EarlyStopping counter: 3 out of 10
EarlyStopping counter: 2 out of 10
EarlyStopping counter: 1 out of 10
EarlyStopping counter: 2 out of 10
EarlyStopping counter: 3 out of 10
EarlyStopping counter: 1 out of 10
EarlyStopping counter: 4 out of 10
EarlyStopping counter: 2 out of 10
EarlyStopping counter: 5 out of 10
EarlyStopping counter: 3 out of 10
EarlyStopping counter: 6 out of 10
EarlyStopping counter: 4 out of 10
EarlyStopping counter: 7 out of 10
EarlyStopping counter: 8 out of 10
EarlyStopping counter: 5 out of 10
EarlyStopping counter: 9 out of 10
EarlyStopping counter: 6 out of 10
EarlyStopping counter: 10 out of 10
Early stopping at epoch 15
[I 2025-06-05 07:10:05,156] Trial 48 finished with value: 0.5946203902066897 and parameters: {'embed_dim': 128, 'depths': [2, 2, 6, 2], 'num_heads': [3, 6, 12, 24], 'window_size': 7, 'mlp_ratio': 2.2198622887127923, 'drop_rate': 0.15561984217115873, 'attn_drop_rate': 0.4317974464042778, 'drop_path_rate': 0.3354770879096804, 'learning_rate': 2.598797602447637e-05, 'weight_decay': 1.5733724493954987e-06}. Best is trial 45 with value: 0.6049740885091787.
Trial 48: Test Accuracy = 0.5946
Trial 50 hyperparameters:
embed_dim: 128
depths: [2, 2, 18, 2]
num_heads: [3, 6, 12, 24]
window_size: 14
mlp_ratio: 2.149522142839849
drop_rate: 0.1504648167505822
attn_drop_rate: 0.4357173287842009
drop_path_rate: 0.3456421939248139
learning_rate: 1.3213947978564088e-05
weight_decay: 1.3624369547869718e-06
batch_size: 16
optimizer: Adam
label_smoothing: 0.2
factor: 1
c:\Users\Gabriel\anaconda3\envs\cudaenv\Lib\site-packages\optuna\distributions.py:515: UserWarning: Choices for a categorical distribution should be a tuple of None, bool, int, float and str for persistent storage but contains [2, 2, 6, 2] which is of type list.
  warnings.warn(message)
c:\Users\Gabriel\anaconda3\envs\cudaenv\Lib\site-packages\optuna\distributions.py:515: UserWarning: Choices for a categorical distribution should be a tuple of None, bool, int, float and str for persistent storage but contains [2, 2, 18, 2] which is of type list.
  warnings.warn(message)
c:\Users\Gabriel\anaconda3\envs\cudaenv\Lib\site-packages\optuna\distributions.py:515: UserWarning: Choices for a categorical distribution should be a tuple of None, bool, int, float and str for persistent storage but contains [3, 6, 12, 24] which is of type list.
  warnings.warn(message)
c:\Users\Gabriel\anaconda3\envs\cudaenv\Lib\site-packages\optuna\distributions.py:515: UserWarning: Choices for a categorical distribution should be a tuple of None, bool, int, float and str for persistent storage but contains [4, 8, 16, 32] which is of type list.
  warnings.warn(message)
EarlyStopping counter: 7 out of 10
EarlyStopping counter: 8 out of 10
EarlyStopping counter: 1 out of 10
EarlyStopping counter: 9 out of 10
EarlyStopping counter: 2 out of 10
EarlyStopping counter: 10 out of 10
Early stopping at epoch 15
Trial 49: Test Accuracy = 0.5666
[I 2025-06-05 07:13:33,166] Trial 49 finished with value: 0.566560841098177 and parameters: {'embed_dim': 128, 'depths': [2, 2, 18, 2], 'num_heads': [3, 6, 12, 24], 'window_size': 7, 'mlp_ratio': 3.8542760373229834, 'drop_rate': 0.4448501512109087, 'attn_drop_rate': 0.21123584057825195, 'drop_path_rate': 0.33227569336603613, 'learning_rate': 1.350247474633488e-05, 'weight_decay': 1.3429740320614909e-05}. Best is trial 45 with value: 0.6049740885091787.
c:\Users\Gabriel\anaconda3\envs\cudaenv\Lib\site-packages\optuna\distributions.py:515: UserWarning: Choices for a categorical distribution should be a tuple of None, bool, int, float and str for persistent storage but contains [2, 2, 6, 2] which is of type list.
  warnings.warn(message)
c:\Users\Gabriel\anaconda3\envs\cudaenv\Lib\site-packages\optuna\distributions.py:515: UserWarning: Choices for a categorical distribution should be a tuple of None, bool, int, float and str for persistent storage but contains [2, 2, 18, 2] which is of type list.
  warnings.warn(message)
c:\Users\Gabriel\anaconda3\envs\cudaenv\Lib\site-packages\optuna\distributions.py:515: UserWarning: Choices for a categorical distribution should be a tuple of None, bool, int, float and str for persistent storage but contains [3, 6, 12, 24] which is of type list.
  warnings.warn(message)
c:\Users\Gabriel\anaconda3\envs\cudaenv\Lib\site-packages\optuna\distributions.py:515: UserWarning: Choices for a categorical distribution should be a tuple of None, bool, int, float and str for persistent storage but contains [4, 8, 16, 32] which is of type list.
  warnings.warn(message)
Trial 51 hyperparameters:
embed_dim: 128
depths: [2, 2, 6, 2]
num_heads: [3, 6, 12, 24]
window_size: 14
mlp_ratio: 2.1642227604798263
drop_rate: 0.15738242987922824
attn_drop_rate: 0.4489219826319269
drop_path_rate: 0.40265135442932104
learning_rate: 1.8952093170717914e-05
weight_decay: 1.4416566639172949e-06
batch_size: 16
optimizer: Adam
label_smoothing: 0.2
factor: 1
EarlyStopping counter: 1 out of 10
EarlyStopping counter: 2 out of 10
EarlyStopping counter: 1 out of 10
EarlyStopping counter: 3 out of 10
EarlyStopping counter: 2 out of 10
EarlyStopping counter: 3 out of 10
EarlyStopping counter: 4 out of 10
EarlyStopping counter: 4 out of 10
EarlyStopping counter: 5 out of 10
EarlyStopping counter: 5 out of 10
EarlyStopping counter: 6 out of 10
EarlyStopping counter: 6 out of 10
EarlyStopping counter: 7 out of 10
EarlyStopping counter: 7 out of 10
EarlyStopping counter: 8 out of 10
EarlyStopping counter: 9 out of 10
EarlyStopping counter: 8 out of 10
EarlyStopping counter: 10 out of 10
Early stopping at epoch 12
Trial 51: Test Accuracy = 0.4234
[I 2025-06-05 07:24:41,850] Trial 51 finished with value: 0.423406665576864 and parameters: {'embed_dim': 128, 'depths': [2, 2, 6, 2], 'num_heads': [3, 6, 12, 24], 'window_size': 14, 'mlp_ratio': 2.1642227604798263, 'drop_rate': 0.15738242987922824, 'attn_drop_rate': 0.4489219826319269, 'drop_path_rate': 0.40265135442932104, 'learning_rate': 1.8952093170717914e-05, 'weight_decay': 1.4416566639172949e-06}. Best is trial 45 with value: 0.6049740885091787.
c:\Users\Gabriel\anaconda3\envs\cudaenv\Lib\site-packages\optuna\distributions.py:515: UserWarning: Choices for a categorical distribution should be a tuple of None, bool, int, float and str for persistent storage but contains [2, 2, 6, 2] which is of type list.
  warnings.warn(message)
c:\Users\Gabriel\anaconda3\envs\cudaenv\Lib\site-packages\optuna\distributions.py:515: UserWarning: Choices for a categorical distribution should be a tuple of None, bool, int, float and str for persistent storage but contains [2, 2, 18, 2] which is of type list.
  warnings.warn(message)
c:\Users\Gabriel\anaconda3\envs\cudaenv\Lib\site-packages\optuna\distributions.py:515: UserWarning: Choices for a categorical distribution should be a tuple of None, bool, int, float and str for persistent storage but contains [3, 6, 12, 24] which is of type list.
  warnings.warn(message)
c:\Users\Gabriel\anaconda3\envs\cudaenv\Lib\site-packages\optuna\distributions.py:515: UserWarning: Choices for a categorical distribution should be a tuple of None, bool, int, float and str for persistent storage but contains [4, 8, 16, 32] which is of type list.
  warnings.warn(message)
Trial 52 hyperparameters:
embed_dim: 128
depths: [2, 2, 18, 2]
num_heads: [3, 6, 12, 24]
window_size: 7
mlp_ratio: 3.90415034137866
drop_rate: 0.45286484915591463
attn_drop_rate: 0.42991056917506615
drop_path_rate: 0.3335381103594653
learning_rate: 1.412234844573524e-05
weight_decay: 2.5400272806614024e-05
batch_size: 16
optimizer: Adam
label_smoothing: 0.2
factor: 1
EarlyStopping counter: 1 out of 10
EarlyStopping counter: 1 out of 10
EarlyStopping counter: 2 out of 10
EarlyStopping counter: 2 out of 10
EarlyStopping counter: 3 out of 10
EarlyStopping counter: 4 out of 10
EarlyStopping counter: 1 out of 10
EarlyStopping counter: 5 out of 10
EarlyStopping counter: 2 out of 10
EarlyStopping counter: 6 out of 10
EarlyStopping counter: 7 out of 10
EarlyStopping counter: 1 out of 10
EarlyStopping counter: 8 out of 10
EarlyStopping counter: 2 out of 10
EarlyStopping counter: 9 out of 10
EarlyStopping counter: 3 out of 10
EarlyStopping counter: 10 out of 10
Early stopping at epoch 22
Trial 50: Test Accuracy = 0.4668
[I 2025-06-05 07:47:08,441] Trial 50 finished with value: 0.4668112089065552 and parameters: {'embed_dim': 128, 'depths': [2, 2, 18, 2], 'num_heads': [3, 6, 12, 24], 'window_size': 14, 'mlp_ratio': 2.149522142839849, 'drop_rate': 0.1504648167505822, 'attn_drop_rate': 0.4357173287842009, 'drop_path_rate': 0.3456421939248139, 'learning_rate': 1.3213947978564088e-05, 'weight_decay': 1.3624369547869718e-06}. Best is trial 45 with value: 0.6049740885091787.
c:\Users\Gabriel\anaconda3\envs\cudaenv\Lib\site-packages\optuna\distributions.py:515: UserWarning: Choices for a categorical distribution should be a tuple of None, bool, int, float and str for persistent storage but contains [2, 2, 6, 2] which is of type list.
  warnings.warn(message)
c:\Users\Gabriel\anaconda3\envs\cudaenv\Lib\site-packages\optuna\distributions.py:515: UserWarning: Choices for a categorical distribution should be a tuple of None, bool, int, float and str for persistent storage but contains [2, 2, 18, 2] which is of type list.
  warnings.warn(message)
c:\Users\Gabriel\anaconda3\envs\cudaenv\Lib\site-packages\optuna\distributions.py:515: UserWarning: Choices for a categorical distribution should be a tuple of None, bool, int, float and str for persistent storage but contains [3, 6, 12, 24] which is of type list.
  warnings.warn(message)
c:\Users\Gabriel\anaconda3\envs\cudaenv\Lib\site-packages\optuna\distributions.py:515: UserWarning: Choices for a categorical distribution should be a tuple of None, bool, int, float and str for persistent storage but contains [4, 8, 16, 32] which is of type list.
  warnings.warn(message)
Trial 53 hyperparameters:
embed_dim: 128
depths: [2, 2, 18, 2]
num_heads: [3, 6, 12, 24]
window_size: 7
mlp_ratio: 3.8830946102044095
drop_rate: 0.1252780721682317
attn_drop_rate: 0.3760477970372981
drop_path_rate: 0.3275902917305975
learning_rate: 1.3335277059179097e-05
weight_decay: 2.314569723830868e-06
batch_size: 16
optimizer: Adam
label_smoothing: 0.2
factor: 1
EarlyStopping counter: 4 out of 10
EarlyStopping counter: 5 out of 10
EarlyStopping counter: 1 out of 10
EarlyStopping counter: 6 out of 10
EarlyStopping counter: 2 out of 10
EarlyStopping counter: 7 out of 10
EarlyStopping counter: 1 out of 10
EarlyStopping counter: 1 out of 10
EarlyStopping counter: 1 out of 10
EarlyStopping counter: 2 out of 10
EarlyStopping counter: 2 out of 10
EarlyStopping counter: 3 out of 10
EarlyStopping counter: 3 out of 10
EarlyStopping counter: 4 out of 10
EarlyStopping counter: 4 out of 10
EarlyStopping counter: 5 out of 10
EarlyStopping counter: 1 out of 10
EarlyStopping counter: 2 out of 10
EarlyStopping counter: 1 out of 10
EarlyStopping counter: 3 out of 10
EarlyStopping counter: 2 out of 10
EarlyStopping counter: 4 out of 10
EarlyStopping counter: 3 out of 10
EarlyStopping counter: 5 out of 10
EarlyStopping counter: 4 out of 10
EarlyStopping counter: 6 out of 10
EarlyStopping counter: 5 out of 10
EarlyStopping counter: 7 out of 10
EarlyStopping counter: 6 out of 10
EarlyStopping counter: 8 out of 10
EarlyStopping counter: 7 out of 10
EarlyStopping counter: 9 out of 10
EarlyStopping counter: 8 out of 10
EarlyStopping counter: 10 out of 10
Early stopping at epoch 30
Trial 52: Test Accuracy = 0.4922
[I 2025-06-05 08:25:29,129] Trial 52 finished with value: 0.49222884707488385 and parameters: {'embed_dim': 128, 'depths': [2, 2, 18, 2], 'num_heads': [3, 6, 12, 24], 'window_size': 7, 'mlp_ratio': 3.90415034137866, 'drop_rate': 0.45286484915591463, 'attn_drop_rate': 0.42991056917506615, 'drop_path_rate': 0.3335381103594653, 'learning_rate': 1.412234844573524e-05, 'weight_decay': 2.5400272806614024e-05}. Best is trial 45 with value: 0.6049740885091787.
c:\Users\Gabriel\anaconda3\envs\cudaenv\Lib\site-packages\optuna\distributions.py:515: UserWarning: Choices for a categorical distribution should be a tuple of None, bool, int, float and str for persistent storage but contains [2, 2, 6, 2] which is of type list.
  warnings.warn(message)
c:\Users\Gabriel\anaconda3\envs\cudaenv\Lib\site-packages\optuna\distributions.py:515: UserWarning: Choices for a categorical distribution should be a tuple of None, bool, int, float and str for persistent storage but contains [2, 2, 18, 2] which is of type list.
  warnings.warn(message)
c:\Users\Gabriel\anaconda3\envs\cudaenv\Lib\site-packages\optuna\distributions.py:515: UserWarning: Choices for a categorical distribution should be a tuple of None, bool, int, float and str for persistent storage but contains [3, 6, 12, 24] which is of type list.
  warnings.warn(message)
c:\Users\Gabriel\anaconda3\envs\cudaenv\Lib\site-packages\optuna\distributions.py:515: UserWarning: Choices for a categorical distribution should be a tuple of None, bool, int, float and str for persistent storage but contains [4, 8, 16, 32] which is of type list.
  warnings.warn(message)
Trial 54 hyperparameters:
embed_dim: 128
depths: [2, 2, 18, 2]
num_heads: [3, 6, 12, 24]
window_size: 7
mlp_ratio: 3.828078230502645
drop_rate: 0.22568911575484868
attn_drop_rate: 0.37378254703923997
drop_path_rate: 0.3767914775053123
learning_rate: 1.2752873953974634e-05
weight_decay: 2.673149360036041e-06
batch_size: 16
optimizer: Adam
label_smoothing: 0.2
factor: 1
EarlyStopping counter: 9 out of 10
EarlyStopping counter: 10 out of 10
Early stopping at epoch 21
Trial 53: Test Accuracy = 0.5084
[I 2025-06-05 08:29:23,638] Trial 53 finished with value: 0.5084215930046144 and parameters: {'embed_dim': 128, 'depths': [2, 2, 18, 2], 'num_heads': [3, 6, 12, 24], 'window_size': 7, 'mlp_ratio': 3.8830946102044095, 'drop_rate': 0.1252780721682317, 'attn_drop_rate': 0.3760477970372981, 'drop_path_rate': 0.3275902917305975, 'learning_rate': 1.3335277059179097e-05, 'weight_decay': 2.314569723830868e-06}. Best is trial 45 with value: 0.6049740885091787.
c:\Users\Gabriel\anaconda3\envs\cudaenv\Lib\site-packages\optuna\distributions.py:515: UserWarning: Choices for a categorical distribution should be a tuple of None, bool, int, float and str for persistent storage but contains [2, 2, 6, 2] which is of type list.
  warnings.warn(message)
c:\Users\Gabriel\anaconda3\envs\cudaenv\Lib\site-packages\optuna\distributions.py:515: UserWarning: Choices for a categorical distribution should be a tuple of None, bool, int, float and str for persistent storage but contains [2, 2, 18, 2] which is of type list.
  warnings.warn(message)
c:\Users\Gabriel\anaconda3\envs\cudaenv\Lib\site-packages\optuna\distributions.py:515: UserWarning: Choices for a categorical distribution should be a tuple of None, bool, int, float and str for persistent storage but contains [3, 6, 12, 24] which is of type list.
  warnings.warn(message)
c:\Users\Gabriel\anaconda3\envs\cudaenv\Lib\site-packages\optuna\distributions.py:515: UserWarning: Choices for a categorical distribution should be a tuple of None, bool, int, float and str for persistent storage but contains [4, 8, 16, 32] which is of type list.
  warnings.warn(message)
Trial 55 hyperparameters:
embed_dim: 128
depths: [2, 2, 18, 2]
num_heads: [3, 6, 12, 24]
window_size: 7
mlp_ratio: 2.296060381241887
drop_rate: 0.17965269304999948
attn_drop_rate: 0.21471509174964742
drop_path_rate: 0.25749818463817337
learning_rate: 8.742709174139938e-05
weight_decay: 4.1110316224258934e-05
batch_size: 16
optimizer: Adam
label_smoothing: 0.2
factor: 1
EarlyStopping counter: 1 out of 10
EarlyStopping counter: 1 out of 10
EarlyStopping counter: 1 out of 10
EarlyStopping counter: 2 out of 10
EarlyStopping counter: 2 out of 10
EarlyStopping counter: 3 out of 10
EarlyStopping counter: 4 out of 10
EarlyStopping counter: 5 out of 10
EarlyStopping counter: 1 out of 10
EarlyStopping counter: 6 out of 10
EarlyStopping counter: 2 out of 10
EarlyStopping counter: 1 out of 10
EarlyStopping counter: 2 out of 10
EarlyStopping counter: 1 out of 10
EarlyStopping counter: 3 out of 10
EarlyStopping counter: 2 out of 10
EarlyStopping counter: 4 out of 10
EarlyStopping counter: 3 out of 10
EarlyStopping counter: 4 out of 10
EarlyStopping counter: 5 out of 10
EarlyStopping counter: 1 out of 10
EarlyStopping counter: 6 out of 10
EarlyStopping counter: 7 out of 10
EarlyStopping counter: 1 out of 10
EarlyStopping counter: 2 out of 10
EarlyStopping counter: 1 out of 10
EarlyStopping counter: 3 out of 10
EarlyStopping counter: 2 out of 10
EarlyStopping counter: 4 out of 10
EarlyStopping counter: 3 out of 10
EarlyStopping counter: 5 out of 10
EarlyStopping counter: 4 out of 10
EarlyStopping counter: 6 out of 10
EarlyStopping counter: 5 out of 10
EarlyStopping counter: 7 out of 10
EarlyStopping counter: 6 out of 10
EarlyStopping counter: 8 out of 10
EarlyStopping counter: 7 out of 10
EarlyStopping counter: 9 out of 10
EarlyStopping counter: 8 out of 10
EarlyStopping counter: 9 out of 10
EarlyStopping counter: 1 out of 10
EarlyStopping counter: 10 out of 10
Early stopping at epoch 30
Trial 54: Test Accuracy = 0.5724
