[I 2025-06-05 12:15:51,122] Trial 93 finished with value: 0.5265323915144529 and parameters: {'embed_dim': 128, 'depths': [2, 2, 18, 2], 'num_heads': [3, 6, 12, 24], 'window_size': 7, 'mlp_ratio': 3.841113578647213, 'drop_rate': 0.4355424811996022, 'attn_drop_rate': 0.45493489623242167, 'drop_path_rate': 0.33651439001439365, 'learning_rate': 1.2076249440324521e-05, 'weight_decay': 1.3261520130204676e-05}. Best is trial 45 with value: 0.6049740885091787.
c:\Users\Gabriel\anaconda3\envs\cudaenv\Lib\site-packages\optuna\distributions.py:515: UserWarning: Choices for a categorical distribution should be a tuple of None, bool, int, float and str for persistent storage but contains [2, 2, 6, 2] which is of type list.
  warnings.warn(message)
c:\Users\Gabriel\anaconda3\envs\cudaenv\Lib\site-packages\optuna\distributions.py:515: UserWarning: Choices for a categorical distribution should be a tuple of None, bool, int, float and str for persistent storage but contains [2, 2, 18, 2] which is of type list.
  warnings.warn(message)
c:\Users\Gabriel\anaconda3\envs\cudaenv\Lib\site-packages\optuna\distributions.py:515: UserWarning: Choices for a categorical distribution should be a tuple of None, bool, int, float and str for persistent storage but contains [3, 6, 12, 24] which is of type list.
  warnings.warn(message)
c:\Users\Gabriel\anaconda3\envs\cudaenv\Lib\site-packages\optuna\distributions.py:515: UserWarning: Choices for a categorical distribution should be a tuple of None, bool, int, float and str for persistent storage but contains [4, 8, 16, 32] which is of type list.
  warnings.warn(message)
Trial 96 hyperparameters:
embed_dim: 128
depths: [2, 2, 18, 2]
num_heads: [3, 6, 12, 24]
window_size: 7
mlp_ratio: 3.9806706400491505
drop_rate: 0.15247622558178325
attn_drop_rate: 0.26965455555057816
drop_path_rate: 0.3551285335943277
learning_rate: 2.3161862002481748e-05
weight_decay: 5.316058949642454e-06
batch_size: 16
optimizer: Adam
label_smoothing: 0.2
factor: 1
EarlyStopping counter: 3 out of 10
EarlyStopping counter: 4 out of 10
EarlyStopping counter: 1 out of 10
EarlyStopping counter: 5 out of 10
EarlyStopping counter: 6 out of 10
EarlyStopping counter: 1 out of 10
EarlyStopping counter: 7 out of 10
EarlyStopping counter: 2 out of 10
EarlyStopping counter: 3 out of 10
EarlyStopping counter: 1 out of 10
EarlyStopping counter: 4 out of 10
EarlyStopping counter: 2 out of 10
EarlyStopping counter: 5 out of 10
EarlyStopping counter: 3 out of 10
EarlyStopping counter: 6 out of 10
EarlyStopping counter: 4 out of 10
EarlyStopping counter: 7 out of 10
EarlyStopping counter: 5 out of 10
EarlyStopping counter: 8 out of 10
EarlyStopping counter: 6 out of 10
EarlyStopping counter: 9 out of 10
EarlyStopping counter: 7 out of 10
EarlyStopping counter: 10 out of 10
Early stopping at epoch 13
Trial 96: Test Accuracy = 0.4960
[I 2025-06-05 12:43:24,781] Trial 96 finished with value: 0.49597031148279114 and parameters: {'embed_dim': 128, 'depths': [2, 2, 18, 2], 'num_heads': [3, 6, 12, 24], 'window_size': 7, 'mlp_ratio': 3.9806706400491505, 'drop_rate': 0.15247622558178325, 'attn_drop_rate': 0.26965455555057816, 'drop_path_rate': 0.3551285335943277, 'learning_rate': 2.3161862002481748e-05, 'weight_decay': 5.316058949642454e-06}. Best is trial 45 with value: 0.6049740885091787.
c:\Users\Gabriel\anaconda3\envs\cudaenv\Lib\site-packages\optuna\distributions.py:515: UserWarning: Choices for a categorical distribution should be a tuple of None, bool, int, float and str for persistent storage but contains [2, 2, 6, 2] which is of type list.
  warnings.warn(message)
c:\Users\Gabriel\anaconda3\envs\cudaenv\Lib\site-packages\optuna\distributions.py:515: UserWarning: Choices for a categorical distribution should be a tuple of None, bool, int, float and str for persistent storage but contains [2, 2, 18, 2] which is of type list.
  warnings.warn(message)
c:\Users\Gabriel\anaconda3\envs\cudaenv\Lib\site-packages\optuna\distributions.py:515: UserWarning: Choices for a categorical distribution should be a tuple of None, bool, int, float and str for persistent storage but contains [3, 6, 12, 24] which is of type list.
  warnings.warn(message)
c:\Users\Gabriel\anaconda3\envs\cudaenv\Lib\site-packages\optuna\distributions.py:515: UserWarning: Choices for a categorical distribution should be a tuple of None, bool, int, float and str for persistent storage but contains [4, 8, 16, 32] which is of type list.
  warnings.warn(message)
Trial 97 hyperparameters:
embed_dim: 128
depths: [2, 2, 18, 2]
num_heads: [3, 6, 12, 24]
window_size: 7
mlp_ratio: 3.5899637637842234
drop_rate: 0.474231885729396
attn_drop_rate: 0.2940666456462646
drop_path_rate: 0.4163699143034676
learning_rate: 0.00010915794328477264
weight_decay: 1.204564542174317e-06
batch_size: 16
optimizer: Adam
label_smoothing: 0.2
factor: 1
EarlyStopping counter: 8 out of 10
EarlyStopping counter: 9 out of 10
EarlyStopping counter: 10 out of 10
Early stopping at epoch 23
Trial 95: Test Accuracy = 0.5418
[I 2025-06-05 12:46:23,721] Trial 95 finished with value: 0.5418309257299526 and parameters: {'embed_dim': 128, 'depths': [2, 2, 18, 2], 'num_heads': [3, 6, 12, 24], 'window_size': 7, 'mlp_ratio': 3.0079506330082046, 'drop_rate': 0.14990399567452586, 'attn_drop_rate': 0.2077783421778936, 'drop_path_rate': 0.3826614496342332, 'learning_rate': 2.3788240453646526e-05, 'weight_decay': 1.1838072932950614e-05}. Best is trial 45 with value: 0.6049740885091787.
c:\Users\Gabriel\anaconda3\envs\cudaenv\Lib\site-packages\optuna\distributions.py:515: UserWarning: Choices for a categorical distribution should be a tuple of None, bool, int, float and str for persistent storage but contains [2, 2, 6, 2] which is of type list.
  warnings.warn(message)
c:\Users\Gabriel\anaconda3\envs\cudaenv\Lib\site-packages\optuna\distributions.py:515: UserWarning: Choices for a categorical distribution should be a tuple of None, bool, int, float and str for persistent storage but contains [2, 2, 18, 2] which is of type list.
  warnings.warn(message)
c:\Users\Gabriel\anaconda3\envs\cudaenv\Lib\site-packages\optuna\distributions.py:515: UserWarning: Choices for a categorical distribution should be a tuple of None, bool, int, float and str for persistent storage but contains [3, 6, 12, 24] which is of type list.
  warnings.warn(message)
c:\Users\Gabriel\anaconda3\envs\cudaenv\Lib\site-packages\optuna\distributions.py:515: UserWarning: Choices for a categorical distribution should be a tuple of None, bool, int, float and str for persistent storage but contains [4, 8, 16, 32] which is of type list.
  warnings.warn(message)
Trial 98 hyperparameters:
embed_dim: 128
depths: [2, 2, 18, 2]
num_heads: [4, 8, 16, 32]
window_size: 7
mlp_ratio: 3.6075861673947895
drop_rate: 0.17429422371667622
attn_drop_rate: 0.1910862407568946
drop_path_rate: 0.40349475732703477
learning_rate: 1.0126152216909991e-05
weight_decay: 1.0924764976896903e-06
batch_size: 16
optimizer: Adam
label_smoothing: 0.2
factor: 1
EarlyStopping counter: 1 out of 10
EarlyStopping counter: 2 out of 10
EarlyStopping counter: 1 out of 10
EarlyStopping counter: 1 out of 10
EarlyStopping counter: 1 out of 10
EarlyStopping counter: 2 out of 10
EarlyStopping counter: 2 out of 10
EarlyStopping counter: 3 out of 10
EarlyStopping counter: 3 out of 10
EarlyStopping counter: 4 out of 10
EarlyStopping counter: 5 out of 10
EarlyStopping counter: 1 out of 10
EarlyStopping counter: 6 out of 10
EarlyStopping counter: 2 out of 10
EarlyStopping counter: 7 out of 10
EarlyStopping counter: 3 out of 10
EarlyStopping counter: 8 out of 10
EarlyStopping counter: 4 out of 10
EarlyStopping counter: 9 out of 10
EarlyStopping counter: 5 out of 10
EarlyStopping counter: 10 out of 10
Early stopping at epoch 14
Trial 97: Test Accuracy = 0.3333
[I 2025-06-05 13:16:00,598] Trial 97 finished with value: 0.3333333333333333 and parameters: {'embed_dim': 128, 'depths': [2, 2, 18, 2], 'num_heads': [3, 6, 12, 24], 'window_size': 7, 'mlp_ratio': 3.5899637637842234, 'drop_rate': 0.474231885729396, 'attn_drop_rate': 0.2940666456462646, 'drop_path_rate': 0.4163699143034676, 'learning_rate': 0.00010915794328477264, 'weight_decay': 1.204564542174317e-06}. Best is trial 45 with value: 0.6049740885091787.
c:\Users\Gabriel\anaconda3\envs\cudaenv\Lib\site-packages\optuna\distributions.py:515: UserWarning: Choices for a categorical distribution should be a tuple of None, bool, int, float and str for persistent storage but contains [2, 2, 6, 2] which is of type list.
  warnings.warn(message)
c:\Users\Gabriel\anaconda3\envs\cudaenv\Lib\site-packages\optuna\distributions.py:515: UserWarning: Choices for a categorical distribution should be a tuple of None, bool, int, float and str for persistent storage but contains [2, 2, 18, 2] which is of type list.
  warnings.warn(message)
c:\Users\Gabriel\anaconda3\envs\cudaenv\Lib\site-packages\optuna\distributions.py:515: UserWarning: Choices for a categorical distribution should be a tuple of None, bool, int, float and str for persistent storage but contains [3, 6, 12, 24] which is of type list.
  warnings.warn(message)
c:\Users\Gabriel\anaconda3\envs\cudaenv\Lib\site-packages\optuna\distributions.py:515: UserWarning: Choices for a categorical distribution should be a tuple of None, bool, int, float and str for persistent storage but contains [4, 8, 16, 32] which is of type list.
  warnings.warn(message)
Trial 99 hyperparameters:
embed_dim: 128
depths: [2, 2, 6, 2]
num_heads: [4, 8, 16, 32]
window_size: 7
mlp_ratio: 2.0937610892112084
drop_rate: 0.37939182219978396
attn_drop_rate: 0.18494635040531934
drop_path_rate: 0.2792717169836775
learning_rate: 1.4502434444368453e-05
weight_decay: 3.135194960495595e-05
batch_size: 16
optimizer: Adam
label_smoothing: 0.2
factor: 1
EarlyStopping counter: 6 out of 10
EarlyStopping counter: 7 out of 10
EarlyStopping counter: 1 out of 10
EarlyStopping counter: 2 out of 10
EarlyStopping counter: 8 out of 10
EarlyStopping counter: 3 out of 10
EarlyStopping counter: 9 out of 10
EarlyStopping counter: 4 out of 10
EarlyStopping counter: 5 out of 10
EarlyStopping counter: 10 out of 10
Early stopping at epoch 16
Trial 98: Test Accuracy = 0.3862
[I 2025-06-05 13:21:25,044] Trial 98 finished with value: 0.3861669634944807 and parameters: {'embed_dim': 128, 'depths': [2, 2, 18, 2], 'num_heads': [4, 8, 16, 32], 'window_size': 7, 'mlp_ratio': 3.6075861673947895, 'drop_rate': 0.17429422371667622, 'attn_drop_rate': 0.1910862407568946, 'drop_path_rate': 0.40349475732703477, 'learning_rate': 1.0126152216909991e-05, 'weight_decay': 1.0924764976896903e-06}. Best is trial 45 with value: 0.6049740885091787.
EarlyStopping counter: 6 out of 10
EarlyStopping counter: 7 out of 10
EarlyStopping counter: 8 out of 10
EarlyStopping counter: 1 out of 10
EarlyStopping counter: 2 out of 10
EarlyStopping counter: 3 out of 10
EarlyStopping counter: 4 out of 10
EarlyStopping counter: 5 out of 10
EarlyStopping counter: 6 out of 10
EarlyStopping counter: 7 out of 10
EarlyStopping counter: 8 out of 10
EarlyStopping counter: 9 out of 10
EarlyStopping counter: 10 out of 10
Early stopping at epoch 19
[I 2025-06-05 13:23:14,037] Trial 99 finished with value: 0.49006013989623937 and parameters: {'embed_dim': 128, 'depths': [2, 2, 6, 2], 'num_heads': [4, 8, 16, 32], 'window_size': 7, 'mlp_ratio': 2.0937610892112084, 'drop_rate': 0.37939182219978396, 'attn_drop_rate': 0.18494635040531934, 'drop_path_rate': 0.2792717169836775, 'learning_rate': 1.4502434444368453e-05, 'weight_decay': 3.135194960495595e-05}. Best is trial 45 with value: 0.6049740885091787.
Trial 99: Test Accuracy = 0.4901
Best hyperparameters: {'embed_dim': 96, 'depths': [2, 2, 6, 2], 'num_heads': [4, 8, 16, 32], 'window_size': 7, 'mlp_ratio': 2.9861220360810963, 'drop_rate': 0.16216076879292074, 'attn_drop_rate': 0.44612154316009744, 'drop_path_rate': 0.25685583296677783, 'learning_rate': 2.8627670095715348e-05, 'weight_decay': 1.4466694509421081e-06}
Best value: 0.6049740885091787