[I 2025-06-05 06:50:09,678] Trial 39 finished with value: 0.3503875968992248 and parameters: {'embed_dim': 96, 'depths': [2, 2, 18, 2], 'num_heads': [4, 8, 16, 32], 'window_size': 14, 'mlp_ratio': 3.7184281079310884, 'drop_rate': 0.07868773520885475, 'attn_drop_rate': 0.32022324452023143, 'drop_path_rate': 0.17850660909800395, 'learning_rate': 8.77462767560419e-05, 'weight_decay': 0.00020343062247851358}. Best is trial 9 with value: 0.5864503121710876.
Trial 39: Test Accuracy = 0.3504
c:\Users\Gabriel\anaconda3\envs\cudaenv\Lib\site-packages\optuna\distributions.py:515: UserWarning: Choices for a categorical distribution should be a tuple of None, bool, int, float and str for persistent storage but contains [2, 2, 6, 2] which is of type list.
  warnings.warn(message)
c:\Users\Gabriel\anaconda3\envs\cudaenv\Lib\site-packages\optuna\distributions.py:515: UserWarning: Choices for a categorical distribution should be a tuple of None, bool, int, float and str for persistent storage but contains [2, 2, 18, 2] which is of type list.
  warnings.warn(message)
c:\Users\Gabriel\anaconda3\envs\cudaenv\Lib\site-packages\optuna\distributions.py:515: UserWarning: Choices for a categorical distribution should be a tuple of None, bool, int, float and str for persistent storage but contains [3, 6, 12, 24] which is of type list.
  warnings.warn(message)
c:\Users\Gabriel\anaconda3\envs\cudaenv\Lib\site-packages\optuna\distributions.py:515: UserWarning: Choices for a categorical distribution should be a tuple of None, bool, int, float and str for persistent storage but contains [4, 8, 16, 32] which is of type list.
  warnings.warn(message)
Trial 40 hyperparameters:
embed_dim: 128
depths: [2, 2, 6, 2]
num_heads: [4, 8, 16, 32]
window_size: 7
mlp_ratio: 3.473935068439034
drop_rate: 0.3241002844856819
attn_drop_rate: 0.2335597136288607
drop_path_rate: 0.12657265902586023
learning_rate: 4.677782499130395e-05
weight_decay: 1.8512257403816277e-06
batch_size: 16
optimizer: Adam
label_smoothing: 0.2
factor: 1
EarlyStopping counter: 9 out of 10
EarlyStopping counter: 10 out of 10
Early stopping at epoch 24
EarlyStopping counter: 1 out of 10
[I 2025-06-05 06:50:42,211] Trial 38 finished with value: 0.5047162641566793 and parameters: {'embed_dim': 96, 'depths': [2, 2, 18, 2], 'num_heads': [4, 8, 16, 32], 'window_size': 7, 'mlp_ratio': 2.0727767844474583, 'drop_rate': 0.09048038882760984, 'attn_drop_rate': 0.09414757776030308, 'drop_path_rate': 0.007295890263996657, 'learning_rate': 4.614329320139901e-05, 'weight_decay': 9.274687301852e-05}. Best is trial 9 with value: 0.5864503121710876.
Trial 38: Test Accuracy = 0.5047
Trial 41 hyperparameters:
embed_dim: 128
depths: [2, 2, 6, 2]
num_heads: [4, 8, 16, 32]
window_size: 7
mlp_ratio: 3.460852597719699
drop_rate: 0.03771470891852652
attn_drop_rate: 0.2492332597059761
drop_path_rate: 0.12766058405318
learning_rate: 0.0002552540550617438
weight_decay: 0.00036290305127627135
batch_size: 16
optimizer: Adam
label_smoothing: 0.2
factor: 1
c:\Users\Gabriel\anaconda3\envs\cudaenv\Lib\site-packages\optuna\distributions.py:515: UserWarning: Choices for a categorical distribution should be a tuple of None, bool, int, float and str for persistent storage but contains [2, 2, 6, 2] which is of type list.
  warnings.warn(message)
c:\Users\Gabriel\anaconda3\envs\cudaenv\Lib\site-packages\optuna\distributions.py:515: UserWarning: Choices for a categorical distribution should be a tuple of None, bool, int, float and str for persistent storage but contains [2, 2, 18, 2] which is of type list.
  warnings.warn(message)
c:\Users\Gabriel\anaconda3\envs\cudaenv\Lib\site-packages\optuna\distributions.py:515: UserWarning: Choices for a categorical distribution should be a tuple of None, bool, int, float and str for persistent storage but contains [3, 6, 12, 24] which is of type list.
  warnings.warn(message)
c:\Users\Gabriel\anaconda3\envs\cudaenv\Lib\site-packages\optuna\distributions.py:515: UserWarning: Choices for a categorical distribution should be a tuple of None, bool, int, float and str for persistent storage but contains [4, 8, 16, 32] which is of type list.
  warnings.warn(message)
EarlyStopping counter: 1 out of 10
EarlyStopping counter: 2 out of 10
EarlyStopping counter: 1 out of 10
EarlyStopping counter: 3 out of 10
EarlyStopping counter: 2 out of 10
EarlyStopping counter: 4 out of 10
EarlyStopping counter: 3 out of 10
EarlyStopping counter: 5 out of 10
EarlyStopping counter: 4 out of 10
EarlyStopping counter: 6 out of 10
EarlyStopping counter: 7 out of 10
EarlyStopping counter: 1 out of 10
EarlyStopping counter: 8 out of 10
EarlyStopping counter: 2 out of 10
EarlyStopping counter: 9 out of 10
EarlyStopping counter: 3 out of 10
EarlyStopping counter: 10 out of 10
Early stopping at epoch 12
[I 2025-06-05 06:53:08,140] Trial 40 finished with value: 0.4901318374358666 and parameters: {'embed_dim': 128, 'depths': [2, 2, 6, 2], 'num_heads': [4, 8, 16, 32], 'window_size': 7, 'mlp_ratio': 3.473935068439034, 'drop_rate': 0.3241002844856819, 'attn_drop_rate': 0.2335597136288607, 'drop_path_rate': 0.12657265902586023, 'learning_rate': 4.677782499130395e-05, 'weight_decay': 1.8512257403816277e-06}. Best is trial 9 with value: 0.5864503121710876.
Trial 40: Test Accuracy = 0.4901
Trial 42 hyperparameters:
embed_dim: 96
depths: [2, 2, 6, 2]
num_heads: [4, 8, 16, 32]
window_size: 7
mlp_ratio: 2.710167539280752
drop_rate: 0.3165228752859962
attn_drop_rate: 0.4583664719471686
drop_path_rate: 0.0717419162167782
learning_rate: 3.121308714745393e-05
weight_decay: 1.1108865204268627e-06
batch_size: 16
optimizer: Adam
label_smoothing: 0.2
factor: 1
c:\Users\Gabriel\anaconda3\envs\cudaenv\Lib\site-packages\optuna\distributions.py:515: UserWarning: Choices for a categorical distribution should be a tuple of None, bool, int, float and str for persistent storage but contains [2, 2, 6, 2] which is of type list.
  warnings.warn(message)
c:\Users\Gabriel\anaconda3\envs\cudaenv\Lib\site-packages\optuna\distributions.py:515: UserWarning: Choices for a categorical distribution should be a tuple of None, bool, int, float and str for persistent storage but contains [2, 2, 18, 2] which is of type list.
  warnings.warn(message)
c:\Users\Gabriel\anaconda3\envs\cudaenv\Lib\site-packages\optuna\distributions.py:515: UserWarning: Choices for a categorical distribution should be a tuple of None, bool, int, float and str for persistent storage but contains [3, 6, 12, 24] which is of type list.
  warnings.warn(message)
c:\Users\Gabriel\anaconda3\envs\cudaenv\Lib\site-packages\optuna\distributions.py:515: UserWarning: Choices for a categorical distribution should be a tuple of None, bool, int, float and str for persistent storage but contains [4, 8, 16, 32] which is of type list.
  warnings.warn(message)
EarlyStopping counter: 4 out of 10
EarlyStopping counter: 5 out of 10
EarlyStopping counter: 6 out of 10
EarlyStopping counter: 1 out of 10
EarlyStopping counter: 7 out of 10
EarlyStopping counter: 8 out of 10
EarlyStopping counter: 1 out of 10
EarlyStopping counter: 9 out of 10
EarlyStopping counter: 2 out of 10
EarlyStopping counter: 10 out of 10
Early stopping at epoch 16
[I 2025-06-05 06:54:22,843] Trial 41 finished with value: 0.3333333333333333 and parameters: {'embed_dim': 128, 'depths': [2, 2, 6, 2], 'num_heads': [4, 8, 16, 32], 'window_size': 7, 'mlp_ratio': 3.460852597719699, 'drop_rate': 0.03771470891852652, 'attn_drop_rate': 0.2492332597059761, 'drop_path_rate': 0.12766058405318, 'learning_rate': 0.0002552540550617438, 'weight_decay': 0.00036290305127627135}. Best is trial 9 with value: 0.5864503121710876.
Trial 41: Test Accuracy = 0.3333
Trial 43 hyperparameters:
embed_dim: 96
depths: [2, 2, 6, 2]
num_heads: [4, 8, 16, 32]
window_size: 7
mlp_ratio: 2.4234904635018952
drop_rate: 0.317670254948753
attn_drop_rate: 0.47069808173526717
drop_path_rate: 0.07651715099360305
learning_rate: 3.654671370872939e-05
weight_decay: 3.064166499064663e-06
batch_size: 16
optimizer: Adam
label_smoothing: 0.2
factor: 1
c:\Users\Gabriel\anaconda3\envs\cudaenv\Lib\site-packages\optuna\distributions.py:515: UserWarning: Choices for a categorical distribution should be a tuple of None, bool, int, float and str for persistent storage but contains [2, 2, 6, 2] which is of type list.
  warnings.warn(message)
c:\Users\Gabriel\anaconda3\envs\cudaenv\Lib\site-packages\optuna\distributions.py:515: UserWarning: Choices for a categorical distribution should be a tuple of None, bool, int, float and str for persistent storage but contains [2, 2, 18, 2] which is of type list.
  warnings.warn(message)
c:\Users\Gabriel\anaconda3\envs\cudaenv\Lib\site-packages\optuna\distributions.py:515: UserWarning: Choices for a categorical distribution should be a tuple of None, bool, int, float and str for persistent storage but contains [3, 6, 12, 24] which is of type list.
  warnings.warn(message)
c:\Users\Gabriel\anaconda3\envs\cudaenv\Lib\site-packages\optuna\distributions.py:515: UserWarning: Choices for a categorical distribution should be a tuple of None, bool, int, float and str for persistent storage but contains [4, 8, 16, 32] which is of type list.
  warnings.warn(message)
EarlyStopping counter: 3 out of 10
EarlyStopping counter: 4 out of 10
EarlyStopping counter: 1 out of 10
EarlyStopping counter: 1 out of 10
EarlyStopping counter: 2 out of 10
EarlyStopping counter: 2 out of 10
EarlyStopping counter: 3 out of 10
EarlyStopping counter: 3 out of 10
EarlyStopping counter: 4 out of 10
EarlyStopping counter: 4 out of 10
EarlyStopping counter: 5 out of 10
EarlyStopping counter: 5 out of 10
EarlyStopping counter: 6 out of 10
EarlyStopping counter: 6 out of 10
EarlyStopping counter: 7 out of 10
EarlyStopping counter: 7 out of 10
EarlyStopping counter: 8 out of 10
EarlyStopping counter: 9 out of 10
EarlyStopping counter: 1 out of 10
EarlyStopping counter: 10 out of 10
Early stopping at epoch 18
[I 2025-06-05 06:56:29,176] Trial 42 finished with value: 0.5325985769472336 and parameters: {'embed_dim': 96, 'depths': [2, 2, 6, 2], 'num_heads': [4, 8, 16, 32], 'window_size': 7, 'mlp_ratio': 2.710167539280752, 'drop_rate': 0.3165228752859962, 'attn_drop_rate': 0.4583664719471686, 'drop_path_rate': 0.0717419162167782, 'learning_rate': 3.121308714745393e-05, 'weight_decay': 1.1108865204268627e-06}. Best is trial 9 with value: 0.5864503121710876.
Trial 42: Test Accuracy = 0.5326
Trial 44 hyperparameters:
embed_dim: 96
depths: [2, 2, 6, 2]
num_heads: [4, 8, 16, 32]
window_size: 7
mlp_ratio: 2.4423205519822693
drop_rate: 0.1622022191639096
attn_drop_rate: 0.4931896921717643
drop_path_rate: 0.2505164764078097
learning_rate: 3.328954553461762e-05
weight_decay: 1.725312435957461e-06
batch_size: 16
optimizer: Adam
label_smoothing: 0.2
factor: 1
c:\Users\Gabriel\anaconda3\envs\cudaenv\Lib\site-packages\optuna\distributions.py:515: UserWarning: Choices for a categorical distribution should be a tuple of None, bool, int, float and str for persistent storage but contains [2, 2, 6, 2] which is of type list.
  warnings.warn(message)
c:\Users\Gabriel\anaconda3\envs\cudaenv\Lib\site-packages\optuna\distributions.py:515: UserWarning: Choices for a categorical distribution should be a tuple of None, bool, int, float and str for persistent storage but contains [2, 2, 18, 2] which is of type list.
  warnings.warn(message)
c:\Users\Gabriel\anaconda3\envs\cudaenv\Lib\site-packages\optuna\distributions.py:515: UserWarning: Choices for a categorical distribution should be a tuple of None, bool, int, float and str for persistent storage but contains [3, 6, 12, 24] which is of type list.
  warnings.warn(message)
c:\Users\Gabriel\anaconda3\envs\cudaenv\Lib\site-packages\optuna\distributions.py:515: UserWarning: Choices for a categorical distribution should be a tuple of None, bool, int, float and str for persistent storage but contains [4, 8, 16, 32] which is of type list.
  warnings.warn(message)
EarlyStopping counter: 2 out of 10
EarlyStopping counter: 3 out of 10
EarlyStopping counter: 4 out of 10
EarlyStopping counter: 5 out of 10
EarlyStopping counter: 1 out of 10
EarlyStopping counter: 6 out of 10
EarlyStopping counter: 2 out of 10
EarlyStopping counter: 7 out of 10
EarlyStopping counter: 3 out of 10
EarlyStopping counter: 8 out of 10
EarlyStopping counter: 4 out of 10
EarlyStopping counter: 9 out of 10
EarlyStopping counter: 10 out of 10
Early stopping at epoch 20
[I 2025-06-05 06:57:52,039] Trial 43 finished with value: 0.44800064240995513 and parameters: {'embed_dim': 96, 'depths': [2, 2, 6, 2], 'num_heads': [4, 8, 16, 32], 'window_size': 7, 'mlp_ratio': 2.4234904635018952, 'drop_rate': 0.317670254948753, 'attn_drop_rate': 0.47069808173526717, 'drop_path_rate': 0.07651715099360305, 'learning_rate': 3.654671370872939e-05, 'weight_decay': 3.064166499064663e-06}. Best is trial 9 with value: 0.5864503121710876.
Trial 43: Test Accuracy = 0.4480
Trial 45 hyperparameters:
embed_dim: 96
depths: [2, 2, 6, 2]
num_heads: [4, 8, 16, 32]
window_size: 7
mlp_ratio: 2.9861220360810963
drop_rate: 0.16216076879292074
attn_drop_rate: 0.44612154316009744
drop_path_rate: 0.25685583296677783
learning_rate: 2.8627670095715348e-05
weight_decay: 1.4466694509421081e-06
batch_size: 16
optimizer: Adam
label_smoothing: 0.2
factor: 1
c:\Users\Gabriel\anaconda3\envs\cudaenv\Lib\site-packages\optuna\distributions.py:515: UserWarning: Choices for a categorical distribution should be a tuple of None, bool, int, float and str for persistent storage but contains [2, 2, 6, 2] which is of type list.
  warnings.warn(message)
c:\Users\Gabriel\anaconda3\envs\cudaenv\Lib\site-packages\optuna\distributions.py:515: UserWarning: Choices for a categorical distribution should be a tuple of None, bool, int, float and str for persistent storage but contains [2, 2, 18, 2] which is of type list.
  warnings.warn(message)
c:\Users\Gabriel\anaconda3\envs\cudaenv\Lib\site-packages\optuna\distributions.py:515: UserWarning: Choices for a categorical distribution should be a tuple of None, bool, int, float and str for persistent storage but contains [3, 6, 12, 24] which is of type list.
  warnings.warn(message)
c:\Users\Gabriel\anaconda3\envs\cudaenv\Lib\site-packages\optuna\distributions.py:515: UserWarning: Choices for a categorical distribution should be a tuple of None, bool, int, float and str for persistent storage but contains [4, 8, 16, 32] which is of type list.
  warnings.warn(message)
EarlyStopping counter: 1 out of 10
EarlyStopping counter: 1 out of 10
EarlyStopping counter: 2 out of 10
EarlyStopping counter: 1 out of 10
EarlyStopping counter: 2 out of 10
EarlyStopping counter: 3 out of 10
EarlyStopping counter: 1 out of 10
EarlyStopping counter: 4 out of 10
EarlyStopping counter: 2 out of 10
EarlyStopping counter: 3 out of 10
EarlyStopping counter: 1 out of 10
EarlyStopping counter: 4 out of 10
EarlyStopping counter: 2 out of 10
EarlyStopping counter: 5 out of 10
EarlyStopping counter: 3 out of 10
EarlyStopping counter: 6 out of 10
EarlyStopping counter: 4 out of 10
EarlyStopping counter: 7 out of 10
EarlyStopping counter: 5 out of 10
EarlyStopping counter: 8 out of 10
EarlyStopping counter: 6 out of 10
EarlyStopping counter: 9 out of 10
EarlyStopping counter: 7 out of 10
EarlyStopping counter: 10 out of 10
Early stopping at epoch 23
[I 2025-06-05 07:00:31,133] Trial 44 finished with value: 0.5298092558655757 and parameters: {'embed_dim': 96, 'depths': [2, 2, 6, 2], 'num_heads': [4, 8, 16, 32], 'window_size': 7, 'mlp_ratio': 2.4423205519822693, 'drop_rate': 0.1622022191639096, 'attn_drop_rate': 0.4931896921717643, 'drop_path_rate': 0.2505164764078097, 'learning_rate': 3.328954553461762e-05, 'weight_decay': 1.725312435957461e-06}. Best is trial 9 with value: 0.5864503121710876.
Trial 44: Test Accuracy = 0.5298
Trial 46 hyperparameters:
embed_dim: 96
depths: [2, 2, 6, 2]
num_heads: [4, 8, 16, 32]
window_size: 7
mlp_ratio: 2.9654582206447264
drop_rate: 0.20489760271969257
attn_drop_rate: 0.12347581579041086
drop_path_rate: 0.16819684821192787
learning_rate: 1.712664544701327e-05
weight_decay: 6.1040288100033284e-06
batch_size: 16
optimizer: Adam
label_smoothing: 0.2
factor: 1
c:\Users\Gabriel\anaconda3\envs\cudaenv\Lib\site-packages\optuna\distributions.py:515: UserWarning: Choices for a categorical distribution should be a tuple of None, bool, int, float and str for persistent storage but contains [2, 2, 6, 2] which is of type list.
  warnings.warn(message)
c:\Users\Gabriel\anaconda3\envs\cudaenv\Lib\site-packages\optuna\distributions.py:515: UserWarning: Choices for a categorical distribution should be a tuple of None, bool, int, float and str for persistent storage but contains [2, 2, 18, 2] which is of type list.
  warnings.warn(message)
c:\Users\Gabriel\anaconda3\envs\cudaenv\Lib\site-packages\optuna\distributions.py:515: UserWarning: Choices for a categorical distribution should be a tuple of None, bool, int, float and str for persistent storage but contains [3, 6, 12, 24] which is of type list.
  warnings.warn(message)
c:\Users\Gabriel\anaconda3\envs\cudaenv\Lib\site-packages\optuna\distributions.py:515: UserWarning: Choices for a categorical distribution should be a tuple of None, bool, int, float and str for persistent storage but contains [4, 8, 16, 32] which is of type list.
  warnings.warn(message)
EarlyStopping counter: 8 out of 10
EarlyStopping counter: 9 out of 10
EarlyStopping counter: 1 out of 10
EarlyStopping counter: 10 out of 10
Early stopping at epoch 17
[I 2025-06-05 07:00:59,189] Trial 45 finished with value: 0.6049740885091787 and parameters: {'embed_dim': 96, 'depths': [2, 2, 6, 2], 'num_heads': [4, 8, 16, 32], 'window_size': 7, 'mlp_ratio': 2.9861220360810963, 'drop_rate': 0.16216076879292074, 'attn_drop_rate': 0.44612154316009744, 'drop_path_rate': 0.25685583296677783, 'learning_rate': 2.8627670095715348e-05, 'weight_decay': 1.4466694509421081e-06}. Best is trial 45 with value: 0.6049740885091787.
Trial 45: Test Accuracy = 0.6050
Trial 47 hyperparameters:
embed_dim: 96
depths: [2, 2, 6, 2]
num_heads: [4, 8, 16, 32]
window_size: 7
mlp_ratio: 2.235822513644123
drop_rate: 0.21036040633622205
attn_drop_rate: 0.4134754779141787
drop_path_rate: 0.29151569130154503
learning_rate: 2.581771208881737e-05
weight_decay: 6.79475920412189e-06
batch_size: 16
optimizer: Adam
label_smoothing: 0.2
factor: 1
c:\Users\Gabriel\anaconda3\envs\cudaenv\Lib\site-packages\optuna\distributions.py:515: UserWarning: Choices for a categorical distribution should be a tuple of None, bool, int, float and str for persistent storage but contains [2, 2, 6, 2] which is of type list.
  warnings.warn(message)
c:\Users\Gabriel\anaconda3\envs\cudaenv\Lib\site-packages\optuna\distributions.py:515: UserWarning: Choices for a categorical distribution should be a tuple of None, bool, int, float and str for persistent storage but contains [2, 2, 18, 2] which is of type list.
  warnings.warn(message)
c:\Users\Gabriel\anaconda3\envs\cudaenv\Lib\site-packages\optuna\distributions.py:515: UserWarning: Choices for a categorical distribution should be a tuple of None, bool, int, float and str for persistent storage but contains [3, 6, 12, 24] which is of type list.
  warnings.warn(message)
c:\Users\Gabriel\anaconda3\envs\cudaenv\Lib\site-packages\optuna\distributions.py:515: UserWarning: Choices for a categorical distribution should be a tuple of None, bool, int, float and str for persistent storage but contains [4, 8, 16, 32] which is of type list.
  warnings.warn(message)
EarlyStopping counter: 2 out of 10
EarlyStopping counter: 3 out of 10
EarlyStopping counter: 1 out of 10
EarlyStopping counter: 1 out of 10
EarlyStopping counter: 2 out of 10
EarlyStopping counter: 2 out of 10
EarlyStopping counter: 3 out of 10
EarlyStopping counter: 3 out of 10
EarlyStopping counter: 4 out of 10
EarlyStopping counter: 4 out of 10
EarlyStopping counter: 5 out of 10
EarlyStopping counter: 5 out of 10
EarlyStopping counter: 6 out of 10
EarlyStopping counter: 6 out of 10
EarlyStopping counter: 7 out of 10
EarlyStopping counter: 7 out of 10
EarlyStopping counter: 8 out of 10
EarlyStopping counter: 8 out of 10
EarlyStopping counter: 9 out of 10
EarlyStopping counter: 9 out of 10
EarlyStopping counter: 10 out of 10
Early stopping at epoch 14
