[I 2025-06-05 06:11:55,874] Trial 22 finished with value: 0.5297719731449696 and parameters: {'embed_dim': 96, 'depths': [2, 2, 6, 2], 'num_heads': [4, 8, 16, 32], 'window_size': 7, 'mlp_ratio': 3.5218885093737216, 'drop_rate': 0.3974433237057082, 'attn_drop_rate': 0.1809787567360506, 'drop_path_rate': 0.11201060305096458, 'learning_rate': 4.019183986319905e-05, 'weight_decay': 1.0211382971759276e-05}. Best is trial 9 with value: 0.5864503121710876.
Trial 22: Test Accuracy = 0.5298
Trial 24 hyperparameters:
embed_dim: 96
depths: [2, 2, 6, 2]
num_heads: [4, 8, 16, 32]
window_size: 7
mlp_ratio: 2.5817438451343735
drop_rate: 0.41562680763709625
attn_drop_rate: 0.17383322032005347
drop_path_rate: 0.49978049687134457
learning_rate: 5.82246319203508e-05
weight_decay: 1.2208543520379463e-05
batch_size: 16
optimizer: Adam
label_smoothing: 0.2
factor: 1
c:\Users\Gabriel\anaconda3\envs\cudaenv\Lib\site-packages\optuna\distributions.py:515: UserWarning: Choices for a categorical distribution should be a tuple of None, bool, int, float and str for persistent storage but contains [2, 2, 6, 2] which is of type list.
  warnings.warn(message)
c:\Users\Gabriel\anaconda3\envs\cudaenv\Lib\site-packages\optuna\distributions.py:515: UserWarning: Choices for a categorical distribution should be a tuple of None, bool, int, float and str for persistent storage but contains [2, 2, 18, 2] which is of type list.
  warnings.warn(message)
c:\Users\Gabriel\anaconda3\envs\cudaenv\Lib\site-packages\optuna\distributions.py:515: UserWarning: Choices for a categorical distribution should be a tuple of None, bool, int, float and str for persistent storage but contains [3, 6, 12, 24] which is of type list.
  warnings.warn(message)
c:\Users\Gabriel\anaconda3\envs\cudaenv\Lib\site-packages\optuna\distributions.py:515: UserWarning: Choices for a categorical distribution should be a tuple of None, bool, int, float and str for persistent storage but contains [4, 8, 16, 32] which is of type list.
  warnings.warn(message)
EarlyStopping counter: 2 out of 10
EarlyStopping counter: 3 out of 10
EarlyStopping counter: 4 out of 10
EarlyStopping counter: 1 out of 10
EarlyStopping counter: 5 out of 10
EarlyStopping counter: 6 out of 10
EarlyStopping counter: 1 out of 10
EarlyStopping counter: 7 out of 10
EarlyStopping counter: 2 out of 10
EarlyStopping counter: 8 out of 10
EarlyStopping counter: 3 out of 10
EarlyStopping counter: 9 out of 10
EarlyStopping counter: 4 out of 10
EarlyStopping counter: 10 out of 10
Early stopping at epoch 27
[I 2025-06-05 06:13:23,988] Trial 23 finished with value: 0.4559957784488667 and parameters: {'embed_dim': 96, 'depths': [2, 2, 6, 2], 'num_heads': [4, 8, 16, 32], 'window_size': 7, 'mlp_ratio': 3.609378689752754, 'drop_rate': 0.39451576730907156, 'attn_drop_rate': 0.17137336745250525, 'drop_path_rate': 0.1398618128493963, 'learning_rate': 5.863967520102548e-05, 'weight_decay': 1.0570752194306149e-05}. Best is trial 9 with value: 0.5864503121710876.
Trial 23: Test Accuracy = 0.4560
EarlyStopping counter: 5 out of 10
Trial 25 hyperparameters:
embed_dim: 96
depths: [2, 2, 6, 2]
num_heads: [4, 8, 16, 32]
window_size: 7
mlp_ratio: 3.115819386816975
drop_rate: 0.343634365001534
attn_drop_rate: 0.34607997247125066
drop_path_rate: 0.18606580057657796
learning_rate: 2.1862207223642334e-05
weight_decay: 4.192764289425378e-06
batch_size: 16
optimizer: Adam
label_smoothing: 0.2
factor: 1
c:\Users\Gabriel\anaconda3\envs\cudaenv\Lib\site-packages\optuna\distributions.py:515: UserWarning: Choices for a categorical distribution should be a tuple of None, bool, int, float and str for persistent storage but contains [2, 2, 6, 2] which is of type list.
  warnings.warn(message)
c:\Users\Gabriel\anaconda3\envs\cudaenv\Lib\site-packages\optuna\distributions.py:515: UserWarning: Choices for a categorical distribution should be a tuple of None, bool, int, float and str for persistent storage but contains [2, 2, 18, 2] which is of type list.
  warnings.warn(message)
c:\Users\Gabriel\anaconda3\envs\cudaenv\Lib\site-packages\optuna\distributions.py:515: UserWarning: Choices for a categorical distribution should be a tuple of None, bool, int, float and str for persistent storage but contains [3, 6, 12, 24] which is of type list.
  warnings.warn(message)
c:\Users\Gabriel\anaconda3\envs\cudaenv\Lib\site-packages\optuna\distributions.py:515: UserWarning: Choices for a categorical distribution should be a tuple of None, bool, int, float and str for persistent storage but contains [4, 8, 16, 32] which is of type list.
  warnings.warn(message)
EarlyStopping counter: 6 out of 10
EarlyStopping counter: 7 out of 10
EarlyStopping counter: 1 out of 10
EarlyStopping counter: 8 out of 10
EarlyStopping counter: 9 out of 10
EarlyStopping counter: 1 out of 10
EarlyStopping counter: 10 out of 10
Early stopping at epoch 13
EarlyStopping counter: 2 out of 10
[I 2025-06-05 06:14:18,008] Trial 24 finished with value: 0.3643410852713178 and parameters: {'embed_dim': 96, 'depths': [2, 2, 6, 2], 'num_heads': [4, 8, 16, 32], 'window_size': 7, 'mlp_ratio': 2.5817438451343735, 'drop_rate': 0.41562680763709625, 'attn_drop_rate': 0.17383322032005347, 'drop_path_rate': 0.49978049687134457, 'learning_rate': 5.82246319203508e-05, 'weight_decay': 1.2208543520379463e-05}. Best is trial 9 with value: 0.5864503121710876.
Trial 24: Test Accuracy = 0.3643
Trial 26 hyperparameters:
embed_dim: 96
depths: [2, 2, 6, 2]
num_heads: [4, 8, 16, 32]
window_size: 7
mlp_ratio: 3.0846553335031075
drop_rate: 0.3562840343560387
attn_drop_rate: 0.35475725545385006
drop_path_rate: 0.19375036586611344
learning_rate: 2.3372245066774554e-05
weight_decay: 4.3638128961008925e-06
batch_size: 16
optimizer: Adam
label_smoothing: 0.2
factor: 1
c:\Users\Gabriel\anaconda3\envs\cudaenv\Lib\site-packages\optuna\distributions.py:515: UserWarning: Choices for a categorical distribution should be a tuple of None, bool, int, float and str for persistent storage but contains [2, 2, 6, 2] which is of type list.
  warnings.warn(message)
c:\Users\Gabriel\anaconda3\envs\cudaenv\Lib\site-packages\optuna\distributions.py:515: UserWarning: Choices for a categorical distribution should be a tuple of None, bool, int, float and str for persistent storage but contains [2, 2, 18, 2] which is of type list.
  warnings.warn(message)
c:\Users\Gabriel\anaconda3\envs\cudaenv\Lib\site-packages\optuna\distributions.py:515: UserWarning: Choices for a categorical distribution should be a tuple of None, bool, int, float and str for persistent storage but contains [3, 6, 12, 24] which is of type list.
  warnings.warn(message)
c:\Users\Gabriel\anaconda3\envs\cudaenv\Lib\site-packages\optuna\distributions.py:515: UserWarning: Choices for a categorical distribution should be a tuple of None, bool, int, float and str for persistent storage but contains [4, 8, 16, 32] which is of type list.
  warnings.warn(message)
EarlyStopping counter: 3 out of 10
EarlyStopping counter: 4 out of 10
EarlyStopping counter: 1 out of 10
EarlyStopping counter: 5 out of 10
EarlyStopping counter: 2 out of 10
EarlyStopping counter: 6 out of 10
EarlyStopping counter: 3 out of 10
EarlyStopping counter: 7 out of 10
EarlyStopping counter: 4 out of 10
EarlyStopping counter: 8 out of 10
EarlyStopping counter: 5 out of 10
EarlyStopping counter: 9 out of 10
EarlyStopping counter: 6 out of 10
EarlyStopping counter: 10 out of 10
Early stopping at epoch 12
[I 2025-06-05 06:15:35,666] Trial 25 finished with value: 0.5152948059434392 and parameters: {'embed_dim': 96, 'depths': [2, 2, 6, 2], 'num_heads': [4, 8, 16, 32], 'window_size': 7, 'mlp_ratio': 3.115819386816975, 'drop_rate': 0.343634365001534, 'attn_drop_rate': 0.34607997247125066, 'drop_path_rate': 0.18606580057657796, 'learning_rate': 2.1862207223642334e-05, 'weight_decay': 4.192764289425378e-06}. Best is trial 9 with value: 0.5864503121710876.
Trial 25: Test Accuracy = 0.5153
Trial 27 hyperparameters:
embed_dim: 96
depths: [2, 2, 18, 2]
num_heads: [4, 8, 16, 32]
window_size: 7
mlp_ratio: 3.995449832846325
drop_rate: 0.34916819088019524
attn_drop_rate: 0.07184775768063187
drop_path_rate: 0.2847259037375187
learning_rate: 0.00010350134131802083
weight_decay: 3.772455878481951e-06
batch_size: 16
optimizer: Adam
label_smoothing: 0.2
factor: 1
c:\Users\Gabriel\anaconda3\envs\cudaenv\Lib\site-packages\optuna\distributions.py:515: UserWarning: Choices for a categorical distribution should be a tuple of None, bool, int, float and str for persistent storage but contains [2, 2, 6, 2] which is of type list.
  warnings.warn(message)
c:\Users\Gabriel\anaconda3\envs\cudaenv\Lib\site-packages\optuna\distributions.py:515: UserWarning: Choices for a categorical distribution should be a tuple of None, bool, int, float and str for persistent storage but contains [2, 2, 18, 2] which is of type list.
  warnings.warn(message)
c:\Users\Gabriel\anaconda3\envs\cudaenv\Lib\site-packages\optuna\distributions.py:515: UserWarning: Choices for a categorical distribution should be a tuple of None, bool, int, float and str for persistent storage but contains [3, 6, 12, 24] which is of type list.
  warnings.warn(message)
c:\Users\Gabriel\anaconda3\envs\cudaenv\Lib\site-packages\optuna\distributions.py:515: UserWarning: Choices for a categorical distribution should be a tuple of None, bool, int, float and str for persistent storage but contains [4, 8, 16, 32] which is of type list.
  warnings.warn(message)
EarlyStopping counter: 7 out of 10
EarlyStopping counter: 8 out of 10
EarlyStopping counter: 1 out of 10
EarlyStopping counter: 2 out of 10
EarlyStopping counter: 1 out of 10
EarlyStopping counter: 3 out of 10
EarlyStopping counter: 2 out of 10
EarlyStopping counter: 4 out of 10
EarlyStopping counter: 5 out of 10
EarlyStopping counter: 1 out of 10
EarlyStopping counter: 6 out of 10
EarlyStopping counter: 2 out of 10
EarlyStopping counter: 7 out of 10
EarlyStopping counter: 3 out of 10
EarlyStopping counter: 8 out of 10
EarlyStopping counter: 4 out of 10
EarlyStopping counter: 9 out of 10
EarlyStopping counter: 5 out of 10
EarlyStopping counter: 10 out of 10
Early stopping at epoch 10
EarlyStopping counter: 6 out of 10
[I 2025-06-05 06:18:19,055] Trial 27 finished with value: 0.3333333333333333 and parameters: {'embed_dim': 96, 'depths': [2, 2, 18, 2], 'num_heads': [4, 8, 16, 32], 'window_size': 7, 'mlp_ratio': 3.995449832846325, 'drop_rate': 0.34916819088019524, 'attn_drop_rate': 0.07184775768063187, 'drop_path_rate': 0.2847259037375187, 'learning_rate': 0.00010350134131802083, 'weight_decay': 3.772455878481951e-06}. Best is trial 9 with value: 0.5864503121710876.
Trial 27: Test Accuracy = 0.3333
Trial 28 hyperparameters:
embed_dim: 96
depths: [2, 2, 6, 2]
num_heads: [4, 8, 16, 32]
window_size: 7
mlp_ratio: 3.7322404808547236
drop_rate: 0.1908073187624648
attn_drop_rate: 0.2373387353024647
drop_path_rate: 0.21829547309907876
learning_rate: 0.00012098074183643413
weight_decay: 4.297441355108694e-05
batch_size: 16
optimizer: Adam
label_smoothing: 0.2
factor: 1
c:\Users\Gabriel\anaconda3\envs\cudaenv\Lib\site-packages\optuna\distributions.py:515: UserWarning: Choices for a categorical distribution should be a tuple of None, bool, int, float and str for persistent storage but contains [2, 2, 6, 2] which is of type list.
  warnings.warn(message)
c:\Users\Gabriel\anaconda3\envs\cudaenv\Lib\site-packages\optuna\distributions.py:515: UserWarning: Choices for a categorical distribution should be a tuple of None, bool, int, float and str for persistent storage but contains [2, 2, 18, 2] which is of type list.
  warnings.warn(message)
c:\Users\Gabriel\anaconda3\envs\cudaenv\Lib\site-packages\optuna\distributions.py:515: UserWarning: Choices for a categorical distribution should be a tuple of None, bool, int, float and str for persistent storage but contains [3, 6, 12, 24] which is of type list.
  warnings.warn(message)
c:\Users\Gabriel\anaconda3\envs\cudaenv\Lib\site-packages\optuna\distributions.py:515: UserWarning: Choices for a categorical distribution should be a tuple of None, bool, int, float and str for persistent storage but contains [4, 8, 16, 32] which is of type list.
  warnings.warn(message)
EarlyStopping counter: 7 out of 10
EarlyStopping counter: 8 out of 10
EarlyStopping counter: 1 out of 10
EarlyStopping counter: 9 out of 10
EarlyStopping counter: 10 out of 10
Early stopping at epoch 22
[I 2025-06-05 06:18:56,973] Trial 26 finished with value: 0.5359087089567435 and parameters: {'embed_dim': 96, 'depths': [2, 2, 6, 2], 'num_heads': [4, 8, 16, 32], 'window_size': 7, 'mlp_ratio': 3.0846553335031075, 'drop_rate': 0.3562840343560387, 'attn_drop_rate': 0.35475725545385006, 'drop_path_rate': 0.19375036586611344, 'learning_rate': 2.3372245066774554e-05, 'weight_decay': 4.3638128961008925e-06}. Best is trial 9 with value: 0.5864503121710876.
Trial 26: Test Accuracy = 0.5359
Trial 29 hyperparameters:
embed_dim: 128
depths: [2, 2, 6, 2]
num_heads: [4, 8, 16, 32]
window_size: 7
mlp_ratio: 3.7132691680096768
drop_rate: 0.2050483438674553
attn_drop_rate: 0.23626714459626613
drop_path_rate: 0.23871233239378578
learning_rate: 0.00011062283901266985
weight_decay: 4.568583907370264e-05
batch_size: 16
optimizer: Adam
label_smoothing: 0.2
factor: 1
c:\Users\Gabriel\anaconda3\envs\cudaenv\Lib\site-packages\optuna\distributions.py:515: UserWarning: Choices for a categorical distribution should be a tuple of None, bool, int, float and str for persistent storage but contains [2, 2, 6, 2] which is of type list.
  warnings.warn(message)
c:\Users\Gabriel\anaconda3\envs\cudaenv\Lib\site-packages\optuna\distributions.py:515: UserWarning: Choices for a categorical distribution should be a tuple of None, bool, int, float and str for persistent storage but contains [2, 2, 18, 2] which is of type list.
  warnings.warn(message)
c:\Users\Gabriel\anaconda3\envs\cudaenv\Lib\site-packages\optuna\distributions.py:515: UserWarning: Choices for a categorical distribution should be a tuple of None, bool, int, float and str for persistent storage but contains [3, 6, 12, 24] which is of type list.
  warnings.warn(message)
c:\Users\Gabriel\anaconda3\envs\cudaenv\Lib\site-packages\optuna\distributions.py:515: UserWarning: Choices for a categorical distribution should be a tuple of None, bool, int, float and str for persistent storage but contains [4, 8, 16, 32] which is of type list.
  warnings.warn(message)
EarlyStopping counter: 1 out of 10
EarlyStopping counter: 1 out of 10
EarlyStopping counter: 2 out of 10
EarlyStopping counter: 3 out of 10
EarlyStopping counter: 4 out of 10
EarlyStopping counter: 1 out of 10
EarlyStopping counter: 5 out of 10
EarlyStopping counter: 6 out of 10
EarlyStopping counter: 1 out of 10
EarlyStopping counter: 7 out of 10
EarlyStopping counter: 2 out of 10
EarlyStopping counter: 8 out of 10
EarlyStopping counter: 3 out of 10
EarlyStopping counter: 9 out of 10
EarlyStopping counter: 4 out of 10
EarlyStopping counter: 5 out of 10
EarlyStopping counter: 1 out of 10
EarlyStopping counter: 6 out of 10
EarlyStopping counter: 2 out of 10
EarlyStopping counter: 7 out of 10
EarlyStopping counter: 3 out of 10
EarlyStopping counter: 8 out of 10
EarlyStopping counter: 4 out of 10
EarlyStopping counter: 9 out of 10
EarlyStopping counter: 5 out of 10
EarlyStopping counter: 6 out of 10
EarlyStopping counter: 1 out of 10
EarlyStopping counter: 7 out of 10
EarlyStopping counter: 2 out of 10
EarlyStopping counter: 8 out of 10
EarlyStopping counter: 3 out of 10
EarlyStopping counter: 9 out of 10
EarlyStopping counter: 4 out of 10
EarlyStopping counter: 5 out of 10
EarlyStopping counter: 1 out of 10
EarlyStopping counter: 6 out of 10
EarlyStopping counter: 2 out of 10
EarlyStopping counter: 3 out of 10
EarlyStopping counter: 1 out of 10
EarlyStopping counter: 4 out of 10
EarlyStopping counter: 5 out of 10
EarlyStopping counter: 2 out of 10
EarlyStopping counter: 6 out of 10
EarlyStopping counter: 7 out of 10
EarlyStopping counter: 1 out of 10
EarlyStopping counter: 8 out of 10
EarlyStopping counter: 2 out of 10
EarlyStopping counter: 9 out of 10
EarlyStopping counter: 3 out of 10
EarlyStopping counter: 10 out of 10
Early stopping at epoch 34
EarlyStopping counter: 4 out of 10
[I 2025-06-05 06:25:13,221] Trial 28 finished with value: 0.567369015764855 and parameters: {'embed_dim': 96, 'depths': [2, 2, 6, 2], 'num_heads': [4, 8, 16, 32], 'window_size': 7, 'mlp_ratio': 3.7322404808547236, 'drop_rate': 0.1908073187624648, 'attn_drop_rate': 0.2373387353024647, 'drop_path_rate': 0.21829547309907876, 'learning_rate': 0.00012098074183643413, 'weight_decay': 4.297441355108694e-05}. Best is trial 9 with value: 0.5864503121710876.
Trial 28: Test Accuracy = 0.5674
Trial 30 hyperparameters:
embed_dim: 128
depths: [2, 2, 6, 2]
num_heads: [3, 6, 12, 24]
window_size: 14
mlp_ratio: 3.756205623555749
drop_rate: 0.18512872196506364
attn_drop_rate: 0.40003684243087934
drop_path_rate: 0.22811672780695974
learning_rate: 0.00019787012521595824
weight_decay: 4.7601967124102753e-05
batch_size: 16
optimizer: Adam
label_smoothing: 0.2
factor: 1
c:\Users\Gabriel\anaconda3\envs\cudaenv\Lib\site-packages\optuna\distributions.py:515: UserWarning: Choices for a categorical distribution should be a tuple of None, bool, int, float and str for persistent storage but contains [2, 2, 6, 2] which is of type list.
  warnings.warn(message)
c:\Users\Gabriel\anaconda3\envs\cudaenv\Lib\site-packages\optuna\distributions.py:515: UserWarning: Choices for a categorical distribution should be a tuple of None, bool, int, float and str for persistent storage but contains [2, 2, 18, 2] which is of type list.
  warnings.warn(message)
c:\Users\Gabriel\anaconda3\envs\cudaenv\Lib\site-packages\optuna\distributions.py:515: UserWarning: Choices for a categorical distribution should be a tuple of None, bool, int, float and str for persistent storage but contains [3, 6, 12, 24] which is of type list.
  warnings.warn(message)
c:\Users\Gabriel\anaconda3\envs\cudaenv\Lib\site-packages\optuna\distributions.py:515: UserWarning: Choices for a categorical distribution should be a tuple of None, bool, int, float and str for persistent storage but contains [4, 8, 16, 32] which is of type list.
  warnings.warn(message)
EarlyStopping counter: 5 out of 10
EarlyStopping counter: 6 out of 10
EarlyStopping counter: 1 out of 10
EarlyStopping counter: 7 out of 10
EarlyStopping counter: 2 out of 10
EarlyStopping counter: 8 out of 10
EarlyStopping counter: 9 out of 10
EarlyStopping counter: 1 out of 10
EarlyStopping counter: 10 out of 10
Early stopping at epoch 35
[I 2025-06-05 06:26:41,335] Trial 29 finished with value: 0.4393504776490091 and parameters: {'embed_dim': 128, 'depths': [2, 2, 6, 2], 'num_heads': [4, 8, 16, 32], 'window_size': 7, 'mlp_ratio': 3.7132691680096768, 'drop_rate': 0.2050483438674553, 'attn_drop_rate': 0.23626714459626613, 'drop_path_rate': 0.23871233239378578, 'learning_rate': 0.00011062283901266985, 'weight_decay': 4.568583907370264e-05}. Best is trial 9 with value: 0.5864503121710876.
Trial 29: Test Accuracy = 0.4394
Trial 31 hyperparameters:
embed_dim: 96
depths: [2, 2, 6, 2]
num_heads: [3, 6, 12, 24]
window_size: 14
mlp_ratio: 2.639133863153045
drop_rate: 0.1309669136907326
attn_drop_rate: 0.38313322539896
drop_path_rate: 0.3628736982331596
learning_rate: 0.0001900954777136102
weight_decay: 7.853967070447703e-05
batch_size: 16
optimizer: Adam
label_smoothing: 0.2
factor: 1
c:\Users\Gabriel\anaconda3\envs\cudaenv\Lib\site-packages\optuna\distributions.py:515: UserWarning: Choices for a categorical distribution should be a tuple of None, bool, int, float and str for persistent storage but contains [2, 2, 6, 2] which is of type list.
  warnings.warn(message)
c:\Users\Gabriel\anaconda3\envs\cudaenv\Lib\site-packages\optuna\distributions.py:515: UserWarning: Choices for a categorical distribution should be a tuple of None, bool, int, float and str for persistent storage but contains [2, 2, 18, 2] which is of type list.
  warnings.warn(message)
c:\Users\Gabriel\anaconda3\envs\cudaenv\Lib\site-packages\optuna\distributions.py:515: UserWarning: Choices for a categorical distribution should be a tuple of None, bool, int, float and str for persistent storage but contains [3, 6, 12, 24] which is of type list.
  warnings.warn(message)
c:\Users\Gabriel\anaconda3\envs\cudaenv\Lib\site-packages\optuna\distributions.py:515: UserWarning: Choices for a categorical distribution should be a tuple of None, bool, int, float and str for persistent storage but contains [4, 8, 16, 32] which is of type list.
  warnings.warn(message)
EarlyStopping counter: 2 out of 10
EarlyStopping counter: 3 out of 10
EarlyStopping counter: 1 out of 10
EarlyStopping counter: 4 out of 10
EarlyStopping counter: 2 out of 10
EarlyStopping counter: 5 out of 10
EarlyStopping counter: 3 out of 10
EarlyStopping counter: 6 out of 10
EarlyStopping counter: 1 out of 10
EarlyStopping counter: 1 out of 10
EarlyStopping counter: 2 out of 10
EarlyStopping counter: 2 out of 10
EarlyStopping counter: 3 out of 10
EarlyStopping counter: 3 out of 10
EarlyStopping counter: 4 out of 10
EarlyStopping counter: 4 out of 10
EarlyStopping counter: 5 out of 10
EarlyStopping counter: 5 out of 10
EarlyStopping counter: 6 out of 10
EarlyStopping counter: 6 out of 10
EarlyStopping counter: 7 out of 10
EarlyStopping counter: 7 out of 10
EarlyStopping counter: 8 out of 10
EarlyStopping counter: 8 out of 10
EarlyStopping counter: 9 out of 10
EarlyStopping counter: 9 out of 10
EarlyStopping counter: 10 out of 10
Early stopping at epoch 14
Trial 31: Test Accuracy = 0.4115
