[I 2025-06-06 22:17:00,878] Trial 64 finished with value: 0.45089859168941676 and parameters: {'embed_dim': 96, 'depths': [2, 2, 18, 2], 'num_heads': [3, 6, 12, 24], 'window_size': 14, 'mlp_ratio': 3.0769707211385446, 'drop_rate': 0.3057069285959832, 'attn_drop_rate': 0.25940714806031423, 'drop_path_rate': 0.41046288036805006, 'learning_rate': 4.924125110814876e-05, 'weight_decay': 9.511897151395309e-05}. Best is trial 33 with value: 0.4964517917701759.
c:\Users\Gabriel\anaconda3\envs\cudaenv\Lib\site-packages\optuna\distributions.py:515: UserWarning: Choices for a categorical distribution should be a tuple of None, bool, int, float and str for persistent storage but contains [2, 2, 6, 2] which is of type list.
  warnings.warn(message)
c:\Users\Gabriel\anaconda3\envs\cudaenv\Lib\site-packages\optuna\distributions.py:515: UserWarning: Choices for a categorical distribution should be a tuple of None, bool, int, float and str for persistent storage but contains [2, 2, 18, 2] which is of type list.
  warnings.warn(message)
c:\Users\Gabriel\anaconda3\envs\cudaenv\Lib\site-packages\optuna\distributions.py:515: UserWarning: Choices for a categorical distribution should be a tuple of None, bool, int, float and str for persistent storage but contains [3, 6, 12, 24] which is of type list.
  warnings.warn(message)
c:\Users\Gabriel\anaconda3\envs\cudaenv\Lib\site-packages\optuna\distributions.py:515: UserWarning: Choices for a categorical distribution should be a tuple of None, bool, int, float and str for persistent storage but contains [4, 8, 16, 32] which is of type list.
  warnings.warn(message)
Trial 65 hyperparameters:
embed_dim: 96
depths: [2, 2, 18, 2]
num_heads: [3, 6, 12, 24]
window_size: 14
mlp_ratio: 3.2397054331975266
drop_rate: 0.14298512608866115
attn_drop_rate: 0.07382414880064897
drop_path_rate: 0.11616738429230128
learning_rate: 6.49069429200925e-05
weight_decay: 4.407140061409697e-05
batch_size: 16
optimizer: Adam
label_smoothing: 0.2
factor: 1
EarlyStopping counter: 1 out of 10
EarlyStopping counter: 2 out of 10
EarlyStopping counter: 1 out of 10
EarlyStopping counter: 3 out of 10
EarlyStopping counter: 4 out of 10
EarlyStopping counter: 1 out of 10
EarlyStopping counter: 2 out of 10
EarlyStopping counter: 1 out of 10
EarlyStopping counter: 3 out of 10
EarlyStopping counter: 2 out of 10
EarlyStopping counter: 3 out of 10
EarlyStopping counter: 1 out of 10
EarlyStopping counter: 4 out of 10
EarlyStopping counter: 2 out of 10
EarlyStopping counter: 5 out of 10
EarlyStopping counter: 3 out of 10
EarlyStopping counter: 6 out of 10
EarlyStopping counter: 4 out of 10
EarlyStopping counter: 7 out of 10
EarlyStopping counter: 5 out of 10
EarlyStopping counter: 8 out of 10
EarlyStopping counter: 6 out of 10
EarlyStopping counter: 9 out of 10
EarlyStopping counter: 7 out of 10
EarlyStopping counter: 10 out of 10
Early stopping at epoch 27
EarlyStopping counter: 8 out of 10
Trial 63: Test Accuracy = 0.4737
[I 2025-06-06 22:39:40,491] Trial 63 finished with value: 0.4736775691500101 and parameters: {'embed_dim': 96, 'depths': [2, 2, 18, 2], 'num_heads': [3, 6, 12, 24], 'window_size': 14, 'mlp_ratio': 3.0657683373348217, 'drop_rate': 0.24271188599760468, 'attn_drop_rate': 0.24610681885141744, 'drop_path_rate': 0.4260809449101193, 'learning_rate': 4.5905675800834505e-05, 'weight_decay': 8.355374326216226e-05}. Best is trial 33 with value: 0.4964517917701759.
c:\Users\Gabriel\anaconda3\envs\cudaenv\Lib\site-packages\optuna\distributions.py:515: UserWarning: Choices for a categorical distribution should be a tuple of None, bool, int, float and str for persistent storage but contains [2, 2, 6, 2] which is of type list.
  warnings.warn(message)
c:\Users\Gabriel\anaconda3\envs\cudaenv\Lib\site-packages\optuna\distributions.py:515: UserWarning: Choices for a categorical distribution should be a tuple of None, bool, int, float and str for persistent storage but contains [2, 2, 18, 2] which is of type list.
  warnings.warn(message)
c:\Users\Gabriel\anaconda3\envs\cudaenv\Lib\site-packages\optuna\distributions.py:515: UserWarning: Choices for a categorical distribution should be a tuple of None, bool, int, float and str for persistent storage but contains [3, 6, 12, 24] which is of type list.
  warnings.warn(message)
c:\Users\Gabriel\anaconda3\envs\cudaenv\Lib\site-packages\optuna\distributions.py:515: UserWarning: Choices for a categorical distribution should be a tuple of None, bool, int, float and str for persistent storage but contains [4, 8, 16, 32] which is of type list.
  warnings.warn(message)
Trial 66 hyperparameters:
embed_dim: 96
depths: [2, 2, 18, 2]
num_heads: [3, 6, 12, 24]
window_size: 14
mlp_ratio: 3.2605558593753705
drop_rate: 0.26430328888409843
attn_drop_rate: 0.30026086921496103
drop_path_rate: 0.454144201789877
learning_rate: 1.9692192974111314e-05
weight_decay: 0.0007728330225847595
batch_size: 16
optimizer: Adam
label_smoothing: 0.2
factor: 1
EarlyStopping counter: 9 out of 10
EarlyStopping counter: 10 out of 10
Early stopping at epoch 16
Trial 65: Test Accuracy = 0.4465
[I 2025-06-06 22:41:37,716] Trial 65 finished with value: 0.4464645201122435 and parameters: {'embed_dim': 96, 'depths': [2, 2, 18, 2], 'num_heads': [3, 6, 12, 24], 'window_size': 14, 'mlp_ratio': 3.2397054331975266, 'drop_rate': 0.14298512608866115, 'attn_drop_rate': 0.07382414880064897, 'drop_path_rate': 0.11616738429230128, 'learning_rate': 6.49069429200925e-05, 'weight_decay': 4.407140061409697e-05}. Best is trial 33 with value: 0.4964517917701759.
c:\Users\Gabriel\anaconda3\envs\cudaenv\Lib\site-packages\optuna\distributions.py:515: UserWarning: Choices for a categorical distribution should be a tuple of None, bool, int, float and str for persistent storage but contains [2, 2, 6, 2] which is of type list.
  warnings.warn(message)
c:\Users\Gabriel\anaconda3\envs\cudaenv\Lib\site-packages\optuna\distributions.py:515: UserWarning: Choices for a categorical distribution should be a tuple of None, bool, int, float and str for persistent storage but contains [2, 2, 18, 2] which is of type list.
  warnings.warn(message)
c:\Users\Gabriel\anaconda3\envs\cudaenv\Lib\site-packages\optuna\distributions.py:515: UserWarning: Choices for a categorical distribution should be a tuple of None, bool, int, float and str for persistent storage but contains [3, 6, 12, 24] which is of type list.
  warnings.warn(message)
c:\Users\Gabriel\anaconda3\envs\cudaenv\Lib\site-packages\optuna\distributions.py:515: UserWarning: Choices for a categorical distribution should be a tuple of None, bool, int, float and str for persistent storage but contains [4, 8, 16, 32] which is of type list.
  warnings.warn(message)
Trial 67 hyperparameters:
embed_dim: 96
depths: [2, 2, 18, 2]
num_heads: [4, 8, 16, 32]
window_size: 14
mlp_ratio: 3.911227316702141
drop_rate: 0.2670861001398517
attn_drop_rate: 0.10147914296475948
drop_path_rate: 0.450819699594977
learning_rate: 2.093790057734776e-05
weight_decay: 0.0001792990873201232
batch_size: 16
optimizer: Adam
label_smoothing: 0.2
factor: 1
EarlyStopping counter: 1 out of 10
EarlyStopping counter: 2 out of 10
EarlyStopping counter: 1 out of 10
EarlyStopping counter: 3 out of 10
EarlyStopping counter: 2 out of 10
EarlyStopping counter: 4 out of 10
EarlyStopping counter: 5 out of 10
EarlyStopping counter: 6 out of 10
EarlyStopping counter: 1 out of 10
EarlyStopping counter: 7 out of 10
EarlyStopping counter: 2 out of 10
EarlyStopping counter: 8 out of 10
EarlyStopping counter: 9 out of 10
EarlyStopping counter: 3 out of 10
EarlyStopping counter: 10 out of 10
Early stopping at epoch 11
Trial 66: Test Accuracy = 0.3957
[I 2025-06-06 23:31:30,497] Trial 66 finished with value: 0.3956707543664065 and parameters: {'embed_dim': 96, 'depths': [2, 2, 18, 2], 'num_heads': [3, 6, 12, 24], 'window_size': 14, 'mlp_ratio': 3.2605558593753705, 'drop_rate': 0.26430328888409843, 'attn_drop_rate': 0.30026086921496103, 'drop_path_rate': 0.454144201789877, 'learning_rate': 1.9692192974111314e-05, 'weight_decay': 0.0007728330225847595}. Best is trial 33 with value: 0.4964517917701759.
c:\Users\Gabriel\anaconda3\envs\cudaenv\Lib\site-packages\optuna\distributions.py:515: UserWarning: Choices for a categorical distribution should be a tuple of None, bool, int, float and str for persistent storage but contains [2, 2, 6, 2] which is of type list.
  warnings.warn(message)
c:\Users\Gabriel\anaconda3\envs\cudaenv\Lib\site-packages\optuna\distributions.py:515: UserWarning: Choices for a categorical distribution should be a tuple of None, bool, int, float and str for persistent storage but contains [2, 2, 18, 2] which is of type list.
  warnings.warn(message)
c:\Users\Gabriel\anaconda3\envs\cudaenv\Lib\site-packages\optuna\distributions.py:515: UserWarning: Choices for a categorical distribution should be a tuple of None, bool, int, float and str for persistent storage but contains [3, 6, 12, 24] which is of type list.
  warnings.warn(message)
c:\Users\Gabriel\anaconda3\envs\cudaenv\Lib\site-packages\optuna\distributions.py:515: UserWarning: Choices for a categorical distribution should be a tuple of None, bool, int, float and str for persistent storage but contains [4, 8, 16, 32] which is of type list.
  warnings.warn(message)
Trial 68 hyperparameters:
embed_dim: 96
depths: [2, 2, 18, 2]
num_heads: [4, 8, 16, 32]
window_size: 14
mlp_ratio: 3.4349163476226434
drop_rate: 0.3616991067234075
attn_drop_rate: 0.10935335996125803
drop_path_rate: 0.39189029264185427
learning_rate: 0.00013818727417202564
weight_decay: 0.0001693202931578571
batch_size: 16
optimizer: Adam
label_smoothing: 0.2
factor: 1
EarlyStopping counter: 4 out of 10
EarlyStopping counter: 5 out of 10
EarlyStopping counter: 1 out of 10
EarlyStopping counter: 6 out of 10
EarlyStopping counter: 2 out of 10
EarlyStopping counter: 7 out of 10
EarlyStopping counter: 3 out of 10
EarlyStopping counter: 8 out of 10
EarlyStopping counter: 4 out of 10
EarlyStopping counter: 9 out of 10
EarlyStopping counter: 5 out of 10
EarlyStopping counter: 10 out of 10
Early stopping at epoch 13
Trial 67: Test Accuracy = 0.4553
[I 2025-06-06 23:49:50,520] Trial 67 finished with value: 0.4553169357174835 and parameters: {'embed_dim': 96, 'depths': [2, 2, 18, 2], 'num_heads': [4, 8, 16, 32], 'window_size': 14, 'mlp_ratio': 3.911227316702141, 'drop_rate': 0.2670861001398517, 'attn_drop_rate': 0.10147914296475948, 'drop_path_rate': 0.450819699594977, 'learning_rate': 2.093790057734776e-05, 'weight_decay': 0.0001792990873201232}. Best is trial 33 with value: 0.4964517917701759.
c:\Users\Gabriel\anaconda3\envs\cudaenv\Lib\site-packages\optuna\distributions.py:515: UserWarning: Choices for a categorical distribution should be a tuple of None, bool, int, float and str for persistent storage but contains [2, 2, 6, 2] which is of type list.
  warnings.warn(message)
c:\Users\Gabriel\anaconda3\envs\cudaenv\Lib\site-packages\optuna\distributions.py:515: UserWarning: Choices for a categorical distribution should be a tuple of None, bool, int, float and str for persistent storage but contains [2, 2, 18, 2] which is of type list.
  warnings.warn(message)
c:\Users\Gabriel\anaconda3\envs\cudaenv\Lib\site-packages\optuna\distributions.py:515: UserWarning: Choices for a categorical distribution should be a tuple of None, bool, int, float and str for persistent storage but contains [3, 6, 12, 24] which is of type list.
  warnings.warn(message)
c:\Users\Gabriel\anaconda3\envs\cudaenv\Lib\site-packages\optuna\distributions.py:515: UserWarning: Choices for a categorical distribution should be a tuple of None, bool, int, float and str for persistent storage but contains [4, 8, 16, 32] which is of type list.
  warnings.warn(message)
Trial 69 hyperparameters:
embed_dim: 96
depths: [2, 2, 6, 2]
num_heads: [4, 8, 16, 32]
window_size: 14
mlp_ratio: 3.433638266411311
drop_rate: 0.4218958801590856
attn_drop_rate: 0.3776183350558445
drop_path_rate: 0.3529054156596446
learning_rate: 3.0416073438207106e-05
weight_decay: 0.0004545112481968264
batch_size: 16
optimizer: Adam
label_smoothing: 0.2
factor: 1
EarlyStopping counter: 6 out of 10
EarlyStopping counter: 7 out of 10
EarlyStopping counter: 1 out of 10
EarlyStopping counter: 8 out of 10
EarlyStopping counter: 2 out of 10
EarlyStopping counter: 9 out of 10
EarlyStopping counter: 3 out of 10
EarlyStopping counter: 10 out of 10
Early stopping at epoch 10
Trial 68: Test Accuracy = 0.3333
[I 2025-06-07 00:01:55,232] Trial 68 finished with value: 0.3333333333333333 and parameters: {'embed_dim': 96, 'depths': [2, 2, 18, 2], 'num_heads': [4, 8, 16, 32], 'window_size': 14, 'mlp_ratio': 3.4349163476226434, 'drop_rate': 0.3616991067234075, 'attn_drop_rate': 0.10935335996125803, 'drop_path_rate': 0.39189029264185427, 'learning_rate': 0.00013818727417202564, 'weight_decay': 0.0001693202931578571}. Best is trial 33 with value: 0.4964517917701759.
c:\Users\Gabriel\anaconda3\envs\cudaenv\Lib\site-packages\optuna\distributions.py:515: UserWarning: Choices for a categorical distribution should be a tuple of None, bool, int, float and str for persistent storage but contains [2, 2, 6, 2] which is of type list.
  warnings.warn(message)
c:\Users\Gabriel\anaconda3\envs\cudaenv\Lib\site-packages\optuna\distributions.py:515: UserWarning: Choices for a categorical distribution should be a tuple of None, bool, int, float and str for persistent storage but contains [2, 2, 18, 2] which is of type list.
  warnings.warn(message)
c:\Users\Gabriel\anaconda3\envs\cudaenv\Lib\site-packages\optuna\distributions.py:515: UserWarning: Choices for a categorical distribution should be a tuple of None, bool, int, float and str for persistent storage but contains [3, 6, 12, 24] which is of type list.
  warnings.warn(message)
c:\Users\Gabriel\anaconda3\envs\cudaenv\Lib\site-packages\optuna\distributions.py:515: UserWarning: Choices for a categorical distribution should be a tuple of None, bool, int, float and str for persistent storage but contains [4, 8, 16, 32] which is of type list.
  warnings.warn(message)
Trial 70 hyperparameters:
embed_dim: 128
depths: [2, 2, 6, 2]
num_heads: [4, 8, 16, 32]
window_size: 14
mlp_ratio: 3.424693400653826
drop_rate: 0.4170366677153604
attn_drop_rate: 0.4213311234287121
drop_path_rate: 0.35693896121334195
learning_rate: 3.0368691994515056e-05
weight_decay: 0.00040713435752737264
batch_size: 16
optimizer: Adam
label_smoothing: 0.2
factor: 1
EarlyStopping counter: 1 out of 10
EarlyStopping counter: 2 out of 10
EarlyStopping counter: 1 out of 10
EarlyStopping counter: 1 out of 10
EarlyStopping counter: 2 out of 10
EarlyStopping counter: 2 out of 10
EarlyStopping counter: 3 out of 10
EarlyStopping counter: 3 out of 10
EarlyStopping counter: 4 out of 10
EarlyStopping counter: 4 out of 10
EarlyStopping counter: 5 out of 10
EarlyStopping counter: 5 out of 10
EarlyStopping counter: 6 out of 10
EarlyStopping counter: 6 out of 10
EarlyStopping counter: 7 out of 10
EarlyStopping counter: 7 out of 10
EarlyStopping counter: 8 out of 10
EarlyStopping counter: 8 out of 10
EarlyStopping counter: 9 out of 10
EarlyStopping counter: 9 out of 10
EarlyStopping counter: 10 out of 10
Early stopping at epoch 17
EarlyStopping counter: 10 out of 10
Early stopping at epoch 12
Trial 69: Test Accuracy = 0.4499
[I 2025-06-07 00:21:33,574] Trial 69 finished with value: 0.44992677545741566 and parameters: {'embed_dim': 96, 'depths': [2, 2, 6, 2], 'num_heads': [4, 8, 16, 32], 'window_size': 14, 'mlp_ratio': 3.433638266411311, 'drop_rate': 0.4218958801590856, 'attn_drop_rate': 0.3776183350558445, 'drop_path_rate': 0.3529054156596446, 'learning_rate': 3.0416073438207106e-05, 'weight_decay': 0.0004545112481968264}. Best is trial 33 with value: 0.4964517917701759.
c:\Users\Gabriel\anaconda3\envs\cudaenv\Lib\site-packages\optuna\distributions.py:515: UserWarning: Choices for a categorical distribution should be a tuple of None, bool, int, float and str for persistent storage but contains [2, 2, 6, 2] which is of type list.
  warnings.warn(message)
c:\Users\Gabriel\anaconda3\envs\cudaenv\Lib\site-packages\optuna\distributions.py:515: UserWarning: Choices for a categorical distribution should be a tuple of None, bool, int, float and str for persistent storage but contains [2, 2, 18, 2] which is of type list.
  warnings.warn(message)
c:\Users\Gabriel\anaconda3\envs\cudaenv\Lib\site-packages\optuna\distributions.py:515: UserWarning: Choices for a categorical distribution should be a tuple of None, bool, int, float and str for persistent storage but contains [3, 6, 12, 24] which is of type list.
  warnings.warn(message)
c:\Users\Gabriel\anaconda3\envs\cudaenv\Lib\site-packages\optuna\distributions.py:515: UserWarning: Choices for a categorical distribution should be a tuple of None, bool, int, float and str for persistent storage but contains [4, 8, 16, 32] which is of type list.
  warnings.warn(message)
Trial 71 hyperparameters:
embed_dim: 128
depths: [2, 2, 18, 2]
num_heads: [4, 8, 16, 32]
window_size: 14
mlp_ratio: 3.584414276485355
drop_rate: 0.28592894338414465
attn_drop_rate: 0.025588131102634915
drop_path_rate: 0.18061670021690848
learning_rate: 3.4118146633567926e-05
weight_decay: 0.00032365344851520905
batch_size: 16
optimizer: Adam
label_smoothing: 0.2
factor: 1
[I 2025-06-07 00:21:40,138] Trial 70 finished with value: 0.41141768859160166 and parameters: {'embed_dim': 128, 'depths': [2, 2, 6, 2], 'num_heads': [4, 8, 16, 32], 'window_size': 14, 'mlp_ratio': 3.424693400653826, 'drop_rate': 0.4170366677153604, 'attn_drop_rate': 0.4213311234287121, 'drop_path_rate': 0.35693896121334195, 'learning_rate': 3.0368691994515056e-05, 'weight_decay': 0.00040713435752737264}. Best is trial 33 with value: 0.4964517917701759.
Trial 70: Test Accuracy = 0.4114
Trial 72 hyperparameters:
embed_dim: 96
depths: [2, 2, 18, 2]
num_heads: [3, 6, 12, 24]
window_size: 14
mlp_ratio: 3.0237692010905524
drop_rate: 0.24366988902153794
attn_drop_rate: 0.2434018694035199
drop_path_rate: 0.243552650057094
learning_rate: 4.5084871415656726e-05
weight_decay: 0.00010122739800882476
batch_size: 16
optimizer: Adam
label_smoothing: 0.2
factor: 1
c:\Users\Gabriel\anaconda3\envs\cudaenv\Lib\site-packages\optuna\distributions.py:515: UserWarning: Choices for a categorical distribution should be a tuple of None, bool, int, float and str for persistent storage but contains [2, 2, 6, 2] which is of type list.
  warnings.warn(message)
c:\Users\Gabriel\anaconda3\envs\cudaenv\Lib\site-packages\optuna\distributions.py:515: UserWarning: Choices for a categorical distribution should be a tuple of None, bool, int, float and str for persistent storage but contains [2, 2, 18, 2] which is of type list.
  warnings.warn(message)
c:\Users\Gabriel\anaconda3\envs\cudaenv\Lib\site-packages\optuna\distributions.py:515: UserWarning: Choices for a categorical distribution should be a tuple of None, bool, int, float and str for persistent storage but contains [3, 6, 12, 24] which is of type list.
  warnings.warn(message)
c:\Users\Gabriel\anaconda3\envs\cudaenv\Lib\site-packages\optuna\distributions.py:515: UserWarning: Choices for a categorical distribution should be a tuple of None, bool, int, float and str for persistent storage but contains [4, 8, 16, 32] which is of type list.
  warnings.warn(message)
EarlyStopping counter: 1 out of 10
EarlyStopping counter: 1 out of 10
EarlyStopping counter: 2 out of 10