[I 2025-06-05 11:00:38,072] Trial 79 finished with value: 0.4569444802932143 and parameters: {'embed_dim': 96, 'depths': [2, 2, 6, 2], 'num_heads': [3, 6, 12, 24], 'window_size': 14, 'mlp_ratio': 3.257974789739899, 'drop_rate': 0.18027909344100718, 'attn_drop_rate': 0.14590852333068313, 'drop_path_rate': 0.32577407694681637, 'learning_rate': 1.8751215410148114e-05, 'weight_decay': 3.6597447322950825e-06}. Best is trial 45 with value: 0.6049740885091787.
c:\Users\Gabriel\anaconda3\envs\cudaenv\Lib\site-packages\optuna\distributions.py:515: UserWarning: Choices for a categorical distribution should be a tuple of None, bool, int, float and str for persistent storage but contains [2, 2, 6, 2] which is of type list.
  warnings.warn(message)
c:\Users\Gabriel\anaconda3\envs\cudaenv\Lib\site-packages\optuna\distributions.py:515: UserWarning: Choices for a categorical distribution should be a tuple of None, bool, int, float and str for persistent storage but contains [2, 2, 18, 2] which is of type list.
  warnings.warn(message)
c:\Users\Gabriel\anaconda3\envs\cudaenv\Lib\site-packages\optuna\distributions.py:515: UserWarning: Choices for a categorical distribution should be a tuple of None, bool, int, float and str for persistent storage but contains [3, 6, 12, 24] which is of type list.
  warnings.warn(message)
c:\Users\Gabriel\anaconda3\envs\cudaenv\Lib\site-packages\optuna\distributions.py:515: UserWarning: Choices for a categorical distribution should be a tuple of None, bool, int, float and str for persistent storage but contains [4, 8, 16, 32] which is of type list.
  warnings.warn(message)
Trial 80 hyperparameters:
embed_dim: 128
depths: [2, 2, 6, 2]
num_heads: [4, 8, 16, 32]
window_size: 14
mlp_ratio: 2.5984465869303093
drop_rate: 0.1668756217827629
attn_drop_rate: 0.1847433333191097
drop_path_rate: 0.3685407778836486
learning_rate: 4.092921881204715e-05
weight_decay: 5.99256940247432e-05
batch_size: 16
optimizer: Adam
label_smoothing: 0.2
factor: 1
EarlyStopping counter: 6 out of 10
EarlyStopping counter: 7 out of 10
EarlyStopping counter: 8 out of 10
EarlyStopping counter: 1 out of 10
EarlyStopping counter: 9 out of 10
EarlyStopping counter: 2 out of 10
EarlyStopping counter: 10 out of 10
Early stopping at epoch 23
[I 2025-06-05 11:01:46,167] Trial 78 finished with value: 0.5189295844123812 and parameters: {'embed_dim': 96, 'depths': [2, 2, 6, 2], 'num_heads': [4, 8, 16, 32], 'window_size': 14, 'mlp_ratio': 3.237449376217298, 'drop_rate': 0.10624457274640099, 'attn_drop_rate': 0.1529479475658735, 'drop_path_rate': 0.32058011555527705, 'learning_rate': 9.685019994163208e-05, 'weight_decay': 5.737166329993119e-05}. Best is trial 45 with value: 0.6049740885091787.
Trial 78: Test Accuracy = 0.5189
Trial 81 hyperparameters:
embed_dim: 128
depths: [2, 2, 6, 2]
num_heads: [4, 8, 16, 32]
window_size: 14
mlp_ratio: 3.6699088319805804
drop_rate: 0.1627651124282007
attn_drop_rate: 0.12384107352216067
drop_path_rate: 0.3743298868725235
learning_rate: 5.9407213985109955e-05
weight_decay: 3.76920242887344e-05
batch_size: 16
optimizer: Adam
label_smoothing: 0.2
factor: 1
c:\Users\Gabriel\anaconda3\envs\cudaenv\Lib\site-packages\optuna\distributions.py:515: UserWarning: Choices for a categorical distribution should be a tuple of None, bool, int, float and str for persistent storage but contains [2, 2, 6, 2] which is of type list.
  warnings.warn(message)
c:\Users\Gabriel\anaconda3\envs\cudaenv\Lib\site-packages\optuna\distributions.py:515: UserWarning: Choices for a categorical distribution should be a tuple of None, bool, int, float and str for persistent storage but contains [2, 2, 18, 2] which is of type list.
  warnings.warn(message)
c:\Users\Gabriel\anaconda3\envs\cudaenv\Lib\site-packages\optuna\distributions.py:515: UserWarning: Choices for a categorical distribution should be a tuple of None, bool, int, float and str for persistent storage but contains [3, 6, 12, 24] which is of type list.
  warnings.warn(message)
c:\Users\Gabriel\anaconda3\envs\cudaenv\Lib\site-packages\optuna\distributions.py:515: UserWarning: Choices for a categorical distribution should be a tuple of None, bool, int, float and str for persistent storage but contains [4, 8, 16, 32] which is of type list.
  warnings.warn(message)
EarlyStopping counter: 3 out of 10
EarlyStopping counter: 4 out of 10
EarlyStopping counter: 5 out of 10
EarlyStopping counter: 1 out of 10
EarlyStopping counter: 6 out of 10
EarlyStopping counter: 7 out of 10
EarlyStopping counter: 1 out of 10
EarlyStopping counter: 1 out of 10
EarlyStopping counter: 1 out of 10
EarlyStopping counter: 2 out of 10
EarlyStopping counter: 2 out of 10
EarlyStopping counter: 3 out of 10
EarlyStopping counter: 3 out of 10
EarlyStopping counter: 4 out of 10
EarlyStopping counter: 4 out of 10
EarlyStopping counter: 5 out of 10
EarlyStopping counter: 1 out of 10
EarlyStopping counter: 1 out of 10
EarlyStopping counter: 2 out of 10
EarlyStopping counter: 2 out of 10
EarlyStopping counter: 3 out of 10
EarlyStopping counter: 3 out of 10
EarlyStopping counter: 4 out of 10
EarlyStopping counter: 4 out of 10
EarlyStopping counter: 5 out of 10
EarlyStopping counter: 5 out of 10
EarlyStopping counter: 6 out of 10
EarlyStopping counter: 6 out of 10
EarlyStopping counter: 7 out of 10
EarlyStopping counter: 7 out of 10
EarlyStopping counter: 8 out of 10
EarlyStopping counter: 8 out of 10
EarlyStopping counter: 9 out of 10
EarlyStopping counter: 9 out of 10
EarlyStopping counter: 10 out of 10
Early stopping at epoch 25
Trial 80: Test Accuracy = 0.5305
[I 2025-06-05 11:08:57,749] Trial 80 finished with value: 0.5304711675514143 and parameters: {'embed_dim': 128, 'depths': [2, 2, 6, 2], 'num_heads': [4, 8, 16, 32], 'window_size': 14, 'mlp_ratio': 2.5984465869303093, 'drop_rate': 0.1668756217827629, 'attn_drop_rate': 0.1847433333191097, 'drop_path_rate': 0.3685407778836486, 'learning_rate': 4.092921881204715e-05, 'weight_decay': 5.99256940247432e-05}. Best is trial 45 with value: 0.6049740885091787.
c:\Users\Gabriel\anaconda3\envs\cudaenv\Lib\site-packages\optuna\distributions.py:515: UserWarning: Choices for a categorical distribution should be a tuple of None, bool, int, float and str for persistent storage but contains [2, 2, 6, 2] which is of type list.
  warnings.warn(message)
c:\Users\Gabriel\anaconda3\envs\cudaenv\Lib\site-packages\optuna\distributions.py:515: UserWarning: Choices for a categorical distribution should be a tuple of None, bool, int, float and str for persistent storage but contains [2, 2, 18, 2] which is of type list.
  warnings.warn(message)
c:\Users\Gabriel\anaconda3\envs\cudaenv\Lib\site-packages\optuna\distributions.py:515: UserWarning: Choices for a categorical distribution should be a tuple of None, bool, int, float and str for persistent storage but contains [3, 6, 12, 24] which is of type list.
  warnings.warn(message)
c:\Users\Gabriel\anaconda3\envs\cudaenv\Lib\site-packages\optuna\distributions.py:515: UserWarning: Choices for a categorical distribution should be a tuple of None, bool, int, float and str for persistent storage but contains [4, 8, 16, 32] which is of type list.
  warnings.warn(message)
Trial 82 hyperparameters:
embed_dim: 96
depths: [2, 2, 6, 2]
num_heads: [4, 8, 16, 32]
window_size: 14
mlp_ratio: 3.6573024348605614
drop_rate: 0.21624061847993317
attn_drop_rate: 0.12106485325966654
drop_path_rate: 0.20213682419644244
learning_rate: 5.808328531450413e-05
weight_decay: 3.72860020176766e-05
batch_size: 16
optimizer: Adam
label_smoothing: 0.2
factor: 1
EarlyStopping counter: 10 out of 10
Early stopping at epoch 21
[I 2025-06-05 11:09:13,978] Trial 81 finished with value: 0.5246516216549514 and parameters: {'embed_dim': 128, 'depths': [2, 2, 6, 2], 'num_heads': [4, 8, 16, 32], 'window_size': 14, 'mlp_ratio': 3.6699088319805804, 'drop_rate': 0.1627651124282007, 'attn_drop_rate': 0.12384107352216067, 'drop_path_rate': 0.3743298868725235, 'learning_rate': 5.9407213985109955e-05, 'weight_decay': 3.76920242887344e-05}. Best is trial 45 with value: 0.6049740885091787.
Trial 81: Test Accuracy = 0.5247
Trial 83 hyperparameters:
embed_dim: 96
depths: [2, 2, 6, 2]
num_heads: [4, 8, 16, 32]
window_size: 7
mlp_ratio: 3.82877762912906
drop_rate: 0.21787456675142855
attn_drop_rate: 0.22895529785155444
drop_path_rate: 0.2615579724333658
learning_rate: 0.00012269358854958732
weight_decay: 2.8459572443414387e-05
batch_size: 16
optimizer: Adam
label_smoothing: 0.2
factor: 1
c:\Users\Gabriel\anaconda3\envs\cudaenv\Lib\site-packages\optuna\distributions.py:515: UserWarning: Choices for a categorical distribution should be a tuple of None, bool, int, float and str for persistent storage but contains [2, 2, 6, 2] which is of type list.
  warnings.warn(message)
c:\Users\Gabriel\anaconda3\envs\cudaenv\Lib\site-packages\optuna\distributions.py:515: UserWarning: Choices for a categorical distribution should be a tuple of None, bool, int, float and str for persistent storage but contains [2, 2, 18, 2] which is of type list.
  warnings.warn(message)
c:\Users\Gabriel\anaconda3\envs\cudaenv\Lib\site-packages\optuna\distributions.py:515: UserWarning: Choices for a categorical distribution should be a tuple of None, bool, int, float and str for persistent storage but contains [3, 6, 12, 24] which is of type list.
  warnings.warn(message)
c:\Users\Gabriel\anaconda3\envs\cudaenv\Lib\site-packages\optuna\distributions.py:515: UserWarning: Choices for a categorical distribution should be a tuple of None, bool, int, float and str for persistent storage but contains [4, 8, 16, 32] which is of type list.
  warnings.warn(message)
EarlyStopping counter: 1 out of 10
EarlyStopping counter: 2 out of 10
EarlyStopping counter: 1 out of 10
EarlyStopping counter: 3 out of 10
EarlyStopping counter: 1 out of 10
EarlyStopping counter: 1 out of 10
EarlyStopping counter: 1 out of 10
EarlyStopping counter: 1 out of 10
EarlyStopping counter: 1 out of 10
EarlyStopping counter: 2 out of 10
EarlyStopping counter: 2 out of 10
EarlyStopping counter: 3 out of 10
EarlyStopping counter: 1 out of 10
EarlyStopping counter: 4 out of 10
EarlyStopping counter: 2 out of 10
EarlyStopping counter: 5 out of 10
EarlyStopping counter: 3 out of 10
EarlyStopping counter: 4 out of 10
EarlyStopping counter: 1 out of 10
EarlyStopping counter: 5 out of 10
EarlyStopping counter: 2 out of 10
EarlyStopping counter: 6 out of 10
EarlyStopping counter: 3 out of 10
EarlyStopping counter: 7 out of 10
EarlyStopping counter: 4 out of 10
EarlyStopping counter: 8 out of 10
EarlyStopping counter: 5 out of 10
EarlyStopping counter: 9 out of 10
EarlyStopping counter: 10 out of 10
Early stopping at epoch 21
EarlyStopping counter: 1 out of 10
[I 2025-06-05 11:13:21,859] Trial 82 finished with value: 0.5003656574520989 and parameters: {'embed_dim': 96, 'depths': [2, 2, 6, 2], 'num_heads': [4, 8, 16, 32], 'window_size': 14, 'mlp_ratio': 3.6573024348605614, 'drop_rate': 0.21624061847993317, 'attn_drop_rate': 0.12106485325966654, 'drop_path_rate': 0.20213682419644244, 'learning_rate': 5.808328531450413e-05, 'weight_decay': 3.72860020176766e-05}. Best is trial 45 with value: 0.6049740885091787.
Trial 82: Test Accuracy = 0.5004
Trial 84 hyperparameters:
embed_dim: 96
depths: [2, 2, 6, 2]
num_heads: [4, 8, 16, 32]
window_size: 7
mlp_ratio: 3.0575848165469224
drop_rate: 0.20114789203380465
attn_drop_rate: 0.22936826318426723
drop_path_rate: 0.2630689087567478
learning_rate: 0.00014671410276381066
weight_decay: 7.745925780788962e-05
batch_size: 16
optimizer: Adam
label_smoothing: 0.2
factor: 1
c:\Users\Gabriel\anaconda3\envs\cudaenv\Lib\site-packages\optuna\distributions.py:515: UserWarning: Choices for a categorical distribution should be a tuple of None, bool, int, float and str for persistent storage but contains [2, 2, 6, 2] which is of type list.
  warnings.warn(message)
c:\Users\Gabriel\anaconda3\envs\cudaenv\Lib\site-packages\optuna\distributions.py:515: UserWarning: Choices for a categorical distribution should be a tuple of None, bool, int, float and str for persistent storage but contains [2, 2, 18, 2] which is of type list.
  warnings.warn(message)
c:\Users\Gabriel\anaconda3\envs\cudaenv\Lib\site-packages\optuna\distributions.py:515: UserWarning: Choices for a categorical distribution should be a tuple of None, bool, int, float and str for persistent storage but contains [3, 6, 12, 24] which is of type list.
  warnings.warn(message)
c:\Users\Gabriel\anaconda3\envs\cudaenv\Lib\site-packages\optuna\distributions.py:515: UserWarning: Choices for a categorical distribution should be a tuple of None, bool, int, float and str for persistent storage but contains [4, 8, 16, 32] which is of type list.
  warnings.warn(message)
EarlyStopping counter: 2 out of 10
EarlyStopping counter: 3 out of 10
EarlyStopping counter: 4 out of 10
EarlyStopping counter: 5 out of 10
EarlyStopping counter: 1 out of 10
EarlyStopping counter: 6 out of 10
EarlyStopping counter: 2 out of 10
EarlyStopping counter: 7 out of 10
EarlyStopping counter: 3 out of 10
EarlyStopping counter: 8 out of 10
EarlyStopping counter: 9 out of 10
EarlyStopping counter: 1 out of 10
EarlyStopping counter: 10 out of 10
Early stopping at epoch 30
[I 2025-06-05 11:14:52,659] Trial 83 finished with value: 0.5383143048063163 and parameters: {'embed_dim': 96, 'depths': [2, 2, 6, 2], 'num_heads': [4, 8, 16, 32], 'window_size': 7, 'mlp_ratio': 3.82877762912906, 'drop_rate': 0.21787456675142855, 'attn_drop_rate': 0.22895529785155444, 'drop_path_rate': 0.2615579724333658, 'learning_rate': 0.00012269358854958732, 'weight_decay': 2.8459572443414387e-05}. Best is trial 45 with value: 0.6049740885091787.
Trial 83: Test Accuracy = 0.5383
Trial 85 hyperparameters:
embed_dim: 96
depths: [2, 2, 6, 2]
num_heads: [4, 8, 16, 32]
window_size: 7
mlp_ratio: 3.71967150393925
drop_rate: 0.1929050038099491
attn_drop_rate: 0.0865812540146
drop_path_rate: 0.3428913702901502
learning_rate: 0.00023389015721137903
weight_decay: 7.264820024656942e-05
batch_size: 16
optimizer: Adam
label_smoothing: 0.2
factor: 1
c:\Users\Gabriel\anaconda3\envs\cudaenv\Lib\site-packages\optuna\distributions.py:515: UserWarning: Choices for a categorical distribution should be a tuple of None, bool, int, float and str for persistent storage but contains [2, 2, 6, 2] which is of type list.
  warnings.warn(message)
c:\Users\Gabriel\anaconda3\envs\cudaenv\Lib\site-packages\optuna\distributions.py:515: UserWarning: Choices for a categorical distribution should be a tuple of None, bool, int, float and str for persistent storage but contains [2, 2, 18, 2] which is of type list.
  warnings.warn(message)
c:\Users\Gabriel\anaconda3\envs\cudaenv\Lib\site-packages\optuna\distributions.py:515: UserWarning: Choices for a categorical distribution should be a tuple of None, bool, int, float and str for persistent storage but contains [3, 6, 12, 24] which is of type list.
  warnings.warn(message)
c:\Users\Gabriel\anaconda3\envs\cudaenv\Lib\site-packages\optuna\distributions.py:515: UserWarning: Choices for a categorical distribution should be a tuple of None, bool, int, float and str for persistent storage but contains [4, 8, 16, 32] which is of type list.
  warnings.warn(message)
EarlyStopping counter: 2 out of 10
EarlyStopping counter: 3 out of 10
EarlyStopping counter: 4 out of 10
EarlyStopping counter: 1 out of 10
EarlyStopping counter: 5 out of 10
EarlyStopping counter: 2 out of 10
EarlyStopping counter: 6 out of 10
EarlyStopping counter: 3 out of 10
EarlyStopping counter: 7 out of 10
EarlyStopping counter: 8 out of 10
EarlyStopping counter: 1 out of 10
EarlyStopping counter: 9 out of 10
EarlyStopping counter: 2 out of 10
EarlyStopping counter: 10 out of 10
Early stopping at epoch 16
EarlyStopping counter: 3 out of 10
[I 2025-06-05 11:16:24,954] Trial 84 finished with value: 0.3333333333333333 and parameters: {'embed_dim': 96, 'depths': [2, 2, 6, 2], 'num_heads': [4, 8, 16, 32], 'window_size': 7, 'mlp_ratio': 3.0575848165469224, 'drop_rate': 0.20114789203380465, 'attn_drop_rate': 0.22936826318426723, 'drop_path_rate': 0.2630689087567478, 'learning_rate': 0.00014671410276381066, 'weight_decay': 7.745925780788962e-05}. Best is trial 45 with value: 0.6049740885091787.
Trial 84: Test Accuracy = 0.3333
Trial 86 hyperparameters:
embed_dim: 96
depths: [2, 2, 6, 2]
num_heads: [4, 8, 16, 32]
window_size: 7
mlp_ratio: 3.7202093314394182
drop_rate: 0.18615425869627833
attn_drop_rate: 0.19914536496326418
drop_path_rate: 0.2234895319015834
learning_rate: 0.0002349985717569841
weight_decay: 4.944045781592883e-05
batch_size: 16
optimizer: Adam
label_smoothing: 0.2
factor: 1
c:\Users\Gabriel\anaconda3\envs\cudaenv\Lib\site-packages\optuna\distributions.py:515: UserWarning: Choices for a categorical distribution should be a tuple of None, bool, int, float and str for persistent storage but contains [2, 2, 6, 2] which is of type list.
  warnings.warn(message)
c:\Users\Gabriel\anaconda3\envs\cudaenv\Lib\site-packages\optuna\distributions.py:515: UserWarning: Choices for a categorical distribution should be a tuple of None, bool, int, float and str for persistent storage but contains [2, 2, 18, 2] which is of type list.
  warnings.warn(message)
c:\Users\Gabriel\anaconda3\envs\cudaenv\Lib\site-packages\optuna\distributions.py:515: UserWarning: Choices for a categorical distribution should be a tuple of None, bool, int, float and str for persistent storage but contains [3, 6, 12, 24] which is of type list.
  warnings.warn(message)
c:\Users\Gabriel\anaconda3\envs\cudaenv\Lib\site-packages\optuna\distributions.py:515: UserWarning: Choices for a categorical distribution should be a tuple of None, bool, int, float and str for persistent storage but contains [4, 8, 16, 32] which is of type list.
  warnings.warn(message)
EarlyStopping counter: 4 out of 10
EarlyStopping counter: 5 out of 10
EarlyStopping counter: 6 out of 10
EarlyStopping counter: 7 out of 10
EarlyStopping counter: 8 out of 10
EarlyStopping counter: 1 out of 10
EarlyStopping counter: 9 out of 10
EarlyStopping counter: 2 out of 10
EarlyStopping counter: 10 out of 10
Early stopping at epoch 14
[I 2025-06-05 11:17:35,771] Trial 85 finished with value: 0.38417836053537985 and parameters: {'embed_dim': 96, 'depths': [2, 2, 6, 2], 'num_heads': [4, 8, 16, 32], 'window_size': 7, 'mlp_ratio': 3.71967150393925, 'drop_rate': 0.1929050038099491, 'attn_drop_rate': 0.0865812540146, 'drop_path_rate': 0.3428913702901502, 'learning_rate': 0.00023389015721137903, 'weight_decay': 7.264820024656942e-05}. Best is trial 45 with value: 0.6049740885091787.
Trial 85: Test Accuracy = 0.3842
Trial 87 hyperparameters:
embed_dim: 96
depths: [2, 2, 18, 2]
num_heads: [4, 8, 16, 32]
window_size: 7
mlp_ratio: 2.0030165098457484
drop_rate: 0.258468713139656
attn_drop_rate: 0.1633237203867971
drop_path_rate: 0.22130680955586135
learning_rate: 0.00017599744269809983
weight_decay: 7.609123502508294e-06
batch_size: 16
optimizer: Adam
label_smoothing: 0.2
factor: 1
c:\Users\Gabriel\anaconda3\envs\cudaenv\Lib\site-packages\optuna\distributions.py:515: UserWarning: Choices for a categorical distribution should be a tuple of None, bool, int, float and str for persistent storage but contains [2, 2, 6, 2] which is of type list.
  warnings.warn(message)
c:\Users\Gabriel\anaconda3\envs\cudaenv\Lib\site-packages\optuna\distributions.py:515: UserWarning: Choices for a categorical distribution should be a tuple of None, bool, int, float and str for persistent storage but contains [2, 2, 18, 2] which is of type list.
  warnings.warn(message)
c:\Users\Gabriel\anaconda3\envs\cudaenv\Lib\site-packages\optuna\distributions.py:515: UserWarning: Choices for a categorical distribution should be a tuple of None, bool, int, float and str for persistent storage but contains [3, 6, 12, 24] which is of type list.
  warnings.warn(message)
c:\Users\Gabriel\anaconda3\envs\cudaenv\Lib\site-packages\optuna\distributions.py:515: UserWarning: Choices for a categorical distribution should be a tuple of None, bool, int, float and str for persistent storage but contains [4, 8, 16, 32] which is of type list.
  warnings.warn(message)
EarlyStopping counter: 1 out of 10
EarlyStopping counter: 2 out of 10
EarlyStopping counter: 3 out of 10
EarlyStopping counter: 4 out of 10
EarlyStopping counter: 1 out of 10
EarlyStopping counter: 5 out of 10
EarlyStopping counter: 2 out of 10
EarlyStopping counter: 6 out of 10
EarlyStopping counter: 7 out of 10
EarlyStopping counter: 8 out of 10
EarlyStopping counter: 1 out of 10
EarlyStopping counter: 9 out of 10
EarlyStopping counter: 2 out of 10
EarlyStopping counter: 10 out of 10
Early stopping at epoch 16
